2026-02-04 14:14:35,321|INFO|__main__.startLogging|>>>> START LOGGING A GMTAMES EXPERIMENT
2026-02-04 14:14:35,321|INFO|__main__.startLogging|mode:|mtg
2026-02-04 14:14:35,321|INFO|__main__.startLogging|tasks:|TA100,TA100_S9,TA102,TA102_S9,TA104,TA104_S9,TA1535,TA1535_S9
2026-02-04 14:14:35,321|INFO|__main__.startLogging|testsplit:|scaffold
2026-02-04 14:14:35,321|INFO|__main__.startLogging|output:|mtg_experiment_scaffold
2026-02-04 14:14:35,321|INFO|__main__.startLogging|device:|mps
2026-02-04 14:14:35,321|INFO|__main__.startLogging|DONE
2026-02-04 14:14:35,321|INFO|mtg.runMTGExperiment|>>>> RUNNING MECHANISTIC TASK GROUPING EXPERIMENT
2026-02-04 14:14:36,636|INFO|mtg.runMTGExperiment|Device confirmed:|mps
2026-02-04 14:14:36,757|INFO|nn.loadModellingDataset|Train descriptors loaded (features, instances):|1024|5677
2026-02-04 14:14:36,757|INFO|nn.loadModellingDataset|Train endpoints loaded (tasks, instances):|8|5677
2026-02-04 14:14:36,770|INFO|nn.loadModellingDataset|Val descriptors loaded (features, instances):|1024|2181
2026-02-04 14:14:36,770|INFO|nn.loadModellingDataset|Val endpoints loaded (tasks, instances):|8|2181
2026-02-04 14:14:38,435|INFO|nn.computeOptunaObjective|Trial 0 params:|{'n_layers': 2, 'architecture': 'top', 'lr': 0.001, 'n_epochs': 100}
2026-02-04 14:14:38,435|INFO|nn.computeOptunaObjective|Trial 0 balacc:|[0.6890229266677702, 0.6902188634270545, 0.6807491289198606, 0.5976882923191649, 0.7824468085106383, 0.6987179487179487, 0.6775979258636395, 0.6835745132206985]
2026-02-04 14:14:38,435|INFO|nn.computeOptunaObjective|Trial 0 rocauc:|[0.7932358053302433, 0.7795497228091084, 0.805095818815331, 0.8728560775540641, 0.8914893617021277, 0.8253205128205129, 0.8288370354798775, 0.7619769174432406]
2026-02-04 14:14:38,435|INFO|nn.computeOptunaObjective|Trial 0 timings:|1.6641228329972364
2026-02-04 14:14:38,435|INFO|nn.computeOptunaObjective|Trial 0 objective:|0.6875020509558469
2026-02-04 14:14:39,295|INFO|nn.computeOptunaObjective|Trial 1 params:|{'n_layers': 4, 'architecture': 'linear', 'lr': 0.0001, 'n_epochs': 100}
2026-02-04 14:14:39,295|INFO|nn.computeOptunaObjective|Trial 1 balacc:|[0.5, 0.5, 0.5, 0.5, 0.5, 0.5, 0.5, 0.5]
2026-02-04 14:14:39,295|INFO|nn.computeOptunaObjective|Trial 1 rocauc:|[0.6991723224631683, 0.6770861549018545, 0.7142857142857143, 0.7997762863534675, 0.7936170212765958, 0.814102564102564, 0.7269520939901432, 0.6468166780311639]
2026-02-04 14:14:39,295|INFO|nn.computeOptunaObjective|Trial 1 timings:|0.8597112499992363
2026-02-04 14:14:39,295|INFO|nn.computeOptunaObjective|Trial 1 objective:|0.5
2026-02-04 14:14:40,012|INFO|nn.computeOptunaObjective|Trial 2 params:|{'n_layers': 3, 'architecture': 'linear', 'lr': 0.001, 'n_epochs': 100}
2026-02-04 14:14:40,012|INFO|nn.computeOptunaObjective|Trial 2 balacc:|[0.7054833636815097, 0.7068999765245498, 0.6894599303135889, 0.7375093214019388, 0.7968085106382978, 0.7612179487179487, 0.7070866325648751, 0.7091951410460389]
2026-02-04 14:14:40,012|INFO|nn.computeOptunaObjective|Trial 2 rocauc:|[0.8148009435523921, 0.7887051483467866, 0.7994337979094076, 0.8560775540641312, 0.8840425531914894, 0.8301282051282052, 0.8310559876672973, 0.7673813672752986]
2026-02-04 14:14:40,012|INFO|nn.computeOptunaObjective|Trial 2 timings:|0.7166572909991373
2026-02-04 14:14:40,012|INFO|nn.computeOptunaObjective|Trial 2 objective:|0.7267076031110935
2026-02-04 14:14:42,459|INFO|nn.computeOptunaObjective|Trial 3 params:|{'n_layers': 4, 'architecture': 'top', 'lr': 0.001, 'n_epochs': 200}
2026-02-04 14:14:42,459|INFO|nn.computeOptunaObjective|Trial 3 balacc:|[0.702300943552392, 0.7056584863752099, 0.6480836236933798, 0.7518642803877704, 0.7861702127659574, 0.8036858974358974, 0.6469647069815243, 0.6761118266535343]
2026-02-04 14:14:42,459|INFO|nn.computeOptunaObjective|Trial 3 rocauc:|[0.81579415659659, 0.7763579644978963, 0.7841898954703833, 0.8204697986577181, 0.8308510638297872, 0.8237179487179488, 0.8180108845444141, 0.7662322903250245]
2026-02-04 14:14:42,459|INFO|nn.computeOptunaObjective|Trial 3 timings:|2.4463150409974332
2026-02-04 14:14:42,459|INFO|nn.computeOptunaObjective|Trial 3 objective:|0.7151049972307082
2026-02-04 14:14:44,827|INFO|nn.computeOptunaObjective|Trial 4 params:|{'n_layers': 4, 'architecture': 'top', 'lr': 0.0001, 'n_epochs': 200}
2026-02-04 14:14:44,828|INFO|nn.computeOptunaObjective|Trial 4 balacc:|[0.6840547922529383, 0.7275493435902992, 0.7134146341463414, 0.7375093214019388, 0.8074468085106383, 0.7483974358974359, 0.7019713638380866, 0.6494936485087254]
2026-02-04 14:14:44,828|INFO|nn.computeOptunaObjective|Trial 4 rocauc:|[0.8139463664956132, 0.7963414413926359, 0.788109756097561, 0.8389261744966443, 0.8595744680851063, 0.8141025641025642, 0.827692523298998, 0.7519256509331514]
2026-02-04 14:14:44,828|INFO|nn.computeOptunaObjective|Trial 4 timings:|2.368213874997309
2026-02-04 14:14:44,828|INFO|nn.computeOptunaObjective|Trial 4 objective:|0.7212296685183005
2026-02-04 14:14:46,223|INFO|nn.computeOptunaObjective|Trial 5 params:|{'n_layers': 3, 'architecture': 'top', 'lr': 0.001, 'n_epochs': 150}
2026-02-04 14:14:46,223|INFO|nn.computeOptunaObjective|Trial 5 balacc:|[0.7031182751200132, 0.7034870072412734, 0.7012195121951219, 0.7164429530201342, 0.7968085106382978, 0.7171474358974359, 0.7137668465185808, 0.7008864307902114]
2026-02-04 14:14:46,223|INFO|nn.computeOptunaObjective|Trial 5 rocauc:|[0.8125206919384207, 0.7896599671343699, 0.7949695121951219, 0.8868381804623415, 0.8787234042553191, 0.7852564102564102, 0.8312311681031462, 0.7638710003283077]
2026-02-04 14:14:46,223|INFO|nn.computeOptunaObjective|Trial 5 timings:|1.3953145829982532
2026-02-04 14:14:46,223|INFO|nn.computeOptunaObjective|Trial 5 objective:|0.7191096214276336
2026-02-04 14:14:47,121|INFO|nn.computeOptunaObjective|Trial 6 params:|{'n_layers': 2, 'architecture': 'outer', 'lr': 0.001, 'n_epochs': 200}
2026-02-04 14:14:47,121|INFO|nn.computeOptunaObjective|Trial 6 balacc:|[0.6748323952987916, 0.6765669862939487, 0.6628919860627178, 0.6431767337807606, 0.7680851063829788, 0.6987179487179487, 0.672482657136851, 0.6884991287218729]
2026-02-04 14:14:47,121|INFO|nn.computeOptunaObjective|Trial 6 rocauc:|[0.7871606522098991, 0.7691460353576395, 0.8120644599303136, 0.8691275167785235, 0.8680851063829786, 0.8125, 0.8158269684441641, 0.759653509104225]
2026-02-04 14:14:47,122|INFO|nn.computeOptunaObjective|Trial 6 timings:|0.8977964589976182
2026-02-04 14:14:47,122|INFO|nn.computeOptunaObjective|Trial 6 objective:|0.6856566177994838
2026-02-04 14:14:48,096|INFO|nn.computeOptunaObjective|Trial 7 params:|{'n_layers': 3, 'architecture': 'linear', 'lr': 0.001, 'n_epochs': 150}
2026-02-04 14:14:48,096|INFO|nn.computeOptunaObjective|Trial 7 balacc:|[0.6917770236715776, 0.7112519638116908, 0.6472125435540069, 0.6819537658463832, 0.7680851063829788, 0.7299679487179487, 0.7271272744259921, 0.7032729752253959]
2026-02-04 14:14:48,096|INFO|nn.computeOptunaObjective|Trial 7 rocauc:|[0.8150202780996524, 0.7902445961319681, 0.7652439024390244, 0.8454511558538405, 0.8627659574468085, 0.8341346153846154, 0.8404339803330765, 0.7547288936030507]
2026-02-04 14:14:48,096|INFO|nn.computeOptunaObjective|Trial 7 timings:|0.974186916002509
2026-02-04 14:14:48,096|INFO|nn.computeOptunaObjective|Trial 7 objective:|0.7075810752044968
2026-02-04 14:14:48,923|INFO|nn.computeOptunaObjective|Trial 8 params:|{'n_layers': 4, 'architecture': 'linear', 'lr': 0.001, 'n_epochs': 100}
2026-02-04 14:14:48,923|INFO|nn.computeOptunaObjective|Trial 8 balacc:|[0.7033086409534846, 0.7324317857594309, 0.7134146341463414, 0.7375093214019388, 0.7968085106382978, 0.7612179487179487, 0.7365753392661107, 0.6484960981892568]
2026-02-04 14:14:48,923|INFO|nn.computeOptunaObjective|Trial 8 rocauc:|[0.8124813772554214, 0.787786445636275, 0.8109756097560976, 0.854958985831469, 0.8702127659574468, 0.8076923076923076, 0.8209188797795062, 0.7650832133747505]
2026-02-04 14:14:48,923|INFO|nn.computeOptunaObjective|Trial 8 timings:|0.8261426249991928
2026-02-04 14:14:48,923|INFO|nn.computeOptunaObjective|Trial 8 objective:|0.7287202848841012
2026-02-04 14:14:50,193|INFO|nn.computeOptunaObjective|Trial 9 params:|{'n_layers': 2, 'architecture': 'top', 'lr': 0.0001, 'n_epochs': 200}
2026-02-04 14:14:50,193|INFO|nn.computeOptunaObjective|Trial 9 balacc:|[0.6344913921536169, 0.6631114903299203, 0.6541811846689896, 0.5665548098434005, 0.8287234042553191, 0.7740384615384616, 0.5542241842431037, 0.5727832916635098]
2026-02-04 14:14:50,193|INFO|nn.computeOptunaObjective|Trial 9 rocauc:|[0.7706050322794239, 0.7577017534355418, 0.8142421602787457, 0.8381804623415362, 0.876595744680851, 0.826923076923077, 0.7817485343236867, 0.7064171528146073]
2026-02-04 14:14:50,193|INFO|nn.computeOptunaObjective|Trial 9 timings:|1.2699034580000443
2026-02-04 14:14:50,193|INFO|nn.computeOptunaObjective|Trial 9 objective:|0.6560135273370402
2026-02-04 14:14:51,490|INFO|nn.computeOptunaObjective|Trial 10 params:|{'n_layers': 4, 'architecture': 'top', 'lr': 0.0001, 'n_epochs': 100}
2026-02-04 14:14:51,490|INFO|nn.computeOptunaObjective|Trial 10 balacc:|[0.5, 0.5, 0.5, 0.5, 0.5143617021276595, 0.5, 0.5, 0.5]
2026-02-04 14:14:51,490|INFO|nn.computeOptunaObjective|Trial 10 rocauc:|[0.7385904651547757, 0.7276531773118804, 0.7948606271777003, 0.8396718866517525, 0.825531914893617, 0.842948717948718, 0.7612407446336393, 0.6846478268555698]
2026-02-04 14:14:51,490|INFO|nn.computeOptunaObjective|Trial 10 timings:|1.2966095830015547
2026-02-04 14:14:51,490|INFO|nn.computeOptunaObjective|Trial 10 objective:|0.5017952127659575
2026-02-04 14:14:52,077|INFO|nn.computeOptunaObjective|Trial 11 params:|{'n_layers': 2, 'architecture': 'inner', 'lr': 0.001, 'n_epochs': 100}
2026-02-04 14:14:52,077|INFO|nn.computeOptunaObjective|Trial 11 balacc:|[0.6796101638801523, 0.6868058941437781, 0.6567944250871081, 0.674310216256525, 0.7930851063829787, 0.7299679487179487, 0.6909583537710509, 0.6835745132206985]
2026-02-04 14:14:52,077|INFO|nn.computeOptunaObjective|Trial 11 rocauc:|[0.7863102135408044, 0.7703333513913719, 0.8046602787456446, 0.860924683072334, 0.9, 0.8253205128205129, 0.8290005372200032, 0.7638962547667753]
2026-02-04 14:14:52,077|INFO|nn.computeOptunaObjective|Trial 11 timings:|0.586504041999433
2026-02-04 14:14:52,077|INFO|nn.computeOptunaObjective|Trial 11 objective:|0.6993883276825301
2026-02-04 14:14:53,096|INFO|nn.computeOptunaObjective|Trial 12 params:|{'n_layers': 3, 'architecture': 'outer', 'lr': 0.0001, 'n_epochs': 150}
2026-02-04 14:14:53,096|INFO|nn.computeOptunaObjective|Trial 12 balacc:|[0.5780789604370137, 0.6383471477328133, 0.6215156794425087, 0.5766219239373602, 0.7430851063829788, 0.7115384615384616, 0.5, 0.5]
2026-02-04 14:14:53,096|INFO|nn.computeOptunaObjective|Trial 12 rocauc:|[0.7427122992881974, 0.7471513444209691, 0.8016114982578397, 0.8243847874720358, 0.8446808510638297, 0.8525641025641026, 0.7593254385350243, 0.6896482056721469]
2026-02-04 14:14:53,096|INFO|nn.computeOptunaObjective|Trial 12 timings:|1.0189875420001044
2026-02-04 14:14:53,096|INFO|nn.computeOptunaObjective|Trial 12 objective:|0.608648409933892
2026-02-04 14:14:54,315|INFO|nn.computeOptunaObjective|Trial 13 params:|{'n_layers': 3, 'architecture': 'outer', 'lr': 0.0001, 'n_epochs': 200}
2026-02-04 14:14:54,316|INFO|nn.computeOptunaObjective|Trial 13 balacc:|[0.6524913093858633, 0.6693166838218032, 0.6659407665505226, 0.7020879940343028, 0.7574468085106383, 0.7612179487179487, 0.5939434283979166, 0.576861883476021]
2026-02-04 14:14:54,316|INFO|nn.computeOptunaObjective|Trial 13 rocauc:|[0.7721527892732991, 0.7681167271610957, 0.807273519163763, 0.8161819537658463, 0.8563829787234043, 0.8541666666666666, 0.7767033377712378, 0.7133368689547187]
2026-02-04 14:14:54,316|INFO|nn.computeOptunaObjective|Trial 13 timings:|1.2186119580001105
2026-02-04 14:14:54,316|INFO|nn.computeOptunaObjective|Trial 13 objective:|0.6724133528618771
2026-02-04 14:14:55,090|INFO|nn.computeOptunaObjective|Trial 14 params:|{'n_layers': 3, 'architecture': 'outer', 'lr': 0.001, 'n_epochs': 100}
2026-02-04 14:14:55,091|INFO|nn.computeOptunaObjective|Trial 14 balacc:|[0.6984356894553883, 0.7143872907524784, 0.7012195121951219, 0.7375093214019388, 0.7468085106382978, 0.7612179487179487, 0.6952911498843809, 0.6934237442230472]
2026-02-04 14:14:55,091|INFO|nn.computeOptunaObjective|Trial 14 rocauc:|[0.8085540473431552, 0.7870302652725861, 0.8016114982578397, 0.8653989560029829, 0.8861702127659574, 0.8157051282051281, 0.8284399598252867, 0.7627092961587999]
2026-02-04 14:14:55,091|INFO|nn.computeOptunaObjective|Trial 14 timings:|0.774529333000828
2026-02-04 14:14:55,091|INFO|nn.computeOptunaObjective|Trial 14 objective:|0.7185366459085752
2026-02-04 14:14:56,643|INFO|nn.computeOptunaObjective|Trial 15 params:|{'n_layers': 4, 'architecture': 'outer', 'lr': 0.001, 'n_epochs': 200}
2026-02-04 14:14:56,643|INFO|nn.computeOptunaObjective|Trial 15 balacc:|[0.7036976493957954, 0.6964240569189375, 0.6685540069686411, 0.7652870991797167, 0.7824468085106383, 0.7355769230769231, 0.701188891224628, 0.6842690102785565]
2026-02-04 14:14:56,643|INFO|nn.computeOptunaObjective|Trial 15 rocauc:|[0.8103252772719748, 0.7738636979251314, 0.7819033101045297, 0.8420954511558539, 0.8654255319148936, 0.8189102564102564, 0.8282531006937147, 0.7495012248402657]
2026-02-04 14:14:56,643|INFO|nn.computeOptunaObjective|Trial 15 timings:|1.551738917001785
2026-02-04 14:14:56,643|INFO|nn.computeOptunaObjective|Trial 15 objective:|0.7171805556942297
2026-02-04 14:14:57,305|INFO|nn.computeOptunaObjective|Trial 16 params:|{'n_layers': 4, 'architecture': 'bottom', 'lr': 0.001, 'n_epochs': 100}
2026-02-04 14:14:57,305|INFO|nn.computeOptunaObjective|Trial 16 balacc:|[0.6749275782155273, 0.6943992993481047, 0.6563588850174216, 0.6996644295302014, 0.8074468085106383, 0.7227564102564102, 0.6568332048676804, 0.6732707023259338]
2026-02-04 14:14:57,305|INFO|nn.computeOptunaObjective|Trial 16 rocauc:|[0.7850190365833472, 0.7610695776224787, 0.7865853658536586, 0.8557046979865772, 0.8531914893617022, 0.8421474358974359, 0.8104781258029102, 0.7474303608859256]
2026-02-04 14:14:57,305|INFO|nn.computeOptunaObjective|Trial 16 timings:|0.6615697499983071
2026-02-04 14:14:57,305|INFO|nn.computeOptunaObjective|Trial 16 objective:|0.6982071647589898
2026-02-04 14:14:58,519|INFO|nn.computeOptunaObjective|Trial 17 params:|{'n_layers': 3, 'architecture': 'inner', 'lr': 0.0001, 'n_epochs': 200}
2026-02-04 14:14:58,519|INFO|nn.computeOptunaObjective|Trial 17 balacc:|[0.657896043701374, 0.68669980316738, 0.6955574912891986, 0.7130872483221476, 0.7930851063829787, 0.7171474358974359, 0.5334010697685283, 0.5760158597873576]
2026-02-04 14:14:58,519|INFO|nn.computeOptunaObjective|Trial 17 rocauc:|[0.7849238536666117, 0.7705906784405079, 0.808144599303136, 0.8292319164802386, 0.8553191489361702, 0.828525641025641, 0.7982388526849321, 0.7225294845569108]
2026-02-04 14:14:58,519|INFO|nn.computeOptunaObjective|Trial 17 timings:|1.2134251250026864
2026-02-04 14:14:58,519|INFO|nn.computeOptunaObjective|Trial 17 objective:|0.6716112572895501
2026-02-04 14:15:00,384|INFO|nn.computeOptunaObjective|Trial 18 params:|{'n_layers': 4, 'architecture': 'top', 'lr': 0.001, 'n_epochs': 150}
2026-02-04 14:15:00,384|INFO|nn.computeOptunaObjective|Trial 18 balacc:|[0.6972769409038239, 0.7125905159181609, 0.7251742160278746, 0.7341536167039523, 0.7861702127659574, 0.7668269230769231, 0.65797771704856, 0.675960300022729]
2026-02-04 14:15:00,384|INFO|nn.computeOptunaObjective|Trial 18 rocauc:|[0.8167025326932627, 0.7750013543528902, 0.8008493031358885, 0.8370618941088739, 0.8691489361702127, 0.8637820512820513, 0.8163875458388807, 0.7657650832133747]
2026-02-04 14:15:00,384|INFO|nn.computeOptunaObjective|Trial 18 timings:|1.865009540997562
2026-02-04 14:15:00,385|INFO|nn.computeOptunaObjective|Trial 18 objective:|0.7195163053084976
2026-02-04 14:15:01,529|INFO|nn.computeOptunaObjective|Trial 19 params:|{'n_layers': 4, 'architecture': 'inner', 'lr': 0.0001, 'n_epochs': 150}
2026-02-04 14:15:01,530|INFO|nn.computeOptunaObjective|Trial 19 balacc:|[0.5646664459526569, 0.5999963883922929, 0.6128048780487805, 0.5277777777777778, 0.7680851063829788, 0.7115384615384616, 0.5, 0.5]
2026-02-04 14:15:01,530|INFO|nn.computeOptunaObjective|Trial 19 rocauc:|[0.7622537659327925, 0.7570922946349568, 0.7959494773519163, 0.8206562266964952, 0.8351063829787234, 0.8173076923076923, 0.7817251769322402, 0.7184887744021012]
2026-02-04 14:15:01,530|INFO|nn.computeOptunaObjective|Trial 19 timings:|1.1445770419995824
2026-02-04 14:15:01,530|INFO|nn.computeOptunaObjective|Trial 19 objective:|0.5981086322616185
2026-02-04 14:15:02,493|INFO|nn.computeOptunaObjective|Trial 20 params:|{'n_layers': 3, 'architecture': 'bottom', 'lr': 0.001, 'n_epochs': 200}
2026-02-04 14:15:02,494|INFO|nn.computeOptunaObjective|Trial 20 balacc:|[0.6980466810130772, 0.7043605648554454, 0.6685540069686411, 0.6853094705443699, 0.7718085106382979, 0.7043269230769231, 0.6878284633172167, 0.6975023360355582]
2026-02-04 14:15:02,494|INFO|nn.computeOptunaObjective|Trial 20 rocauc:|[0.7964347790100976, 0.7813555266626939, 0.8207752613240417, 0.877703206562267, 0.8904255319148936, 0.8669871794871794, 0.8238852684932148, 0.7550193196454277]
2026-02-04 14:15:02,494|INFO|nn.computeOptunaObjective|Trial 20 timings:|0.9633382499996515
2026-02-04 14:15:02,494|INFO|nn.computeOptunaObjective|Trial 20 objective:|0.7022171195561913
2026-02-04 14:15:03,202|INFO|nn.computeOptunaObjective|Trial 21 params:|{'n_layers': 3, 'architecture': 'outer', 'lr': 0.0001, 'n_epochs': 100}
2026-02-04 14:15:03,202|INFO|nn.computeOptunaObjective|Trial 21 balacc:|[0.5, 0.5, 0.5, 0.5, 0.525, 0.5, 0.5, 0.5]
2026-02-04 14:15:03,202|INFO|nn.computeOptunaObjective|Trial 21 rocauc:|[0.6943924846879655, 0.6833161781967244, 0.7149390243902439, 0.7774049217002237, 0.8095744680851064, 0.8092948717948718, 0.723728773970523, 0.6374725357981665]
2026-02-04 14:15:03,202|INFO|nn.computeOptunaObjective|Trial 21 timings:|0.7079182909983501
2026-02-04 14:15:03,202|INFO|nn.computeOptunaObjective|Trial 21 objective:|0.503125
2026-02-04 14:15:04,681|INFO|nn.computeOptunaObjective|Trial 22 params:|{'n_layers': 4, 'architecture': 'outer', 'lr': 0.0001, 'n_epochs': 200}
2026-02-04 14:15:04,681|INFO|nn.computeOptunaObjective|Trial 22 balacc:|[0.6634435523919882, 0.6930765480253535, 0.6750871080139372, 0.6853094705443699, 0.7824468085106383, 0.7796474358974359, 0.5687875178100109, 0.6387983938177134]
2026-02-04 14:15:04,682|INFO|nn.computeOptunaObjective|Trial 22 rocauc:|[0.7850811123986094, 0.7788838326380989, 0.8085801393728222, 0.8049962714392244, 0.8617021276595744, 0.8237179487179487, 0.7957863265830473, 0.7328838043286108]
2026-02-04 14:15:04,682|INFO|nn.computeOptunaObjective|Trial 22 timings:|1.4789752920005412
2026-02-04 14:15:04,682|INFO|nn.computeOptunaObjective|Trial 22 objective:|0.6858246043764309
2026-02-04 14:15:05,720|INFO|nn.computeOptunaObjective|Trial 23 params:|{'n_layers': 2, 'architecture': 'top', 'lr': 0.0001, 'n_epochs': 150}
2026-02-04 14:15:05,720|INFO|nn.computeOptunaObjective|Trial 23 balacc:|[0.589277437510346, 0.622392870686386, 0.5413763066202091, 0.4966442953020134, 0.7037234042553192, 0.6802884615384616, 0.5, 0.5066166628785009]
2026-02-04 14:15:05,720|INFO|nn.computeOptunaObjective|Trial 23 rocauc:|[0.7501200132428406, 0.7439866731675606, 0.7976916376306621, 0.8247576435495898, 0.8468085106382979, 0.8317307692307692, 0.758017424614019, 0.6806576255776953]
2026-02-04 14:15:05,720|INFO|nn.computeOptunaObjective|Trial 23 timings:|1.0381065830006264
2026-02-04 14:15:05,720|INFO|nn.computeOptunaObjective|Trial 23 objective:|0.5800399298489045
2026-02-04 14:15:07,114|INFO|nn.computeOptunaObjective|Trial 24 params:|{'n_layers': 4, 'architecture': 'inner', 'lr': 0.001, 'n_epochs': 200}
2026-02-04 14:15:07,114|INFO|nn.computeOptunaObjective|Trial 24 balacc:|[0.6965072007945704, 0.7279082471061993, 0.7042682926829269, 0.7973527218493661, 0.8037234042553192, 0.7852564102564102, 0.7114194286782052, 0.6734222289567391]
2026-02-04 14:15:07,114|INFO|nn.computeOptunaObjective|Trial 24 rocauc:|[0.8075732494620096, 0.7790915000812613, 0.7968205574912892, 0.808351976137211, 0.8680851063829788, 0.828525641025641, 0.8060519001237942, 0.7519256509331514]
2026-02-04 14:15:07,114|INFO|nn.computeOptunaObjective|Trial 24 timings:|1.3932472080014122
2026-02-04 14:15:07,114|INFO|nn.computeOptunaObjective|Trial 24 objective:|0.737482241822467
2026-02-04 14:15:08,322|INFO|nn.computeOptunaObjective|Trial 25 params:|{'n_layers': 4, 'architecture': 'outer', 'lr': 0.001, 'n_epochs': 150}
2026-02-04 14:15:08,322|INFO|nn.computeOptunaObjective|Trial 25 balacc:|[0.6996896209236881, 0.6952728569622768, 0.7221254355400697, 0.7274422073079791, 0.7930851063829787, 0.7483974358974359, 0.6831336276364656, 0.6835745132206985]
2026-02-04 14:15:08,322|INFO|nn.computeOptunaObjective|Trial 25 rocauc:|[0.8128496937593114, 0.7781028224714232, 0.7868031358885017, 0.8344519015659956, 0.8712765957446809, 0.8782051282051282, 0.831044308971574, 0.7577341717806904]
2026-02-04 14:15:08,322|INFO|nn.computeOptunaObjective|Trial 25 timings:|1.2071887079982844
2026-02-04 14:15:08,322|INFO|nn.computeOptunaObjective|Trial 25 objective:|0.7190901004839491
2026-02-04 14:15:09,087|INFO|nn.computeOptunaObjective|Trial 26 params:|{'n_layers': 2, 'architecture': 'outer', 'lr': 0.0001, 'n_epochs': 150}
2026-02-04 14:15:09,088|INFO|nn.computeOptunaObjective|Trial 26 balacc:|[0.5675633173315676, 0.5539867634577532, 0.5117595818815331, 0.4966442953020134, 0.6537234042553192, 0.5496794871794872, 0.5, 0.5]
2026-02-04 14:15:09,088|INFO|nn.computeOptunaObjective|Trial 26 rocauc:|[0.7231522098990235, 0.7179424670892247, 0.7595818815331011, 0.7833706189410887, 0.8117021276595745, 0.8189102564102565, 0.7366454114404504, 0.6552516604793291]
2026-02-04 14:15:09,088|INFO|nn.computeOptunaObjective|Trial 26 timings:|0.7650309579985333
2026-02-04 14:15:09,088|INFO|nn.computeOptunaObjective|Trial 26 objective:|0.5416696061759593
2026-02-04 14:15:10,107|INFO|nn.computeOptunaObjective|Trial 27 params:|{'n_layers': 3, 'architecture': 'top', 'lr': 0.001, 'n_epochs': 100}
2026-02-04 14:15:10,108|INFO|nn.computeOptunaObjective|Trial 27 balacc:|[0.6958326436020527, 0.7158815934413204, 0.6772648083623694, 0.7130872483221476, 0.7680851063829788, 0.7299679487179487, 0.7086515777917922, 0.6751142763340656]
2026-02-04 14:15:10,108|INFO|nn.computeOptunaObjective|Trial 27 rocauc:|[0.8158086409534846, 0.797700308792459, 0.8093423344947736, 0.8579418344519015, 0.874468085106383, 0.8293269230769231, 0.8304253380982412, 0.7645276157284643]
2026-02-04 14:15:10,108|INFO|nn.computeOptunaObjective|Trial 27 timings:|1.0192747080000117
2026-02-04 14:15:10,108|INFO|nn.computeOptunaObjective|Trial 27 objective:|0.7104856503693344
2026-02-04 14:15:11,113|INFO|nn.computeOptunaObjective|Trial 28 params:|{'n_layers': 2, 'architecture': 'outer', 'lr': 0.0001, 'n_epochs': 200}
2026-02-04 14:15:11,113|INFO|nn.computeOptunaObjective|Trial 28 balacc:|[0.5954043204767423, 0.6328845910757174, 0.6184668989547037, 0.5421327367636093, 0.7787234042553192, 0.7740384615384616, 0.5066802139537057, 0.5173119175695128]
2026-02-04 14:15:11,113|INFO|nn.computeOptunaObjective|Trial 28 rocauc:|[0.7448683992716436, 0.7399236144969932, 0.7968205574912891, 0.8184190902311708, 0.8585106382978723, 0.8397435897435898, 0.761404246373765, 0.6854812233249995]
2026-02-04 14:15:11,113|INFO|nn.computeOptunaObjective|Trial 28 timings:|1.0051473749990691
2026-02-04 14:15:11,113|INFO|nn.computeOptunaObjective|Trial 28 objective:|0.6207053180734714
2026-02-04 14:15:11,846|INFO|nn.computeOptunaObjective|Trial 29 params:|{'n_layers': 3, 'architecture': 'bottom', 'lr': 0.001, 'n_epochs': 150}
2026-02-04 14:15:11,846|INFO|nn.computeOptunaObjective|Trial 29 balacc:|[0.6790307896043701, 0.6879570941004387, 0.6685540069686411, 0.6541759880686056, 0.7824468085106383, 0.7483974358974359, 0.6984794338168314, 0.6875015784024042]
2026-02-04 14:15:11,846|INFO|nn.computeOptunaObjective|Trial 29 rocauc:|[0.7942021188544943, 0.7755521245282336, 0.7946428571428571, 0.8501118568232662, 0.8808510638297873, 0.7820512820512822, 0.8306589120127065, 0.7595272369118873]
2026-02-04 14:15:11,846|INFO|nn.computeOptunaObjective|Trial 29 timings:|0.731775167001615
2026-02-04 14:15:11,846|INFO|nn.computeOptunaObjective|Trial 29 objective:|0.7008178919211707
2026-02-04 14:15:12,828|INFO|nn.computeOptunaObjective|Trial 30 params:|{'n_layers': 3, 'architecture': 'inner', 'lr': 0.001, 'n_epochs': 150}
2026-02-04 14:15:12,828|INFO|nn.computeOptunaObjective|Trial 30 balacc:|[0.7090547922529382, 0.6968326200408111, 0.6951219512195121, 0.6785980611483967, 0.7968085106382978, 0.6987179487179487, 0.7397052297199449, 0.6981968330934162]
2026-02-04 14:15:12,828|INFO|nn.computeOptunaObjective|Trial 30 rocauc:|[0.8123158417480548, 0.7891385412716472, 0.7744991289198606, 0.8596196868008947, 0.8622340425531915, 0.84375, 0.8384486020601218, 0.7562189054726368]
2026-02-04 14:15:12,828|INFO|nn.computeOptunaObjective|Trial 30 timings:|0.9818884580017766
2026-02-04 14:15:12,828|INFO|nn.computeOptunaObjective|Trial 30 objective:|0.7141294933539082
2026-02-04 14:15:13,432|INFO|nn.computeOptunaObjective|Trial 31 params:|{'n_layers': 2, 'architecture': 'inner', 'lr': 0.0001, 'n_epochs': 100}
2026-02-04 14:15:13,432|INFO|nn.computeOptunaObjective|Trial 31 balacc:|[0.5017857142857143, 0.5061645629051773, 0.5, 0.5, 0.525, 0.5, 0.5, 0.5]
2026-02-04 14:15:13,432|INFO|nn.computeOptunaObjective|Trial 31 rocauc:|[0.6853252772719749, 0.6686349928670747, 0.6700783972125436, 0.6964951528709917, 0.7457446808510639, 0.7259615384615384, 0.7034312008034942, 0.6319418137737707]
2026-02-04 14:15:13,432|INFO|nn.computeOptunaObjective|Trial 31 timings:|0.6030189579978469
2026-02-04 14:15:13,432|INFO|nn.computeOptunaObjective|Trial 31 objective:|0.5041187846488615
2026-02-04 14:15:14,046|INFO|nn.computeOptunaObjective|Trial 32 params:|{'n_layers': 2, 'architecture': 'linear', 'lr': 0.001, 'n_epochs': 100}
2026-02-04 14:15:14,046|INFO|nn.computeOptunaObjective|Trial 32 balacc:|[0.6759911438503559, 0.6816864402188634, 0.6628919860627178, 0.587621178225205, 0.7930851063829787, 0.7427884615384616, 0.6933057716114264, 0.6586483824532162]
2026-02-04 14:15:14,046|INFO|nn.computeOptunaObjective|Trial 32 rocauc:|[0.7783065717596424, 0.7654351084385215, 0.79551393728223, 0.8340790454884415, 0.902127659574468, 0.8669871794871795, 0.8199378693387522, 0.7583655327423795]
2026-02-04 14:15:14,046|INFO|nn.computeOptunaObjective|Trial 32 timings:|0.6136886249987583
2026-02-04 14:15:14,046|INFO|nn.computeOptunaObjective|Trial 32 objective:|0.6870023087929031
2026-02-04 14:15:15,011|INFO|nn.computeOptunaObjective|Trial 33 params:|{'n_layers': 4, 'architecture': 'bottom', 'lr': 0.001, 'n_epochs': 200}
2026-02-04 14:15:15,011|INFO|nn.computeOptunaObjective|Trial 33 balacc:|[0.6961657838106274, 0.6888306517146108, 0.637630662020906, 0.7518642803877704, 0.7111702127659575, 0.7483974358974359, 0.6776563193422558, 0.6766547970805868]
2026-02-04 14:15:15,011|INFO|nn.computeOptunaObjective|Trial 33 rocauc:|[0.7887560006621421, 0.7661754880184913, 0.7764590592334494, 0.8357568978374348, 0.7707446808510638, 0.8261217948717949, 0.8251816037184968, 0.7579235800691971]
2026-02-04 14:15:15,011|INFO|nn.computeOptunaObjective|Trial 33 timings:|0.9643527080006606
2026-02-04 14:15:15,011|INFO|nn.computeOptunaObjective|Trial 33 objective:|0.6985462678775188
2026-02-04 14:15:15,957|INFO|nn.computeOptunaObjective|Trial 34 params:|{'n_layers': 2, 'architecture': 'inner', 'lr': 0.0001, 'n_epochs': 200}
2026-02-04 14:15:15,957|INFO|nn.computeOptunaObjective|Trial 34 balacc:|[0.5997454891574243, 0.639114614370587, 0.6215156794425087, 0.552199850857569, 0.7787234042553192, 0.7740384615384616, 0.5, 0.510695254691012]
2026-02-04 14:15:15,957|INFO|nn.computeOptunaObjective|Trial 34 rocauc:|[0.7541383876841583, 0.7503115011647435, 0.8037891986062717, 0.8292319164802386, 0.8648936170212767, 0.8317307692307693, 0.7632961950809333, 0.696315377427583]
2026-02-04 14:15:15,957|INFO|nn.computeOptunaObjective|Trial 34 timings:|0.9448451249991194
2026-02-04 14:15:15,957|INFO|nn.computeOptunaObjective|Trial 34 objective:|0.6220040942891102
2026-02-04 14:15:16,770|INFO|nn.computeOptunaObjective|Trial 35 params:|{'n_layers': 4, 'architecture': 'inner', 'lr': 0.0001, 'n_epochs': 100}
2026-02-04 14:15:16,770|INFO|nn.computeOptunaObjective|Trial 35 balacc:|[0.5, 0.5, 0.5, 0.5, 0.5, 0.5, 0.5, 0.5]
2026-02-04 14:15:16,770|INFO|nn.computeOptunaObjective|Trial 35 rocauc:|[0.7043866909452078, 0.6875959333297217, 0.7221254355400697, 0.8012677106636839, 0.7936170212765957, 0.8092948717948718, 0.7348702496905146, 0.6544435184483673]
2026-02-04 14:15:16,770|INFO|nn.computeOptunaObjective|Trial 35 timings:|0.8121537909973995
2026-02-04 14:15:16,770|INFO|nn.computeOptunaObjective|Trial 35 objective:|0.5
2026-02-04 14:15:17,807|INFO|nn.computeOptunaObjective|Trial 36 params:|{'n_layers': 2, 'architecture': 'top', 'lr': 0.001, 'n_epochs': 150}
2026-02-04 14:15:17,807|INFO|nn.computeOptunaObjective|Trial 36 balacc:|[0.6831815924515808, 0.693631832710331, 0.6655052264808362, 0.674310216256525, 0.7680851063829788, 0.6987179487179487, 0.6842781398173452, 0.6844205369093619]
2026-02-04 14:15:17,807|INFO|nn.computeOptunaObjective|Trial 36 rocauc:|[0.7935648071511341, 0.7811975188255051, 0.7944250871080138, 0.8639075316927667, 0.8925531914893617, 0.8653846153846154, 0.8368019059631421, 0.7611435209738111]
2026-02-04 14:15:17,807|INFO|nn.computeOptunaObjective|Trial 36 timings:|1.0366154580005968
2026-02-04 14:15:17,807|INFO|nn.computeOptunaObjective|Trial 36 objective:|0.6940163249658635
2026-02-04 14:15:18,760|INFO|nn.computeOptunaObjective|Trial 37 params:|{'n_layers': 3, 'architecture': 'linear', 'lr': 0.0001, 'n_epochs': 150}
2026-02-04 14:15:18,760|INFO|nn.computeOptunaObjective|Trial 37 balacc:|[0.5918328919053136, 0.6118763204940679, 0.5975609756097561, 0.5, 0.7074468085106382, 0.7115384615384616, 0.5, 0.5]
2026-02-04 14:15:18,760|INFO|nn.computeOptunaObjective|Trial 37 rocauc:|[0.7467430888925675, 0.7439234700326851, 0.7992160278745645, 0.8307233407904548, 0.8308510638297872, 0.8461538461538461, 0.7621750402915003, 0.6865671641791044]
2026-02-04 14:15:18,760|INFO|nn.computeOptunaObjective|Trial 37 timings:|0.9521824580006069
2026-02-04 14:15:18,760|INFO|nn.computeOptunaObjective|Trial 37 objective:|0.5900319322572797
2026-02-04 14:15:19,523|INFO|nn.computeOptunaObjective|Trial 38 params:|{'n_layers': 2, 'architecture': 'bottom', 'lr': 0.001, 'n_epochs': 150}
2026-02-04 14:15:19,523|INFO|nn.computeOptunaObjective|Trial 38 balacc:|[0.6695704353583845, 0.6861445184824024, 0.6598432055749129, 0.580909768829232, 0.7680851063829788, 0.7427884615384616, 0.6634550253427697, 0.6594944061418795]
2026-02-04 14:15:19,523|INFO|nn.computeOptunaObjective|Trial 38 rocauc:|[0.7793370302929978, 0.7593314914134026, 0.8020470383275261, 0.8378076062639821, 0.8680851063829786, 0.8012820512820513, 0.8126270058159905, 0.7558148344571558]
2026-02-04 14:15:19,523|INFO|nn.computeOptunaObjective|Trial 38 timings:|0.7620800840013544
2026-02-04 14:15:19,523|INFO|nn.computeOptunaObjective|Trial 38 objective:|0.6787863659563778
2026-02-04 14:15:20,984|INFO|nn.computeOptunaObjective|Trial 39 params:|{'n_layers': 4, 'architecture': 'linear', 'lr': 0.001, 'n_epochs': 200}
2026-02-04 14:15:20,984|INFO|nn.computeOptunaObjective|Trial 39 balacc:|[0.7127214037411025, 0.706385322426278, 0.7251742160278746, 0.7240865026099925, 0.7718085106382979, 0.7283653846153846, 0.678018358909677, 0.6917316968457207]
2026-02-04 14:15:20,984|INFO|nn.computeOptunaObjective|Trial 39 rocauc:|[0.8104308061579208, 0.7751255033678242, 0.7782012195121952, 0.8463832960477256, 0.8563829787234043, 0.8381410256410257, 0.8155583584425292, 0.7620021718817082]
2026-02-04 14:15:20,984|INFO|nn.computeOptunaObjective|Trial 39 timings:|1.4603814579968457
2026-02-04 14:15:20,984|INFO|nn.computeOptunaObjective|Trial 39 objective:|0.717286424476791
2026-02-04 14:15:21,669|INFO|nn.computeOptunaObjective|Trial 40 params:|{'n_layers': 2, 'architecture': 'bottom', 'lr': 0.0001, 'n_epochs': 150}
2026-02-04 14:15:21,669|INFO|nn.computeOptunaObjective|Trial 40 balacc:|[0.5113412514484357, 0.517832313054156, 0.5, 0.5, 0.5, 0.5625, 0.5, 0.5]
2026-02-04 14:15:21,669|INFO|nn.computeOptunaObjective|Trial 40 rocauc:|[0.6952036086740607, 0.6868465247304838, 0.681184668989547, 0.7050708426547353, 0.7595744680851064, 0.7467948717948718, 0.7093406208394646, 0.6373462636058287]
2026-02-04 14:15:21,669|INFO|nn.computeOptunaObjective|Trial 40 timings:|0.6844054579996737
2026-02-04 14:15:21,669|INFO|nn.computeOptunaObjective|Trial 40 objective:|0.5114591955628239
2026-02-04 14:15:23,509|INFO|nn.computeOptunaObjective|Trial 41 params:|{'n_layers': 4, 'architecture': 'top', 'lr': 0.0001, 'n_epochs': 150}
2026-02-04 14:15:23,509|INFO|nn.computeOptunaObjective|Trial 41 balacc:|[0.6781182751200132, 0.7097170305361431, 0.6746515679442509, 0.7164429530201342, 0.7861702127659574, 0.7612179487179487, 0.6041739658514937, 0.6197944288708741]
2026-02-04 14:15:23,509|INFO|nn.computeOptunaObjective|Trial 41 rocauc:|[0.8000951829167355, 0.7886758040341658, 0.7854965156794425, 0.8176733780760627, 0.8329787234042554, 0.8044871794871793, 0.8013453857473198, 0.7426825264540244]
2026-02-04 14:15:23,509|INFO|nn.computeOptunaObjective|Trial 41 timings:|1.8391610409998975
2026-02-04 14:15:23,509|INFO|nn.computeOptunaObjective|Trial 41 objective:|0.6937857978533519
2026-02-04 14:15:24,425|INFO|nn.computeOptunaObjective|Trial 42 params:|{'n_layers': 3, 'architecture': 'bottom', 'lr': 0.0001, 'n_epochs': 200}
2026-02-04 14:15:24,425|INFO|nn.computeOptunaObjective|Trial 42 balacc:|[0.5760076974010925, 0.5999309280026004, 0.6036585365853658, 0.5488441461595824, 0.7287234042553192, 0.6931089743589743, 0.5, 0.5]
2026-02-04 14:15:24,425|INFO|nn.computeOptunaObjective|Trial 42 rocauc:|[0.7156513822214865, 0.7156084656084656, 0.7739547038327527, 0.8023862788963461, 0.8393617021276596, 0.8189102564102564, 0.7416205358185597, 0.6642674950122485]
2026-02-04 14:15:24,425|INFO|nn.computeOptunaObjective|Trial 42 timings:|0.9150465419988905
2026-02-04 14:15:24,425|INFO|nn.computeOptunaObjective|Trial 42 objective:|0.5937842108453668
2026-02-04 14:15:25,112|INFO|nn.computeOptunaObjective|Trial 43 params:|{'n_layers': 3, 'architecture': 'inner', 'lr': 0.001, 'n_epochs': 100}
2026-02-04 14:15:25,112|INFO|nn.computeOptunaObjective|Trial 43 balacc:|[0.6971817579870883, 0.7202335807284612, 0.6920731707317074, 0.7063758389261745, 0.7930851063829787, 0.7115384615384616, 0.744400065400696, 0.694118241280905]
2026-02-04 14:15:25,112|INFO|nn.computeOptunaObjective|Trial 43 rocauc:|[0.8146043701373946, 0.795465626523647, 0.7913763066202091, 0.8523489932885906, 0.874468085106383, 0.8637820512820513, 0.8328077920257866, 0.7596787635426927]
2026-02-04 14:15:25,112|INFO|nn.computeOptunaObjective|Trial 43 timings:|0.6865717920009047
2026-02-04 14:15:25,112|INFO|nn.computeOptunaObjective|Trial 43 objective:|0.719875777872059
2026-02-04 14:15:25,839|INFO|nn.computeOptunaObjective|Trial 44 params:|{'n_layers': 4, 'architecture': 'bottom', 'lr': 0.0001, 'n_epochs': 150}
2026-02-04 14:15:25,839|INFO|nn.computeOptunaObjective|Trial 44 balacc:|[0.5, 0.5, 0.5357142857142857, 0.5, 0.5, 0.5, 0.5074626865671642, 0.5]
2026-02-04 14:15:25,839|INFO|nn.computeOptunaObjective|Trial 44 rocauc:|[0.6881476576725709, 0.6601883453419288, 0.6517857142857143, 0.7352721849366145, 0.7404255319148936, 0.7387820512820512, 0.7235652722303973, 0.6384827133368689]
2026-02-04 14:15:25,839|INFO|nn.computeOptunaObjective|Trial 44 timings:|0.7258924169982492
2026-02-04 14:15:25,839|INFO|nn.computeOptunaObjective|Trial 44 objective:|0.5053971215351812
2026-02-04 14:15:26,538|INFO|nn.computeOptunaObjective|Trial 45 params:|{'n_layers': 3, 'architecture': 'inner', 'lr': 0.0001, 'n_epochs': 100}
2026-02-04 14:15:26,538|INFO|nn.computeOptunaObjective|Trial 45 balacc:|[0.5, 0.5, 0.5, 0.5, 0.5, 0.5, 0.5, 0.5]
2026-02-04 14:15:26,538|INFO|nn.computeOptunaObjective|Trial 45 rocauc:|[0.7048501903658335, 0.6850948949925059, 0.7168989547038327, 0.7889634601043998, 0.7936170212765957, 0.8028846153846154, 0.7281433209539159, 0.6473470212389828]
2026-02-04 14:15:26,538|INFO|nn.computeOptunaObjective|Trial 45 timings:|0.6981417080023675
2026-02-04 14:15:26,538|INFO|nn.computeOptunaObjective|Trial 45 objective:|0.5
2026-02-04 14:15:27,183|INFO|nn.computeOptunaObjective|Trial 46 params:|{'n_layers': 4, 'architecture': 'bottom', 'lr': 0.0001, 'n_epochs': 100}
2026-02-04 14:15:27,183|INFO|nn.computeOptunaObjective|Trial 46 balacc:|[0.5, 0.5, 0.5, 0.5, 0.5, 0.5, 0.5, 0.4949238578680203]
2026-02-04 14:15:27,183|INFO|nn.computeOptunaObjective|Trial 46 rocauc:|[0.5911252276113226, 0.5615101937627535, 0.5640243902439024, 0.6062639821029083, 0.6361702127659574, 0.548076923076923, 0.6551514726835308, 0.6047932924211431]
2026-02-04 14:15:27,183|INFO|nn.computeOptunaObjective|Trial 46 timings:|0.6445285830013745
2026-02-04 14:15:27,183|INFO|nn.computeOptunaObjective|Trial 46 objective:|0.4993654822335025
2026-02-04 14:15:28,390|INFO|nn.computeOptunaObjective|Trial 47 params:|{'n_layers': 3, 'architecture': 'linear', 'lr': 0.001, 'n_epochs': 200}
2026-02-04 14:15:28,390|INFO|nn.computeOptunaObjective|Trial 47 balacc:|[0.7032610494951167, 0.6983675533163587, 0.6890243902439024, 0.6642431021625652, 0.8074468085106383, 0.7355769230769231, 0.7243594235395792, 0.6883476020910675]
2026-02-04 14:15:28,390|INFO|nn.computeOptunaObjective|Trial 47 rocauc:|[0.8102818242012912, 0.788795438539466, 0.7588196864111498, 0.8527218493661447, 0.8872340425531915, 0.8036858974358974, 0.8382150281456567, 0.7638836275475414]
2026-02-04 14:15:28,390|INFO|nn.computeOptunaObjective|Trial 47 timings:|1.205851167000219
2026-02-04 14:15:28,390|INFO|nn.computeOptunaObjective|Trial 47 objective:|0.7138283565545189
2026-02-04 14:15:29,824|INFO|nn.computeOptunaObjective|Trial 48 params:|{'n_layers': 3, 'architecture': 'top', 'lr': 0.0001, 'n_epochs': 150}
2026-02-04 14:15:29,824|INFO|nn.computeOptunaObjective|Trial 48 balacc:|[0.6511421950008277, 0.6687207685501201, 0.6898954703832753, 0.7020879940343028, 0.8430851063829787, 0.7612179487179487, 0.5, 0.5132333257570018]
2026-02-04 14:15:29,824|INFO|nn.computeOptunaObjective|Trial 48 rocauc:|[0.7775533852011256, 0.7739359300792747, 0.7972560975609756, 0.8214019388516033, 0.8680851063829788, 0.8333333333333334, 0.7851587134748792, 0.7226557567492488]
2026-02-04 14:15:29,824|INFO|nn.computeOptunaObjective|Trial 48 timings:|1.433240124999429
2026-02-04 14:15:29,824|INFO|nn.computeOptunaObjective|Trial 48 objective:|0.6661728511033069
2026-02-04 14:15:30,793|INFO|nn.computeOptunaObjective|Trial 49 params:|{'n_layers': 2, 'architecture': 'inner', 'lr': 0.001, 'n_epochs': 200}
2026-02-04 14:15:30,793|INFO|nn.computeOptunaObjective|Trial 49 balacc:|[0.6819752524416487, 0.685205500478538, 0.6598432055749129, 0.622110365398956, 0.7824468085106383, 0.6987179487179487, 0.6709177119099339, 0.6917316968457207]
2026-02-04 14:15:30,793|INFO|nn.computeOptunaObjective|Trial 49 rocauc:|[0.7917004634994207, 0.77750690719974, 0.7937717770034843, 0.8784489187173751, 0.8999999999999999, 0.8141025641025641, 0.8295377572232734, 0.757077556380534]
2026-02-04 14:15:30,793|INFO|nn.computeOptunaObjective|Trial 49 timings:|0.968105915999331
2026-02-04 14:15:30,793|INFO|nn.computeOptunaObjective|Trial 49 objective:|0.6866185612347872
2026-02-04 14:15:31,825|INFO|nn.computeOptunaObjective|Trial 50 params:|{'n_layers': 3, 'architecture': 'outer', 'lr': 0.001, 'n_epochs': 150}
2026-02-04 14:15:31,825|INFO|nn.computeOptunaObjective|Trial 50 balacc:|[0.6936579208740274, 0.7031439045090921, 0.6711672473867596, 0.7097315436241611, 0.8074468085106383, 0.7796474358974359, 0.7070866325648751, 0.7115816854812234]
2026-02-04 14:15:31,825|INFO|nn.computeOptunaObjective|Trial 50 rocauc:|[0.8037576560172158, 0.777019340159272, 0.7896341463414633, 0.854586129753915, 0.8968085106382979, 0.7772435897435898, 0.8268049424240301, 0.7626714145010985]
2026-02-04 14:15:31,825|INFO|nn.computeOptunaObjective|Trial 50 timings:|1.0312910829998145
2026-02-04 14:15:31,825|INFO|nn.computeOptunaObjective|Trial 50 objective:|0.7229328973560266
2026-02-04 14:15:32,698|INFO|nn.computeOptunaObjective|Trial 51 params:|{'n_layers': 4, 'architecture': 'outer', 'lr': 0.001, 'n_epochs': 100}
2026-02-04 14:15:32,699|INFO|nn.computeOptunaObjective|Trial 51 balacc:|[0.6961181923522596, 0.7310029434602814, 0.7134146341463414, 0.7585756897837435, 0.7755319148936171, 0.7612179487179487, 0.7232149113586994, 0.6427254589994191]
2026-02-04 14:15:32,699|INFO|nn.computeOptunaObjective|Trial 51 rocauc:|[0.8099362688296641, 0.7883462448308864, 0.8090156794425087, 0.8501118568232663, 0.873404255319149, 0.8301282051282051, 0.8209188797795061, 0.7572543374498069]
2026-02-04 14:15:32,699|INFO|nn.computeOptunaObjective|Trial 51 timings:|0.8726499160002277
2026-02-04 14:15:32,699|INFO|nn.computeOptunaObjective|Trial 51 objective:|0.7252252117140388
2026-02-04 14:15:33,302|INFO|nn.computeOptunaObjective|Trial 52 params:|{'n_layers': 2, 'architecture': 'linear', 'lr': 0.0001, 'n_epochs': 100}
2026-02-04 14:15:33,303|INFO|nn.computeOptunaObjective|Trial 52 balacc:|[0.5017857142857143, 0.5072096718854398, 0.5, 0.5, 0.5, 0.5, 0.5, 0.5]
2026-02-04 14:15:33,303|INFO|nn.computeOptunaObjective|Trial 52 rocauc:|[0.6875682833967887, 0.6660617223757155, 0.6611498257839721, 0.6826994780014914, 0.7787234042553192, 0.7548076923076923, 0.7023100460140611, 0.6367149026441397]
2026-02-04 14:15:33,303|INFO|nn.computeOptunaObjective|Trial 52 timings:|0.6030317500008096
2026-02-04 14:15:33,303|INFO|nn.computeOptunaObjective|Trial 52 objective:|0.5011244232713943
2026-02-04 14:15:34,348|INFO|nn.computeOptunaObjective|Trial 53 params:|{'n_layers': 3, 'architecture': 'top', 'lr': 0.0001, 'n_epochs': 100}
2026-02-04 14:15:34,349|INFO|nn.computeOptunaObjective|Trial 53 balacc:|[0.5095555371627214, 0.5363260017696878, 0.5, 0.5, 0.6, 0.5625, 0.5, 0.5]
2026-02-04 14:15:34,349|INFO|nn.computeOptunaObjective|Trial 53 rocauc:|[0.7287328256911108, 0.7245381656644455, 0.7654616724738676, 0.8180462341536168, 0.8255319148936171, 0.841346153846154, 0.7461051549762923, 0.6658080157587695]
2026-02-04 14:15:34,349|INFO|nn.computeOptunaObjective|Trial 53 timings:|1.0451416249998147
2026-02-04 14:15:34,349|INFO|nn.computeOptunaObjective|Trial 53 objective:|0.5260476923665511
2026-02-04 14:15:35,577|INFO|nn.computeOptunaObjective|Trial 54 params:|{'n_layers': 3, 'architecture': 'outer', 'lr': 0.001, 'n_epochs': 200}
2026-02-04 14:15:35,577|INFO|nn.computeOptunaObjective|Trial 54 balacc:|[0.7073642608839597, 0.7102068548314282, 0.6859756097560976, 0.7030201342281879, 0.7930851063829787, 0.7299679487179487, 0.6996239459977109, 0.6783468444579135]
2026-02-04 14:15:35,577|INFO|nn.computeOptunaObjective|Trial 54 rocauc:|[0.8070869889091209, 0.7921790635101215, 0.783427700348432, 0.866517524235645, 0.8840425531914894, 0.8782051282051282, 0.842921542522131, 0.7474177336666918]
2026-02-04 14:15:35,577|INFO|nn.computeOptunaObjective|Trial 54 timings:|1.2277603750007984
2026-02-04 14:15:35,577|INFO|nn.computeOptunaObjective|Trial 54 objective:|0.7134488381570281
2026-02-04 14:15:36,688|INFO|nn.computeOptunaObjective|Trial 55 params:|{'n_layers': 4, 'architecture': 'inner', 'lr': 0.001, 'n_epochs': 150}
2026-02-04 14:15:36,688|INFO|nn.computeOptunaObjective|Trial 55 balacc:|[0.7049515808640954, 0.7162404969572205, 0.6537456445993032, 0.7274422073079791, 0.7680851063829788, 0.7355769230769231, 0.6795833041365941, 0.6876531050332095]
2026-02-04 14:15:36,688|INFO|nn.computeOptunaObjective|Trial 55 rocauc:|[0.8131724879986757, 0.7847256081044478, 0.7981271777003485, 0.8571961222967934, 0.8787234042553191, 0.877403846153846, 0.8173685562796347, 0.7633911659974241]
2026-02-04 14:15:36,688|INFO|nn.computeOptunaObjective|Trial 55 timings:|1.1101825830010057
2026-02-04 14:15:36,688|INFO|nn.computeOptunaObjective|Trial 55 objective:|0.709159796044788
2026-02-04 14:15:38,127|INFO|nn.computeOptunaObjective|Trial 56 params:|{'n_layers': 4, 'architecture': 'inner', 'lr': 0.0001, 'n_epochs': 200}
2026-02-04 14:15:38,127|INFO|nn.computeOptunaObjective|Trial 56 balacc:|[0.6805785465982453, 0.7169673330082886, 0.7312717770034843, 0.7375093214019388, 0.7861702127659574, 0.7796474358974359, 0.6525004087543503, 0.6569563350758896]
2026-02-04 14:15:38,127|INFO|nn.computeOptunaObjective|Trial 56 rocauc:|[0.792811620592617, 0.7775385087671777, 0.797691637630662, 0.8195376584638329, 0.8468085106382979, 0.8076923076923077, 0.8040081283722234, 0.7368487511680178]
2026-02-04 14:15:38,127|INFO|nn.computeOptunaObjective|Trial 56 timings:|1.4382921249998617
2026-02-04 14:15:38,127|INFO|nn.computeOptunaObjective|Trial 56 objective:|0.7177001713131987
2026-02-04 14:15:38,925|INFO|nn.computeOptunaObjective|Trial 57 params:|{'n_layers': 2, 'architecture': 'bottom', 'lr': 0.0001, 'n_epochs': 200}
2026-02-04 14:15:38,925|INFO|nn.computeOptunaObjective|Trial 57 balacc:|[0.5622061744744248, 0.5505737941744768, 0.5413763066202091, 0.5, 0.6537234042553192, 0.6931089743589743, 0.5, 0.5066166628785009]
2026-02-04 14:15:38,925|INFO|nn.computeOptunaObjective|Trial 57 rocauc:|[0.7241681840754842, 0.7132744641277065, 0.75, 0.7527964205816555, 0.8361702127659574, 0.828525641025641, 0.7374395627496321, 0.663080536404273]
2026-02-04 14:15:38,925|INFO|nn.computeOptunaObjective|Trial 57 timings:|0.7965018329996383
2026-02-04 14:15:38,925|INFO|nn.computeOptunaObjective|Trial 57 objective:|0.5634506645952382
2026-02-04 14:15:40,394|INFO|nn.computeOptunaObjective|Trial 58 params:|{'n_layers': 4, 'architecture': 'linear', 'lr': 0.0001, 'n_epochs': 200}
2026-02-04 14:15:40,395|INFO|nn.computeOptunaObjective|Trial 58 balacc:|[0.6723245323621917, 0.7147055636816728, 0.6986062717770035, 0.7097315436241611, 0.7755319148936171, 0.7796474358974359, 0.6525004087543503, 0.661880950577064]
2026-02-04 14:15:40,395|INFO|nn.computeOptunaObjective|Trial 58 rocauc:|[0.7901423605363351, 0.776148039799917, 0.7918118466898955, 0.825876211782252, 0.8510638297872339, 0.8221153846153846, 0.8004578048723519, 0.7364446801525368]
2026-02-04 14:15:40,395|INFO|nn.computeOptunaObjective|Trial 58 timings:|1.4688717079989146
2026-02-04 14:15:40,395|INFO|nn.computeOptunaObjective|Trial 58 objective:|0.7081160776959371
2026-02-04 14:15:41,210|INFO|nn.computeOptunaObjective|Trial 59 params:|{'n_layers': 2, 'architecture': 'linear', 'lr': 0.0001, 'n_epochs': 150}
2026-02-04 14:15:41,210|INFO|nn.computeOptunaObjective|Trial 59 balacc:|[0.5675157258731998, 0.5880509959008252, 0.5296167247386759, 0.4966442953020134, 0.6537234042553192, 0.6931089743589743, 0.5, 0.5]
2026-02-04 14:15:41,210|INFO|nn.computeOptunaObjective|Trial 59 rocauc:|[0.7229514980963416, 0.724840637809921, 0.7626306620209059, 0.7930648769574944, 0.8223404255319149, 0.8253205128205128, 0.7412468175554154, 0.6605803469959846]
2026-02-04 14:15:41,210|INFO|nn.computeOptunaObjective|Trial 59 timings:|0.8146241670001473
2026-02-04 14:15:41,210|INFO|nn.computeOptunaObjective|Trial 59 objective:|0.566082515053626
2026-02-04 14:15:42,146|INFO|nn.computeOptunaObjective|Trial 60 params:|{'n_layers': 3, 'architecture': 'inner', 'lr': 0.0001, 'n_epochs': 150}
2026-02-04 14:15:42,146|INFO|nn.computeOptunaObjective|Trial 60 balacc:|[0.5846424433040887, 0.6235440706430467, 0.5979965156794425, 0.5799776286353467, 0.7718085106382979, 0.7115384615384616, 0.5, 0.5]
2026-02-04 14:15:42,146|INFO|nn.computeOptunaObjective|Trial 60 rocauc:|[0.7489198808144348, 0.7451920472398288, 0.7983449477351916, 0.8355704697986577, 0.8414893617021277, 0.8493589743589743, 0.7677574568472192, 0.6902543121953683]
2026-02-04 14:15:42,146|INFO|nn.computeOptunaObjective|Trial 60 timings:|0.9348725829986506
2026-02-04 14:15:42,146|INFO|nn.computeOptunaObjective|Trial 60 objective:|0.6086884538048356
2026-02-04 14:15:43,129|INFO|nn.computeOptunaObjective|Trial 61 params:|{'n_layers': 2, 'architecture': 'linear', 'lr': 0.0001, 'n_epochs': 200}
2026-02-04 14:15:43,129|INFO|nn.computeOptunaObjective|Trial 61 balacc:|[0.6062137891077637, 0.6467080195749138, 0.615418118466899, 0.5488441461595824, 0.8037234042553192, 0.7427884615384616, 0.5074626865671642, 0.5090032073136854]
2026-02-04 14:15:43,129|INFO|nn.computeOptunaObjective|Trial 61 rocauc:|[0.7536997185896374, 0.7464425664084368, 0.793336236933798, 0.8348247576435496, 0.8755319148936171, 0.8445512820512822, 0.7667998037979119, 0.6925272116574488]
2026-02-04 14:15:43,130|INFO|nn.computeOptunaObjective|Trial 61 timings:|0.9824737919989275
2026-02-04 14:15:43,130|INFO|nn.computeOptunaObjective|Trial 61 objective:|0.6225202291229737
2026-02-04 14:15:43,944|INFO|nn.computeOptunaObjective|Trial 62 params:|{'n_layers': 2, 'architecture': 'outer', 'lr': 0.001, 'n_epochs': 150}
2026-02-04 14:15:43,944|INFO|nn.computeOptunaObjective|Trial 62 balacc:|[0.6838085581857308, 0.6909863300648283, 0.6537456445993032, 0.535421327367636, 0.7680851063829788, 0.6858974358974359, 0.6611076075023942, 0.6603404298305428]
2026-02-04 14:15:43,944|INFO|nn.computeOptunaObjective|Trial 62 rocauc:|[0.789461595762291, 0.7733558155913104, 0.7787456445993031, 0.825876211782252, 0.8851063829787233, 0.8028846153846154, 0.8282531006937145, 0.7512437810945274]
2026-02-04 14:15:43,944|INFO|nn.computeOptunaObjective|Trial 62 timings:|0.8134115409993683
2026-02-04 14:15:43,944|INFO|nn.computeOptunaObjective|Trial 62 objective:|0.6674240549788562
2026-02-04 14:15:44,487|INFO|nn.computeOptunaObjective|Trial 63 params:|{'n_layers': 3, 'architecture': 'bottom', 'lr': 0.0001, 'n_epochs': 100}
2026-02-04 14:15:44,487|INFO|nn.computeOptunaObjective|Trial 63 balacc:|[0.5, 0.5, 0.5, 0.5, 0.5, 0.5, 0.5, 0.5]
2026-02-04 14:15:44,487|INFO|nn.computeOptunaObjective|Trial 63 rocauc:|[0.6031410362522761, 0.5854145222745906, 0.5468205574912892, 0.5969425801640567, 0.6585106382978724, 0.5865384615384616, 0.6616214701142176, 0.6140111624618028]
2026-02-04 14:15:44,487|INFO|nn.computeOptunaObjective|Trial 63 timings:|0.5426572079995822
2026-02-04 14:15:44,487|INFO|nn.computeOptunaObjective|Trial 63 objective:|0.5
2026-02-04 14:15:45,649|INFO|nn.computeOptunaObjective|Trial 64 params:|{'n_layers': 3, 'architecture': 'inner', 'lr': 0.001, 'n_epochs': 200}
2026-02-04 14:15:45,649|INFO|nn.computeOptunaObjective|Trial 64 balacc:|[0.7031182751200132, 0.7017805225996352, 0.6711672473867596, 0.6575316927665921, 0.7718085106382979, 0.6730769230769231, 0.7220120056992034, 0.700040407101548]
2026-02-04 14:15:45,649|INFO|nn.computeOptunaObjective|Trial 64 rocauc:|[0.8131849031617281, 0.7942647669610128, 0.7821210801393728, 0.8557046979865772, 0.874468085106383, 0.8157051282051282, 0.843271903393829, 0.7658661009672451]
2026-02-04 14:15:45,649|INFO|nn.computeOptunaObjective|Trial 64 timings:|1.1606268750001618
2026-02-04 14:15:45,649|INFO|nn.computeOptunaObjective|Trial 64 objective:|0.7000669480486216
2026-02-04 14:15:46,268|INFO|nn.computeOptunaObjective|Trial 65 params:|{'n_layers': 2, 'architecture': 'outer', 'lr': 0.0001, 'n_epochs': 100}
2026-02-04 14:15:46,268|INFO|nn.computeOptunaObjective|Trial 65 balacc:|[0.5, 0.5044580782635391, 0.5, 0.5, 0.5, 0.5, 0.5, 0.5]
2026-02-04 14:15:46,268|INFO|nn.computeOptunaObjective|Trial 65 rocauc:|[0.6662059261711637, 0.6639940769633603, 0.6689895470383276, 0.703579418344519, 0.7521276595744681, 0.733974358974359, 0.7044122112442481, 0.6306285829734575]
2026-02-04 14:15:46,268|INFO|nn.computeOptunaObjective|Trial 65 timings:|0.6179127920004248
2026-02-04 14:15:46,268|INFO|nn.computeOptunaObjective|Trial 65 objective:|0.5005572597829424
2026-02-04 14:15:47,458|INFO|nn.computeOptunaObjective|Trial 66 params:|{'n_layers': 3, 'architecture': 'linear', 'lr': 0.0001, 'n_epochs': 200}
2026-02-04 14:15:47,458|INFO|nn.computeOptunaObjective|Trial 66 balacc:|[0.6448642608839597, 0.6763548043411525, 0.6955574912891986, 0.7197986577181208, 0.7824468085106383, 0.7612179487179487, 0.5888281596711279, 0.5941738010455337]
2026-02-04 14:15:47,458|INFO|nn.computeOptunaObjective|Trial 66 rocauc:|[0.7774995861612316, 0.7705455333441682, 0.8027003484320558, 0.819910514541387, 0.8606382978723404, 0.8365384615384616, 0.787611239576764, 0.7149784074551103]
2026-02-04 14:15:47,458|INFO|nn.computeOptunaObjective|Trial 66 timings:|1.1893534579976404
2026-02-04 14:15:47,458|INFO|nn.computeOptunaObjective|Trial 66 objective:|0.6829052415222101
2026-02-04 14:15:48,319|INFO|nn.computeOptunaObjective|Trial 67 params:|{'n_layers': 4, 'architecture': 'inner', 'lr': 0.001, 'n_epochs': 100}
2026-02-04 14:15:48,319|INFO|nn.computeOptunaObjective|Trial 67 balacc:|[0.7049515808640954, 0.7220867869332033, 0.7134146341463414, 0.7619313944817301, 0.7968085106382978, 0.7612179487179487, 0.7298951253124051, 0.6476500745005935]
2026-02-04 14:15:48,319|INFO|nn.computeOptunaObjective|Trial 67 rocauc:|[0.8112315841748056, 0.7907795655235929, 0.8055313588850175, 0.8527218493661447, 0.8787234042553191, 0.8221153846153847, 0.8166444771447924, 0.7501073313634872]
2026-02-04 14:15:48,319|INFO|nn.computeOptunaObjective|Trial 67 timings:|0.8596070409985259
2026-02-04 14:15:48,319|INFO|nn.computeOptunaObjective|Trial 67 objective:|0.7297445069493269
2026-02-04 14:15:49,134|INFO|nn.computeOptunaObjective|Trial 68 params:|{'n_layers': 2, 'architecture': 'bottom', 'lr': 0.001, 'n_epochs': 200}
2026-02-04 14:15:49,136|INFO|nn.computeOptunaObjective|Trial 68 balacc:|[0.6673481211719914, 0.6616984488144898, 0.6537456445993032, 0.5320656226696495, 0.7968085106382978, 0.7355769230769231, 0.6744680354098054, 0.6668055660782383]
2026-02-04 14:15:49,136|INFO|nn.computeOptunaObjective|Trial 68 rocauc:|[0.7765187882800861, 0.7595165863083951, 0.7674216027874565, 0.8426547352721849, 0.898936170212766, 0.7996794871794872, 0.8144021675659263, 0.7544510947799077]
2026-02-04 14:15:49,136|INFO|nn.computeOptunaObjective|Trial 68 timings:|0.8146066250010335
2026-02-04 14:15:49,136|INFO|nn.computeOptunaObjective|Trial 68 objective:|0.6735646090573373
2026-02-04 14:15:50,953|INFO|nn.computeOptunaObjective|Trial 69 params:|{'n_layers': 3, 'architecture': 'top', 'lr': 0.001, 'n_epochs': 200}
2026-02-04 14:15:50,953|INFO|nn.computeOptunaObjective|Trial 69 balacc:|[0.6894119351100811, 0.7173104357404698, 0.6589721254355401, 0.6963087248322148, 0.7680851063829788, 0.7299679487179487, 0.7153317917454979, 0.6983483597242215]
2026-02-04 14:15:50,953|INFO|nn.computeOptunaObjective|Trial 69 rocauc:|[0.8087940738288364, 0.7929668454412483, 0.7792900696864111, 0.8558911260253542, 0.8787234042553191, 0.860576923076923, 0.8388456777147129, 0.754084905422128]
2026-02-04 14:15:50,953|INFO|nn.computeOptunaObjective|Trial 69 timings:|1.815508209001564
2026-02-04 14:15:50,953|INFO|nn.computeOptunaObjective|Trial 69 objective:|0.7092170534611191
2026-02-04 14:15:51,756|INFO|nn.computeOptunaObjective|Trial 70 params:|{'n_layers': 2, 'architecture': 'inner', 'lr': 0.001, 'n_epochs': 150}
2026-02-04 14:15:51,756|INFO|nn.computeOptunaObjective|Trial 70 balacc:|[0.6814434696242344, 0.685205500478538, 0.6537456445993032, 0.5909768829231916, 0.7930851063829787, 0.6858974358974359, 0.6693527666830168, 0.6810364421547087]
2026-02-04 14:15:51,756|INFO|nn.computeOptunaObjective|Trial 70 rocauc:|[0.7929626717430888, 0.7808973039348466, 0.79551393728223, 0.8803131991051455, 0.8946808510638298, 0.8012820512820513, 0.8319435685422653, 0.759880799050433]
2026-02-04 14:15:51,756|INFO|nn.computeOptunaObjective|Trial 70 timings:|0.8025997500008089
2026-02-04 14:15:51,756|INFO|nn.computeOptunaObjective|Trial 70 objective:|0.6800929060929259
2026-02-04 14:15:52,722|INFO|nn.computeOptunaObjective|Trial 71 params:|{'n_layers': 2, 'architecture': 'linear', 'lr': 0.001, 'n_epochs': 200}
2026-02-04 14:15:52,722|INFO|nn.computeOptunaObjective|Trial 71 balacc:|[0.6943800695249132, 0.6854831428210268, 0.6537456445993032, 0.6675988068605518, 0.7824468085106383, 0.7043269230769231, 0.676815453250181, 0.6851150339672197]
2026-02-04 14:15:52,722|INFO|nn.computeOptunaObjective|Trial 71 rocauc:|[0.7924722728025162, 0.7781818263900174, 0.7972560975609757, 0.8851603281133483, 0.8861702127659574, 0.7932692307692308, 0.8309392007100647, 0.7574058640806123]
2026-02-04 14:15:52,722|INFO|nn.computeOptunaObjective|Trial 71 timings:|0.9643509580018872
2026-02-04 14:15:52,722|INFO|nn.computeOptunaObjective|Trial 71 objective:|0.6937389853263447
2026-02-04 14:15:53,513|INFO|nn.computeOptunaObjective|Trial 72 params:|{'n_layers': 2, 'architecture': 'linear', 'lr': 0.001, 'n_epochs': 150}
2026-02-04 14:15:53,513|INFO|nn.computeOptunaObjective|Trial 72 balacc:|[0.6826974010925344, 0.6794246708922477, 0.6537456445993032, 0.5564876957494407, 0.8180851063829787, 0.7115384615384616, 0.673685562796347, 0.6727277318988812]
2026-02-04 14:15:53,513|INFO|nn.computeOptunaObjective|Trial 72 rocauc:|[0.7883007780168847, 0.7723287646495839, 0.7848432055749128, 0.8497390007457122, 0.8861702127659574, 0.8317307692307693, 0.8265947259010112, 0.7613708109200192]
2026-02-04 14:15:53,513|INFO|nn.computeOptunaObjective|Trial 72 timings:|0.7904837919995771
2026-02-04 14:15:53,513|INFO|nn.computeOptunaObjective|Trial 72 objective:|0.6810490343687743
2026-02-04 14:15:54,726|INFO|nn.computeOptunaObjective|Trial 73 params:|{'n_layers': 4, 'architecture': 'outer', 'lr': 0.0001, 'n_epochs': 150}
2026-02-04 14:15:54,726|INFO|nn.computeOptunaObjective|Trial 73 balacc:|[0.5, 0.5, 0.5770905923344948, 0.5, 0.6680851063829787, 0.6490384615384616, 0.5, 0.5]
2026-02-04 14:15:54,726|INFO|nn.computeOptunaObjective|Trial 73 rocauc:|[0.7346507200794571, 0.7313325026635606, 0.790287456445993, 0.8337061894108875, 0.8404255319148937, 0.8205128205128205, 0.7632027655151472, 0.6952041821350102]
2026-02-04 14:15:54,726|INFO|nn.computeOptunaObjective|Trial 73 timings:|1.2119710840015614
2026-02-04 14:15:54,726|INFO|nn.computeOptunaObjective|Trial 73 objective:|0.5492767700319918
2026-02-04 14:15:55,305|INFO|nn.computeOptunaObjective|Trial 74 params:|{'n_layers': 2, 'architecture': 'outer', 'lr': 0.001, 'n_epochs': 100}
2026-02-04 14:15:55,306|INFO|nn.computeOptunaObjective|Trial 74 balacc:|[0.6665307896043702, 0.671831265687921, 0.64198606271777, 0.5631991051454138, 0.8074468085106383, 0.7171474358974359, 0.6791628710905566, 0.6462610803848776]
2026-02-04 14:15:55,306|INFO|nn.computeOptunaObjective|Trial 74 rocauc:|[0.7774250951829167, 0.7621891760117014, 0.7865853658536586, 0.819910514541387, 0.874468085106383, 0.8333333333333334, 0.8190035736808914, 0.7548551657953885]
2026-02-04 14:15:55,306|INFO|nn.computeOptunaObjective|Trial 74 timings:|0.5783121669992397
2026-02-04 14:15:55,306|INFO|nn.computeOptunaObjective|Trial 74 objective:|0.674195677379873
2026-02-04 14:15:56,459|INFO|nn.computeOptunaObjective|Trial 75 params:|{'n_layers': 4, 'architecture': 'linear', 'lr': 0.0001, 'n_epochs': 150}
2026-02-04 14:15:56,459|INFO|nn.computeOptunaObjective|Trial 75 balacc:|[0.5934282403575567, 0.6233318886902505, 0.6184668989547037, 0.6532438478747203, 0.7680851063829788, 0.7115384615384616, 0.5, 0.5074626865671642]
2026-02-04 14:15:56,459|INFO|nn.computeOptunaObjective|Trial 75 rocauc:|[0.7620675384870056, 0.7571329252216624, 0.7872386759581882, 0.8269947800149142, 0.8361702127659574, 0.8285256410256411, 0.7796230117020532, 0.7126044902391596]
2026-02-04 14:15:56,459|INFO|nn.computeOptunaObjective|Trial 75 timings:|1.1529321249981876
2026-02-04 14:15:56,460|INFO|nn.computeOptunaObjective|Trial 75 objective:|0.6219446412957295
2026-02-04 14:15:57,216|INFO|nn.computeOptunaObjective|Trial 76 params:|{'n_layers': 2, 'architecture': 'inner', 'lr': 0.0001, 'n_epochs': 150}
2026-02-04 14:15:57,216|INFO|nn.computeOptunaObjective|Trial 76 balacc:|[0.5742695745737461, 0.5852994022789244, 0.544425087108014, 0.4966442953020134, 0.6537234042553192, 0.6931089743589743, 0.5, 0.5]
2026-02-04 14:15:57,216|INFO|nn.computeOptunaObjective|Trial 76 rocauc:|[0.7290059592782652, 0.7295221843003414, 0.7776567944250872, 0.8105891126025355, 0.8372340425531914, 0.8413461538461539, 0.7399855184173032, 0.663661388489027]
2026-02-04 14:15:57,216|INFO|nn.computeOptunaObjective|Trial 76 timings:|0.7553135000016482
2026-02-04 14:15:57,216|INFO|nn.computeOptunaObjective|Trial 76 objective:|0.568433842234624
2026-02-04 14:15:57,897|INFO|nn.computeOptunaObjective|Trial 77 params:|{'n_layers': 3, 'architecture': 'bottom', 'lr': 0.0001, 'n_epochs': 150}
2026-02-04 14:15:57,897|INFO|nn.computeOptunaObjective|Trial 77 balacc:|[0.5035714285714286, 0.5051194539249146, 0.5, 0.5, 0.6, 0.5, 0.5074626865671642, 0.5]
2026-02-04 14:15:57,897|INFO|nn.computeOptunaObjective|Trial 77 rocauc:|[0.6945083595431221, 0.6729960091734837, 0.7040505226480835, 0.7636092468307234, 0.7840425531914893, 0.7932692307692307, 0.7229112652698946, 0.6479278733237367]
2026-02-04 14:15:57,897|INFO|nn.computeOptunaObjective|Trial 77 timings:|0.679818125001475
2026-02-04 14:15:57,897|INFO|nn.computeOptunaObjective|Trial 77 objective:|0.5145191961329385
2026-02-04 14:15:59,084|INFO|nn.computeOptunaObjective|Trial 78 params:|{'n_layers': 4, 'architecture': 'linear', 'lr': 0.001, 'n_epochs': 150}
2026-02-04 14:15:59,084|INFO|nn.computeOptunaObjective|Trial 78 balacc:|[0.704419798046681, 0.701200408111671, 0.6537456445993032, 0.7307979120059658, 0.8074468085106383, 0.7099358974358974, 0.6489500852544787, 0.6844205369093619]
2026-02-04 14:15:59,084|INFO|nn.computeOptunaObjective|Trial 78 rocauc:|[0.8156099983446449, 0.7759719739241924, 0.8003048780487805, 0.8314690529455631, 0.8707446808510638, 0.8261217948717949, 0.8265480111181183, 0.7636184559436321]
2026-02-04 14:15:59,084|INFO|nn.computeOptunaObjective|Trial 78 timings:|1.1863772079996124
2026-02-04 14:15:59,084|INFO|nn.computeOptunaObjective|Trial 78 objective:|0.7051146363592496
2026-02-04 14:15:59,585|INFO|nn.computeOptunaObjective|Trial 79 params:|{'n_layers': 2, 'architecture': 'bottom', 'lr': 0.001, 'n_epochs': 100}
2026-02-04 14:15:59,585|INFO|nn.computeOptunaObjective|Trial 79 balacc:|[0.6647450753186559, 0.6792124889394514, 0.6598432055749129, 0.5909768829231916, 0.7968085106382978, 0.7740384615384616, 0.6418494382547357, 0.6387983938177134]
2026-02-04 14:15:59,585|INFO|nn.computeOptunaObjective|Trial 79 rocauc:|[0.7722893560668763, 0.758920671036712, 0.7970383275261325, 0.8448918717375092, 0.9074468085106383, 0.8317307692307692, 0.8066475136056805, 0.7504356390635655]
2026-02-04 14:15:59,585|INFO|nn.computeOptunaObjective|Trial 79 timings:|0.4999061669986986
2026-02-04 14:15:59,585|INFO|nn.computeOptunaObjective|Trial 79 objective:|0.6807840571256776
2026-02-04 14:16:00,327|INFO|nn.computeOptunaObjective|Trial 80 params:|{'n_layers': 4, 'architecture': 'bottom', 'lr': 0.001, 'n_epochs': 150}
2026-02-04 14:16:00,327|INFO|nn.computeOptunaObjective|Trial 80 balacc:|[0.7014753352094024, 0.703805280170468, 0.6502613240418118, 0.6996644295302014, 0.750531914893617, 0.7411858974358974, 0.7286922196529092, 0.6924261939035785]
2026-02-04 14:16:00,327|INFO|nn.computeOptunaObjective|Trial 80 rocauc:|[0.7949077139546433, 0.7805925745345542, 0.7731925087108014, 0.8493661446681581, 0.8797872340425532, 0.7636217948717949, 0.8199845841216453, 0.749880041417279]
2026-02-04 14:16:00,327|INFO|nn.computeOptunaObjective|Trial 80 timings:|0.7409579999984999
2026-02-04 14:16:00,327|INFO|nn.computeOptunaObjective|Trial 80 objective:|0.7085053243547357
2026-02-04 14:16:01,024|INFO|nn.computeOptunaObjective|Trial 81 params:|{'n_layers': 3, 'architecture': 'linear', 'lr': 0.0001, 'n_epochs': 100}
2026-02-04 14:16:01,024|INFO|nn.computeOptunaObjective|Trial 81 balacc:|[0.5, 0.5, 0.5, 0.5, 0.525, 0.53125, 0.5, 0.5]
2026-02-04 14:16:01,024|INFO|nn.computeOptunaObjective|Trial 81 rocauc:|[0.6985970865750704, 0.6818579915849541, 0.7138501742160279, 0.7706935123042506, 0.8063829787234043, 0.8237179487179487, 0.721766753089015, 0.6390130565446878]
2026-02-04 14:16:01,024|INFO|nn.computeOptunaObjective|Trial 81 timings:|0.6955426249987795
2026-02-04 14:16:01,024|INFO|nn.computeOptunaObjective|Trial 81 objective:|0.50703125
2026-02-04 14:16:02,862|INFO|nn.computeOptunaObjective|Trial 82 params:|{'n_layers': 3, 'architecture': 'top', 'lr': 0.0001, 'n_epochs': 200}
2026-02-04 14:16:02,862|INFO|nn.computeOptunaObjective|Trial 82 balacc:|[0.6859356894553882, 0.705642685591491, 0.7042682926829269, 0.7063758389261745, 0.7824468085106383, 0.7355769230769231, 0.6595426622754771, 0.6586483824532162]
2026-02-04 14:16:02,862|INFO|nn.computeOptunaObjective|Trial 82 rocauc:|[0.7989985101804336, 0.7900572439821586, 0.7937717770034842, 0.8303504847129007, 0.852127659574468, 0.8381410256410255, 0.8114124214607713, 0.7431118519079728]
2026-02-04 14:16:02,862|INFO|nn.computeOptunaObjective|Trial 82 timings:|1.83647820799888
2026-02-04 14:16:02,862|INFO|nn.computeOptunaObjective|Trial 82 objective:|0.7048046603715294
2026-02-04 14:16:03,606|INFO|nn.computeOptunaObjective|Trial 83 params:|{'n_layers': 2, 'architecture': 'top', 'lr': 0.0001, 'n_epochs': 100}
2026-02-04 14:16:03,606|INFO|nn.computeOptunaObjective|Trial 83 balacc:|[0.5113412514484357, 0.5226741246365819, 0.5, 0.5, 0.55, 0.53125, 0.5, 0.5]
2026-02-04 14:16:03,606|INFO|nn.computeOptunaObjective|Trial 83 rocauc:|[0.7059137560006622, 0.6941871173953086, 0.7173344947735192, 0.7464578672632364, 0.803191489361702, 0.8076923076923077, 0.7221171139607129, 0.6426496956840165]
2026-02-04 14:16:03,606|INFO|nn.computeOptunaObjective|Trial 83 timings:|0.7432682500002556
2026-02-04 14:16:03,606|INFO|nn.computeOptunaObjective|Trial 83 objective:|0.5144081720106272
2026-02-04 14:16:04,453|INFO|nn.computeOptunaObjective|Trial 84 params:|{'n_layers': 4, 'architecture': 'outer', 'lr': 0.0001, 'n_epochs': 100}
2026-02-04 14:16:04,453|INFO|nn.computeOptunaObjective|Trial 84 balacc:|[0.5, 0.5, 0.5, 0.5, 0.5, 0.5, 0.5, 0.5]
2026-02-04 14:16:04,453|INFO|nn.computeOptunaObjective|Trial 84 rocauc:|[0.6984646581691774, 0.6831310833017319, 0.7277874564459931, 0.8035048471290082, 0.7957446808510639, 0.8076923076923077, 0.7320206479340388, 0.6501250094704144]
2026-02-04 14:16:04,453|INFO|nn.computeOptunaObjective|Trial 84 timings:|0.8460815409998759
2026-02-04 14:16:04,453|INFO|nn.computeOptunaObjective|Trial 84 objective:|0.5
2026-02-04 14:16:04,988|INFO|nn.computeOptunaObjective|Trial 85 params:|{'n_layers': 3, 'architecture': 'bottom', 'lr': 0.001, 'n_epochs': 100}
2026-02-04 14:16:04,988|INFO|nn.computeOptunaObjective|Trial 85 balacc:|[0.6671101638801523, 0.680257597919714, 0.6894599303135889, 0.7307979120059658, 0.8111702127659575, 0.7171474358974359, 0.6564127718216429, 0.6825769629012298]
2026-02-04 14:16:04,988|INFO|nn.computeOptunaObjective|Trial 85 rocauc:|[0.7837857970534681, 0.7669610126948011, 0.814677700348432, 0.8665175242356451, 0.8999999999999999, 0.8076923076923077, 0.7927965804778923, 0.7473545975705231]
2026-02-04 14:16:04,989|INFO|nn.computeOptunaObjective|Trial 85 timings:|0.5338785840031051
2026-02-04 14:16:04,989|INFO|nn.computeOptunaObjective|Trial 85 objective:|0.7043666234382109
2026-02-04 14:16:05,548|INFO|nn.computeOptunaObjective|Trial 86 params:|{'n_layers': 2, 'architecture': 'bottom', 'lr': 0.0001, 'n_epochs': 100}
2026-02-04 14:16:05,548|INFO|nn.computeOptunaObjective|Trial 86 balacc:|[0.5, 0.5, 0.5, 0.5, 0.5, 0.5, 0.5, 0.5]
2026-02-04 14:16:05,548|INFO|nn.computeOptunaObjective|Trial 86 rocauc:|[0.6349362688296639, 0.6102352962421222, 0.5727351916376306, 0.6073825503355704, 0.7085106382978723, 0.6137820512820513, 0.6656389414430197, 0.6122433517690734]
2026-02-04 14:16:05,548|INFO|nn.computeOptunaObjective|Trial 86 timings:|0.5586852080014069
2026-02-04 14:16:05,548|INFO|nn.computeOptunaObjective|Trial 86 objective:|0.5
2026-02-04 14:16:06,458|INFO|nn.computeOptunaObjective|Trial 87 params:|{'n_layers': 4, 'architecture': 'bottom', 'lr': 0.0001, 'n_epochs': 200}
2026-02-04 14:16:06,458|INFO|nn.computeOptunaObjective|Trial 87 balacc:|[0.5, 0.5, 0.5, 0.5, 0.6787234042553192, 0.5, 0.563251816037185, 0.5]
2026-02-04 14:16:06,458|INFO|nn.computeOptunaObjective|Trial 87 rocauc:|[0.7132138718755173, 0.7091527168318977, 0.7719947735191639, 0.8284862043251304, 0.8212765957446808, 0.8381410256410257, 0.750379557611006, 0.6817183119933329]
2026-02-04 14:16:06,458|INFO|nn.computeOptunaObjective|Trial 87 timings:|0.908850457999506
2026-02-04 14:16:06,458|INFO|nn.computeOptunaObjective|Trial 87 objective:|0.530246902536563
2026-02-04 14:16:07,768|INFO|nn.computeOptunaObjective|Trial 88 params:|{'n_layers': 4, 'architecture': 'top', 'lr': 0.001, 'n_epochs': 100}
2026-02-04 14:16:07,768|INFO|nn.computeOptunaObjective|Trial 88 balacc:|[0.7054357722231419, 0.7351427487946259, 0.7164634146341464, 0.7341536167039523, 0.7968085106382978, 0.7612179487179487, 0.7188821152453694, 0.6527262166325731]
2026-02-04 14:16:07,768|INFO|nn.computeOptunaObjective|Trial 88 rocauc:|[0.8197111405396457, 0.7917953301912346, 0.8083623693379791, 0.8534675615212528, 0.8787234042553191, 0.8501602564102564, 0.816749585406302, 0.7603858878197843]
2026-02-04 14:16:07,768|INFO|nn.computeOptunaObjective|Trial 88 timings:|1.308800542003155
2026-02-04 14:16:07,768|INFO|nn.computeOptunaObjective|Trial 88 objective:|0.727603792948757
2026-02-04 14:16:09,084|INFO|nn.computeOptunaObjective|Trial 89 params:|{'n_layers': 2, 'architecture': 'top', 'lr': 0.001, 'n_epochs': 200}
2026-02-04 14:16:09,084|INFO|nn.computeOptunaObjective|Trial 89 balacc:|[0.6772450753186559, 0.6777181862506094, 0.6567944250871081, 0.622110365398956, 0.8180851063829787, 0.6987179487179487, 0.6677878214560998, 0.6727277318988812]
2026-02-04 14:16:09,084|INFO|nn.computeOptunaObjective|Trial 89 rocauc:|[0.7933599569607681, 0.7792856239955216, 0.7901785714285714, 0.8680089485458613, 0.8946808510638298, 0.8157051282051283, 0.832340644196856, 0.7622042073894486]
2026-02-04 14:16:09,084|INFO|nn.computeOptunaObjective|Trial 89 timings:|1.3140500420013268
2026-02-04 14:16:09,084|INFO|nn.computeOptunaObjective|Trial 89 objective:|0.6863983325639047
2026-02-04 14:16:09,085|INFO|mtg.runMTGExperiment|Best trial number:|24
2026-02-04 14:16:09,085|INFO|mtg.runMTGExperiment|Best trial objective:|0.737482241822467
2026-02-04 14:16:09,085|INFO|mtg.runMTGExperiment|Best trial params:|{'n_layers': 4, 'architecture': 'inner', 'lr': 0.001, 'n_epochs': 200}
2026-02-04 14:16:09,116|INFO|nn.loadModellingDataset|Trainval descriptors loaded (features, instances):|1024|6303
2026-02-04 14:16:09,116|INFO|nn.loadModellingDataset|Trainval endpoints loaded (tasks, instances):|8|6303
2026-02-04 14:16:09,127|INFO|nn.loadModellingDataset|Test descriptors loaded (features, instances):|1024|707
2026-02-04 14:16:09,127|INFO|nn.loadModellingDataset|Test endpoints loaded (tasks, instances):|8|707
2026-02-04 14:16:09,127|INFO|mtg.runMTGExperiment|Final neural network hyperparams:|{'n_layers': 4, 'architecture': 'inner', 'lr': 0.001, 'n_epochs': 200, 'best_trial_num': 24}
2026-02-04 14:16:11,257|INFO|nn.testFinalModel|Final model test balacc:|[0.7472969970748324, 0.730254190458648, 0.7929171668667467, 0.7920454545454545, 0.8362573099415205, 0.8666666666666667, 0.7487802173430915, 0.6564705882352941]
2026-02-04 14:16:11,257|INFO|nn.testFinalModel|Final model test rocauc:|[0.8503721257451772, 0.7800055258795358, 0.8607442977190876, 0.8352272727272727, 0.7719298245614035, 0.8833333333333334, 0.8404302506098913, 0.7655203619909502]
2026-02-04 14:16:11,268|INFO|mtg.runMTGExperiment|Mechanistic task grouping experiment timing:|95.94760329099881
2026-02-04 14:16:11,269|INFO|mtg.runMTGExperiment|DONE
