2026-02-04 14:12:24,761|INFO|__main__.startLogging|>>>> START LOGGING A GMTAMES EXPERIMENT
2026-02-04 14:12:24,761|INFO|__main__.startLogging|mode:|mtg
2026-02-04 14:12:24,761|INFO|__main__.startLogging|tasks:|TA100,TA100_S9,TA102,TA102_S9,TA104,TA104_S9,TA1535,TA1535_S9,TA1537,TA1537_S9,TA1538,TA1538_S9,TA97,TA97_S9,TA98,TA98_S9
2026-02-04 14:12:24,761|INFO|__main__.startLogging|testsplit:|scaffold
2026-02-04 14:12:24,761|INFO|__main__.startLogging|output:|mtg_experiment_scaffold
2026-02-04 14:12:24,761|INFO|__main__.startLogging|device:|mps
2026-02-04 14:12:24,761|INFO|__main__.startLogging|DONE
2026-02-04 14:12:24,761|INFO|mtg.runMTGExperiment|>>>> RUNNING MECHANISTIC TASK GROUPING EXPERIMENT
2026-02-04 14:12:27,174|INFO|mtg.runMTGExperiment|Device confirmed:|mps
2026-02-04 14:12:27,267|INFO|nn.loadModellingDataset|Train descriptors loaded (features, instances):|1024|6498
2026-02-04 14:12:27,267|INFO|nn.loadModellingDataset|Train endpoints loaded (tasks, instances):|16|6498
2026-02-04 14:12:27,284|INFO|nn.loadModellingDataset|Val descriptors loaded (features, instances):|1024|3021
2026-02-04 14:12:27,284|INFO|nn.loadModellingDataset|Val endpoints loaded (tasks, instances):|16|3021
2026-02-04 14:12:29,426|INFO|nn.computeOptunaObjective|Trial 0 params:|{'n_layers': 2, 'architecture': 'top', 'lr': 0.001, 'n_epochs': 100}
2026-02-04 14:12:29,427|INFO|nn.computeOptunaObjective|Trial 0 balacc:|[0.7144595265684489, 0.7311338642396663, 0.7491289198606272, 0.6709545115585384, 0.8324468085106382, 0.7299679487179487, 0.7015509307920491, 0.661186453519206, 0.6824581430745814, 0.6813115763546798, 0.7532091097308489, 0.7762622557193357, 0.6615742844161745, 0.7805583929179435, 0.7065035899148439, 0.7833759279542412]
2026-02-04 14:12:29,427|INFO|nn.computeOptunaObjective|Trial 0 rocauc:|[0.8231046184406555, 0.8310128753814761, 0.8312282229965157, 0.8642803877703207, 0.8617021276595744, 0.8060897435897436, 0.8328077920257866, 0.7813218173093921, 0.8521530948756977, 0.8696582512315272, 0.8834368530020704, 0.9149603148135796, 0.8078146297137664, 0.9050051072522982, 0.8520751586241444, 0.8842325825039288]
2026-02-04 14:12:29,427|INFO|nn.computeOptunaObjective|Trial 0 timings:|2.1421032500002184
2026-02-04 14:12:29,427|INFO|nn.computeOptunaObjective|Trial 0 objective:|0.7260051402406107
2026-02-04 14:12:30,589|INFO|nn.computeOptunaObjective|Trial 1 params:|{'n_layers': 4, 'architecture': 'linear', 'lr': 0.0001, 'n_epochs': 100}
2026-02-04 14:12:30,589|INFO|nn.computeOptunaObjective|Trial 1 balacc:|[0.5, 0.5, 0.5, 0.5, 0.5, 0.5, 0.5, 0.5, 0.5, 0.5, 0.5, 0.5, 0.5, 0.5, 0.5, 0.5]
2026-02-04 14:12:30,589|INFO|nn.computeOptunaObjective|Trial 1 rocauc:|[0.6861198477073333, 0.6817722159019087, 0.6711672473867596, 0.7397464578672632, 0.6840425531914893, 0.6858974358974359, 0.6962137668465186, 0.6254766775260753, 0.7164986047691526, 0.7182727832512315, 0.8063492063492064, 0.7785633295537917, 0.6958200817810087, 0.7405515832482125, 0.7248105902487895, 0.7315480631352816]
2026-02-04 14:12:30,589|INFO|nn.computeOptunaObjective|Trial 1 timings:|1.1649661250012286
2026-02-04 14:12:30,589|INFO|nn.computeOptunaObjective|Trial 1 objective:|0.5
2026-02-04 14:12:31,521|INFO|nn.computeOptunaObjective|Trial 2 params:|{'n_layers': 3, 'architecture': 'linear', 'lr': 0.001, 'n_epochs': 100}
2026-02-04 14:12:31,521|INFO|nn.computeOptunaObjective|Trial 2 balacc:|[0.7239198808144347, 0.7771028585875002, 0.7517421602787456, 0.7097315436241611, 0.8180851063829787, 0.6915064102564102, 0.7004064186111695, 0.6535722403212365, 0.6855657026889903, 0.6887315270935961, 0.7271221532091097, 0.7699926632428467, 0.6671399363925488, 0.8089887640449438, 0.7146226415094339, 0.7840135244535453]
2026-02-04 14:12:31,521|INFO|nn.computeOptunaObjective|Trial 2 rocauc:|[0.836057771892071, 0.8455631399317406, 0.8175087108013936, 0.860178970917226, 0.8648936170212765, 0.7948717948717949, 0.8200780136874314, 0.7720029295148623, 0.8407058599695586, 0.8643626847290641, 0.8527950310559006, 0.9139598479290335, 0.7881644706951385, 0.9034161843150607, 0.8409297253297712, 0.876644919599346]
2026-02-04 14:12:31,521|INFO|nn.computeOptunaObjective|Trial 2 timings:|0.9333241669992276
2026-02-04 14:12:31,521|INFO|nn.computeOptunaObjective|Trial 2 objective:|0.7295152207194782
2026-02-04 14:12:34,598|INFO|nn.computeOptunaObjective|Trial 3 params:|{'n_layers': 4, 'architecture': 'top', 'lr': 0.001, 'n_epochs': 200}
2026-02-04 14:12:34,598|INFO|nn.computeOptunaObjective|Trial 3 balacc:|[0.7231501407051812, 0.7481738808530618, 0.681184668989547, 0.692020879940343, 0.7824468085106383, 0.6915064102564102, 0.7227944783126621, 0.6875015784024042, 0.6807458143074582, 0.6854679802955665, 0.7355072463768115, 0.7515173747748949, 0.6580531576556111, 0.799625468164794, 0.6995742194022374, 0.7620204136704922]
2026-02-04 14:12:34,598|INFO|nn.computeOptunaObjective|Trial 3 rocauc:|[0.8420584340341002, 0.8343626415298768, 0.8116289198606272, 0.848993288590604, 0.8526595744680852, 0.7932692307692307, 0.8239903767547241, 0.7638078642321386, 0.8707825976661594, 0.8776785714285714, 0.8777087646652864, 0.9009204295337824, 0.8214447978191731, 0.9106230847803881, 0.8453675488395392, 0.8737267912228625]
2026-02-04 14:12:34,598|INFO|nn.computeOptunaObjective|Trial 3 timings:|3.0834905829979107
2026-02-04 14:12:34,598|INFO|nn.computeOptunaObjective|Trial 3 objective:|0.7188306575386321
2026-02-04 14:12:37,697|INFO|nn.computeOptunaObjective|Trial 4 params:|{'n_layers': 4, 'architecture': 'top', 'lr': 0.0001, 'n_epochs': 200}
2026-02-04 14:12:37,697|INFO|nn.computeOptunaObjective|Trial 4 balacc:|[0.6794756662804171, 0.7473251530418765, 0.7312717770034843, 0.7097315436241611, 0.7861702127659574, 0.7411858974358974, 0.6320393338471959, 0.5509382023890699, 0.7116311516996449, 0.6756465517241379, 0.7523809523809524, 0.7436803841792836, 0.6492503407542026, 0.8052434456928839, 0.7031171731507764, 0.7739733638109751]
2026-02-04 14:12:37,697|INFO|nn.computeOptunaObjective|Trial 4 rocauc:|[0.8214699553054131, 0.8308413240153856, 0.8212108013937282, 0.8605518269947801, 0.8542553191489362, 0.7724358974358976, 0.7917221404713521, 0.7501325858019547, 0.8315100202942669, 0.8438885467980296, 0.8612146307798482, 0.8765423864470087, 0.7880508859609269, 0.8981954375212803, 0.8373815536817497, 0.8543422702668381]
2026-02-04 14:12:37,697|INFO|nn.computeOptunaObjective|Trial 4 timings:|3.1037320839968743
2026-02-04 14:12:37,697|INFO|nn.computeOptunaObjective|Trial 4 objective:|0.7120663218613072
2026-02-04 14:12:39,569|INFO|nn.computeOptunaObjective|Trial 5 params:|{'n_layers': 3, 'architecture': 'top', 'lr': 0.001, 'n_epochs': 150}
2026-02-04 14:12:39,569|INFO|nn.computeOptunaObjective|Trial 5 balacc:|[0.7320787121337526, 0.7454471170341478, 0.7073170731707317, 0.7130872483221476, 0.8180851063829787, 0.6474358974358974, 0.6905963142036298, 0.6832714599590878, 0.6941273465246067, 0.683097290640394, 0.7416149068322981, 0.7869005535916761, 0.6419241253975466, 0.7938372488934287, 0.70340937552179, 0.7760766385700907]
2026-02-04 14:12:39,569|INFO|nn.computeOptunaObjective|Trial 5 rocauc:|[0.83828629365999, 0.842427812990953, 0.8133710801393728, 0.877889634601044, 0.8648936170212767, 0.8100961538461539, 0.813187583210707, 0.7685556986640402, 0.8549118467782851, 0.871597906403941, 0.8654934437543134, 0.9002868005069032, 0.8062244434348025, 0.9125524912041765, 0.8551171940223744, 0.8802535570476901]
2026-02-04 14:12:39,569|INFO|nn.computeOptunaObjective|Trial 5 timings:|1.8736540409990994
2026-02-04 14:12:39,569|INFO|nn.computeOptunaObjective|Trial 5 objective:|0.7223941509133878
2026-02-04 14:12:40,896|INFO|nn.computeOptunaObjective|Trial 6 params:|{'n_layers': 2, 'architecture': 'outer', 'lr': 0.001, 'n_epochs': 200}
2026-02-04 14:12:40,897|INFO|nn.computeOptunaObjective|Trial 6 balacc:|[0.7116578381062738, 0.7195722050670856, 0.6180313588850175, 0.7054436987322894, 0.7968085106382978, 0.7355769230769231, 0.7043187816784622, 0.6810364421547087, 0.7152143581938103, 0.7131157635467981, 0.7145962732919254, 0.7671913559661175, 0.6562925942753294, 0.7730677562138236, 0.6942623977291702, 0.7648882751030472]
2026-02-04 14:12:40,897|INFO|nn.computeOptunaObjective|Trial 6 rocauc:|[0.8138470451911934, 0.8222840710042074, 0.8070557491289199, 0.8590604026845637, 0.8882978723404256, 0.8044871794871795, 0.8279260972134632, 0.7838977700330833, 0.8601756722475901, 0.8649784482758621, 0.8799171842650103, 0.9066230907756954, 0.7977055883689232, 0.9031891953240268, 0.8507759016530305, 0.8795074897746453]
2026-02-04 14:12:40,897|INFO|nn.computeOptunaObjective|Trial 6 timings:|1.3290329999981623
2026-02-04 14:12:40,897|INFO|nn.computeOptunaObjective|Trial 6 objective:|0.7169421582911925
2026-02-04 14:12:42,134|INFO|nn.computeOptunaObjective|Trial 7 params:|{'n_layers': 3, 'architecture': 'linear', 'lr': 0.001, 'n_epochs': 150}
2026-02-04 14:12:42,134|INFO|nn.computeOptunaObjective|Trial 7 balacc:|[0.7067372951498097, 0.7719834046625855, 0.6920731707317074, 0.6886651752423565, 0.7824468085106383, 0.6915064102564102, 0.6831336276364656, 0.7115816854812234, 0.6881341958396753, 0.7122229064039409, 0.7134575569358178, 0.8003401587407457, 0.6689004997728305, 0.820394960844399, 0.7039989981632994, 0.7628802429745332]
2026-02-04 14:12:42,134|INFO|nn.computeOptunaObjective|Trial 7 rocauc:|[0.8355218506869725, 0.8404211134586561, 0.7558797909407665, 0.8456375838926175, 0.8563829787234043, 0.7564102564102564, 0.82680494242403, 0.785236255271864, 0.8466514459665144, 0.8611299261083745, 0.8533126293995859, 0.8976855866070833, 0.8105406633348479, 0.9099421178072864, 0.852654345466689, 0.8774994576461312]
2026-02-04 14:12:42,134|INFO|nn.computeOptunaObjective|Trial 7 timings:|1.2380657079993398
2026-02-04 14:12:42,134|INFO|nn.computeOptunaObjective|Trial 7 objective:|0.7249035685841524
2026-02-04 14:12:43,187|INFO|nn.computeOptunaObjective|Trial 8 params:|{'n_layers': 4, 'architecture': 'linear', 'lr': 0.001, 'n_epochs': 100}
2026-02-04 14:12:43,187|INFO|nn.computeOptunaObjective|Trial 8 balacc:|[0.705150223472935, 0.7548124672698051, 0.7312717770034843, 0.7130872483221476, 0.8218085106382979, 0.7227564102564102, 0.5, 0.569096143647246, 0.7116311516996449, 0.6937807881773399, 0.7642857142857142, 0.7602547855665978, 0.647489777373921, 0.8052434456928839, 0.7273073551511104, 0.7614145647147219]
2026-02-04 14:12:43,187|INFO|nn.computeOptunaObjective|Trial 8 rocauc:|[0.8355984108591292, 0.847743648084945, 0.825130662020906, 0.8680089485458613, 0.873404255319149, 0.7756410256410255, 0.7852287856492188, 0.7670530595752203, 0.8461916539827499, 0.8503848522167488, 0.8642512077294685, 0.8856132862002267, 0.7913448432530669, 0.8994438769719668, 0.8469511813324428, 0.854823774677101]
2026-02-04 14:12:43,187|INFO|nn.computeOptunaObjective|Trial 8 timings:|1.053959125001711
2026-02-04 14:12:43,187|INFO|nn.computeOptunaObjective|Trial 8 objective:|0.7118368977045162
2026-02-04 14:12:45,016|INFO|nn.computeOptunaObjective|Trial 9 params:|{'n_layers': 2, 'architecture': 'top', 'lr': 0.0001, 'n_epochs': 200}
2026-02-04 14:12:45,016|INFO|nn.computeOptunaObjective|Trial 9 balacc:|[0.6084836947525244, 0.6359792874297994, 0.556184668989547, 0.5488441461595824, 0.7180851063829787, 0.6987179487179487, 0.5, 0.5066166628785009, 0.609240233384069, 0.6049261083743842, 0.6640786749482401, 0.6942906689788568, 0.526976374375284, 0.5966973101804562, 0.6424903990649524, 0.6807043721658703]
2026-02-04 14:12:45,016|INFO|nn.computeOptunaObjective|Trial 9 rocauc:|[0.7596051978149312, 0.7615571446629468, 0.8270905923344947, 0.8456375838926175, 0.8223404255319149, 0.8092948717948718, 0.7535094480648401, 0.6946738389271914, 0.7988806443429731, 0.8177801724137932, 0.8706694271911662, 0.8728073100780365, 0.7545433893684689, 0.8453070026103734, 0.7962018909667724, 0.8286108862326778]
2026-02-04 14:12:45,016|INFO|nn.computeOptunaObjective|Trial 9 timings:|1.8309060410028906
2026-02-04 14:12:45,016|INFO|nn.computeOptunaObjective|Trial 9 objective:|0.6120197285489372
2026-02-04 14:12:46,653|INFO|nn.computeOptunaObjective|Trial 10 params:|{'n_layers': 4, 'architecture': 'top', 'lr': 0.0001, 'n_epochs': 100}
2026-02-04 14:12:46,653|INFO|nn.computeOptunaObjective|Trial 10 balacc:|[0.5, 0.5, 0.5, 0.5, 0.5, 0.5, 0.5, 0.5, 0.5, 0.5, 0.5, 0.5, 0.5, 0.5, 0.5, 0.5]
2026-02-04 14:12:46,653|INFO|nn.computeOptunaObjective|Trial 10 rocauc:|[0.7209816255586823, 0.7325243332069271, 0.7606707317073171, 0.8366890380313199, 0.7351063829787233, 0.7900641025641026, 0.7083128956158176, 0.6589640629340606, 0.8036688229325216, 0.7830818965517242, 0.871911663216011, 0.8548656039485094, 0.7394366197183099, 0.8184088071728521, 0.7755024837201535, 0.788968786873449]
2026-02-04 14:12:46,653|INFO|nn.computeOptunaObjective|Trial 10 timings:|1.637972833999811
2026-02-04 14:12:46,653|INFO|nn.computeOptunaObjective|Trial 10 objective:|0.5
2026-02-04 14:12:47,467|INFO|nn.computeOptunaObjective|Trial 11 params:|{'n_layers': 2, 'architecture': 'inner', 'lr': 0.001, 'n_epochs': 100}
2026-02-04 14:12:47,467|INFO|nn.computeOptunaObjective|Trial 11 balacc:|[0.7103087237212382, 0.727337161637503, 0.7164634146341464, 0.6853094705443699, 0.8324468085106382, 0.6858974358974359, 0.6642374979562282, 0.6669570927090436, 0.7177828513444952, 0.6985529556650246, 0.7503105590062111, 0.7549856599746548, 0.6401635620172649, 0.7672795369424583, 0.7023762314242779, 0.7609992010201544]
2026-02-04 14:12:47,467|INFO|nn.computeOptunaObjective|Trial 11 rocauc:|[0.819222810792915, 0.8140608917059429, 0.8371080139372823, 0.8758389261744967, 0.8723404255319149, 0.8060897435897436, 0.824212271973466, 0.7749576988155669, 0.8364250380517504, 0.8572814039408868, 0.8774327122153208, 0.9102247715600614, 0.7935029532030895, 0.902735217341959, 0.840329666889297, 0.8751686588250235]
2026-02-04 14:12:47,467|INFO|nn.computeOptunaObjective|Trial 11 timings:|0.8139865830016788
2026-02-04 14:12:47,467|INFO|nn.computeOptunaObjective|Trial 11 objective:|0.7175880101878215
2026-02-04 14:12:48,790|INFO|nn.computeOptunaObjective|Trial 12 params:|{'n_layers': 3, 'architecture': 'outer', 'lr': 0.0001, 'n_epochs': 150}
2026-02-04 14:12:48,791|INFO|nn.computeOptunaObjective|Trial 12 balacc:|[0.5587299288197318, 0.5655484226303339, 0.5622822299651568, 0.4966442953020134, 0.5393617021276595, 0.5, 0.5, 0.5, 0.5, 0.5, 0.5299171842650103, 0.5, 0.5143684688777829, 0.5132788559754852, 0.5387950826515278, 0.624315443592552]
2026-02-04 14:12:48,791|INFO|nn.computeOptunaObjective|Trial 12 rocauc:|[0.7222934944545605, 0.7368537479458982, 0.7608885017421603, 0.8269947800149142, 0.7478723404255319, 0.8125, 0.7165113400135472, 0.6651261459201454, 0.7922850076103501, 0.7885006157635468, 0.8596273291925465, 0.8339891949576469, 0.7400045433893684, 0.8091022585404608, 0.7760138378694273, 0.7978263515193845]
2026-02-04 14:12:48,791|INFO|nn.computeOptunaObjective|Trial 12 timings:|1.3239150830013386
2026-02-04 14:12:48,791|INFO|nn.computeOptunaObjective|Trial 12 objective:|0.5277026008879533
2026-02-04 14:12:50,372|INFO|nn.computeOptunaObjective|Trial 13 params:|{'n_layers': 3, 'architecture': 'outer', 'lr': 0.0001, 'n_epochs': 200}
2026-02-04 14:12:50,372|INFO|nn.computeOptunaObjective|Trial 13 balacc:|[0.6260470120840921, 0.6653077992668437, 0.600609756097561, 0.656599552572707, 0.7324468085106384, 0.6987179487179487, 0.5, 0.5, 0.6437087772704211, 0.5936268472906404, 0.7059006211180124, 0.6923897818982192, 0.5774079963652885, 0.6460674157303371, 0.6668319001502755, 0.7068749305522485]
2026-02-04 14:12:50,372|INFO|nn.computeOptunaObjective|Trial 13 rocauc:|[0.76433123655024, 0.7765408021380715, 0.8190331010452961, 0.8627889634601044, 0.8351063829787234, 0.8317307692307693, 0.7501926984794337, 0.7063918983761396, 0.8066178335870118, 0.8206742610837439, 0.8837819185645273, 0.8771426665777362, 0.7713539300318036, 0.8640335943706731, 0.8037991526131241, 0.8377541787704175]
2026-02-04 14:12:50,372|INFO|nn.computeOptunaObjective|Trial 13 timings:|1.582338084001094
2026-02-04 14:12:50,372|INFO|nn.computeOptunaObjective|Trial 13 objective:|0.638283571726577
2026-02-04 14:12:51,347|INFO|nn.computeOptunaObjective|Trial 14 params:|{'n_layers': 3, 'architecture': 'outer', 'lr': 0.001, 'n_epochs': 100}
2026-02-04 14:12:51,347|INFO|nn.computeOptunaObjective|Trial 14 balacc:|[0.723824697897699, 0.7659903931234989, 0.7460801393728222, 0.6886651752423565, 0.8074468085106383, 0.7043269230769231, 0.6878284633172167, 0.6744197792762078, 0.6915588533739219, 0.7000307881773399, 0.7268115942028985, 0.7699926632428467, 0.652771467514766, 0.7710248552945183, 0.705621764902321, 0.7741321015286442]
2026-02-04 14:12:51,347|INFO|nn.computeOptunaObjective|Trial 14 rocauc:|[0.8373986095017381, 0.8446512089856799, 0.8427700348432056, 0.8706189410887397, 0.8457446808510638, 0.7996794871794872, 0.8186532128091936, 0.7856150718488775, 0.8447647133434806, 0.865040024630542, 0.8685990338164251, 0.9056226238911492, 0.7997501135847341, 0.9034161843150608, 0.8478643137418602, 0.8744490478382568]
2026-02-04 14:12:51,347|INFO|nn.computeOptunaObjective|Trial 14 timings:|0.9748560830012138
2026-02-04 14:12:51,347|INFO|nn.computeOptunaObjective|Trial 14 objective:|0.7244079042534136
2026-02-04 14:12:53,261|INFO|nn.computeOptunaObjective|Trial 15 params:|{'n_layers': 4, 'architecture': 'outer', 'lr': 0.001, 'n_epochs': 200}
2026-02-04 14:12:53,261|INFO|nn.computeOptunaObjective|Trial 15 balacc:|[0.7177929978480384, 0.7530405222384744, 0.7282229965156795, 0.7619313944817301, 0.8430851063829787, 0.7043269230769231, 0.7310396374932848, 0.6881960754602621, 0.6680618975139523, 0.6991379310344827, 0.7195652173913043, 0.7956379643833789, 0.6885506587914584, 0.8014981273408239, 0.7042964184337953, 0.7720605743130625]
2026-02-04 14:12:53,261|INFO|nn.computeOptunaObjective|Trial 15 rocauc:|[0.8409472769409039, 0.8413330444047168, 0.7854965156794425, 0.860924683072334, 0.8606382978723406, 0.7684294871794872, 0.824574311540887, 0.7650200772785817, 0.8621733891425672, 0.8702432266009852, 0.8627329192546584, 0.90628960181418, 0.8057701044979555, 0.90755873340143, 0.8493879403907163, 0.8741633199464525]
2026-02-04 14:12:53,261|INFO|nn.computeOptunaObjective|Trial 15 timings:|1.9147747499991965
2026-02-04 14:12:53,261|INFO|nn.computeOptunaObjective|Trial 15 objective:|0.7360277776687268
2026-02-04 14:12:54,182|INFO|nn.computeOptunaObjective|Trial 16 params:|{'n_layers': 4, 'architecture': 'bottom', 'lr': 0.001, 'n_epochs': 100}
2026-02-04 14:12:54,182|INFO|nn.computeOptunaObjective|Trial 16 balacc:|[0.6882531865585169, 0.7259489499250591, 0.7073170731707317, 0.7307979120059658, 0.8468085106382979, 0.6858974358974359, 0.5, 0.49984847336919463, 0.7272640791476408, 0.6848522167487685, 0.5, 0.7374107917027947, 0.6727055883689232, 0.7844739530132788, 0.7187656536984471, 0.7744204750490764]
2026-02-04 14:12:54,182|INFO|nn.computeOptunaObjective|Trial 16 rocauc:|[0.8088975335209402, 0.8070182566769597, 0.8212108013937283, 0.8471290082028337, 0.8574468085106383, 0.796474358974359, 0.7852054282577723, 0.7330100765209485, 0.8336979959411466, 0.8381311576354681, 0.8561076604554865, 0.8718068431934903, 0.7844161744661517, 0.8966065145840426, 0.8229697153114044, 0.8495907212512765]
2026-02-04 14:12:54,182|INFO|nn.computeOptunaObjective|Trial 16 timings:|0.9204068340004596
2026-02-04 14:12:54,182|INFO|nn.computeOptunaObjective|Trial 16 objective:|0.6865477687058832
2026-02-04 14:12:55,747|INFO|nn.computeOptunaObjective|Trial 17 params:|{'n_layers': 3, 'architecture': 'inner', 'lr': 0.0001, 'n_epochs': 200}
2026-02-04 14:12:55,747|INFO|nn.computeOptunaObjective|Trial 17 balacc:|[0.6540866578381063, 0.6748853314552973, 0.6363240418118467, 0.6498881431767338, 0.7968085106382978, 0.6987179487179487, 0.5, 0.5, 0.681443429731101, 0.6408866995073892, 0.7073498964803313, 0.6589074901620756, 0.620513402998637, 0.6915219611848825, 0.6886635915845717, 0.7113698535909118]
2026-02-04 14:12:55,747|INFO|nn.computeOptunaObjective|Trial 17 rocauc:|[0.7702615461016388, 0.7826715062209942, 0.8246951219512195, 0.8530947054436987, 0.8053191489361703, 0.8044871794871795, 0.753906523719431, 0.7130338156931082, 0.8161941907661086, 0.8301570197044336, 0.8832988267770876, 0.8706729807243381, 0.7807814629713767, 0.8748155714447848, 0.8079578185005843, 0.8368335000079369]
2026-02-04 14:12:55,747|INFO|nn.computeOptunaObjective|Trial 17 timings:|1.565758624998125
2026-02-04 14:12:55,747|INFO|nn.computeOptunaObjective|Trial 17 objective:|0.6569604349298831
2026-02-04 14:12:58,074|INFO|nn.computeOptunaObjective|Trial 18 params:|{'n_layers': 4, 'architecture': 'top', 'lr': 0.001, 'n_epochs': 150}
2026-02-04 14:12:58,074|INFO|nn.computeOptunaObjective|Trial 18 balacc:|[0.7193883463002815, 0.7718118532964949, 0.7077526132404182, 0.7619313944817301, 0.7824468085106383, 0.7227564102564102, 0.7235769509261205, 0.6884991287218729, 0.6882927447995941, 0.6717980295566502, 0.7059006211180124, 0.7562195691322617, 0.6706610631531122, 0.7919645897173987, 0.7090133995658707, 0.7589276738045727]
2026-02-04 14:12:58,074|INFO|nn.computeOptunaObjective|Trial 18 rocauc:|[0.8468962092368812, 0.8421456561388302, 0.8151132404181185, 0.8644668158090976, 0.8680851063829786, 0.8141025641025641, 0.8297713311377385, 0.7840745511023562, 0.8664542110603755, 0.8737838669950739, 0.8799171842650104, 0.9165610618288534, 0.8056565197637438, 0.9017137668823063, 0.8581018325262982, 0.879496907260134]
2026-02-04 14:12:58,074|INFO|nn.computeOptunaObjective|Trial 18 timings:|2.3275640419997217
2026-02-04 14:12:58,074|INFO|nn.computeOptunaObjective|Trial 18 objective:|0.7269338247863399
2026-02-04 14:12:59,586|INFO|nn.computeOptunaObjective|Trial 19 params:|{'n_layers': 4, 'architecture': 'inner', 'lr': 0.0001, 'n_epochs': 150}
2026-02-04 14:12:59,586|INFO|nn.computeOptunaObjective|Trial 19 balacc:|[0.5, 0.601596782057533, 0.5918989547038327, 0.5244220730797912, 0.6537234042553192, 0.53125, 0.5, 0.5022350178043792, 0.5, 0.5, 0.6283643892339544, 0.6241912892683252, 0.5, 0.5, 0.5933743112372684, 0.6098121074548524]
2026-02-04 14:12:59,586|INFO|nn.computeOptunaObjective|Trial 19 rocauc:|[0.7468010263201456, 0.7650874911967063, 0.8129355400696865, 0.8620432513049963, 0.7904255319148936, 0.8205128205128205, 0.7319739331511458, 0.7018460994519787, 0.821394596651446, 0.8152863300492611, 0.8826777087646653, 0.8612018942173013, 0.7797592003634711, 0.8454204971058903, 0.7879576097846053, 0.8131498325317079]
2026-02-04 14:12:59,586|INFO|nn.computeOptunaObjective|Trial 19 timings:|1.5118661250016885
2026-02-04 14:12:59,586|INFO|nn.computeOptunaObjective|Trial 19 objective:|0.5538042705684535
2026-02-04 14:13:00,911|INFO|nn.computeOptunaObjective|Trial 20 params:|{'n_layers': 3, 'architecture': 'bottom', 'lr': 0.001, 'n_epochs': 200}
2026-02-04 14:13:00,911|INFO|nn.computeOptunaObjective|Trial 20 balacc:|[0.7180309551398775, 0.7421402387272695, 0.7073170731707317, 0.7585756897837435, 0.8111702127659575, 0.6602564102564102, 0.6945086772709224, 0.6925777205343839, 0.726027397260274, 0.7059729064039408, 0.7207039337474119, 0.812212365770693, 0.7551113130395275, 0.7749404153898536, 0.7013430873267658, 0.7714229778137582]
2026-02-04 14:13:00,911|INFO|nn.computeOptunaObjective|Trial 20 rocauc:|[0.8192062572421784, 0.8251033822706177, 0.8125, 0.8687546607009694, 0.851063829787234, 0.6842948717948718, 0.8115525658094503, 0.7737959946460591, 0.8632198122780315, 0.8593442118226601, 0.8688750862663907, 0.8814780230774361, 0.7928214447978191, 0.889002383384406, 0.8399748497244949, 0.8720944383594986]
2026-02-04 14:13:00,911|INFO|nn.computeOptunaObjective|Trial 20 timings:|1.3247151659998053
2026-02-04 14:13:00,911|INFO|nn.computeOptunaObjective|Trial 20 objective:|0.7345194609000951
2026-02-04 14:13:01,874|INFO|nn.computeOptunaObjective|Trial 21 params:|{'n_layers': 3, 'architecture': 'outer', 'lr': 0.0001, 'n_epochs': 100}
2026-02-04 14:13:01,874|INFO|nn.computeOptunaObjective|Trial 21 balacc:|[0.5, 0.5, 0.5, 0.5, 0.5, 0.5, 0.5, 0.5, 0.5, 0.5, 0.5, 0.5, 0.5, 0.5, 0.5, 0.5]
2026-02-04 14:13:01,874|INFO|nn.computeOptunaObjective|Trial 21 rocauc:|[0.690324449594438, 0.6780748325116925, 0.6676829268292682, 0.7289336316181954, 0.6914893617021277, 0.6891025641025641, 0.6954196155373368, 0.6197439199939389, 0.6983923135464231, 0.709036330049261, 0.7906142167011732, 0.7729607150003335, 0.6947978191731031, 0.7303370786516854, 0.7302841668058108, 0.7326698096734765]
2026-02-04 14:13:01,874|INFO|nn.computeOptunaObjective|Trial 21 timings:|0.962859416998981
2026-02-04 14:13:01,874|INFO|nn.computeOptunaObjective|Trial 21 objective:|0.5
2026-02-04 14:13:03,725|INFO|nn.computeOptunaObjective|Trial 22 params:|{'n_layers': 4, 'architecture': 'outer', 'lr': 0.0001, 'n_epochs': 200}
2026-02-04 14:13:03,725|INFO|nn.computeOptunaObjective|Trial 22 balacc:|[0.6582850521436848, 0.6919501778716796, 0.6393728222996515, 0.5, 0.7824468085106383, 0.6858974358974359, 0.5, 0.5370103795742102, 0.6637810755961441, 0.6364224137931035, 0.577536231884058, 0.6679783899152938, 0.5, 0.5682669390534559, 0.7000229587577225, 0.7251720981422396]
2026-02-04 14:13:03,725|INFO|nn.computeOptunaObjective|Trial 22 rocauc:|[0.780959278265188, 0.7891543420553659, 0.82948606271777, 0.8646532438478748, 0.8191489361702128, 0.7788461538461537, 0.7525284376240862, 0.7278329166350986, 0.8176845509893454, 0.8346213054187193, 0.8821256038647344, 0.874207963716401, 0.7785097682871421, 0.8734536374985814, 0.8105458966438471, 0.8340132598906828]
2026-02-04 14:13:03,725|INFO|nn.computeOptunaObjective|Trial 22 timings:|1.8507173329999205
2026-02-04 14:13:03,725|INFO|nn.computeOptunaObjective|Trial 22 objective:|0.6271339239649574
2026-02-04 14:13:05,164|INFO|nn.computeOptunaObjective|Trial 23 params:|{'n_layers': 2, 'architecture': 'top', 'lr': 0.0001, 'n_epochs': 150}
2026-02-04 14:13:05,164|INFO|nn.computeOptunaObjective|Trial 23 balacc:|[0.548404651547757, 0.5622415443234556, 0.4969512195121951, 0.4966442953020134, 0.6393617021276595, 0.6434294871794872, 0.5, 0.5, 0.5092592592592593, 0.5, 0.5357142857142857, 0.5622623891149203, 0.5161290322580645, 0.5151515151515151, 0.5601832526298214, 0.6255906365911604]
2026-02-04 14:13:05,164|INFO|nn.computeOptunaObjective|Trial 23 rocauc:|[0.728869392484688, 0.7277886126008993, 0.7737369337979094, 0.8046234153616704, 0.798936170212766, 0.8365384615384615, 0.7270688809473758, 0.6632573174735461, 0.7707540588533739, 0.776277709359606, 0.8436853002070394, 0.8443940505569265, 0.7262607905497501, 0.7935535126546363, 0.7731544289530807, 0.8038425110190432]
2026-02-04 14:13:05,164|INFO|nn.computeOptunaObjective|Trial 23 timings:|1.4389054580024094
2026-02-04 14:13:05,164|INFO|nn.computeOptunaObjective|Trial 23 objective:|0.5444577044194747
2026-02-04 14:13:07,028|INFO|nn.computeOptunaObjective|Trial 24 params:|{'n_layers': 4, 'architecture': 'inner', 'lr': 0.001, 'n_epochs': 200}
2026-02-04 14:13:07,028|INFO|nn.computeOptunaObjective|Trial 24 balacc:|[0.7105073663300778, 0.760144103147516, 0.6750871080139372, 0.6853094705443699, 0.7574468085106383, 0.7227564102564102, 0.7058837269053793, 0.6917316968457207, 0.6924150177574835, 0.6923029556650246, 0.7462732919254659, 0.7546521710131395, 0.6867900954111767, 0.7900919305413687, 0.7203727667390216, 0.7747696980279484]
2026-02-04 14:13:07,028|INFO|nn.computeOptunaObjective|Trial 24 rocauc:|[0.846153368647575, 0.8439853188146703, 0.8179442508710801, 0.8538404175988068, 0.8457446808510638, 0.7540064102564104, 0.8186298554177469, 0.775462787584918, 0.8584791983764587, 0.8657481527093596, 0.8773982056590751, 0.9068231841526047, 0.8148568832348932, 0.9105663375326296, 0.851542932876941, 0.8748935134477303]
2026-02-04 14:13:07,028|INFO|nn.computeOptunaObjective|Trial 24 timings:|1.8633821250004985
2026-02-04 14:13:07,028|INFO|nn.computeOptunaObjective|Trial 24 objective:|0.7229084136021674
2026-02-04 14:13:08,488|INFO|nn.computeOptunaObjective|Trial 25 params:|{'n_layers': 4, 'architecture': 'outer', 'lr': 0.001, 'n_epochs': 150}
2026-02-04 14:13:08,488|INFO|nn.computeOptunaObjective|Trial 25 balacc:|[0.7177929978480384, 0.7733061559853369, 0.7195121951219512, 0.6642431021625652, 0.7824468085106383, 0.7227564102564102, 0.7243594235395792, 0.6891936257797308, 0.6872780314561137, 0.6818965517241379, 0.7120082815734989, 0.7621556726472354, 0.6492503407542026, 0.8071161048689138, 0.713292077141426, 0.766099973014588]
2026-02-04 14:13:08,488|INFO|nn.computeOptunaObjective|Trial 25 rocauc:|[0.8416239033272639, 0.8461003665781823, 0.8288327526132404, 0.8668903803131991, 0.8531914893617022, 0.766025641025641, 0.8284633172167333, 0.781498598378665, 0.8450976661593099, 0.8641779556650248, 0.8708764665286405, 0.8968852130994464, 0.7989550204452521, 0.9107933265236635, 0.8516420729671064, 0.8716393902355138]
2026-02-04 14:13:08,488|INFO|nn.computeOptunaObjective|Trial 25 timings:|1.460204374998284
2026-02-04 14:13:08,489|INFO|nn.computeOptunaObjective|Trial 25 objective:|0.723294234524023
2026-02-04 14:13:09,554|INFO|nn.computeOptunaObjective|Trial 26 params:|{'n_layers': 2, 'architecture': 'outer', 'lr': 0.0001, 'n_epochs': 150}
2026-02-04 14:13:09,555|INFO|nn.computeOptunaObjective|Trial 26 balacc:|[0.5382697401092534, 0.5559708904418802, 0.5, 0.5, 0.6, 0.53125, 0.5, 0.5, 0.5092592592592593, 0.5, 0.5119047619047619, 0.5516240912425798, 0.5161290322580645, 0.5151515151515151, 0.5404178493905494, 0.5960098629035244]
2026-02-04 14:13:09,555|INFO|nn.computeOptunaObjective|Trial 26 rocauc:|[0.7176295315345141, 0.7104664391353811, 0.7186411149825784, 0.7472035794183445, 0.7585106382978724, 0.7724358974358975, 0.7143391026090207, 0.6440639442381999, 0.7352708016235413, 0.7306496305418719, 0.8202898550724635, 0.8201160541586072, 0.7045661063153112, 0.7634774713426398, 0.754369990816497, 0.7819419972379638]
2026-02-04 14:13:09,555|INFO|nn.computeOptunaObjective|Trial 26 timings:|1.0656552079999528
2026-02-04 14:13:09,555|INFO|nn.computeOptunaObjective|Trial 26 objective:|0.5291241876663367
2026-02-04 14:13:10,932|INFO|nn.computeOptunaObjective|Trial 27 params:|{'n_layers': 3, 'architecture': 'top', 'lr': 0.001, 'n_epochs': 100}
2026-02-04 14:13:10,932|INFO|nn.computeOptunaObjective|Trial 27 balacc:|[0.7197690779672239, 0.7746289073080882, 0.7486933797909407, 0.6886651752423565, 0.8324468085106382, 0.6730769230769231, 0.6913787868170883, 0.6991943834128849, 0.710933536276002, 0.7027093596059113, 0.7358178053830228, 0.7487160674981659, 0.6653793730122671, 0.7805583929179435, 0.7152122641509434, 0.7781164182421385]
2026-02-04 14:13:10,932|INFO|nn.computeOptunaObjective|Trial 27 rocauc:|[0.8353997682502896, 0.844782129765065, 0.8151132404181185, 0.8665175242356451, 0.8457446808510638, 0.7852564102564102, 0.8262210076378671, 0.7810945273631841, 0.847396626078133, 0.8652247536945813, 0.863768115942029, 0.9146935236443674, 0.7999772830531576, 0.9042106457836795, 0.8476190724661881, 0.8814493811874639]
2026-02-04 14:13:10,932|INFO|nn.computeOptunaObjective|Trial 27 timings:|1.3774435419982183
2026-02-04 14:13:10,932|INFO|nn.computeOptunaObjective|Trial 27 objective:|0.7290810412007837
2026-02-04 14:13:12,221|INFO|nn.computeOptunaObjective|Trial 28 params:|{'n_layers': 2, 'architecture': 'outer', 'lr': 0.0001, 'n_epochs': 200}
2026-02-04 14:13:12,221|INFO|nn.computeOptunaObjective|Trial 28 balacc:|[0.5911107432544281, 0.61595066543872, 0.5413763066202091, 0.49328859060402686, 0.6537234042553192, 0.6802884615384616, 0.5, 0.5074626865671642, 0.5672247590055809, 0.5540948275862069, 0.6460662525879917, 0.6410991796171547, 0.5304975011358474, 0.5417092271024855, 0.6063564451494406, 0.6688784121995227]
2026-02-04 14:13:12,221|INFO|nn.computeOptunaObjective|Trial 28 rocauc:|[0.7324118523423273, 0.7358966719034978, 0.8064024390243902, 0.8340790454884415, 0.8319148936170213, 0.810897435897436, 0.7390512227594422, 0.6775008207692501, 0.7770325976661593, 0.7845289408866996, 0.8531400966183574, 0.8495297805642633, 0.7242162653339391, 0.8078538190897742, 0.775345946735682, 0.8056679947722378]
2026-02-04 14:13:12,221|INFO|nn.computeOptunaObjective|Trial 28 timings:|1.287887624999712
2026-02-04 14:13:12,221|INFO|nn.computeOptunaObjective|Trial 28 objective:|0.58369546641641
2026-02-04 14:13:13,330|INFO|nn.computeOptunaObjective|Trial 29 params:|{'n_layers': 3, 'architecture': 'bottom', 'lr': 0.001, 'n_epochs': 150}
2026-02-04 14:13:13,330|INFO|nn.computeOptunaObjective|Trial 29 balacc:|[0.7173563979473597, 0.7551962005886921, 0.6955574912891986, 0.8208426547352722, 0.8074468085106383, 0.6915064102564102, 0.6839161002499241, 0.6917316968457207, 0.6915588533739219, 0.700923645320197, 0.7401656314699794, 0.8062762622557194, 0.7137664697864607, 0.7882192713653388, 0.7096030222073803, 0.7792963686101455]
2026-02-04 14:13:13,330|INFO|nn.computeOptunaObjective|Trial 29 rocauc:|[0.8319524913093859, 0.8363264532206511, 0.8377613240418118, 0.8709917971662938, 0.8351063829787234, 0.7900641025641026, 0.8167846214934715, 0.7863221961259692, 0.8439085489599188, 0.8667949507389162, 0.8629399585921326, 0.8880811045154405, 0.8024761472058155, 0.9006923164226536, 0.8501914969110034, 0.8698139064823193]
2026-02-04 14:13:13,331|INFO|nn.computeOptunaObjective|Trial 29 timings:|1.1093577920000826
2026-02-04 14:13:13,331|INFO|nn.computeOptunaObjective|Trial 29 objective:|0.7370852053007724
2026-02-04 14:13:14,584|INFO|nn.computeOptunaObjective|Trial 30 params:|{'n_layers': 3, 'architecture': 'inner', 'lr': 0.001, 'n_epochs': 150}
2026-02-04 14:13:14,584|INFO|nn.computeOptunaObjective|Trial 30 balacc:|[0.7298088064889919, 0.7557921158603753, 0.7042682926829269, 0.7686428038777032, 0.8468085106382979, 0.6658653846153846, 0.701188891224628, 0.6949642649695684, 0.688990360223237, 0.6845751231527094, 0.7282608695652174, 0.8094110584939638, 0.6706610631531122, 0.7768130745658836, 0.70340937552179, 0.7747379504844146]
2026-02-04 14:13:14,584|INFO|nn.computeOptunaObjective|Trial 30 rocauc:|[0.8401423605363351, 0.844648951730863, 0.8159843205574914, 0.8788217747949292, 0.8553191489361702, 0.7740384615384616, 0.8298180459206316, 0.7922317347273784, 0.8531519533231862, 0.8705511083743843, 0.8573153899240855, 0.900953778429934, 0.800658791458428, 0.9034161843150607, 0.853943166638838, 0.8777402098512627]
2026-02-04 14:13:14,584|INFO|nn.computeOptunaObjective|Trial 30 timings:|1.2526438329987286
2026-02-04 14:13:14,584|INFO|nn.computeOptunaObjective|Trial 30 objective:|0.7315123715948878
2026-02-04 14:13:15,416|INFO|nn.computeOptunaObjective|Trial 31 params:|{'n_layers': 2, 'architecture': 'inner', 'lr': 0.0001, 'n_epochs': 100}
2026-02-04 14:13:15,416|INFO|nn.computeOptunaObjective|Trial 31 balacc:|[0.5, 0.49933862433862436, 0.5, 0.5, 0.5, 0.5, 0.5, 0.5, 0.5, 0.5, 0.5, 0.5, 0.5, 0.5, 0.5, 0.5]
2026-02-04 14:13:15,416|INFO|nn.computeOptunaObjective|Trial 31 rocauc:|[0.6689165701042874, 0.6612673131444462, 0.6319686411149825, 0.674496644295302, 0.6840425531914893, 0.657051282051282, 0.6881554667974681, 0.6220168194560194, 0.6355752156265855, 0.6595289408866996, 0.7485852311939268, 0.7229373707730273, 0.6681054066333485, 0.6670071501532175, 0.691123831190516, 0.7051870194877006]
2026-02-04 14:13:15,416|INFO|nn.computeOptunaObjective|Trial 31 timings:|0.8316437079993193
2026-02-04 14:13:15,416|INFO|nn.computeOptunaObjective|Trial 31 objective:|0.499958664021164
2026-02-04 14:13:16,286|INFO|nn.computeOptunaObjective|Trial 32 params:|{'n_layers': 2, 'architecture': 'linear', 'lr': 0.001, 'n_epochs': 100}
2026-02-04 14:13:16,286|INFO|nn.computeOptunaObjective|Trial 32 balacc:|[0.7091023837113061, 0.7185270960868231, 0.6777003484320557, 0.6331096196868009, 0.8537234042553192, 0.6858974358974359, 0.6701352392964753, 0.6421824885723666, 0.690861237950279, 0.701231527093596, 0.7474120082815735, 0.7746948576002135, 0.6401635620172649, 0.7919645897173987, 0.709749123392887, 0.7465593599695224]
2026-02-04 14:13:16,286|INFO|nn.computeOptunaObjective|Trial 32 rocauc:|[0.8135449428902499, 0.8145981183523846, 0.8236062717770035, 0.848993288590604, 0.8936170212765957, 0.8221153846153846, 0.8184196388947282, 0.7735181958229158, 0.8356322932521563, 0.8598983990147783, 0.8757763975155279, 0.9068898819449076, 0.7960018173557473, 0.9009193054136875, 0.8400218108198363, 0.8759993862141583]
2026-02-04 14:13:16,286|INFO|nn.computeOptunaObjective|Trial 32 timings:|0.8695430000007036
2026-02-04 14:13:16,286|INFO|nn.computeOptunaObjective|Trial 32 objective:|0.7120633926225823
2026-02-04 14:13:17,693|INFO|nn.computeOptunaObjective|Trial 33 params:|{'n_layers': 4, 'architecture': 'bottom', 'lr': 0.001, 'n_epochs': 200}
2026-02-04 14:13:17,693|INFO|nn.computeOptunaObjective|Trial 33 balacc:|[0.714173977818242, 0.7572864185492172, 0.712979094076655, 0.7762863534675615, 0.7718085106382979, 0.6658653846153846, 0.6945086772709224, 0.6583453291916054, 0.6612125824454591, 0.6738608374384236, 0.7152173913043478, 0.7452477822984059, 0.6598137210358928, 0.7654068777664284, 0.7037067957922859, 0.7575572381753628]
2026-02-04 14:13:17,693|INFO|nn.computeOptunaObjective|Trial 33 rocauc:|[0.8313524250951828, 0.8388026617548802, 0.8153310104529616, 0.8788217747949291, 0.8340425531914893, 0.8237179487179487, 0.8108284866746082, 0.761724373058565, 0.841593734145104, 0.8514316502463054, 0.853968253968254, 0.877742946708464, 0.8133802816901409, 0.9103393485415958, 0.8451562239105025, 0.865538570619765]
2026-02-04 14:13:17,693|INFO|nn.computeOptunaObjective|Trial 33 timings:|1.4061983329993382
2026-02-04 14:13:17,693|INFO|nn.computeOptunaObjective|Trial 33 objective:|0.7145798107427808
2026-02-04 14:13:19,089|INFO|nn.computeOptunaObjective|Trial 34 params:|{'n_layers': 2, 'architecture': 'inner', 'lr': 0.0001, 'n_epochs': 200}
2026-02-04 14:13:19,089|INFO|nn.computeOptunaObjective|Trial 34 balacc:|[0.6025947690779673, 0.6226050526391823, 0.5648954703832753, 0.5732662192393736, 0.6430851063829788, 0.7115384615384616, 0.5, 0.5066166628785009, 0.6118087265347539, 0.5858990147783251, 0.6417184265010352, 0.6470352831321283, 0.5413448432530668, 0.6118488253319714, 0.6200743028886291, 0.6681455730696171]
2026-02-04 14:13:19,089|INFO|nn.computeOptunaObjective|Trial 34 rocauc:|[0.7455264029134249, 0.7443658919768135, 0.7959494773519165, 0.8281133482475764, 0.8074468085106383, 0.841346153846154, 0.7436759862658537, 0.6815415309240598, 0.7846429477422627, 0.7989378078817734, 0.8578329882677708, 0.8501300606949911, 0.7392662426169923, 0.8175008512087164, 0.7791758849557523, 0.8114407564381374]
2026-02-04 14:13:19,089|INFO|nn.computeOptunaObjective|Trial 34 timings:|1.395508500001597
2026-02-04 14:13:19,089|INFO|nn.computeOptunaObjective|Trial 34 objective:|0.6032797961018291
2026-02-04 14:13:20,137|INFO|nn.computeOptunaObjective|Trial 35 params:|{'n_layers': 4, 'architecture': 'inner', 'lr': 0.0001, 'n_epochs': 100}
2026-02-04 14:13:20,137|INFO|nn.computeOptunaObjective|Trial 35 balacc:|[0.5, 0.5, 0.5, 0.5, 0.5, 0.5, 0.5, 0.5, 0.5, 0.5, 0.5, 0.5, 0.5, 0.5, 0.5, 0.5]
2026-02-04 14:13:20,137|INFO|nn.computeOptunaObjective|Trial 35 rocauc:|[0.6910734977652706, 0.6921601025696589, 0.6966463414634146, 0.7807606263982103, 0.701063829787234, 0.7147435897435898, 0.6988064372970826, 0.6294416243654821, 0.7401541095890412, 0.7331434729064039, 0.822912353347136, 0.800173414259988, 0.7030895047705588, 0.756100329134037, 0.7397337827684088, 0.7481520284034691]
2026-02-04 14:13:20,137|INFO|nn.computeOptunaObjective|Trial 35 timings:|1.047342750000098
2026-02-04 14:13:20,137|INFO|nn.computeOptunaObjective|Trial 35 objective:|0.5
2026-02-04 14:13:21,535|INFO|nn.computeOptunaObjective|Trial 36 params:|{'n_layers': 2, 'architecture': 'top', 'lr': 0.001, 'n_epochs': 150}
2026-02-04 14:13:21,535|INFO|nn.computeOptunaObjective|Trial 36 balacc:|[0.7181261380566131, 0.746280044061614, 0.7399825783972125, 0.6709545115585384, 0.7968085106382978, 0.7043269230769231, 0.6917408263845093, 0.7093466676768443, 0.7270421106037545, 0.7098522167487684, 0.7308488612836439, 0.7778296538384579, 0.7046796910495229, 0.7919645897173987, 0.7032580564368008, 0.7840135244535453]
2026-02-04 14:13:21,535|INFO|nn.computeOptunaObjective|Trial 36 rocauc:|[0.8291673563979474, 0.8348953536666848, 0.814677700348432, 0.8728560775540641, 0.851063829787234, 0.7772435897435896, 0.8317800668021396, 0.7890496754804657, 0.8653443683409435, 0.8676570197044334, 0.882263630089717, 0.9122924031214567, 0.7992957746478874, 0.9084099421178073, 0.8552502504591752, 0.8860660031430069]
2026-02-04 14:13:21,535|INFO|nn.computeOptunaObjective|Trial 36 timings:|1.3977995829991414
2026-02-04 14:13:21,535|INFO|nn.computeOptunaObjective|Trial 36 objective:|0.7316909314989029
2026-02-04 14:13:22,824|INFO|nn.computeOptunaObjective|Trial 37 params:|{'n_layers': 3, 'architecture': 'linear', 'lr': 0.0001, 'n_epochs': 150}
2026-02-04 14:13:22,824|INFO|nn.computeOptunaObjective|Trial 37 balacc:|[0.5766346631352426, 0.5924029831879661, 0.5, 0.5, 0.6430851063829788, 0.5625, 0.5, 0.5, 0.5, 0.5, 0.5537267080745342, 0.5075035016340959, 0.5, 0.5, 0.5867371430956754, 0.6163468101655635]
2026-02-04 14:13:22,824|INFO|nn.computeOptunaObjective|Trial 37 rocauc:|[0.7288031782817413, 0.7413456850316918, 0.7776567944250871, 0.843400447427293, 0.7755319148936171, 0.8413461538461537, 0.7180529278490178, 0.666414122281991, 0.798373287671233, 0.7812346059113301, 0.8601104209799862, 0.8313212832655239, 0.7493184915947296, 0.8130745658835546, 0.7798855192853565, 0.7954399944970925]
2026-02-04 14:13:22,824|INFO|nn.computeOptunaObjective|Trial 37 timings:|1.2884359999989101
2026-02-04 14:13:22,824|INFO|nn.computeOptunaObjective|Trial 37 objective:|0.5399335572297536
2026-02-04 14:13:23,877|INFO|nn.computeOptunaObjective|Trial 38 params:|{'n_layers': 2, 'architecture': 'bottom', 'lr': 0.001, 'n_epochs': 150}
2026-02-04 14:13:23,877|INFO|nn.computeOptunaObjective|Trial 38 balacc:|[0.7146023009435524, 0.7064101522292648, 0.7042682926829269, 0.6675988068605518, 0.8324468085106382, 0.6858974358974359, 0.6893934085441338, 0.6727277318988812, 0.705955098934551, 0.7053879310344828, 0.7369565217391305, 0.7746948576002135, 0.6545320308950477, 0.7805583929179435, 0.6985410753047253, 0.7530940626802334]
2026-02-04 14:13:23,877|INFO|nn.computeOptunaObjective|Trial 38 rocauc:|[0.8059137560006621, 0.8038942160102571, 0.8155487804878049, 0.8732289336316181, 0.8861702127659574, 0.7948717948717948, 0.8101277649312125, 0.7739475212768644, 0.8391203703703702, 0.8543565270935961, 0.8723947550034507, 0.8980190755685986, 0.809631985461154, 0.8967200090795596, 0.8370163007179829, 0.8691472080681091]
2026-02-04 14:13:23,877|INFO|nn.computeOptunaObjective|Trial 38 timings:|1.051703124998312
2026-02-04 14:13:23,877|INFO|nn.computeOptunaObjective|Trial 38 objective:|0.717691556792107
2026-02-04 14:13:25,802|INFO|nn.computeOptunaObjective|Trial 39 params:|{'n_layers': 4, 'architecture': 'linear', 'lr': 0.001, 'n_epochs': 200}
2026-02-04 14:13:25,802|INFO|nn.computeOptunaObjective|Trial 39 balacc:|[0.7105549577884456, 0.7487946259277317, 0.7190766550522648, 0.6886651752423565, 0.7574468085106383, 0.6915064102564102, 0.6909583537710509, 0.675960300022729, 0.6689180618975139, 0.6836822660098523, 0.731159420289855, 0.7774961648769425, 0.7082008178100864, 0.7863466121893088, 0.6914603857071298, 0.7529035774190305]
2026-02-04 14:13:25,802|INFO|nn.computeOptunaObjective|Trial 39 rocauc:|[0.8397161066048667, 0.8403669393430485, 0.7432491289198607, 0.848806860551827, 0.8303191489361702, 0.7628205128205128, 0.817742274542779, 0.7573048463267421, 0.8627600202942669, 0.8654402709359607, 0.8863008971704622, 0.9137931034482759, 0.8075874602453431, 0.9081829531267734, 0.8477051678076473, 0.8746263049563208]
2026-02-04 14:13:25,802|INFO|nn.computeOptunaObjective|Trial 39 timings:|1.924481417001516
2026-02-04 14:13:25,802|INFO|nn.computeOptunaObjective|Trial 39 objective:|0.7176956620482092
2026-02-04 14:13:26,835|INFO|nn.computeOptunaObjective|Trial 40 params:|{'n_layers': 2, 'architecture': 'bottom', 'lr': 0.0001, 'n_epochs': 150}
2026-02-04 14:13:26,835|INFO|nn.computeOptunaObjective|Trial 40 balacc:|[0.5083967886111571, 0.5110063744876031, 0.5, 0.4966442953020134, 0.575, 0.5, 0.5, 0.5, 0.5, 0.5, 0.5119047619047619, 0.5, 0.5, 0.5, 0.5174069126732342, 0.5282420856019598]
2026-02-04 14:13:26,835|INFO|nn.computeOptunaObjective|Trial 40 rocauc:|[0.6845803674888262, 0.674052404427831, 0.6557055749128919, 0.6983594332587622, 0.7159574468085106, 0.6939102564102565, 0.6968677738070211, 0.6298456953809631, 0.6586282343987824, 0.6620535714285714, 0.773567977915804, 0.743947175348496, 0.6757155838255338, 0.6807399841107706, 0.7221598973117381, 0.7403738802376834]
2026-02-04 14:13:26,835|INFO|nn.computeOptunaObjective|Trial 40 timings:|1.0327094999993278
2026-02-04 14:13:26,835|INFO|nn.computeOptunaObjective|Trial 40 objective:|0.5092875761612956
2026-02-04 14:13:29,229|INFO|nn.computeOptunaObjective|Trial 41 params:|{'n_layers': 4, 'architecture': 'top', 'lr': 0.0001, 'n_epochs': 150}
2026-02-04 14:13:29,229|INFO|nn.computeOptunaObjective|Trial 41 balacc:|[0.6469438006952491, 0.6787474944471531, 0.6541811846689896, 0.7054436987322894, 0.7611702127659574, 0.6987179487179487, 0.5, 0.49915397631133673, 0.6704718417047184, 0.6509852216748768, 0.7163561076604554, 0.7105315814046556, 0.5882553384825079, 0.6612189308818522, 0.6957442811821674, 0.7082136186379245]
2026-02-04 14:13:29,229|INFO|nn.computeOptunaObjective|Trial 41 rocauc:|[0.785122496275451, 0.7990411181537461, 0.8214285714285714, 0.8568232662192393, 0.8117021276595745, 0.7868589743589743, 0.7606568098474762, 0.731772609036038, 0.8294488838153221, 0.8360375615763547, 0.8911663216011042, 0.8856132862002267, 0.7756701499318492, 0.8799228237430485, 0.8154976832526298, 0.8389076728521463]
2026-02-04 14:13:29,229|INFO|nn.computeOptunaObjective|Trial 41 timings:|2.3930857080013084
2026-02-04 14:13:29,229|INFO|nn.computeOptunaObjective|Trial 41 objective:|0.6591334523730051
2026-02-04 14:13:30,563|INFO|nn.computeOptunaObjective|Trial 42 params:|{'n_layers': 3, 'architecture': 'bottom', 'lr': 0.0001, 'n_epochs': 200}
2026-02-04 14:13:30,564|INFO|nn.computeOptunaObjective|Trial 42 balacc:|[0.5514442973017712, 0.5747828520866063, 0.544425087108014, 0.4966442953020134, 0.6393617021276595, 0.5625, 0.5, 0.5090032073136854, 0.5, 0.5713362068965517, 0.5, 0.5926098846128193, 0.5466265333939119, 0.5417092271024855, 0.5877702871931876, 0.6117883920398326]
2026-02-04 14:13:30,564|INFO|nn.computeOptunaObjective|Trial 42 rocauc:|[0.7096134745902996, 0.7167777236036622, 0.7384581881533101, 0.7945563012677106, 0.7287234042553191, 0.7868589743589743, 0.7057202251652535, 0.6471702401697098, 0.7469400050735666, 0.7661483990147784, 0.8298136645962734, 0.8133128793436938, 0.7212630622444344, 0.7639314493247078, 0.7595826723993988, 0.7762962257461995]
2026-02-04 14:13:30,564|INFO|nn.computeOptunaObjective|Trial 42 timings:|1.3337969579988567
2026-02-04 14:13:30,564|INFO|nn.computeOptunaObjective|Trial 42 objective:|0.5518751232799087
2026-02-04 14:13:31,469|INFO|nn.computeOptunaObjective|Trial 43 params:|{'n_layers': 3, 'architecture': 'inner', 'lr': 0.001, 'n_epochs': 100}
2026-02-04 14:13:31,469|INFO|nn.computeOptunaObjective|Trial 43 balacc:|[0.7131104121834133, 0.764006266139372, 0.7068815331010453, 0.7164429530201342, 0.8180851063829787, 0.6915064102564102, 0.6705556723425128, 0.6644190216430538, 0.6822995941146626, 0.6664408866995074, 0.7300207039337474, 0.7593543653705063, 0.6706610631531122, 0.7824310520939735, 0.7127024544999165, 0.7728886560735697]
2026-02-04 14:13:31,469|INFO|nn.computeOptunaObjective|Trial 43 rocauc:|[0.8401299453732826, 0.8437257345107175, 0.8044425087108013, 0.8691275167785234, 0.8638297872340425, 0.8157051282051282, 0.8295844720061665, 0.7751092254463722, 0.8467941400304414, 0.8655018472906404, 0.8650103519668738, 0.9130260788367905, 0.7971376646978646, 0.9085234366133242, 0.8444257179829687, 0.8808832166611108]
2026-02-04 14:13:31,469|INFO|nn.computeOptunaObjective|Trial 43 timings:|0.904892499998823
2026-02-04 14:13:31,469|INFO|nn.computeOptunaObjective|Trial 43 objective:|0.7201128844379947
2026-02-04 14:13:32,652|INFO|nn.computeOptunaObjective|Trial 44 params:|{'n_layers': 4, 'architecture': 'bottom', 'lr': 0.0001, 'n_epochs': 150}
2026-02-04 14:13:32,652|INFO|nn.computeOptunaObjective|Trial 44 balacc:|[0.5, 0.5, 0.5, 0.4966442953020134, 0.525, 0.5, 0.5, 0.5, 0.5, 0.5, 0.5, 0.5, 0.5161290322580645, 0.5, 0.5016227667390215, 0.5052595097121027]
2026-02-04 14:13:32,652|INFO|nn.computeOptunaObjective|Trial 44 rocauc:|[0.6710643933123656, 0.6684724705202519, 0.5914634146341463, 0.6886651752423565, 0.6510638297872341, 0.6394230769230769, 0.6899306285474038, 0.625830239664621, 0.6599917554540842, 0.682496921182266, 0.7599723947550033, 0.7346094844260654, 0.6661744661517492, 0.6874361593462717, 0.7031615252963768, 0.706139445793715]
2026-02-04 14:13:32,652|INFO|nn.computeOptunaObjective|Trial 44 timings:|1.1815668749986799
2026-02-04 14:13:32,652|INFO|nn.computeOptunaObjective|Trial 44 objective:|0.5027909752507002
2026-02-04 14:13:33,567|INFO|nn.computeOptunaObjective|Trial 45 params:|{'n_layers': 3, 'architecture': 'inner', 'lr': 0.0001, 'n_epochs': 100}
2026-02-04 14:13:33,567|INFO|nn.computeOptunaObjective|Trial 45 balacc:|[0.5, 0.5, 0.5, 0.5, 0.5, 0.5, 0.5, 0.5, 0.5, 0.5, 0.5, 0.5, 0.5, 0.5, 0.5, 0.5]
2026-02-04 14:13:33,567|INFO|nn.computeOptunaObjective|Trial 45 rocauc:|[0.6909534845224301, 0.6869639019809669, 0.6759581881533101, 0.7475764354958986, 0.6861702127659575, 0.7003205128205129, 0.6988531520799757, 0.6254766775260752, 0.7175450279046169, 0.7138084975369458, 0.807936507936508, 0.7858333889148269, 0.6983189459336665, 0.7311315401203042, 0.7384501794957421, 0.7439190225989597]
2026-02-04 14:13:33,567|INFO|nn.computeOptunaObjective|Trial 45 timings:|0.9150015420018462
2026-02-04 14:13:33,568|INFO|nn.computeOptunaObjective|Trial 45 objective:|0.5
2026-02-04 14:13:34,402|INFO|nn.computeOptunaObjective|Trial 46 params:|{'n_layers': 4, 'architecture': 'bottom', 'lr': 0.0001, 'n_epochs': 100}
2026-02-04 14:13:34,402|INFO|nn.computeOptunaObjective|Trial 46 balacc:|[0.5, 0.5039185943622804, 0.5, 0.5, 0.5, 0.5, 0.5, 0.5, 0.5, 0.5, 0.5, 0.5, 0.5, 0.5, 0.5, 0.5]
2026-02-04 14:13:34,402|INFO|nn.computeOptunaObjective|Trial 46 rocauc:|[0.6042625393146831, 0.5740469870162703, 0.5130662020905923, 0.5533184190902312, 0.6127659574468085, 0.5641025641025641, 0.6523018709270549, 0.6057782155213779, 0.5397165144596652, 0.5732296798029557, 0.6142857142857143, 0.5679317014606816, 0.6203998182644253, 0.5509022812393598, 0.6035100809817999, 0.5786942235344539]
2026-02-04 14:13:34,402|INFO|nn.computeOptunaObjective|Trial 46 timings:|0.833843791999243
2026-02-04 14:13:34,402|INFO|nn.computeOptunaObjective|Trial 46 objective:|0.5002449121476426
2026-02-04 14:13:36,008|INFO|nn.computeOptunaObjective|Trial 47 params:|{'n_layers': 3, 'architecture': 'linear', 'lr': 0.001, 'n_epochs': 200}
2026-02-04 14:13:36,008|INFO|nn.computeOptunaObjective|Trial 47 balacc:|[0.7322214865088561, 0.7557921158603753, 0.7099303135888502, 0.6608873974645787, 0.8324468085106382, 0.7411858974358974, 0.6795833041365941, 0.690039649468394, 0.6958396752917301, 0.7089593596059114, 0.7163561076604554, 0.8034749549789901, 0.7011585642889595, 0.7919645897173987, 0.7124050342294206, 0.7813678958257271]
2026-02-04 14:13:36,008|INFO|nn.computeOptunaObjective|Trial 47 rocauc:|[0.8374420625724217, 0.837114235151778, 0.7714503484320557, 0.8571961222967934, 0.8542553191489363, 0.7467948717948718, 0.8228809006610142, 0.7931408945122106, 0.863536910197869, 0.870920566502463, 0.8593167701863353, 0.9027212699259655, 0.8079282144479782, 0.8987629099988651, 0.8510420145266322, 0.879862004010773]
2026-02-04 14:13:36,008|INFO|nn.computeOptunaObjective|Trial 47 timings:|1.605259500000102
2026-02-04 14:13:36,008|INFO|nn.computeOptunaObjective|Trial 47 objective:|0.7321008221607985
2026-02-04 14:13:37,832|INFO|nn.computeOptunaObjective|Trial 48 params:|{'n_layers': 3, 'architecture': 'top', 'lr': 0.0001, 'n_epochs': 150}
2026-02-04 14:13:37,832|INFO|nn.computeOptunaObjective|Trial 48 balacc:|[0.5917853004469459, 0.6437442440002167, 0.6097560975609756, 0.6043997017151379, 0.6930851063829787, 0.7115384615384616, 0.5, 0.5, 0.6377156265854896, 0.5754926108374384, 0.6626293995859214, 0.6135529913959847, 0.5181735574738755, 0.6213823629553967, 0.643231340791451, 0.6694525136117593]
2026-02-04 14:13:37,832|INFO|nn.computeOptunaObjective|Trial 48 rocauc:|[0.7626427743751034, 0.7780576773750836, 0.8133710801393729, 0.8512304250559283, 0.8010638297872341, 0.8060897435897435, 0.7457314367131478, 0.7115185493850543, 0.8185407153729072, 0.8226139162561577, 0.8860593512767425, 0.876942573200827, 0.7716946842344388, 0.8604017705141301, 0.8000161754883954, 0.8307644279357218]
2026-02-04 14:13:37,832|INFO|nn.computeOptunaObjective|Trial 48 timings:|1.823102457998175
2026-02-04 14:13:37,832|INFO|nn.computeOptunaObjective|Trial 48 objective:|0.6122462071801271
2026-02-04 14:13:39,200|INFO|nn.computeOptunaObjective|Trial 49 params:|{'n_layers': 2, 'architecture': 'inner', 'lr': 0.001, 'n_epochs': 200}
2026-02-04 14:13:39,200|INFO|nn.computeOptunaObjective|Trial 49 balacc:|[0.7259435523919882, 0.7252469436769777, 0.6537456445993032, 0.6642431021625652, 0.7574468085106383, 0.7171474358974359, 0.7184616821993319, 0.696656312346895, 0.7227612886859462, 0.7044950738916256, 0.6864389233954451, 0.7549856599746548, 0.7029191276692413, 0.7900919305413687, 0.71299465687093, 0.7747379504844146]
2026-02-04 14:13:39,200|INFO|nn.computeOptunaObjective|Trial 49 rocauc:|[0.821101638801523, 0.8260243422359462, 0.8111933797909407, 0.86055182699478, 0.851063829787234, 0.7964743589743589, 0.8307990563613856, 0.7683662903755335, 0.860048833079655, 0.857527709359606, 0.8777777777777779, 0.9120923097445475, 0.7983870967741936, 0.9044376347747135, 0.85125594840541, 0.8794281209158108]
2026-02-04 14:13:39,200|INFO|nn.computeOptunaObjective|Trial 49 timings:|1.366870874997403
2026-02-04 14:13:39,200|INFO|nn.computeOptunaObjective|Trial 49 objective:|0.7192697558311726
2026-02-04 14:13:40,457|INFO|nn.computeOptunaObjective|Trial 50 params:|{'n_layers': 3, 'architecture': 'outer', 'lr': 0.001, 'n_epochs': 150}
2026-02-04 14:13:40,457|INFO|nn.computeOptunaObjective|Trial 50 balacc:|[0.7239198808144347, 0.7564534915217509, 0.7216898954703832, 0.6853094705443699, 0.7968085106382978, 0.6915064102564102, 0.6972765281573354, 0.7124277091698865, 0.6747526636225266, 0.7113300492610838, 0.6835403726708075, 0.7821983592343094, 0.6741821899136756, 0.820394960844399, 0.701196986141259, 0.763581334560905]
2026-02-04 14:13:40,457|INFO|nn.computeOptunaObjective|Trial 50 rocauc:|[0.8368792418473763, 0.8380081080593025, 0.7761324041811847, 0.8501118568232663, 0.8297872340425532, 0.7724358974358975, 0.8253100693714526, 0.7834179357021996, 0.8544361998985287, 0.8710437192118227, 0.864527260179434, 0.9038884812912693, 0.8105406633348479, 0.9051186017478152, 0.8508802596426782, 0.883237826139869]
2026-02-04 14:13:40,457|INFO|nn.computeOptunaObjective|Trial 50 timings:|1.2562265419983305
2026-02-04 14:13:40,457|INFO|nn.computeOptunaObjective|Trial 50 objective:|0.7247855508013645
2026-02-04 14:13:41,557|INFO|nn.computeOptunaObjective|Trial 51 params:|{'n_layers': 4, 'architecture': 'outer', 'lr': 0.001, 'n_epochs': 100}
2026-02-04 14:13:41,557|INFO|nn.computeOptunaObjective|Trial 51 balacc:|[0.7058247806654527, 0.7612546725174711, 0.7282229965156795, 0.7341536167039523, 0.7861702127659574, 0.7227564102564102, 0.6399224534603976, 0.5716342147132358, 0.7183219178082192, 0.6997229064039409, 0.7851966873706004, 0.7602547855665978, 0.6439686506133575, 0.7900919305413687, 0.7239157204875606, 0.7646660422983105]
2026-02-04 14:13:41,557|INFO|nn.computeOptunaObjective|Trial 51 rocauc:|[0.8332519450422117, 0.8469897249760732, 0.8236062717770034, 0.8702460850111857, 0.8648936170212765, 0.7772435897435898, 0.7934973022212879, 0.7710180064146274, 0.8491089548452563, 0.8540178571428572, 0.865079365079365, 0.8869472420462883, 0.7922535211267606, 0.8997843604585177, 0.843627379362164, 0.8529189220650718]
2026-02-04 14:13:41,557|INFO|nn.computeOptunaObjective|Trial 51 timings:|1.0992214580001018
2026-02-04 14:13:41,557|INFO|nn.computeOptunaObjective|Trial 51 objective:|0.721004874918032
2026-02-04 14:13:42,417|INFO|nn.computeOptunaObjective|Trial 52 params:|{'n_layers': 2, 'architecture': 'linear', 'lr': 0.0001, 'n_epochs': 100}
2026-02-04 14:13:42,417|INFO|nn.computeOptunaObjective|Trial 52 balacc:|[0.5, 0.5010451089802626, 0.5, 0.5, 0.5, 0.5, 0.5, 0.5, 0.5, 0.5, 0.5, 0.5, 0.5, 0.5, 0.5, 0.5]
2026-02-04 14:13:42,417|INFO|nn.computeOptunaObjective|Trial 52 rocauc:|[0.6725086906141368, 0.6638631561839754, 0.6300087108013938, 0.6722595078299777, 0.7042553191489361, 0.6746794871794872, 0.6872211711396071, 0.6208803697249792, 0.6313895230847286, 0.6536791871921183, 0.7315389924085576, 0.707330087374108, 0.6649250340754204, 0.6641697877652935, 0.695767761729838, 0.7017371197570255]
2026-02-04 14:13:42,417|INFO|nn.computeOptunaObjective|Trial 52 timings:|0.8591509580001002
2026-02-04 14:13:42,417|INFO|nn.computeOptunaObjective|Trial 52 objective:|0.5000653193112664
2026-02-04 14:13:43,736|INFO|nn.computeOptunaObjective|Trial 53 params:|{'n_layers': 3, 'architecture': 'top', 'lr': 0.0001, 'n_epochs': 100}
2026-02-04 14:13:43,736|INFO|nn.computeOptunaObjective|Trial 53 balacc:|[0.5, 0.5010451089802626, 0.5, 0.5, 0.5, 0.5, 0.5, 0.5, 0.5, 0.5, 0.5, 0.5, 0.5, 0.5, 0.5, 0.5032832251271224]
2026-02-04 14:13:43,736|INFO|nn.computeOptunaObjective|Trial 53 rocauc:|[0.707531865585168, 0.7165429691026961, 0.7341027874564461, 0.8064876957494407, 0.7223404255319149, 0.7740384615384615, 0.7043888538528018, 0.6411849382528979, 0.7728151953323188, 0.7669796798029557, 0.84623878536922, 0.8309877943040085, 0.7230804179918219, 0.7907161502667119, 0.7616385247954583, 0.776317390775222]
2026-02-04 14:13:43,736|INFO|nn.computeOptunaObjective|Trial 53 timings:|1.31793858400124
2026-02-04 14:13:43,736|INFO|nn.computeOptunaObjective|Trial 53 objective:|0.5002705208817115
2026-02-04 14:13:45,315|INFO|nn.computeOptunaObjective|Trial 54 params:|{'n_layers': 3, 'architecture': 'outer', 'lr': 0.001, 'n_epochs': 200}
2026-02-04 14:13:45,315|INFO|nn.computeOptunaObjective|Trial 54 balacc:|[0.7215547922529382, 0.739217093739278, 0.6981707317073171, 0.692020879940343, 0.8218085106382979, 0.6971153846153846, 0.6689907271155957, 0.6924261939035785, 0.7117897006595637, 0.6926108374384237, 0.7221532091097309, 0.8034749549789901, 0.685029532030895, 0.7786857337419135, 0.7140278009684422, 0.769446693228778]
2026-02-04 14:13:45,315|INFO|nn.computeOptunaObjective|Trial 54 rocauc:|[0.8382759476907796, 0.8337012658685014, 0.7742813588850174, 0.8521625652498136, 0.8712765957446809, 0.733974358974359, 0.8135262653866816, 0.7695406217642752, 0.8651223997970573, 0.8693195812807881, 0.8580055210489993, 0.8946841859534449, 0.7977055883689232, 0.902394733855408, 0.8531291743195859, 0.8801106931017879]
2026-02-04 14:13:45,315|INFO|nn.computeOptunaObjective|Trial 54 timings:|1.5785809170010907
2026-02-04 14:13:45,315|INFO|nn.computeOptunaObjective|Trial 54 objective:|0.7255326735043419
2026-02-04 14:13:46,805|INFO|nn.computeOptunaObjective|Trial 55 params:|{'n_layers': 4, 'architecture': 'inner', 'lr': 0.001, 'n_epochs': 150}
2026-02-04 14:13:46,805|INFO|nn.computeOptunaObjective|Trial 55 balacc:|[0.7177454063896705, 0.768954168698196, 0.7077526132404182, 0.7130872483221476, 0.7824468085106383, 0.7540064102564102, 0.7184616821993319, 0.6627269742657271, 0.6948249619482496, 0.7110221674876848, 0.7271221532091097, 0.7421129860601614, 0.6671399363925488, 0.7900919305413687, 0.7134433962264151, 0.7732405246810694]
2026-02-04 14:13:46,805|INFO|nn.computeOptunaObjective|Trial 55 rocauc:|[0.8383256083429895, 0.8396401032919805, 0.8225174216027874, 0.8737882177479493, 0.8691489361702127, 0.7700320512820513, 0.8196809380328405, 0.7802106220168193, 0.847808853373922, 0.8560190886699508, 0.859247757073844, 0.895617955045688, 0.7964561562925943, 0.8984224265123141, 0.8461632785106028, 0.8655491531342763]
2026-02-04 14:13:46,805|INFO|nn.computeOptunaObjective|Trial 55 timings:|1.489024167000025
2026-02-04 14:13:46,805|INFO|nn.computeOptunaObjective|Trial 55 objective:|0.7277612105268217
2026-02-04 14:13:48,654|INFO|nn.computeOptunaObjective|Trial 56 params:|{'n_layers': 4, 'architecture': 'inner', 'lr': 0.0001, 'n_epochs': 200}
2026-02-04 14:13:48,654|INFO|nn.computeOptunaObjective|Trial 56 balacc:|[0.6643643436517133, 0.7000334073712913, 0.7047038327526132, 0.7265100671140939, 0.7968085106382978, 0.7171474358974359, 0.5, 0.5509382023890699, 0.688990360223237, 0.6483066502463054, 0.7044513457556936, 0.7042619889281665, 0.6152317128577919, 0.718079673135853, 0.7054808816162965, 0.7245345016429354]
2026-02-04 14:13:48,654|INFO|nn.computeOptunaObjective|Trial 56 rocauc:|[0.7888015229266677, 0.7962511511999567, 0.8286149825783973, 0.8709917971662937, 0.825531914893617, 0.7868589743589745, 0.7616611776796767, 0.7373033310604338, 0.8278951040081177, 0.841610221674877, 0.881711525189786, 0.8748082438471286, 0.7747614720581554, 0.888661899897855, 0.814808920520955, 0.8379869940896657]
2026-02-04 14:13:48,654|INFO|nn.computeOptunaObjective|Trial 56 timings:|1.8477176659980614
2026-02-04 14:13:48,654|INFO|nn.computeOptunaObjective|Trial 56 objective:|0.6793651821387996
2026-02-04 14:13:50,019|INFO|nn.computeOptunaObjective|Trial 57 params:|{'n_layers': 2, 'architecture': 'bottom', 'lr': 0.0001, 'n_epochs': 200}
2026-02-04 14:13:50,020|INFO|nn.computeOptunaObjective|Trial 57 balacc:|[0.563650471776196, 0.5603635083157268, 0.5087108013937283, 0.5210663683818046, 0.65, 0.6434294871794872, 0.5, 0.5, 0.5, 0.5068349753694581, 0.5342650103519669, 0.5910424864936971, 0.5143684688777829, 0.5151515151515151, 0.5607728752713308, 0.6294797106740533]
2026-02-04 14:13:50,020|INFO|nn.computeOptunaObjective|Trial 57 rocauc:|[0.7074242675053798, 0.712457337883959, 0.7425958188153311, 0.7688292319164802, 0.7648936170212766, 0.842948717948718, 0.7104617756288978, 0.6409071394297547, 0.7201452308472857, 0.7428417487684729, 0.8088336783988959, 0.8089775228439937, 0.7032030895047705, 0.7576892520712746, 0.7486042118884622, 0.7773015646247705]
2026-02-04 14:13:50,020|INFO|nn.computeOptunaObjective|Trial 57 timings:|1.3646001670022088
2026-02-04 14:13:50,020|INFO|nn.computeOptunaObjective|Trial 57 objective:|0.5499459799522967
2026-02-04 14:13:51,886|INFO|nn.computeOptunaObjective|Trial 58 params:|{'n_layers': 4, 'architecture': 'linear', 'lr': 0.0001, 'n_epochs': 200}
2026-02-04 14:13:51,886|INFO|nn.computeOptunaObjective|Trial 58 balacc:|[0.6552929978480384, 0.6999273163948931, 0.7077526132404182, 0.760999254287845, 0.7718085106382979, 0.6858974358974359, 0.5, 0.5122357754375332, 0.67132800608828, 0.6191810344827586, 0.7030020703933747, 0.7058293870472887, 0.6348818718764198, 0.7048008171603677, 0.7026788695942561, 0.7107640046351413]
2026-02-04 14:13:51,886|INFO|nn.computeOptunaObjective|Trial 58 rocauc:|[0.7821842410196989, 0.7922287231160953, 0.8246951219512196, 0.866517524235645, 0.8212765957446808, 0.7836538461538461, 0.7555882559035807, 0.7264439225193828, 0.8230435058346017, 0.8332358374384238, 0.8854382332643201, 0.8743413593010072, 0.7718082689686506, 0.8800363182385655, 0.8121425738854566, 0.8362726267388395]
2026-02-04 14:13:51,886|INFO|nn.computeOptunaObjective|Trial 58 timings:|1.8657552910008235
2026-02-04 14:13:51,886|INFO|nn.computeOptunaObjective|Trial 58 objective:|0.6716487478138968
2026-02-04 14:13:52,998|INFO|nn.computeOptunaObjective|Trial 59 params:|{'n_layers': 2, 'architecture': 'linear', 'lr': 0.0001, 'n_epochs': 150}
2026-02-04 14:13:52,998|INFO|nn.computeOptunaObjective|Trial 59 balacc:|[0.5310792915080285, 0.5549257814616176, 0.5, 0.4966442953020134, 0.5893617021276596, 0.59375, 0.5, 0.5, 0.5092592592592593, 0.5, 0.5119047619047619, 0.5197091976255586, 0.5161290322580645, 0.5, 0.5470550175321423, 0.583482811350805]
2026-02-04 14:13:52,998|INFO|nn.computeOptunaObjective|Trial 59 rocauc:|[0.7116205926171164, 0.7115589504668003, 0.7364982578397212, 0.7583892617449665, 0.7585106382978724, 0.8301282051282051, 0.7155420082685167, 0.6434073288380433, 0.7373953576864535, 0.7383774630541873, 0.8187025534851622, 0.8120456212899353, 0.7066106315311222, 0.7649528997843604, 0.7566293412923695, 0.7772962733675148]
2026-02-04 14:13:52,998|INFO|nn.computeOptunaObjective|Trial 59 timings:|1.1111962499999208
2026-02-04 14:13:52,998|INFO|nn.computeOptunaObjective|Trial 59 objective:|0.5283313218956194
2026-02-04 14:13:54,259|INFO|nn.computeOptunaObjective|Trial 60 params:|{'n_layers': 3, 'architecture': 'inner', 'lr': 0.0001, 'n_epochs': 150}
2026-02-04 14:13:54,260|INFO|nn.computeOptunaObjective|Trial 60 balacc:|[0.549658583016057, 0.5503616122216805, 0.5474738675958188, 0.5, 0.6143617021276595, 0.5625, 0.5, 0.5, 0.5176623541349569, 0.505942118226601, 0.5, 0.5713332888681384, 0.5304975011358474, 0.5, 0.5492674069126733, 0.599293088030647]
2026-02-04 14:13:54,260|INFO|nn.computeOptunaObjective|Trial 60 rocauc:|[0.7299184737626221, 0.7423975657764054, 0.7735191637630662, 0.843400447427293, 0.7776595744680852, 0.8381410256410258, 0.7191273678555579, 0.6758087733919235, 0.8005612633181126, 0.7877309113300492, 0.8648723257418909, 0.8427933035416528, 0.751249432076329, 0.8194302576325048, 0.7767678243446319, 0.7942706266435968]
2026-02-04 14:13:54,260|INFO|nn.computeOptunaObjective|Trial 60 timings:|1.2601901250018273
2026-02-04 14:13:54,260|INFO|nn.computeOptunaObjective|Trial 60 objective:|0.53739697014188
2026-02-04 14:13:55,606|INFO|nn.computeOptunaObjective|Trial 61 params:|{'n_layers': 2, 'architecture': 'linear', 'lr': 0.0001, 'n_epochs': 200}
2026-02-04 14:13:55,606|INFO|nn.computeOptunaObjective|Trial 61 balacc:|[0.5893726204270816, 0.6189799014031095, 0.544425087108014, 0.49328859060402686, 0.6537234042553192, 0.7115384615384616, 0.5, 0.5074626865671642, 0.5428716387620497, 0.554987684729064, 0.632712215320911, 0.5894750883745749, 0.5252158109950023, 0.5417092271024855, 0.5976529888128235, 0.6676032192009143]
2026-02-04 14:13:55,606|INFO|nn.computeOptunaObjective|Trial 61 rocauc:|[0.736533686475749, 0.7412328222908428, 0.7905052264808362, 0.8072334079045488, 0.8361702127659575, 0.8349358974358975, 0.7334454488122767, 0.6737884183145187, 0.7784278285134449, 0.7927493842364532, 0.8579020013802622, 0.8471286600413527, 0.730804179918219, 0.8145499943252752, 0.7799220445817331, 0.8096893502865216]
2026-02-04 14:13:55,606|INFO|nn.computeOptunaObjective|Trial 61 timings:|1.3456913330010138
2026-02-04 14:13:55,606|INFO|nn.computeOptunaObjective|Trial 61 objective:|0.5794386640750626
2026-02-04 14:13:56,739|INFO|nn.computeOptunaObjective|Trial 62 params:|{'n_layers': 2, 'architecture': 'outer', 'lr': 0.001, 'n_epochs': 150}
2026-02-04 14:13:56,739|INFO|nn.computeOptunaObjective|Trial 62 balacc:|[0.7085706008938917, 0.7158815934413204, 0.6986062717770035, 0.6675988068605518, 0.8180851063829787, 0.7612179487179487, 0.7133464134725434, 0.6784983710887189, 0.7110920852359208, 0.6813115763546798, 0.6907867494824016, 0.7731274594810912, 0.6580531576556111, 0.8127340823970037, 0.6919039071631324, 0.7807302993264229]
2026-02-04 14:13:56,739|INFO|nn.computeOptunaObjective|Trial 62 rocauc:|[0.8173853666611488, 0.8187695252541669, 0.8231707317073171, 0.8460104399701714, 0.873404255319149, 0.7916666666666667, 0.8318267815850326, 0.7819279238326136, 0.8499968290208015, 0.8679033251231528, 0.8810904071773638, 0.907356766491029, 0.7949795547478419, 0.902848711837476, 0.850170625313074, 0.8814387986729527]
2026-02-04 14:13:56,739|INFO|nn.computeOptunaObjective|Trial 62 timings:|1.1318276250021881
2026-02-04 14:13:56,739|INFO|nn.computeOptunaObjective|Trial 62 objective:|0.7225965268582013
2026-02-04 14:13:57,558|INFO|nn.computeOptunaObjective|Trial 63 params:|{'n_layers': 3, 'architecture': 'bottom', 'lr': 0.0001, 'n_epochs': 100}
2026-02-04 14:13:57,558|INFO|nn.computeOptunaObjective|Trial 63 balacc:|[0.5, 0.5, 0.5, 0.5, 0.5, 0.5, 0.5, 0.5, 0.5, 0.5, 0.5, 0.5, 0.5, 0.5, 0.5, 0.5]
2026-02-04 14:13:57,558|INFO|nn.computeOptunaObjective|Trial 63 rocauc:|[0.5898650885614964, 0.5829089694277408, 0.5193815331010452, 0.5663683818046235, 0.5914893617021277, 0.5576923076923077, 0.6418377595590123, 0.6075712806525748, 0.521959030948757, 0.566918103448276, 0.5618357487922705, 0.5577936370306144, 0.6001817355747388, 0.5546475995914197, 0.5946761771581233, 0.5706673862776535]
2026-02-04 14:13:57,558|INFO|nn.computeOptunaObjective|Trial 63 timings:|0.8176632499998959
2026-02-04 14:13:57,558|INFO|nn.computeOptunaObjective|Trial 63 objective:|0.5
2026-02-04 14:13:59,191|INFO|nn.computeOptunaObjective|Trial 64 params:|{'n_layers': 3, 'architecture': 'inner', 'lr': 0.001, 'n_epochs': 200}
2026-02-04 14:13:59,191|INFO|nn.computeOptunaObjective|Trial 64 balacc:|[0.7269119351100811, 0.7479210683135598, 0.6981707317073171, 0.7686428038777032, 0.8074468085106383, 0.6915064102564102, 0.6905963142036298, 0.6832714599590878, 0.705955098934551, 0.6899322660098522, 0.7207039337474119, 0.8141132528513306, 0.652771467514766, 0.7882192713653388, 0.701196986141259, 0.760202866803181]
2026-02-04 14:13:59,191|INFO|nn.computeOptunaObjective|Trial 64 rocauc:|[0.8332540142360536, 0.837843328457663, 0.8077090592334495, 0.8818046234153617, 0.8271276595744681, 0.766025641025641, 0.8155700371382525, 0.7730762431497337, 0.8591292491121258, 0.8746151477832512, 0.8617322291235335, 0.8968185153071433, 0.8031576556110859, 0.9059130632164341, 0.8492366213057273, 0.8753168140281812]
2026-02-04 14:13:59,191|INFO|nn.computeOptunaObjective|Trial 64 timings:|1.632176041999628
2026-02-04 14:13:59,191|INFO|nn.computeOptunaObjective|Trial 64 objective:|0.7279726672066325
2026-02-04 14:14:00,019|INFO|nn.computeOptunaObjective|Trial 65 params:|{'n_layers': 2, 'architecture': 'outer', 'lr': 0.0001, 'n_epochs': 100}
2026-02-04 14:14:00,019|INFO|nn.computeOptunaObjective|Trial 65 balacc:|[0.5, 0.5, 0.5, 0.5, 0.5, 0.5, 0.5, 0.5, 0.5, 0.5, 0.5, 0.5, 0.5, 0.5, 0.5, 0.5019762845849802]
2026-02-04 14:14:00,019|INFO|nn.computeOptunaObjective|Trial 65 rocauc:|[0.6634083760966727, 0.645931523917872, 0.6030052264808362, 0.6387024608501118, 0.6946808510638298, 0.6682692307692307, 0.6807745311003668, 0.6184559436320933, 0.6183250887874175, 0.633420566502463, 0.7197377501725327, 0.6777829653838459, 0.6576556110858701, 0.647713085915333, 0.6822012230756387, 0.6775137440407215]
2026-02-04 14:14:00,019|INFO|nn.computeOptunaObjective|Trial 65 timings:|0.8273051670003042
2026-02-04 14:14:00,019|INFO|nn.computeOptunaObjective|Trial 65 objective:|0.5001235177865613
2026-02-04 14:14:01,582|INFO|nn.computeOptunaObjective|Trial 66 params:|{'n_layers': 3, 'architecture': 'linear', 'lr': 0.0001, 'n_epochs': 200}
2026-02-04 14:14:01,582|INFO|nn.computeOptunaObjective|Trial 66 balacc:|[0.6254676378083098, 0.6608497210033046, 0.6363240418118467, 0.6810216256524981, 0.7824468085106383, 0.6987179487179487, 0.5, 0.5057706391898376, 0.6629249112125825, 0.6495073891625616, 0.6954451345755693, 0.6923897818982192, 0.5648000908677874, 0.6612189308818522, 0.664029888128235, 0.7074807795080189]
2026-02-04 14:14:01,583|INFO|nn.computeOptunaObjective|Trial 66 rocauc:|[0.765928654196325, 0.7751864492478826, 0.8190331010452961, 0.8538404175988069, 0.8095744680851064, 0.8108974358974358, 0.7546072454628266, 0.7106598984771573, 0.8087106798579402, 0.8268626847290641, 0.8806763285024154, 0.8726072167011271, 0.7676056338028169, 0.8602882760186131, 0.7980385915845718, 0.835230249059479]
2026-02-04 14:14:01,583|INFO|nn.computeOptunaObjective|Trial 66 timings:|1.5623239999986254
2026-02-04 14:14:01,583|INFO|nn.computeOptunaObjective|Trial 66 objective:|0.6492747080580756
2026-02-04 14:14:02,676|INFO|nn.computeOptunaObjective|Trial 67 params:|{'n_layers': 4, 'architecture': 'inner', 'lr': 0.001, 'n_epochs': 100}
2026-02-04 14:14:02,676|INFO|nn.computeOptunaObjective|Trial 67 balacc:|[0.7009042377089886, 0.7659903931234989, 0.737369337979094, 0.7408650260999254, 0.8074468085106383, 0.7540064102564102, 0.5, 0.5733262620905624, 0.720890410958904, 0.6979371921182266, 0.7761904761904762, 0.7543186820516241, 0.6618582462517038, 0.8052434456928839, 0.7240618216730673, 0.7640601933425402]
2026-02-04 14:14:02,676|INFO|nn.computeOptunaObjective|Trial 67 rocauc:|[0.8357432544280748, 0.8444932011484912, 0.8307926829268293, 0.8791946308724832, 0.8787234042553191, 0.8076923076923076, 0.7917922126456918, 0.769199686844963, 0.8524067732115678, 0.8503540640394089, 0.8665286404416839, 0.8858800773694391, 0.7906633348477965, 0.8968335035750766, 0.8466955042578059, 0.8534427565333798]
2026-02-04 14:14:02,676|INFO|nn.computeOptunaObjective|Trial 67 timings:|1.0926417089976894
2026-02-04 14:14:02,676|INFO|nn.computeOptunaObjective|Trial 67 objective:|0.717779309003034
2026-02-04 14:14:03,982|INFO|nn.computeOptunaObjective|Trial 68 params:|{'n_layers': 2, 'architecture': 'bottom', 'lr': 0.001, 'n_epochs': 200}
2026-02-04 14:14:03,982|INFO|nn.computeOptunaObjective|Trial 68 balacc:|[0.6903244495944381, 0.702547989237409, 0.6777003484320557, 0.692020879940343, 0.8111702127659575, 0.7668269230769231, 0.6791628710905566, 0.675265802964871, 0.7244736174530695, 0.6804187192118227, 0.7192546583850932, 0.7853331554725538, 0.6510109041344843, 0.7711950970377937, 0.7035554767072967, 0.7582583297617347]
2026-02-04 14:14:03,982|INFO|nn.computeOptunaObjective|Trial 68 rocauc:|[0.7998365336864758, 0.8044043555988948, 0.8125, 0.8508575689783744, 0.8659574468085106, 0.7948717948717949, 0.798635928339523, 0.7681137459908578, 0.8481259512937593, 0.8503540640394089, 0.88391994478951, 0.8962182351764157, 0.7962857791912766, 0.8878674384292362, 0.8412480171981966, 0.8685704610272448]
2026-02-04 14:14:03,982|INFO|nn.computeOptunaObjective|Trial 68 timings:|1.3047545830013405
2026-02-04 14:14:03,982|INFO|nn.computeOptunaObjective|Trial 68 objective:|0.7180324647041502
2026-02-04 14:14:06,347|INFO|nn.computeOptunaObjective|Trial 69 params:|{'n_layers': 3, 'architecture': 'top', 'lr': 0.001, 'n_epochs': 200}
2026-02-04 14:14:06,347|INFO|nn.computeOptunaObjective|Trial 69 balacc:|[0.7279755007449098, 0.7469820503096953, 0.7099303135888502, 0.7719985085756897, 0.8324468085106382, 0.6786858974358974, 0.6854810454768412, 0.6791928681465768, 0.7244736174530695, 0.7098522167487684, 0.7282608695652174, 0.7671913559661175, 0.6832689686506134, 0.8033707865168539, 0.7041450993488061, 0.7681715002301697]
2026-02-04 14:14:06,347|INFO|nn.computeOptunaObjective|Trial 69 rocauc:|[0.8365461016388015, 0.8392518554634596, 0.7987804878048781, 0.8827367636092468, 0.8388297872340426, 0.7419871794871795, 0.8123934319015252, 0.779604515493598, 0.8593512176560123, 0.8736607142857142, 0.8620772946859905, 0.9072567198025745, 0.7960586097228531, 0.911190557257973, 0.8527326139589246, 0.8811980464678213]
2026-02-04 14:14:06,347|INFO|nn.computeOptunaObjective|Trial 69 timings:|2.363862166999752
2026-02-04 14:14:06,347|INFO|nn.computeOptunaObjective|Trial 69 objective:|0.7325892129542946
2026-02-04 14:14:07,446|INFO|nn.computeOptunaObjective|Trial 70 params:|{'n_layers': 2, 'architecture': 'inner', 'lr': 0.001, 'n_epochs': 150}
2026-02-04 14:14:07,446|INFO|nn.computeOptunaObjective|Trial 70 balacc:|[0.7139277437510345, 0.7352082091843184, 0.686411149825784, 0.674310216256525, 0.8074468085106383, 0.7043269230769231, 0.6976385677247565, 0.7008864307902114, 0.7371575342465753, 0.6890394088669951, 0.7160455486542443, 0.7853331554725538, 0.6885506587914584, 0.7882192713653388, 0.6958851644681917, 0.7786905196543751]
2026-02-04 14:14:07,446|INFO|nn.computeOptunaObjective|Trial 70 rocauc:|[0.8265249958616123, 0.8331933835346806, 0.8133710801393729, 0.84862043251305, 0.85, 0.780448717948718, 0.8277625954733375, 0.7881910245725686, 0.8590024099441906, 0.8632235221674877, 0.8785369220151829, 0.9105582605215767, 0.8033848250795093, 0.9042106457836796, 0.8525917306729003, 0.8838198644379891]
2026-02-04 14:14:07,446|INFO|nn.computeOptunaObjective|Trial 70 timings:|1.0977665829996113
2026-02-04 14:14:07,446|INFO|nn.computeOptunaObjective|Trial 70 objective:|0.7249423319149952
2026-02-04 14:14:08,780|INFO|nn.computeOptunaObjective|Trial 71 params:|{'n_layers': 2, 'architecture': 'linear', 'lr': 0.001, 'n_epochs': 200}
2026-02-04 14:14:08,780|INFO|nn.computeOptunaObjective|Trial 71 balacc:|[0.7211657838106273, 0.7237526409881359, 0.6894599303135889, 0.6642431021625652, 0.7861702127659574, 0.7043269230769231, 0.7125639408590849, 0.7042705255448645, 0.7253297818366311, 0.7044950738916256, 0.7250517598343685, 0.7762622557193357, 0.7029191276692413, 0.8185223016683691, 0.7054704458173318, 0.7727616658994343]
2026-02-04 14:14:08,780|INFO|nn.computeOptunaObjective|Trial 71 rocauc:|[0.8180744082105612, 0.8257128410712027, 0.8207752613240418, 0.8624161073825504, 0.8702127659574468, 0.7756410256410255, 0.8215028145656694, 0.7740485390307347, 0.8633149416539828, 0.8616533251231528, 0.8851621808143546, 0.9092243046755152, 0.8063380281690141, 0.9043241402791965, 0.8522160419101685, 0.880938774862295]
2026-02-04 14:14:08,780|INFO|nn.computeOptunaObjective|Trial 71 timings:|1.3328071670002828
2026-02-04 14:14:08,780|INFO|nn.computeOptunaObjective|Trial 71 objective:|0.7272978419911302
2026-02-04 14:14:09,905|INFO|nn.computeOptunaObjective|Trial 72 params:|{'n_layers': 2, 'architecture': 'linear', 'lr': 0.001, 'n_epochs': 150}
2026-02-04 14:14:09,905|INFO|nn.computeOptunaObjective|Trial 72 balacc:|[0.7055785465982454, 0.7327342579049063, 0.6925087108013938, 0.639821029082774, 0.8324468085106382, 0.6730769230769231, 0.6960736224978394, 0.6868070813445463, 0.7160705225773719, 0.6967672413793103, 0.7265010351966874, 0.7762622557193357, 0.685029532030895, 0.7919645897173987, 0.6947059191851728, 0.7733992623987386]
2026-02-04 14:14:09,905|INFO|nn.computeOptunaObjective|Trial 72 rocauc:|[0.8239550571097499, 0.8294350542644058, 0.8153310104529617, 0.8527218493661447, 0.8670212765957446, 0.7932692307692307, 0.8293976128745941, 0.7810945273631841, 0.8599854134956875, 0.869996921182266, 0.8760524499654934, 0.901820849729874, 0.7967969104952295, 0.9068210191805698, 0.8504993529804642, 0.8802800133339683]
2026-02-04 14:14:09,905|INFO|nn.computeOptunaObjective|Trial 72 timings:|1.1245531660024426
2026-02-04 14:14:09,905|INFO|nn.computeOptunaObjective|Trial 72 objective:|0.7199842086263861
2026-02-04 14:14:11,372|INFO|nn.computeOptunaObjective|Trial 73 params:|{'n_layers': 4, 'architecture': 'outer', 'lr': 0.0001, 'n_epochs': 150}
2026-02-04 14:14:11,372|INFO|nn.computeOptunaObjective|Trial 73 balacc:|[0.5, 0.5747422214999007, 0.5770905923344948, 0.5766219239373602, 0.5, 0.59375, 0.5, 0.5, 0.5150938609842719, 0.5, 0.5119047619047619, 0.6123190822383779, 0.5, 0.5, 0.5165198697612289, 0.6045843452862835]
2026-02-04 14:14:11,372|INFO|nn.computeOptunaObjective|Trial 73 rocauc:|[0.7306861446780335, 0.7497968470664717, 0.7874564459930313, 0.8583146905294556, 0.7840425531914893, 0.8237179487179488, 0.7237054165790764, 0.680783897770033, 0.8096619736174532, 0.7980449507389163, 0.873015873015873, 0.8539318348562661, 0.7567014993184916, 0.8252184769038702, 0.7784714685256303, 0.8025620267631791]
2026-02-04 14:14:11,372|INFO|nn.computeOptunaObjective|Trial 73 timings:|1.4656066659990756
2026-02-04 14:14:11,372|INFO|nn.computeOptunaObjective|Trial 73 objective:|0.5364141661216675
2026-02-04 14:14:12,157|INFO|nn.computeOptunaObjective|Trial 74 params:|{'n_layers': 2, 'architecture': 'outer', 'lr': 0.001, 'n_epochs': 100}
2026-02-04 14:14:12,157|INFO|nn.computeOptunaObjective|Trial 74 balacc:|[0.7014277437510346, 0.709610939559745, 0.6986062717770035, 0.6086875466070096, 0.8074468085106383, 0.6730769230769231, 0.6677878214560998, 0.6686491400863701, 0.6529680365296804, 0.6985529556650246, 0.7116977225672878, 0.7624891616087508, 0.6545320308950477, 0.7786857337419135, 0.698984596760728, 0.7425432957124942]
2026-02-04 14:14:12,157|INFO|nn.computeOptunaObjective|Trial 74 rocauc:|[0.8093444793908292, 0.8097179334380699, 0.8340592334494775, 0.8590604026845637, 0.8457446808510638, 0.8012820512820512, 0.8270852311213884, 0.7689218880218197, 0.8375983003551496, 0.8593134236453203, 0.8782608695652173, 0.900153404922297, 0.7944116310767833, 0.8959255476109408, 0.833160273000501, 0.8718880793265289]
2026-02-04 14:14:12,157|INFO|nn.computeOptunaObjective|Trial 74 timings:|0.7838129580013629
2026-02-04 14:14:12,157|INFO|nn.computeOptunaObjective|Trial 74 objective:|0.7022341705191095
2026-02-04 14:14:13,694|INFO|nn.computeOptunaObjective|Trial 75 params:|{'n_layers': 4, 'architecture': 'linear', 'lr': 0.0001, 'n_epochs': 150}
2026-02-04 14:14:13,694|INFO|nn.computeOptunaObjective|Trial 75 balacc:|[0.5382697401092534, 0.5, 0.5, 0.5, 0.6037234042553192, 0.59375, 0.5192581692476584, 0.500694497057858, 0.5168061897513953, 0.5, 0.5, 0.5287800973787767, 0.5143684688777829, 0.5284303711270003, 0.5224213140758056, 0.5690747178437068]
2026-02-04 14:14:13,694|INFO|nn.computeOptunaObjective|Trial 75 rocauc:|[0.7403410031451747, 0.7580945157736967, 0.8013937282229966, 0.8616703952274423, 0.7851063829787235, 0.828525641025641, 0.7308294209702662, 0.6958355430966991, 0.8141647640791476, 0.805957512315271, 0.8806763285024155, 0.8597345427866337, 0.7726033621081326, 0.8367949154466009, 0.7846494615127735, 0.8046944034372008]
2026-02-04 14:14:13,694|INFO|nn.computeOptunaObjective|Trial 75 timings:|1.5358065420005005
2026-02-04 14:14:13,694|INFO|nn.computeOptunaObjective|Trial 75 objective:|0.5272235606077849
2026-02-04 14:14:14,785|INFO|nn.computeOptunaObjective|Trial 76 params:|{'n_layers': 2, 'architecture': 'inner', 'lr': 0.0001, 'n_epochs': 150}
2026-02-04 14:14:14,785|INFO|nn.computeOptunaObjective|Trial 76 balacc:|[0.541841168680682, 0.5646094046264695, 0.5326655052264808, 0.4966442953020134, 0.6143617021276595, 0.59375, 0.5, 0.5, 0.5084030948756977, 0.5, 0.5342650103519669, 0.5500566931234576, 0.5, 0.5132788559754852, 0.5559045750542662, 0.592726637776402]
2026-02-04 14:14:14,785|INFO|nn.computeOptunaObjective|Trial 76 rocauc:|[0.7137228935606688, 0.7134098994167253, 0.7388937282229965, 0.7733035048471291, 0.7457446808510638, 0.8285256410256411, 0.7150164669609698, 0.6481046543930096, 0.7511891171993912, 0.7374538177339902, 0.8285714285714286, 0.8156473020743014, 0.7058155383916402, 0.7568947906026557, 0.7556588119886458, 0.7779735542962364]
2026-02-04 14:14:14,785|INFO|nn.computeOptunaObjective|Trial 76 timings:|1.0899455409999064
2026-02-04 14:14:14,785|INFO|nn.computeOptunaObjective|Trial 76 objective:|0.5374066839450362
2026-02-04 14:14:15,966|INFO|nn.computeOptunaObjective|Trial 77 params:|{'n_layers': 3, 'architecture': 'bottom', 'lr': 0.0001, 'n_epochs': 150}
2026-02-04 14:14:15,966|INFO|nn.computeOptunaObjective|Trial 77 balacc:|[0.5108094686310213, 0.5017064846416383, 0.5, 0.5, 0.5, 0.5, 0.5, 0.5, 0.5, 0.5, 0.5, 0.5090708997532182, 0.5, 0.5, 0.5038351561195525, 0.5184241577641263]
2026-02-04 14:14:15,966|INFO|nn.computeOptunaObjective|Trial 77 rocauc:|[0.6798874358549909, 0.6762013110135977, 0.649390243902439, 0.6968680089485458, 0.6659574468085107, 0.6426282051282052, 0.6879218928830028, 0.6196176478016011, 0.6808567985794013, 0.6891471674876847, 0.7867494824016563, 0.7806976589074902, 0.6746933212176284, 0.6821019180569742, 0.7077063157455334, 0.7258176315274272]
2026-02-04 14:14:15,966|INFO|nn.computeOptunaObjective|Trial 77 timings:|1.1797868329995254
2026-02-04 14:14:15,966|INFO|nn.computeOptunaObjective|Trial 77 objective:|0.5027403854318473
2026-02-04 14:14:17,455|INFO|nn.computeOptunaObjective|Trial 78 params:|{'n_layers': 4, 'architecture': 'linear', 'lr': 0.001, 'n_epochs': 150}
2026-02-04 14:14:17,455|INFO|nn.computeOptunaObjective|Trial 78 balacc:|[0.6926502234729349, 0.7483702620221391, 0.7195121951219512, 0.7375093214019388, 0.7718085106382979, 0.7227564102564102, 0.6442552495737276, 0.6537237669520418, 0.7116311516996449, 0.7264778325123153, 0.767184265010352, 0.7574534782898686, 0.647489777373921, 0.8052434456928839, 0.722292953748539, 0.7726346757252991]
2026-02-04 14:14:17,455|INFO|nn.computeOptunaObjective|Trial 78 rocauc:|[0.8339058102963086, 0.8430169564981851, 0.8262195121951219, 0.8627889634601045, 0.8734042553191489, 0.7660256410256411, 0.8130240814705814, 0.7907164684193246, 0.8510749619482497, 0.8591594827586206, 0.8629399585921326, 0.9006202894684185, 0.8041799182189913, 0.9056860742254, 0.8449266363332777, 0.8643692027662694]
2026-02-04 14:14:17,455|INFO|nn.computeOptunaObjective|Trial 78 timings:|1.4876937080007337
2026-02-04 14:14:17,455|INFO|nn.computeOptunaObjective|Trial 78 objective:|0.7250620949682666
2026-02-04 14:14:18,239|INFO|nn.computeOptunaObjective|Trial 79 params:|{'n_layers': 2, 'architecture': 'bottom', 'lr': 0.001, 'n_epochs': 100}
2026-02-04 14:14:18,239|INFO|nn.computeOptunaObjective|Trial 79 balacc:|[0.6722769409038238, 0.6693166838218032, 0.6955574912891986, 0.6608873974645787, 0.8218085106382979, 0.7115384615384616, 0.594725901011375, 0.6330277546278759, 0.6824581430745814, 0.6545566502463054, 0.7503105590062111, 0.7290068698726072, 0.5900159018627896, 0.7427647259107932, 0.6806958590749708, 0.7306855882026129]
2026-02-04 14:14:18,239|INFO|nn.computeOptunaObjective|Trial 79 rocauc:|[0.7944504221155438, 0.7850912833847987, 0.8303571428571429, 0.8475018642803878, 0.9010638297872341, 0.8221153846153847, 0.8019059631420362, 0.7459908578932748, 0.8108352359208523, 0.8423799261083743, 0.8780538302277433, 0.8928166477689589, 0.777373920945025, 0.8895698558619907, 0.8095649315411587, 0.8551518326269506]
2026-02-04 14:14:18,239|INFO|nn.computeOptunaObjective|Trial 79 timings:|0.783270290998189
2026-02-04 14:14:18,239|INFO|nn.computeOptunaObjective|Trial 79 objective:|0.6887270899091429
2026-02-04 14:14:19,405|INFO|nn.computeOptunaObjective|Trial 80 params:|{'n_layers': 4, 'architecture': 'bottom', 'lr': 0.001, 'n_epochs': 150}
2026-02-04 14:14:19,406|INFO|nn.computeOptunaObjective|Trial 80 balacc:|[0.7015787949015064, 0.7547470068801126, 0.7430313588850175, 0.7552199850857569, 0.7111702127659575, 0.7227564102564102, 0.6556302992081844, 0.6568048084450842, 0.67132800608828, 0.6738608374384236, 0.7271221532091097, 0.73774428066431, 0.6510109041344843, 0.7749404153898536, 0.7261281098680915, 0.7739416162674413]
2026-02-04 14:14:19,406|INFO|nn.computeOptunaObjective|Trial 80 rocauc:|[0.8251448435689456, 0.8260559438033841, 0.8127177700348432, 0.860924683072334, 0.8340425531914893, 0.7692307692307693, 0.807114661434611, 0.7808167285400409, 0.8368372653475393, 0.8435806650246306, 0.8484472049689441, 0.8745414526779163, 0.795774647887324, 0.8975144705481783, 0.8465650567707463, 0.8621415834616465]
2026-02-04 14:14:19,406|INFO|nn.computeOptunaObjective|Trial 80 timings:|1.1651684170028602
2026-02-04 14:14:19,406|INFO|nn.computeOptunaObjective|Trial 80 objective:|0.7148134499680014
2026-02-04 14:14:20,327|INFO|nn.computeOptunaObjective|Trial 81 params:|{'n_layers': 3, 'architecture': 'linear', 'lr': 0.0001, 'n_epochs': 100}
2026-02-04 14:14:20,327|INFO|nn.computeOptunaObjective|Trial 81 balacc:|[0.5, 0.49933862433862436, 0.5, 0.5, 0.5, 0.5, 0.5, 0.5, 0.5, 0.5, 0.5, 0.5, 0.5, 0.5, 0.5, 0.5]
2026-02-04 14:14:20,327|INFO|nn.computeOptunaObjective|Trial 81 rocauc:|[0.6831691772885283, 0.6815600339491125, 0.6574477351916376, 0.7244593586875465, 0.6882978723404256, 0.6810897435897436, 0.6934342372643824, 0.6243149733565674, 0.6962677574835109, 0.7050646551724138, 0.7914423740510698, 0.7708930834389381, 0.6868468877782826, 0.7195551015775735, 0.7229843254299549, 0.7276060764798323]
2026-02-04 14:14:20,327|INFO|nn.computeOptunaObjective|Trial 81 timings:|0.9200977500004228
2026-02-04 14:14:20,327|INFO|nn.computeOptunaObjective|Trial 81 objective:|0.499958664021164
2026-02-04 14:14:22,754|INFO|nn.computeOptunaObjective|Trial 82 params:|{'n_layers': 3, 'architecture': 'top', 'lr': 0.0001, 'n_epochs': 200}
2026-02-04 14:14:22,754|INFO|nn.computeOptunaObjective|Trial 82 balacc:|[0.6688565634828672, 0.7076922729653106, 0.7465156794425087, 0.7509321401938851, 0.7930851063829787, 0.7483974358974359, 0.5282858010417396, 0.5387024269515367, 0.7083650431253171, 0.6664408866995074, 0.7120082815734989, 0.759020876408991, 0.652771467514766, 0.7635342185903984, 0.6938240941726499, 0.7542740130482404]
2026-02-04 14:14:22,754|INFO|nn.computeOptunaObjective|Trial 82 rocauc:|[0.810511504717762, 0.8085125593658018, 0.8342770034843207, 0.866144668158091, 0.8478723404255318, 0.7900641025641025, 0.779529582136267, 0.7380357097759932, 0.8281170725520041, 0.8442272167487685, 0.8779848171152519, 0.8901487360768358, 0.7840754202635165, 0.8961525366019749, 0.8268727041242279, 0.8615066325909699]
2026-02-04 14:14:22,754|INFO|nn.computeOptunaObjective|Trial 82 timings:|2.42556466699898
2026-02-04 14:14:22,754|INFO|nn.computeOptunaObjective|Trial 82 objective:|0.699544144218227
2026-02-04 14:14:23,783|INFO|nn.computeOptunaObjective|Trial 83 params:|{'n_layers': 2, 'architecture': 'top', 'lr': 0.0001, 'n_epochs': 100}
2026-02-04 14:14:23,783|INFO|nn.computeOptunaObjective|Trial 83 balacc:|[0.5, 0.5, 0.5, 0.5, 0.5, 0.5, 0.5, 0.5, 0.5, 0.5, 0.5, 0.5, 0.5, 0.5, 0.5, 0.5019762845849802]
2026-02-04 14:14:23,783|INFO|nn.computeOptunaObjective|Trial 83 rocauc:|[0.6882966396292005, 0.6788648716976363, 0.6746515679442509, 0.7069351230425056, 0.7297872340425532, 0.7307692307692307, 0.6962604816294116, 0.6260575296108292, 0.6850424911212581, 0.6980757389162561, 0.7815044858523119, 0.7656906556392983, 0.6916174466151749, 0.7131994098286233, 0.7226451619636001, 0.7384214063103534]
2026-02-04 14:14:23,783|INFO|nn.computeOptunaObjective|Trial 83 timings:|1.0284425000027113
2026-02-04 14:14:23,784|INFO|nn.computeOptunaObjective|Trial 83 objective:|0.5001235177865613
2026-02-04 14:14:24,849|INFO|nn.computeOptunaObjective|Trial 84 params:|{'n_layers': 4, 'architecture': 'outer', 'lr': 0.0001, 'n_epochs': 100}
2026-02-04 14:14:24,849|INFO|nn.computeOptunaObjective|Trial 84 balacc:|[0.5, 0.5, 0.5, 0.5, 0.5, 0.5, 0.5, 0.5, 0.5, 0.5, 0.5, 0.5, 0.5, 0.5, 0.5, 0.5]
2026-02-04 14:14:24,849|INFO|nn.computeOptunaObjective|Trial 84 rocauc:|[0.6874524085416321, 0.6860880871119778, 0.67051393728223, 0.7408650260999255, 0.6893617021276596, 0.6778846153846154, 0.695653189451802, 0.6234310680102029, 0.71580098934551, 0.7213823891625615, 0.8085576259489302, 0.7870339491762823, 0.6970695138573375, 0.7374872318692544, 0.7313486183002171, 0.7371620870835118]
2026-02-04 14:14:24,849|INFO|nn.computeOptunaObjective|Trial 84 timings:|1.0641968749987427
2026-02-04 14:14:24,849|INFO|nn.computeOptunaObjective|Trial 84 objective:|0.5
2026-02-04 14:14:25,687|INFO|nn.computeOptunaObjective|Trial 85 params:|{'n_layers': 3, 'architecture': 'bottom', 'lr': 0.001, 'n_epochs': 100}
2026-02-04 14:14:25,687|INFO|nn.computeOptunaObjective|Trial 85 balacc:|[0.7083802350604205, 0.7276148039799917, 0.7282229965156795, 0.7097315436241611, 0.8430851063829787, 0.6730769230769231, 0.5605423586293883, 0.5733262620905624, 0.7141996448503297, 0.6973522167487685, 0.7628364389233955, 0.7740278796771827, 0.652771467514766, 0.7786857337419135, 0.7168402487894474, 0.7732087771375357]
2026-02-04 14:14:25,687|INFO|nn.computeOptunaObjective|Trial 85 rocauc:|[0.8217927495447774, 0.8180156021452949, 0.8381968641114983, 0.8695003728560775, 0.8553191489361702, 0.7868589743589743, 0.7952724639712236, 0.7503598757481627, 0.8339516742770168, 0.8474291871921181, 0.8605244996549344, 0.8842126325618621, 0.7897546569741027, 0.8984224265123142, 0.8349708841208883, 0.8637395431528486]
2026-02-04 14:14:25,687|INFO|nn.computeOptunaObjective|Trial 85 timings:|0.8364606670002104
2026-02-04 14:14:25,687|INFO|nn.computeOptunaObjective|Trial 85 objective:|0.7121189147964653
2026-02-04 14:14:26,473|INFO|nn.computeOptunaObjective|Trial 86 params:|{'n_layers': 2, 'architecture': 'bottom', 'lr': 0.0001, 'n_epochs': 100}
2026-02-04 14:14:26,473|INFO|nn.computeOptunaObjective|Trial 86 balacc:|[0.5, 0.5, 0.5, 0.5, 0.5, 0.5, 0.5, 0.5, 0.5, 0.5, 0.5, 0.5, 0.5, 0.5, 0.5, 0.5]
2026-02-04 14:14:26,473|INFO|nn.computeOptunaObjective|Trial 86 rocauc:|[0.6084878331402085, 0.5944751431099554, 0.5283101045296168, 0.551826994780015, 0.6393617021276596, 0.5993589743589743, 0.6535631700651672, 0.6043134580902595, 0.5287766362252664, 0.5671644088669952, 0.6061421670117323, 0.5697325418528647, 0.6075647432985007, 0.5543071161048689, 0.6202386667223243, 0.595028334682604]
2026-02-04 14:14:26,473|INFO|nn.computeOptunaObjective|Trial 86 timings:|0.7847316669976863
2026-02-04 14:14:26,473|INFO|nn.computeOptunaObjective|Trial 86 objective:|0.5
2026-02-04 14:14:28,005|INFO|nn.computeOptunaObjective|Trial 87 params:|{'n_layers': 4, 'architecture': 'bottom', 'lr': 0.0001, 'n_epochs': 200}
2026-02-04 14:14:28,005|INFO|nn.computeOptunaObjective|Trial 87 balacc:|[0.570213954643271, 0.5, 0.5531358885017421, 0.5, 0.5, 0.59375, 0.5, 0.5, 0.5924340436326737, 0.5291256157635468, 0.5, 0.5, 0.5431054066333485, 0.5, 0.5, 0.5]
2026-02-04 14:14:28,005|INFO|nn.computeOptunaObjective|Trial 87 rocauc:|[0.6969707002151961, 0.7021191108221826, 0.7632839721254356, 0.8206562266964952, 0.7542553191489362, 0.8125, 0.6875715320113049, 0.6454024294769806, 0.7763349822425165, 0.763716133004926, 0.8438923395445134, 0.7994397385446542, 0.7339845524761472, 0.773464986948133, 0.7421079270328936, 0.7596869692207565]
2026-02-04 14:14:28,005|INFO|nn.computeOptunaObjective|Trial 87 timings:|1.531405084002472
2026-02-04 14:14:28,005|INFO|nn.computeOptunaObjective|Trial 87 objective:|0.5238603068234113
2026-02-04 14:14:29,675|INFO|nn.computeOptunaObjective|Trial 88 params:|{'n_layers': 4, 'architecture': 'top', 'lr': 0.001, 'n_epochs': 100}
2026-02-04 14:14:29,675|INFO|nn.computeOptunaObjective|Trial 88 balacc:|[0.7057295977487171, 0.7739675316467125, 0.76698606271777, 0.7375093214019388, 0.7861702127659574, 0.7227564102564102, 0.6564127718216429, 0.589792155971412, 0.7200342465753424, 0.6952586206896552, 0.7880952380952382, 0.7602547855665978, 0.660097682871422, 0.8014981273408239, 0.729963265987644, 0.7777989428068004]
2026-02-04 14:14:29,675|INFO|nn.computeOptunaObjective|Trial 88 rocauc:|[0.8374234398278431, 0.8484253390396737, 0.8312282229965158, 0.8717375093214018, 0.8659574468085106, 0.7836538461538461, 0.7973746292014108, 0.7685430714448064, 0.8494894723490614, 0.8530634236453203, 0.8682539682539683, 0.8853464950310145, 0.7982735120399818, 0.8998978549540348, 0.8501914969110035, 0.863818912011683]
2026-02-04 14:14:29,675|INFO|nn.computeOptunaObjective|Trial 88 timings:|1.6690312919999997
2026-02-04 14:14:29,675|INFO|nn.computeOptunaObjective|Trial 88 objective:|0.7295203108915054
2026-02-04 14:14:31,571|INFO|nn.computeOptunaObjective|Trial 89 params:|{'n_layers': 2, 'architecture': 'top', 'lr': 0.001, 'n_epochs': 200}
2026-02-04 14:14:31,571|INFO|nn.computeOptunaObjective|Trial 89 balacc:|[0.7210706008938916, 0.7319667912671326, 0.6894599303135889, 0.692020879940343, 0.8324468085106382, 0.7740384615384616, 0.7086515777917922, 0.7025784781675379, 0.7068112633181126, 0.7003386699507389, 0.6907867494824016, 0.764056559727873, 0.6903112221717401, 0.7863466121893088, 0.7199240273835364, 0.7734627574858062]
2026-02-04 14:14:31,571|INFO|nn.computeOptunaObjective|Trial 89 rocauc:|[0.8231811786128126, 0.8268414684796938, 0.7802700348432056, 0.8493661446681581, 0.8648936170212767, 0.798076923076923, 0.8318501389764791, 0.7817006338864055, 0.8628234398782344, 0.8618688423645321, 0.8753968253968254, 0.9101580737677584, 0.7987278509768286, 0.9037566678016117, 0.8529074135915844, 0.8808805710324832]
2026-02-04 14:14:31,571|INFO|nn.computeOptunaObjective|Trial 89 timings:|1.8945439169983729
2026-02-04 14:14:31,571|INFO|nn.computeOptunaObjective|Trial 89 objective:|0.7302669618833064
2026-02-04 14:14:31,572|INFO|mtg.runMTGExperiment|Best trial number:|29
2026-02-04 14:14:31,572|INFO|mtg.runMTGExperiment|Best trial objective:|0.7370852053007724
2026-02-04 14:14:31,572|INFO|mtg.runMTGExperiment|Best trial params:|{'n_layers': 3, 'architecture': 'bottom', 'lr': 0.001, 'n_epochs': 150}
2026-02-04 14:14:31,610|INFO|nn.loadModellingDataset|Trainval descriptors loaded (features, instances):|1024|7011
2026-02-04 14:14:31,610|INFO|nn.loadModellingDataset|Trainval endpoints loaded (tasks, instances):|16|7011
2026-02-04 14:14:31,622|INFO|nn.loadModellingDataset|Test descriptors loaded (features, instances):|1024|778
2026-02-04 14:14:31,622|INFO|nn.loadModellingDataset|Test endpoints loaded (tasks, instances):|16|778
2026-02-04 14:14:31,622|INFO|mtg.runMTGExperiment|Final neural network hyperparams:|{'n_layers': 3, 'architecture': 'bottom', 'lr': 0.001, 'n_epochs': 150, 'best_trial_num': 29}
2026-02-04 14:14:33,551|INFO|nn.testFinalModel|Final model test balacc:|[0.748500388788092, 0.7301160434702523, 0.7277911164465787, 0.7431818181818182, 0.7573099415204678, 0.9333333333333333, 0.7278221335107562, 0.6658823529411765, 0.6803350970017636, 0.6985529035895508, 0.8335635359116023, 0.671602787456446, 0.7169421487603306, 0.7556451612903226, 0.730117853447888, 0.7705211024978467]
2026-02-04 14:14:33,551|INFO|nn.testFinalModel|Final model test rocauc:|[0.8215925500796091, 0.798388285135384, 0.8031212484993998, 0.8954545454545455, 0.7865497076023392, 0.9500000000000001, 0.825571080062098, 0.7627149321266968, 0.8525132275132276, 0.8024807367036272, 0.9419889502762431, 0.7979094076655052, 0.7701446280991736, 0.8217741935483871, 0.82727947460753, 0.843776916451335]
2026-02-04 14:14:33,561|INFO|mtg.runMTGExperiment|Mechanistic task grouping experiment timing:|128.840784041
2026-02-04 14:14:33,561|INFO|mtg.runMTGExperiment|DONE
