2026-02-04 14:16:12,902|INFO|__main__.startLogging|>>>> START LOGGING A GMTAMES EXPERIMENT
2026-02-04 14:16:12,902|INFO|__main__.startLogging|mode:|mtg
2026-02-04 14:16:12,902|INFO|__main__.startLogging|tasks:|TA1537,TA1537_S9,TA1538,TA1538_S9,TA97,TA97_S9,TA98,TA98_S9
2026-02-04 14:16:12,902|INFO|__main__.startLogging|testsplit:|scaffold
2026-02-04 14:16:12,903|INFO|__main__.startLogging|output:|mtg_experiment_scaffold
2026-02-04 14:16:12,903|INFO|__main__.startLogging|device:|mps
2026-02-04 14:16:12,903|INFO|__main__.startLogging|DONE
2026-02-04 14:16:12,903|INFO|mtg.runMTGExperiment|>>>> RUNNING MECHANISTIC TASK GROUPING EXPERIMENT
2026-02-04 14:16:14,289|INFO|mtg.runMTGExperiment|Device confirmed:|mps
2026-02-04 14:16:14,406|INFO|nn.loadModellingDataset|Train descriptors loaded (features, instances):|1024|5247
2026-02-04 14:16:14,406|INFO|nn.loadModellingDataset|Train endpoints loaded (tasks, instances):|8|5247
2026-02-04 14:16:14,420|INFO|nn.loadModellingDataset|Val descriptors loaded (features, instances):|1024|2208
2026-02-04 14:16:14,420|INFO|nn.loadModellingDataset|Val endpoints loaded (tasks, instances):|8|2208
2026-02-04 14:16:15,996|INFO|nn.computeOptunaObjective|Trial 0 params:|{'n_layers': 2, 'architecture': 'top', 'lr': 0.001, 'n_epochs': 100}
2026-02-04 14:16:15,996|INFO|nn.computeOptunaObjective|Trial 0 balacc:|[0.6749112125824455, 0.6512931034482758, 0.7174948240165632, 0.8097445474554792, 0.6079054975011358, 0.7388491658154579, 0.6893940975121056, 0.7636448296479726]
2026-02-04 14:16:15,996|INFO|nn.computeOptunaObjective|Trial 0 rocauc:|[0.8365835870116692, 0.865332512315271, 0.8985507246376812, 0.9184952978056427, 0.7766924125397546, 0.881284757689252, 0.8188501836700617, 0.8583265869803325]
2026-02-04 14:16:15,996|INFO|nn.computeOptunaObjective|Trial 0 timings:|1.5760702500010666
2026-02-04 14:16:15,996|INFO|nn.computeOptunaObjective|Trial 0 objective:|0.7066546597474295
2026-02-04 14:16:16,812|INFO|nn.computeOptunaObjective|Trial 1 params:|{'n_layers': 4, 'architecture': 'linear', 'lr': 0.0001, 'n_epochs': 100}
2026-02-04 14:16:16,812|INFO|nn.computeOptunaObjective|Trial 1 balacc:|[0.5, 0.5, 0.5, 0.5, 0.5, 0.5, 0.5, 0.5]
2026-02-04 14:16:16,812|INFO|nn.computeOptunaObjective|Trial 1 rocauc:|[0.7484937848807712, 0.7572506157635468, 0.8450655624568668, 0.8268525311812179, 0.6899136756019991, 0.7883327658608558, 0.7311399023209217, 0.7588192030308322]
2026-02-04 14:16:16,812|INFO|nn.computeOptunaObjective|Trial 1 timings:|0.8152516250011104
2026-02-04 14:16:16,812|INFO|nn.computeOptunaObjective|Trial 1 objective:|0.5
2026-02-04 14:16:17,516|INFO|nn.computeOptunaObjective|Trial 2 params:|{'n_layers': 3, 'architecture': 'linear', 'lr': 0.001, 'n_epochs': 100}
2026-02-04 14:16:17,516|INFO|nn.computeOptunaObjective|Trial 2 balacc:|[0.6917174023338407, 0.6709051724137931, 0.7384057971014493, 0.8066097512172348, 0.6096660608814175, 0.7276132107592781, 0.6864459843045583, 0.7636448296479726]
2026-02-04 14:16:17,516|INFO|nn.computeOptunaObjective|Trial 2 rocauc:|[0.841466894977169, 0.8613762315270936, 0.9035886818495514, 0.9187620889748549, 0.7770331667423898, 0.8744750879582341, 0.8236636959425613, 0.8567074622601075]
2026-02-04 14:16:17,516|INFO|nn.computeOptunaObjective|Trial 2 timings:|0.7035915829983423
2026-02-04 14:16:17,516|INFO|nn.computeOptunaObjective|Trial 2 objective:|0.711876026082443
2026-02-04 14:16:19,759|INFO|nn.computeOptunaObjective|Trial 3 params:|{'n_layers': 4, 'architecture': 'top', 'lr': 0.001, 'n_epochs': 200}
2026-02-04 14:16:19,759|INFO|nn.computeOptunaObjective|Trial 3 balacc:|[0.658802638254693, 0.6717980295566502, 0.718944099378882, 0.7987727606216235, 0.6096660608814175, 0.7352740892066735, 0.6567978794456504, 0.7612558269970527]
2026-02-04 14:16:19,759|INFO|nn.computeOptunaObjective|Trial 3 rocauc:|[0.8276255707762556, 0.8479525862068965, 0.8687715665976535, 0.9184286000133396, 0.759029986369832, 0.8688003631823857, 0.8072821005176156, 0.8446698520035345]
2026-02-04 14:16:19,759|INFO|nn.computeOptunaObjective|Trial 3 timings:|2.242498167001031
2026-02-04 14:16:19,759|INFO|nn.computeOptunaObjective|Trial 3 objective:|0.7014139230428303
2026-02-04 14:16:21,956|INFO|nn.computeOptunaObjective|Trial 4 params:|{'n_layers': 4, 'architecture': 'top', 'lr': 0.0001, 'n_epochs': 200}
2026-02-04 14:16:21,957|INFO|nn.computeOptunaObjective|Trial 4 balacc:|[0.6917174023338407, 0.670012315270936, 0.7488612836438924, 0.7884679517107984, 0.620513402998637, 0.731358529111338, 0.6684494489898146, 0.7452206718838463]
2026-02-04 14:16:21,957|INFO|nn.computeOptunaObjective|Trial 4 rocauc:|[0.8317319888381532, 0.8570966748768474, 0.8932367149758454, 0.9082905355832721, 0.774534302589732, 0.8807172852116673, 0.8192284813825347, 0.8530670772682298]
2026-02-04 14:16:21,957|INFO|nn.computeOptunaObjective|Trial 4 timings:|2.1973868749992107
2026-02-04 14:16:21,957|INFO|nn.computeOptunaObjective|Trial 4 objective:|0.7080751257428879
2026-02-04 14:16:23,254|INFO|nn.computeOptunaObjective|Trial 5 params:|{'n_layers': 3, 'architecture': 'top', 'lr': 0.001, 'n_epochs': 150}
2026-02-04 14:16:23,254|INFO|nn.computeOptunaObjective|Trial 5 balacc:|[0.6622272957889397, 0.6694273399014778, 0.7384057971014493, 0.764056559727873, 0.6240345297592004, 0.7521280217909432, 0.6815776840874938, 0.7576842283494981]
2026-02-04 14:16:23,254|INFO|nn.computeOptunaObjective|Trial 5 rocauc:|[0.830812404870624, 0.8552955665024631, 0.9010351966873709, 0.912492496498366, 0.7839618355293049, 0.8809442742027012, 0.822411400066789, 0.8470323983681762]
2026-02-04 14:16:23,255|INFO|nn.computeOptunaObjective|Trial 5 timings:|1.297408667000127
2026-02-04 14:16:23,255|INFO|nn.computeOptunaObjective|Trial 5 objective:|0.7061926820633595
2026-02-04 14:16:24,161|INFO|nn.computeOptunaObjective|Trial 6 params:|{'n_layers': 2, 'architecture': 'outer', 'lr': 0.001, 'n_epochs': 200}
2026-02-04 14:16:24,161|INFO|nn.computeOptunaObjective|Trial 6 balacc:|[0.6723427194317605, 0.6572352216748769, 0.6803312629399586, 0.7534182618555325, 0.6114266242616992, 0.7502553626149131, 0.695441643012189, 0.7589911688916404]
2026-02-04 14:16:24,161|INFO|nn.computeOptunaObjective|Trial 6 rocauc:|[0.8360920852359208, 0.8550646551724138, 0.8913733609385783, 0.9150937103981859, 0.7570422535211268, 0.874702076949268, 0.814660210385707, 0.854694138874338]
2026-02-04 14:16:24,161|INFO|nn.computeOptunaObjective|Trial 6 timings:|0.9064645420003217
2026-02-04 14:16:24,161|INFO|nn.computeOptunaObjective|Trial 6 objective:|0.6974302830853213
2026-02-04 14:16:25,017|INFO|nn.computeOptunaObjective|Trial 7 params:|{'n_layers': 3, 'architecture': 'linear', 'lr': 0.001, 'n_epochs': 150}
2026-02-04 14:16:25,017|INFO|nn.computeOptunaObjective|Trial 7 balacc:|[0.6798896499238966, 0.7098522167487684, 0.7488612836438924, 0.7975388514640165, 0.6689004997728305, 0.7332311882873681, 0.6916064868926365, 0.7609992010201544]
2026-02-04 14:16:25,017|INFO|nn.computeOptunaObjective|Trial 7 rocauc:|[0.8381373668188737, 0.8556496305418719, 0.8983781918564526, 0.9170279463749751, 0.7796456156292595, 0.8793553512654636, 0.8207651527800968, 0.8494478573053743]
2026-02-04 14:16:25,017|INFO|nn.computeOptunaObjective|Trial 7 timings:|0.8555625840017456
2026-02-04 14:16:25,017|INFO|nn.computeOptunaObjective|Trial 7 objective:|0.7238599222191955
2026-02-04 14:16:25,793|INFO|nn.computeOptunaObjective|Trial 8 params:|{'n_layers': 4, 'architecture': 'linear', 'lr': 0.001, 'n_epochs': 100}
2026-02-04 14:16:25,794|INFO|nn.computeOptunaObjective|Trial 8 balacc:|[0.6680618975139523, 0.6958743842364532, 0.7459627329192546, 0.7821983592343094, 0.6222739663789186, 0.7257405515832482, 0.6821673067290032, 0.7563137927202883]
2026-02-04 14:16:25,794|INFO|nn.computeOptunaObjective|Trial 8 rocauc:|[0.8427194317605277, 0.8663639162561577, 0.9004140786749482, 0.9094243980524244, 0.7786233530213539, 0.8786743842923618, 0.8207208006344966, 0.8490404304966903]
2026-02-04 14:16:25,794|INFO|nn.computeOptunaObjective|Trial 8 timings:|0.7758382079991861
2026-02-04 14:16:25,794|INFO|nn.computeOptunaObjective|Trial 8 objective:|0.7098241239144285
2026-02-04 14:16:27,008|INFO|nn.computeOptunaObjective|Trial 9 params:|{'n_layers': 2, 'architecture': 'top', 'lr': 0.0001, 'n_epochs': 200}
2026-02-04 14:16:27,008|INFO|nn.computeOptunaObjective|Trial 9 balacc:|[0.6118087265347539, 0.6126539408866994, 0.6594202898550725, 0.7017941706129527, 0.5683212176283507, 0.6251276813074566, 0.6292160627817666, 0.7097427919848035]
2026-02-04 14:16:27,008|INFO|nn.computeOptunaObjective|Trial 9 rocauc:|[0.7973268645357687, 0.8337900246305419, 0.8882677708764665, 0.8939505102381111, 0.7387551113130395, 0.8615367154692999, 0.7911248747704125, 0.8292934584186549]
2026-02-04 14:16:27,008|INFO|nn.computeOptunaObjective|Trial 9 timings:|1.213984291000088
2026-02-04 14:16:27,008|INFO|nn.computeOptunaObjective|Trial 9 objective:|0.6397606101989819
2026-02-04 14:16:28,210|INFO|nn.computeOptunaObjective|Trial 10 params:|{'n_layers': 4, 'architecture': 'top', 'lr': 0.0001, 'n_epochs': 100}
2026-02-04 14:16:28,210|INFO|nn.computeOptunaObjective|Trial 10 balacc:|[0.5, 0.5, 0.5, 0.5, 0.5, 0.5, 0.5, 0.5]
2026-02-04 14:16:28,210|INFO|nn.computeOptunaObjective|Trial 10 rocauc:|[0.8054128614916286, 0.812207512315271, 0.8839199447895101, 0.8853464950310145, 0.7034302589731939, 0.8432641016910679, 0.7724447946234763, 0.8023715415019763]
2026-02-04 14:16:28,210|INFO|nn.computeOptunaObjective|Trial 10 timings:|1.201668082998367
2026-02-04 14:16:28,210|INFO|nn.computeOptunaObjective|Trial 10 objective:|0.5
2026-02-04 14:16:28,745|INFO|nn.computeOptunaObjective|Trial 11 params:|{'n_layers': 2, 'architecture': 'inner', 'lr': 0.001, 'n_epochs': 100}
2026-02-04 14:16:28,745|INFO|nn.computeOptunaObjective|Trial 11 balacc:|[0.6555365296803652, 0.6581280788177339, 0.7532091097308489, 0.7975388514640165, 0.6114266242616992, 0.754000680966973, 0.7022249123392886, 0.7656211142329529]
2026-02-04 14:16:28,745|INFO|nn.computeOptunaObjective|Trial 11 rocauc:|[0.8361396499238964, 0.8627616995073891, 0.8967563837129054, 0.910891749483092, 0.775329395729214, 0.8714107365792759, 0.8133061654700282, 0.855262949029319]
2026-02-04 14:16:28,745|INFO|nn.computeOptunaObjective|Trial 11 timings:|0.5347042079993116
2026-02-04 14:16:28,745|INFO|nn.computeOptunaObjective|Trial 11 objective:|0.7122107376867348
2026-02-04 14:16:29,666|INFO|nn.computeOptunaObjective|Trial 12 params:|{'n_layers': 3, 'architecture': 'outer', 'lr': 0.0001, 'n_epochs': 150}
2026-02-04 14:16:29,666|INFO|nn.computeOptunaObjective|Trial 12 balacc:|[0.5, 0.5, 0.5537267080745342, 0.5819715867404789, 0.526976374375284, 0.5435818862785154, 0.5778875855735516, 0.6446523908545909]
2026-02-04 14:16:29,667|INFO|nn.computeOptunaObjective|Trial 12 rocauc:|[0.7933631405377981, 0.8075584975369459, 0.8780538302277433, 0.8756086173547655, 0.708314402544298, 0.8386108273748724, 0.7749963474703625, 0.806668042393553]
2026-02-04 14:16:29,667|INFO|nn.computeOptunaObjective|Trial 12 timings:|0.9208172500002547
2026-02-04 14:16:29,667|INFO|nn.computeOptunaObjective|Trial 12 objective:|0.5535995664871194
2026-02-04 14:16:30,828|INFO|nn.computeOptunaObjective|Trial 13 params:|{'n_layers': 3, 'architecture': 'outer', 'lr': 0.0001, 'n_epochs': 200}
2026-02-04 14:16:30,828|INFO|nn.computeOptunaObjective|Trial 13 balacc:|[0.631183409436834, 0.6126539408866994, 0.6936853002070393, 0.7155672647235376, 0.593537028623353, 0.651685393258427, 0.6466229754550008, 0.7168515961077512]
2026-02-04 14:16:30,828|INFO|nn.computeOptunaObjective|Trial 13 rocauc:|[0.8041127600202942, 0.8411483990147783, 0.896687370600414, 0.9010871740145402, 0.7412539754656973, 0.8622176824424015, 0.7948765444982467, 0.8316480678974132]
2026-02-04 14:16:30,828|INFO|nn.computeOptunaObjective|Trial 13 timings:|1.161128915999143
2026-02-04 14:16:30,828|INFO|nn.computeOptunaObjective|Trial 13 objective:|0.6577233635873303
2026-02-04 14:16:31,478|INFO|nn.computeOptunaObjective|Trial 14 params:|{'n_layers': 3, 'architecture': 'outer', 'lr': 0.001, 'n_epochs': 100}
2026-02-04 14:16:31,478|INFO|nn.computeOptunaObjective|Trial 14 balacc:|[0.6917174023338407, 0.6717980295566502, 0.7250517598343685, 0.7853331554725538, 0.6240345297592004, 0.731358529111338, 0.6826108281850058, 0.7570783793937277]
2026-02-04 14:16:31,478|INFO|nn.computeOptunaObjective|Trial 14 rocauc:|[0.8419266869609335, 0.8646089901477831, 0.9019323671497584, 0.9196291602747949, 0.7810086324398001, 0.8791283622744297, 0.8194841584571715, 0.8549348910794693]
2026-02-04 14:16:31,478|INFO|nn.computeOptunaObjective|Trial 14 timings:|0.6494200829984038
2026-02-04 14:16:31,478|INFO|nn.computeOptunaObjective|Trial 14 objective:|0.7086228267058357
2026-02-04 14:16:32,932|INFO|nn.computeOptunaObjective|Trial 15 params:|{'n_layers': 4, 'architecture': 'outer', 'lr': 0.001, 'n_epochs': 200}
2026-02-04 14:16:32,932|INFO|nn.computeOptunaObjective|Trial 15 balacc:|[0.6596588026382547, 0.6931958128078818, 0.7369565217391305, 0.7865670646301608, 0.593537028623353, 0.7446373850868233, 0.6653500166972783, 0.7554539634162474]
2026-02-04 14:16:32,932|INFO|nn.computeOptunaObjective|Trial 15 rocauc:|[0.8205542871638762, 0.8503694581280788, 0.8933747412008282, 0.905555926098846, 0.7649363925488415, 0.862387924185677, 0.8143367006177993, 0.8403098560248901]
2026-02-04 14:16:32,932|INFO|nn.computeOptunaObjective|Trial 15 timings:|1.4536029580012837
2026-02-04 14:16:32,932|INFO|nn.computeOptunaObjective|Trial 15 objective:|0.7044195744548912
2026-02-04 14:16:33,554|INFO|nn.computeOptunaObjective|Trial 16 params:|{'n_layers': 4, 'architecture': 'bottom', 'lr': 0.001, 'n_epochs': 100}
2026-02-04 14:16:33,554|INFO|nn.computeOptunaObjective|Trial 16 balacc:|[0.7193366311516997, 0.6682266009852217, 0.7802277432712215, 0.7699926632428467, 0.6134711494775102, 0.7162070139598229, 0.70577308398731, 0.7510225354646518]
2026-02-04 14:16:33,554|INFO|nn.computeOptunaObjective|Trial 16 rocauc:|[0.8223458904109588, 0.8538331280788178, 0.8982746721877156, 0.891149202961382, 0.7587460245343024, 0.8661899897854954, 0.8077856278176657, 0.8382991782677482]
2026-02-04 14:16:33,554|INFO|nn.computeOptunaObjective|Trial 16 timings:|0.6217855409995536
2026-02-04 14:16:33,554|INFO|nn.computeOptunaObjective|Trial 16 objective:|0.7155321776925355
2026-02-04 14:16:34,689|INFO|nn.computeOptunaObjective|Trial 17 params:|{'n_layers': 3, 'architecture': 'inner', 'lr': 0.0001, 'n_epochs': 200}
2026-02-04 14:16:34,689|INFO|nn.computeOptunaObjective|Trial 17 balacc:|[0.6219241501775749, 0.6290024630541872, 0.6803312629399586, 0.7139998666044154, 0.5791685597455702, 0.6819884235614573, 0.6559160544331274, 0.7175844352376568]
2026-02-04 14:16:34,689|INFO|nn.computeOptunaObjective|Trial 17 rocauc:|[0.8132134703196345, 0.852201354679803, 0.9013112491373361, 0.9073567664910291, 0.7493184915947297, 0.8677789127227329, 0.8031938762731674, 0.8376801011688386]
2026-02-04 14:16:34,689|INFO|nn.computeOptunaObjective|Trial 17 timings:|1.133756582999922
2026-02-04 14:16:34,689|INFO|nn.computeOptunaObjective|Trial 17 objective:|0.6599894019692435
2026-02-04 14:16:36,375|INFO|nn.computeOptunaObjective|Trial 18 params:|{'n_layers': 4, 'architecture': 'top', 'lr': 0.001, 'n_epochs': 150}
2026-02-04 14:16:36,375|INFO|nn.computeOptunaObjective|Trial 18 balacc:|[0.6521118721461188, 0.6717980295566502, 0.7265010351966874, 0.8003401587407457, 0.6384029986369831, 0.7390194075587333, 0.6653500166972783, 0.7580678445005318]
2026-02-04 14:16:36,375|INFO|nn.computeOptunaObjective|Trial 18 rocauc:|[0.8393899036022323, 0.8529864532019705, 0.8758109040717736, 0.914860268125125, 0.7689118582462517, 0.8600612870275792, 0.8193093588245117, 0.8407093459476906]
2026-02-04 14:16:36,375|INFO|nn.computeOptunaObjective|Trial 18 timings:|1.6859380409987352
2026-02-04 14:16:36,375|INFO|nn.computeOptunaObjective|Trial 18 objective:|0.7064489203792161
2026-02-04 14:16:37,424|INFO|nn.computeOptunaObjective|Trial 19 params:|{'n_layers': 4, 'architecture': 'inner', 'lr': 0.0001, 'n_epochs': 150}
2026-02-04 14:16:37,424|INFO|nn.computeOptunaObjective|Trial 19 balacc:|[0.5, 0.573121921182266, 0.5328157349896481, 0.5622623891149203, 0.5557133121308496, 0.5720122574055159, 0.5917515444982469, 0.6611637591208047]
2026-02-04 14:16:37,424|INFO|nn.computeOptunaObjective|Trial 19 rocauc:|[0.8124207255200406, 0.8362838669950738, 0.8968253968253967, 0.8982191689455079, 0.7272830531576556, 0.8608557484961978, 0.7897316956086158, 0.824023366192041]
2026-02-04 14:16:37,424|INFO|nn.computeOptunaObjective|Trial 19 timings:|1.047901833000651
2026-02-04 14:16:37,424|INFO|nn.computeOptunaObjective|Trial 19 objective:|0.5686051148052814
2026-02-04 14:16:38,324|INFO|nn.computeOptunaObjective|Trial 20 params:|{'n_layers': 3, 'architecture': 'bottom', 'lr': 0.001, 'n_epochs': 200}
2026-02-04 14:16:38,324|INFO|nn.computeOptunaObjective|Trial 20 balacc:|[0.6689180618975139, 0.6985529556650246, 0.7087991718426501, 0.7624891616087508, 0.620513402998637, 0.7332311882873681, 0.7063574887293371, 0.7654623765152838]
2026-02-04 14:16:38,324|INFO|nn.computeOptunaObjective|Trial 20 rocauc:|[0.828148782343988, 0.851246921182266, 0.8869220151828848, 0.900953778429934, 0.7711835529304861, 0.8789581205311542, 0.8124713015528471, 0.8469503838807139]
2026-02-04 14:16:38,324|INFO|nn.computeOptunaObjective|Trial 20 timings:|0.8995668749994365
2026-02-04 14:16:38,324|INFO|nn.computeOptunaObjective|Trial 20 objective:|0.7080404759430706
2026-02-04 14:16:38,976|INFO|nn.computeOptunaObjective|Trial 21 params:|{'n_layers': 3, 'architecture': 'outer', 'lr': 0.0001, 'n_epochs': 100}
2026-02-04 14:16:38,976|INFO|nn.computeOptunaObjective|Trial 21 balacc:|[0.5, 0.5, 0.5, 0.5, 0.5, 0.5, 0.5, 0.5]
2026-02-04 14:16:38,976|INFO|nn.computeOptunaObjective|Trial 21 rocauc:|[0.7246480213089802, 0.7414562807881774, 0.8299516908212561, 0.8149803241512705, 0.6869604725124944, 0.7676767676767676, 0.7260315787276674, 0.7516389669349334]
2026-02-04 14:16:38,976|INFO|nn.computeOptunaObjective|Trial 21 timings:|0.6512816670001484
2026-02-04 14:16:38,976|INFO|nn.computeOptunaObjective|Trial 21 objective:|0.5
2026-02-04 14:16:40,344|INFO|nn.computeOptunaObjective|Trial 22 params:|{'n_layers': 4, 'architecture': 'outer', 'lr': 0.0001, 'n_epochs': 200}
2026-02-04 14:16:40,344|INFO|nn.computeOptunaObjective|Trial 22 balacc:|[0.5941463723997971, 0.6331588669950738, 0.5670807453416149, 0.7427799639831921, 0.6096660608814175, 0.7048008171603677, 0.6579823426281516, 0.7221428533633877]
2026-02-04 14:16:40,344|INFO|nn.computeOptunaObjective|Trial 22 rocauc:|[0.8175260020294267, 0.859067118226601, 0.9019323671497584, 0.9090909090909091, 0.7543162199000454, 0.8707297696061741, 0.8032460552679914, 0.838812430221545]
2026-02-04 14:16:40,344|INFO|nn.computeOptunaObjective|Trial 22 timings:|1.3678581669992127
2026-02-04 14:16:40,344|INFO|nn.computeOptunaObjective|Trial 22 objective:|0.6539697528441253
2026-02-04 14:16:41,306|INFO|nn.computeOptunaObjective|Trial 23 params:|{'n_layers': 2, 'architecture': 'top', 'lr': 0.0001, 'n_epochs': 150}
2026-02-04 14:16:41,306|INFO|nn.computeOptunaObjective|Trial 23 balacc:|[0.5336123795027905, 0.5395320197044335, 0.5789855072463769, 0.6229573801107183, 0.5287369377555656, 0.5417092271024855, 0.5867371430956754, 0.6636823975744877]
2026-02-04 14:16:41,306|INFO|nn.computeOptunaObjective|Trial 23 rocauc:|[0.7841355910705227, 0.7975215517241379, 0.8695652173913043, 0.8690055359167611, 0.7105860972285325, 0.8289637952559301, 0.7757164175989313, 0.8079908567074622]
2026-02-04 14:16:41,306|INFO|nn.computeOptunaObjective|Trial 23 timings:|0.9616681250008696
2026-02-04 14:16:41,306|INFO|nn.computeOptunaObjective|Trial 23 objective:|0.5744941240115666
2026-02-04 14:16:42,594|INFO|nn.computeOptunaObjective|Trial 24 params:|{'n_layers': 4, 'architecture': 'inner', 'lr': 0.001, 'n_epochs': 200}
2026-02-04 14:16:42,594|INFO|nn.computeOptunaObjective|Trial 24 balacc:|[0.6630834601725013, 0.6985529556650246, 0.7131469979296067, 0.7869005535916761, 0.6240345297592004, 0.7427647259107932, 0.6551751127066288, 0.7626580101697964]
2026-02-04 14:16:42,594|INFO|nn.computeOptunaObjective|Trial 24 rocauc:|[0.832556443429731, 0.8516471674876847, 0.8688060731538991, 0.9193290202094311, 0.7627214902317128, 0.8634661218930881, 0.8080282601435966, 0.8470323983681765]
2026-02-04 14:16:42,594|INFO|nn.computeOptunaObjective|Trial 24 timings:|1.2867447909993643
2026-02-04 14:16:42,594|INFO|nn.computeOptunaObjective|Trial 24 objective:|0.7057895432381533
2026-02-04 14:16:43,680|INFO|nn.computeOptunaObjective|Trial 25 params:|{'n_layers': 4, 'architecture': 'outer', 'lr': 0.001, 'n_epochs': 150}
2026-02-04 14:16:43,680|INFO|nn.computeOptunaObjective|Trial 25 balacc:|[0.6714865550481989, 0.6905172413793104, 0.7279503105590062, 0.7912692589875275, 0.593537028623353, 0.7390194075587333, 0.6684494489898146, 0.7621791513881613]
2026-02-04 14:16:43,680|INFO|nn.computeOptunaObjective|Trial 25 rocauc:|[0.8388349822425164, 0.8620843596059112, 0.9038302277432713, 0.9131928233175481, 0.774079963652885, 0.8687436159346272, 0.8192128276840875, 0.8456275695668048]
2026-02-04 14:16:43,680|INFO|nn.computeOptunaObjective|Trial 25 timings:|1.0857580410010996
2026-02-04 14:16:43,680|INFO|nn.computeOptunaObjective|Trial 25 objective:|0.7055510503167631
2026-02-04 14:16:44,368|INFO|nn.computeOptunaObjective|Trial 26 params:|{'n_layers': 2, 'architecture': 'outer', 'lr': 0.0001, 'n_epochs': 150}
2026-02-04 14:16:44,368|INFO|nn.computeOptunaObjective|Trial 26 balacc:|[0.5084030948756977, 0.5, 0.5432712215320912, 0.5622623891149203, 0.5143684688777829, 0.5151515151515151, 0.5507440724661881, 0.6209687233783618]
2026-02-04 14:16:44,368|INFO|nn.computeOptunaObjective|Trial 26 rocauc:|[0.7472571029934044, 0.7554341133004926, 0.8411318150448586, 0.8357900353498299, 0.698091776465243, 0.7866303484281013, 0.7502687218233428, 0.7841219952272859]
2026-02-04 14:16:44,368|INFO|nn.computeOptunaObjective|Trial 26 timings:|0.6870718339996529
2026-02-04 14:16:44,368|INFO|nn.computeOptunaObjective|Trial 26 objective:|0.5393961856745697
2026-02-04 14:16:45,333|INFO|nn.computeOptunaObjective|Trial 27 params:|{'n_layers': 3, 'architecture': 'top', 'lr': 0.001, 'n_epochs': 100}
2026-02-04 14:16:45,333|INFO|nn.computeOptunaObjective|Trial 27 balacc:|[0.7009766615930999, 0.6976600985221675, 0.7131469979296067, 0.7900353498299206, 0.6401635620172649, 0.7427647259107932, 0.6883609534145934, 0.7590546639787079]
2026-02-04 14:16:45,333|INFO|nn.computeOptunaObjective|Trial 27 rocauc:|[0.8434329020801623, 0.8609451970443351, 0.898895790200138, 0.9214966984592811, 0.7738527941844616, 0.8756100329134037, 0.8246081357488729, 0.8536623437094889]
2026-02-04 14:16:45,333|INFO|nn.computeOptunaObjective|Trial 27 timings:|0.9643729170020379
2026-02-04 14:16:45,333|INFO|nn.computeOptunaObjective|Trial 27 objective:|0.7165203766495192
2026-02-04 14:16:46,200|INFO|nn.computeOptunaObjective|Trial 28 params:|{'n_layers': 2, 'architecture': 'outer', 'lr': 0.0001, 'n_epochs': 200}
2026-02-04 14:16:46,200|INFO|nn.computeOptunaObjective|Trial 28 balacc:|[0.5613901572805682, 0.5885775862068966, 0.6370600414078675, 0.6501700793703729, 0.5216946842344389, 0.5815457950289411, 0.59160544331274, 0.6840828399235942]
2026-02-04 14:16:46,200|INFO|nn.computeOptunaObjective|Trial 28 rocauc:|[0.7714199644850329, 0.8003540640394089, 0.8647342995169082, 0.8642032948709398, 0.716492503407542, 0.8346385200317785, 0.7713594715311405, 0.8097422628590779]
2026-02-04 14:16:46,200|INFO|nn.computeOptunaObjective|Trial 28 timings:|0.8668704999981856
2026-02-04 14:16:46,200|INFO|nn.computeOptunaObjective|Trial 28 objective:|0.6020158283456774
2026-02-04 14:16:46,865|INFO|nn.computeOptunaObjective|Trial 29 params:|{'n_layers': 3, 'architecture': 'bottom', 'lr': 0.001, 'n_epochs': 150}
2026-02-04 14:16:46,865|INFO|nn.computeOptunaObjective|Trial 29 balacc:|[0.6706303906646373, 0.6985529556650246, 0.731159420289855, 0.8125458547322084, 0.6419241253975466, 0.7465100442628532, 0.6964747871097011, 0.7589276738045727]
2026-02-04 14:16:46,865|INFO|nn.computeOptunaObjective|Trial 29 rocauc:|[0.8244387366818874, 0.8556496305418719, 0.8819875776397514, 0.902020943106783, 0.7850976828714221, 0.8874134604471684, 0.8064028844548339, 0.8499637548877989]
2026-02-04 14:16:46,865|INFO|nn.computeOptunaObjective|Trial 29 timings:|0.6642192079998495
2026-02-04 14:16:46,865|INFO|nn.computeOptunaObjective|Trial 29 objective:|0.7195906564907999
2026-02-04 14:16:47,710|INFO|nn.computeOptunaObjective|Trial 30 params:|{'n_layers': 3, 'architecture': 'inner', 'lr': 0.001, 'n_epochs': 150}
2026-02-04 14:16:47,710|INFO|nn.computeOptunaObjective|Trial 30 balacc:|[0.6697742262810755, 0.6658559113300493, 0.7355072463768115, 0.7959714533448943, 0.6419241253975466, 0.7483827034388832, 0.6832004508265153, 0.7609992010201544]
2026-02-04 14:16:47,710|INFO|nn.computeOptunaObjective|Trial 30 rocauc:|[0.8293537544393708, 0.8536637931034481, 0.8951000690131125, 0.9122257053291536, 0.7754429804634257, 0.8743048462149585, 0.8200581274002339, 0.847400140747443]
2026-02-04 14:16:47,710|INFO|nn.computeOptunaObjective|Trial 30 timings:|0.8445172920000914
2026-02-04 14:16:47,710|INFO|nn.computeOptunaObjective|Trial 30 objective:|0.7127019147519913
2026-02-04 14:16:48,288|INFO|nn.computeOptunaObjective|Trial 31 params:|{'n_layers': 2, 'architecture': 'inner', 'lr': 0.0001, 'n_epochs': 100}
2026-02-04 14:16:48,288|INFO|nn.computeOptunaObjective|Trial 31 balacc:|[0.5, 0.5, 0.5, 0.5, 0.5, 0.5, 0.5, 0.5032832251271224]
2026-02-04 14:16:48,288|INFO|nn.computeOptunaObjective|Trial 31 rocauc:|[0.6659849061390157, 0.68751539408867, 0.7743961352657004, 0.7398119122257053, 0.6635620172648796, 0.6916354556803994, 0.704794727834363, 0.72446836092724]
2026-02-04 14:16:48,288|INFO|nn.computeOptunaObjective|Trial 31 timings:|0.5772557080017577
2026-02-04 14:16:48,288|INFO|nn.computeOptunaObjective|Trial 31 objective:|0.5004104031408902
2026-02-04 14:16:48,834|INFO|nn.computeOptunaObjective|Trial 32 params:|{'n_layers': 2, 'architecture': 'linear', 'lr': 0.001, 'n_epochs': 100}
2026-02-04 14:16:48,834|INFO|nn.computeOptunaObjective|Trial 32 balacc:|[0.6656519533231862, 0.6581280788177339, 0.7160455486542443, 0.7793970519575802, 0.5952975920036347, 0.740721824991488, 0.6905733427951244, 0.7577159758930319]
2026-02-04 14:16:48,834|INFO|nn.computeOptunaObjective|Trial 32 rocauc:|[0.8300830796549975, 0.8644550492610837, 0.8973084886128364, 0.9123591009137598, 0.7788505224897774, 0.8760640108954716, 0.8116416555351478, 0.8573741606743178]
2026-02-04 14:16:48,834|INFO|nn.computeOptunaObjective|Trial 32 timings:|0.5448307500009832
2026-02-04 14:16:48,834|INFO|nn.computeOptunaObjective|Trial 32 objective:|0.7004414210545029
2026-02-04 14:16:49,721|INFO|nn.computeOptunaObjective|Trial 33 params:|{'n_layers': 4, 'architecture': 'bottom', 'lr': 0.001, 'n_epochs': 200}
2026-02-04 14:16:49,721|INFO|nn.computeOptunaObjective|Trial 33 balacc:|[0.6605149670218163, 0.7059729064039408, 0.7488612836438924, 0.788134462749283, 0.5917764652430713, 0.7162070139598229, 0.6798088161629654, 0.7587371885433698]
2026-02-04 14:16:49,721|INFO|nn.computeOptunaObjective|Trial 33 rocauc:|[0.8268328259766616, 0.8478910098522168, 0.8890269151138717, 0.90152070966451, 0.7704452521581099, 0.8684598796958348, 0.8128000292202372, 0.8376774555402109]
2026-02-04 14:16:49,721|INFO|nn.computeOptunaObjective|Trial 33 timings:|0.8865726250005537
2026-02-04 14:16:49,721|INFO|nn.computeOptunaObjective|Trial 33 objective:|0.7062516379660202
2026-02-04 14:16:50,650|INFO|nn.computeOptunaObjective|Trial 34 params:|{'n_layers': 2, 'architecture': 'inner', 'lr': 0.0001, 'n_epochs': 200}
2026-02-04 14:16:50,650|INFO|nn.computeOptunaObjective|Trial 34 balacc:|[0.5689370877727042, 0.5945197044334976, 0.6460662525879917, 0.6395317814980324, 0.5216946842344389, 0.5815457950289411, 0.6103377024544999, 0.6919244831764475]
2026-02-04 14:16:50,650|INFO|nn.computeOptunaObjective|Trial 34 rocauc:|[0.7855625317097918, 0.8110375615763546, 0.8780538302277432, 0.8756086173547656, 0.7178555202180827, 0.8440585631596867, 0.7814195817331775, 0.8149329862268575]
2026-02-04 14:16:50,650|INFO|nn.computeOptunaObjective|Trial 34 timings:|0.9285439590021269
2026-02-04 14:16:50,650|INFO|nn.computeOptunaObjective|Trial 34 objective:|0.6068196863983192
2026-02-04 14:16:51,395|INFO|nn.computeOptunaObjective|Trial 35 params:|{'n_layers': 4, 'architecture': 'inner', 'lr': 0.0001, 'n_epochs': 100}
2026-02-04 14:16:51,395|INFO|nn.computeOptunaObjective|Trial 35 balacc:|[0.5, 0.5, 0.5, 0.5, 0.5, 0.5, 0.5, 0.5]
2026-02-04 14:16:51,396|INFO|nn.computeOptunaObjective|Trial 35 rocauc:|[0.7823281329274481, 0.7836360837438424, 0.866183574879227, 0.8589341692789969, 0.6901408450704225, 0.8217001475428442, 0.7534881658039739, 0.7806509304675885]
2026-02-04 14:16:51,396|INFO|nn.computeOptunaObjective|Trial 35 timings:|0.7448364590018173
2026-02-04 14:16:51,396|INFO|nn.computeOptunaObjective|Trial 35 objective:|0.5
2026-02-04 14:16:52,322|INFO|nn.computeOptunaObjective|Trial 36 params:|{'n_layers': 2, 'architecture': 'top', 'lr': 0.001, 'n_epochs': 150}
2026-02-04 14:16:52,322|INFO|nn.computeOptunaObjective|Trial 36 balacc:|[0.6639396245560629, 0.6495073891625616, 0.741304347826087, 0.7975388514640165, 0.6257950931394821, 0.736976506639428, 0.6978001335782267, 0.7610309485636881]
2026-02-04 14:16:52,322|INFO|nn.computeOptunaObjective|Trial 36 rocauc:|[0.8327784119736175, 0.8564501231527094, 0.8926846100759144, 0.9128926832521843, 0.7690822353475693, 0.8823062081489048, 0.8131104942394389, 0.8534057177325906]
2026-02-04 14:16:52,322|INFO|nn.computeOptunaObjective|Trial 36 timings:|0.9261372920009308
2026-02-04 14:16:52,322|INFO|nn.computeOptunaObjective|Trial 36 objective:|0.7092366118661941
2026-02-04 14:16:53,239|INFO|nn.computeOptunaObjective|Trial 37 params:|{'n_layers': 3, 'architecture': 'linear', 'lr': 0.0001, 'n_epochs': 150}
2026-02-04 14:16:53,239|INFO|nn.computeOptunaObjective|Trial 37 balacc:|[0.5504185692541856, 0.5558805418719212, 0.6565217391304348, 0.6213899819915961, 0.5252158109950023, 0.5132788559754852, 0.6134371347470362, 0.6709181918715705]
2026-02-04 14:16:53,239|INFO|nn.computeOptunaObjective|Trial 37 rocauc:|[0.7993562912227296, 0.8149476600985222, 0.8854382332643201, 0.8814780230774361, 0.7151294865970014, 0.8442855521507207, 0.7805064493237601, 0.8105888640199799]
2026-02-04 14:16:53,239|INFO|nn.computeOptunaObjective|Trial 37 timings:|0.916020833003131
2026-02-04 14:16:53,239|INFO|nn.computeOptunaObjective|Trial 37 objective:|0.588382603229654
2026-02-04 14:16:53,929|INFO|nn.computeOptunaObjective|Trial 38 params:|{'n_layers': 2, 'architecture': 'bottom', 'lr': 0.001, 'n_epochs': 150}
2026-02-04 14:16:53,929|INFO|nn.computeOptunaObjective|Trial 38 balacc:|[0.6749112125824455, 0.6468288177339901, 0.6446169772256729, 0.7624891616087508, 0.5756474329850068, 0.7236976506639428, 0.6942623977291702, 0.7365826944140197]
2026-02-04 14:16:53,929|INFO|nn.computeOptunaObjective|Trial 38 rocauc:|[0.8260559360730592, 0.853125, 0.8889579020013804, 0.9030214099913293, 0.7679463880054521, 0.8760640108954716, 0.8034912965436634, 0.849543099935976]
2026-02-04 14:16:53,929|INFO|nn.computeOptunaObjective|Trial 38 timings:|0.689268207999703
2026-02-04 14:16:53,929|INFO|nn.computeOptunaObjective|Trial 38 objective:|0.6823795431178749
2026-02-04 14:16:55,267|INFO|nn.computeOptunaObjective|Trial 39 params:|{'n_layers': 4, 'architecture': 'linear', 'lr': 0.001, 'n_epochs': 200}
2026-02-04 14:16:55,268|INFO|nn.computeOptunaObjective|Trial 39 balacc:|[0.6857242516489092, 0.6890394088669951, 0.7279503105590062, 0.8306876542386448, 0.6240345297592004, 0.7352740892066735, 0.6741995742194022, 0.7620839087575599]
2026-02-04 14:16:55,268|INFO|nn.computeOptunaObjective|Trial 39 rocauc:|[0.8308758244545915, 0.855310960591133, 0.9053830227743271, 0.9119589141599412, 0.7767492049068605, 0.8641470888661901, 0.8107441768241777, 0.8481488536491155]
2026-02-04 14:16:55,268|INFO|nn.computeOptunaObjective|Trial 39 timings:|1.3378382910013897
2026-02-04 14:16:55,268|INFO|nn.computeOptunaObjective|Trial 39 objective:|0.7161242159070489
2026-02-04 14:16:55,962|INFO|nn.computeOptunaObjective|Trial 40 params:|{'n_layers': 2, 'architecture': 'bottom', 'lr': 0.0001, 'n_epochs': 150}
2026-02-04 14:16:55,962|INFO|nn.computeOptunaObjective|Trial 40 balacc:|[0.5092592592592593, 0.5, 0.5119047619047619, 0.5409857933702394, 0.5, 0.5, 0.5272896142928702, 0.5722944478837616]
2026-02-04 14:16:55,962|INFO|nn.computeOptunaObjective|Trial 40 rocauc:|[0.6731830289193302, 0.699707512315271, 0.7729468599033816, 0.7840325485226439, 0.6646978646069968, 0.6984451254114176, 0.7210067415261312, 0.759623474133689]
2026-02-04 14:16:55,962|INFO|nn.computeOptunaObjective|Trial 40 timings:|0.6938809169987508
2026-02-04 14:16:55,962|INFO|nn.computeOptunaObjective|Trial 40 objective:|0.5202167345888615
2026-02-04 14:16:57,708|INFO|nn.computeOptunaObjective|Trial 41 params:|{'n_layers': 4, 'architecture': 'top', 'lr': 0.0001, 'n_epochs': 150}
2026-02-04 14:16:57,708|INFO|nn.computeOptunaObjective|Trial 41 balacc:|[0.6437087772704211, 0.6426724137931035, 0.741304347826087, 0.6911558727406123, 0.6079054975011358, 0.6801157643854273, 0.664029888128235, 0.7196242149097047]
2026-02-04 14:16:57,708|INFO|nn.computeOptunaObjective|Trial 41 rocauc:|[0.8255485794013191, 0.8610067733990149, 0.9063492063492063, 0.9087574201293938, 0.7585188550658791, 0.8683463852003177, 0.8117303598263482, 0.8414633501066188]
2026-02-04 14:16:57,708|INFO|nn.computeOptunaObjective|Trial 41 timings:|1.7448382920010772
2026-02-04 14:16:57,708|INFO|nn.computeOptunaObjective|Trial 41 objective:|0.6738145970693409
2026-02-04 14:16:58,530|INFO|nn.computeOptunaObjective|Trial 42 params:|{'n_layers': 3, 'architecture': 'bottom', 'lr': 0.0001, 'n_epochs': 200}
2026-02-04 14:16:58,530|INFO|nn.computeOptunaObjective|Trial 42 balacc:|[0.5344685438863521, 0.5472598522167488, 0.6312629399585921, 0.6091842860001334, 0.5252158109950023, 0.5, 0.591902863583236, 0.6545020662359583]
2026-02-04 14:16:58,530|INFO|nn.computeOptunaObjective|Trial 42 rocauc:|[0.7636827752409945, 0.7749538177339901, 0.8652173913043479, 0.8432601880877743, 0.7010449795547479, 0.7994552264215186, 0.7605375480046752, 0.7887888841267574]
2026-02-04 14:16:58,530|INFO|nn.computeOptunaObjective|Trial 42 timings:|0.8212944999977481
2026-02-04 14:16:58,530|INFO|nn.computeOptunaObjective|Trial 42 objective:|0.5742245453595028
2026-02-04 14:16:59,165|INFO|nn.computeOptunaObjective|Trial 43 params:|{'n_layers': 3, 'architecture': 'inner', 'lr': 0.001, 'n_epochs': 100}
2026-02-04 14:16:59,165|INFO|nn.computeOptunaObjective|Trial 43 balacc:|[0.683314307458143, 0.6631773399014779, 0.7474120082815735, 0.7837657573534316, 0.6257950931394821, 0.7465100442628532, 0.6877713307730839, 0.7617002926065262]
2026-02-04 14:16:59,165|INFO|nn.computeOptunaObjective|Trial 43 rocauc:|[0.8342846270928463, 0.8624538177339902, 0.8949620427881297, 0.9192289735209764, 0.7747614720581553, 0.878220406310294, 0.8217226373351143, 0.8546597457021764]
2026-02-04 14:16:59,165|INFO|nn.computeOptunaObjective|Trial 43 timings:|0.6344211249997898
2026-02-04 14:16:59,165|INFO|nn.computeOptunaObjective|Trial 43 objective:|0.7124307717220715
2026-02-04 14:16:59,883|INFO|nn.computeOptunaObjective|Trial 44 params:|{'n_layers': 4, 'architecture': 'bottom', 'lr': 0.0001, 'n_epochs': 150}
2026-02-04 14:16:59,883|INFO|nn.computeOptunaObjective|Trial 44 balacc:|[0.5, 0.5, 0.5238095238095238, 0.5197091976255586, 0.5161290322580645, 0.5, 0.5109158457171481, 0.5]
2026-02-04 14:16:59,883|INFO|nn.computeOptunaObjective|Trial 44 rocauc:|[0.7088248351090817, 0.7183035714285714, 0.8097308488612835, 0.7758287200693657, 0.6758291685597456, 0.7235274089206672, 0.7134407872766739, 0.7356646612801668]
2026-02-04 14:16:59,883|INFO|nn.computeOptunaObjective|Trial 44 timings:|0.7174495409999508
2026-02-04 14:16:59,883|INFO|nn.computeOptunaObjective|Trial 44 objective:|0.5088204499262869
2026-02-04 14:17:00,567|INFO|nn.computeOptunaObjective|Trial 45 params:|{'n_layers': 3, 'architecture': 'inner', 'lr': 0.0001, 'n_epochs': 100}
2026-02-04 14:17:00,567|INFO|nn.computeOptunaObjective|Trial 45 balacc:|[0.5, 0.5, 0.5, 0.5, 0.5, 0.5, 0.5016227667390215, 0.5]
2026-02-04 14:17:00,568|INFO|nn.computeOptunaObjective|Trial 45 rocauc:|[0.7492548198883815, 0.7582050492610837, 0.8478951000690131, 0.8323884479423732, 0.682985006815084, 0.7873113154012029, 0.7390502379362163, 0.7668301665158658]
2026-02-04 14:17:00,568|INFO|nn.computeOptunaObjective|Trial 45 timings:|0.6834479169992846
2026-02-04 14:17:00,568|INFO|nn.computeOptunaObjective|Trial 45 objective:|0.5002028458423777
2026-02-04 14:17:01,126|INFO|nn.computeOptunaObjective|Trial 46 params:|{'n_layers': 4, 'architecture': 'bottom', 'lr': 0.0001, 'n_epochs': 100}
2026-02-04 14:17:01,126|INFO|nn.computeOptunaObjective|Trial 46 balacc:|[0.5, 0.5, 0.5, 0.5, 0.5, 0.5, 0.5, 0.5866549200755592]
2026-02-04 14:17:01,126|INFO|nn.computeOptunaObjective|Trial 46 rocauc:|[0.5426655251141552, 0.579387315270936, 0.6475500345065562, 0.5974788234509438, 0.6244888686960473, 0.5552150720690048, 0.6203952037067958, 0.5940415152044277]
2026-02-04 14:17:01,126|INFO|nn.computeOptunaObjective|Trial 46 timings:|0.5577122079994297
2026-02-04 14:17:01,126|INFO|nn.computeOptunaObjective|Trial 46 objective:|0.5108318650094449
2026-02-04 14:17:02,239|INFO|nn.computeOptunaObjective|Trial 47 params:|{'n_layers': 3, 'architecture': 'linear', 'lr': 0.001, 'n_epochs': 200}
2026-02-04 14:17:02,239|INFO|nn.computeOptunaObjective|Trial 47 balacc:|[0.6706303906646373, 0.6917179802955665, 0.7131469979296067, 0.7502834656172881, 0.6419241253975466, 0.718079673135853, 0.6833465520120221, 0.755006852178146]
2026-02-04 14:17:02,239|INFO|nn.computeOptunaObjective|Trial 47 rocauc:|[0.8266584221207509, 0.8513854679802957, 0.9003795721187026, 0.9130927766290936, 0.7752158109950024, 0.878333900805811, 0.8167578059776256, 0.8487229550613521]
2026-02-04 14:17:02,239|INFO|nn.computeOptunaObjective|Trial 47 timings:|1.111880917000235
2026-02-04 14:17:02,239|INFO|nn.computeOptunaObjective|Trial 47 objective:|0.7030170046538333
2026-02-04 14:17:03,589|INFO|nn.computeOptunaObjective|Trial 48 params:|{'n_layers': 3, 'architecture': 'top', 'lr': 0.0001, 'n_epochs': 150}
2026-02-04 14:17:03,589|INFO|nn.computeOptunaObjective|Trial 48 balacc:|[0.609240233384069, 0.5799568965517241, 0.6817805383022775, 0.7155672647235376, 0.5574738755111313, 0.653558052434457, 0.6383630405743864, 0.7057584752713092]
2026-02-04 14:17:03,589|INFO|nn.computeOptunaObjective|Trial 48 rocauc:|[0.8155282851344496, 0.8449661330049261, 0.8964803312629399, 0.9098245848062428, 0.7326215356656065, 0.8673249347406651, 0.7956853189180164, 0.8324893778010594]
2026-02-04 14:17:03,589|INFO|nn.computeOptunaObjective|Trial 48 timings:|1.3494601249985863
2026-02-04 14:17:03,589|INFO|nn.computeOptunaObjective|Trial 48 objective:|0.6427122970941115
2026-02-04 14:17:04,479|INFO|nn.computeOptunaObjective|Trial 49 params:|{'n_layers': 2, 'architecture': 'inner', 'lr': 0.001, 'n_epochs': 200}
2026-02-04 14:17:04,479|INFO|nn.computeOptunaObjective|Trial 49 balacc:|[0.6639396245560629, 0.6658559113300493, 0.7174948240165632, 0.7746948576002135, 0.6079054975011358, 0.7483827034388832, 0.6905733427951244, 0.7702430274457513]
2026-02-04 14:17:04,479|INFO|nn.computeOptunaObjective|Trial 49 rocauc:|[0.837693429731101, 0.8535868226600984, 0.8930296756383712, 0.9114920296138198, 0.7592003634711495, 0.8732266485075474, 0.8136244573384539, 0.8534877322200529]
2026-02-04 14:17:04,479|INFO|nn.computeOptunaObjective|Trial 49 timings:|0.8892492500017397
2026-02-04 14:17:04,479|INFO|nn.computeOptunaObjective|Trial 49 objective:|0.7048862235854729
2026-02-04 14:17:05,400|INFO|nn.computeOptunaObjective|Trial 50 params:|{'n_layers': 3, 'architecture': 'outer', 'lr': 0.001, 'n_epochs': 150}
2026-02-04 14:17:05,400|INFO|nn.computeOptunaObjective|Trial 50 balacc:|[0.6917174023338407, 0.6676416256157636, 0.7236024844720497, 0.7853331554725538, 0.6366424352567015, 0.718079673135853, 0.6930831524461513, 0.7583535723923361]
2026-02-04 14:17:05,400|INFO|nn.computeOptunaObjective|Trial 50 rocauc:|[0.8336345763571791, 0.8533251231527093, 0.8946514837819186, 0.9086907223370907, 0.7729441163107679, 0.8783906480535695, 0.8183988353648356, 0.8483419845389463]
2026-02-04 14:17:05,400|INFO|nn.computeOptunaObjective|Trial 50 timings:|0.920381959000224
2026-02-04 14:17:05,400|INFO|nn.computeOptunaObjective|Trial 50 objective:|0.7093066876406562
2026-02-04 14:17:06,233|INFO|nn.computeOptunaObjective|Trial 51 params:|{'n_layers': 4, 'architecture': 'outer', 'lr': 0.001, 'n_epochs': 100}
2026-02-04 14:17:06,233|INFO|nn.computeOptunaObjective|Trial 51 balacc:|[0.6891489091831557, 0.6750615763546799, 0.7340579710144928, 0.7869005535916761, 0.6257950931394821, 0.7294858699353082, 0.665793538153281, 0.7385589789989999]
2026-02-04 14:17:06,233|INFO|nn.computeOptunaObjective|Trial 51 rocauc:|[0.8426401572805683, 0.8639932266009853, 0.8993098688750862, 0.9136263589675182, 0.7783961835529305, 0.8776529338327091, 0.8182501252295875, 0.8488552364927431]
2026-02-04 14:17:06,233|INFO|nn.computeOptunaObjective|Trial 51 timings:|0.8316803329980758
2026-02-04 14:17:06,233|INFO|nn.computeOptunaObjective|Trial 51 objective:|0.7056003112963845
2026-02-04 14:17:06,790|INFO|nn.computeOptunaObjective|Trial 52 params:|{'n_layers': 2, 'architecture': 'linear', 'lr': 0.0001, 'n_epochs': 100}
2026-02-04 14:17:06,791|INFO|nn.computeOptunaObjective|Trial 52 balacc:|[0.5, 0.5, 0.5, 0.5, 0.5, 0.5, 0.5092930789781266, 0.5144715885941659]
2026-02-04 14:17:06,791|INFO|nn.computeOptunaObjective|Trial 52 rocauc:|[0.6585648148148148, 0.6826200738916256, 0.7706694271911663, 0.7610885079703861, 0.6679918218991368, 0.6971966859607309, 0.7142182542995491, 0.740246890063548]
2026-02-04 14:17:06,791|INFO|nn.computeOptunaObjective|Trial 52 timings:|0.5568612499992014
2026-02-04 14:17:06,791|INFO|nn.computeOptunaObjective|Trial 52 objective:|0.5029705834465366
2026-02-04 14:17:07,712|INFO|nn.computeOptunaObjective|Trial 53 params:|{'n_layers': 3, 'architecture': 'top', 'lr': 0.0001, 'n_epochs': 100}
2026-02-04 14:17:07,712|INFO|nn.computeOptunaObjective|Trial 53 balacc:|[0.5, 0.5, 0.5, 0.5, 0.5, 0.5, 0.5109158457171481, 0.5453910503674778]
2026-02-04 14:17:07,712|INFO|nn.computeOptunaObjective|Trial 53 rocauc:|[0.7856576610857434, 0.7954279556650247, 0.8732919254658384, 0.870539585139732, 0.701385733757383, 0.8340710475541937, 0.7650510310569377, 0.794646305908747]
2026-02-04 14:17:07,712|INFO|nn.computeOptunaObjective|Trial 53 timings:|0.9208014159994491
2026-02-04 14:17:07,712|INFO|nn.computeOptunaObjective|Trial 53 objective:|0.5070383620105783
2026-02-04 14:17:08,857|INFO|nn.computeOptunaObjective|Trial 54 params:|{'n_layers': 3, 'architecture': 'outer', 'lr': 0.001, 'n_epochs': 200}
2026-02-04 14:17:08,857|INFO|nn.computeOptunaObjective|Trial 54 balacc:|[0.6445649416539827, 0.6917179802955665, 0.7384057971014493, 0.7549856599746548, 0.6562925942753294, 0.7483827034388832, 0.6933753548171648, 0.7543057605917742]
2026-02-04 14:17:08,857|INFO|nn.computeOptunaObjective|Trial 54 rocauc:|[0.8278158295281582, 0.8528325123152709, 0.8999654934437543, 0.9173614353364903, 0.7701612903225805, 0.8747588241970264, 0.8201390048422108, 0.8515617145790011]
2026-02-04 14:17:08,857|INFO|nn.computeOptunaObjective|Trial 54 timings:|1.1434679589983716
2026-02-04 14:17:08,857|INFO|nn.computeOptunaObjective|Trial 54 objective:|0.7102538490186006
2026-02-04 14:17:09,929|INFO|nn.computeOptunaObjective|Trial 55 params:|{'n_layers': 4, 'architecture': 'inner', 'lr': 0.001, 'n_epochs': 150}
2026-02-04 14:17:09,929|INFO|nn.computeOptunaObjective|Trial 55 balacc:|[0.6521118721461188, 0.6863608374384237, 0.7622153209109731, 0.7959714533448943, 0.6580531576556111, 0.7408920667347634, 0.6634350475872433, 0.7621791513881613]
2026-02-04 14:17:09,929|INFO|nn.computeOptunaObjective|Trial 55 rocauc:|[0.833238203957382, 0.8582050492610838, 0.9089717046238786, 0.9217301407323417, 0.774534302589732, 0.8727726705254796, 0.8171334947403571, 0.8523077818520459]
2026-02-04 14:17:09,929|INFO|nn.computeOptunaObjective|Trial 55 timings:|1.0712602909989073
2026-02-04 14:17:09,929|INFO|nn.computeOptunaObjective|Trial 55 objective:|0.7151523634007737
2026-02-04 14:17:11,231|INFO|nn.computeOptunaObjective|Trial 56 params:|{'n_layers': 4, 'architecture': 'inner', 'lr': 0.0001, 'n_epochs': 200}
2026-02-04 14:17:11,231|INFO|nn.computeOptunaObjective|Trial 56 balacc:|[0.6630834601725013, 0.6667487684729064, 0.7055900621118012, 0.7549856599746548, 0.6079054975011358, 0.7029281579843377, 0.6725820253798631, 0.7274023630754903]
2026-02-04 14:17:11,231|INFO|nn.computeOptunaObjective|Trial 56 rocauc:|[0.8221239218670726, 0.8606988916256157, 0.9040717736369911, 0.9084239311678783, 0.7557928214447978, 0.8647145613437748, 0.8108380990148604, 0.8438920371869559]
2026-02-04 14:17:11,231|INFO|nn.computeOptunaObjective|Trial 56 timings:|1.3015847909991862
2026-02-04 14:17:11,231|INFO|nn.computeOptunaObjective|Trial 56 objective:|0.6876532493340863
2026-02-04 14:17:12,068|INFO|nn.computeOptunaObjective|Trial 57 params:|{'n_layers': 2, 'architecture': 'bottom', 'lr': 0.0001, 'n_epochs': 200}
2026-02-04 14:17:12,068|INFO|nn.computeOptunaObjective|Trial 57 balacc:|[0.507546930492136, 0.5, 0.5908902691511387, 0.5804041886213566, 0.5143684688777829, 0.5265577119509703, 0.5621034396393387, 0.6452582398103613]
2026-02-04 14:17:12,068|INFO|nn.computeOptunaObjective|Trial 57 rocauc:|[0.7385686199898529, 0.7461360837438423, 0.8307798481711525, 0.829653838457947, 0.6982053611994548, 0.7820905686074227, 0.7504565662047087, 0.7833177241244292]
2026-02-04 14:17:12,068|INFO|nn.computeOptunaObjective|Trial 57 timings:|0.8359757919970434
2026-02-04 14:17:12,068|INFO|nn.computeOptunaObjective|Trial 57 objective:|0.5533911560678856
2026-02-04 14:17:13,430|INFO|nn.computeOptunaObjective|Trial 58 params:|{'n_layers': 4, 'architecture': 'linear', 'lr': 0.0001, 'n_epochs': 200}
2026-02-04 14:17:13,430|INFO|nn.computeOptunaObjective|Trial 58 balacc:|[0.6647957889396245, 0.6658559113300493, 0.7160455486542443, 0.7624891616087508, 0.620513402998637, 0.7029281579843377, 0.6598973117381867, 0.7280082120312608]
2026-02-04 14:17:13,431|INFO|nn.computeOptunaObjective|Trial 58 rocauc:|[0.8193968797564688, 0.8569735221674876, 0.9002760524499656, 0.9039551790835724, 0.758973194002726, 0.8653955283168766, 0.8080204332943729, 0.8396749051542137]
2026-02-04 14:17:13,431|INFO|nn.computeOptunaObjective|Trial 58 timings:|1.3613387500008685
2026-02-04 14:17:13,431|INFO|nn.computeOptunaObjective|Trial 58 objective:|0.6900666869106363
2026-02-04 14:17:14,218|INFO|nn.computeOptunaObjective|Trial 59 params:|{'n_layers': 2, 'architecture': 'linear', 'lr': 0.0001, 'n_epochs': 150}
2026-02-04 14:17:14,218|INFO|nn.computeOptunaObjective|Trial 59 balacc:|[0.5084030948756977, 0.5, 0.5342650103519669, 0.5409857933702394, 0.5143684688777829, 0.5132788559754852, 0.560626774085824, 0.6058595382848919]
2026-02-04 14:17:14,218|INFO|nn.computeOptunaObjective|Trial 59 rocauc:|[0.755501648909183, 0.7665794334975369, 0.8454796411318152, 0.8401253918495297, 0.6969559291231259, 0.7974123255022132, 0.7550639714476539, 0.784862771243075]
2026-02-04 14:17:14,218|INFO|nn.computeOptunaObjective|Trial 59 timings:|0.7866771249973681
2026-02-04 14:17:14,218|INFO|nn.computeOptunaObjective|Trial 59 objective:|0.534723441977736
2026-02-04 14:17:15,081|INFO|nn.computeOptunaObjective|Trial 60 params:|{'n_layers': 3, 'architecture': 'inner', 'lr': 0.0001, 'n_epochs': 150}
2026-02-04 14:17:15,081|INFO|nn.computeOptunaObjective|Trial 60 balacc:|[0.5596778285134449, 0.5558805418719212, 0.5, 0.6107516841192557, 0.526976374375284, 0.5, 0.5823123643346135, 0.6558090067781005]
2026-02-04 14:17:15,081|INFO|nn.computeOptunaObjective|Trial 60 rocauc:|[0.8015759766615931, 0.8179033251231529, 0.8870945479641132, 0.8852797972387114, 0.7169468423443889, 0.849846782431052, 0.7788784646852563, 0.8097634278881005]
2026-02-04 14:17:15,081|INFO|nn.computeOptunaObjective|Trial 60 timings:|0.8620017089997418
2026-02-04 14:17:15,081|INFO|nn.computeOptunaObjective|Trial 60 objective:|0.5614259749990775
2026-02-04 14:17:15,983|INFO|nn.computeOptunaObjective|Trial 61 params:|{'n_layers': 2, 'architecture': 'linear', 'lr': 0.0001, 'n_epochs': 200}
2026-02-04 14:17:15,983|INFO|nn.computeOptunaObjective|Trial 61 balacc:|[0.5672247590055809, 0.5790640394088671, 0.6489648033126294, 0.6501700793703729, 0.553952748750568, 0.5815457950289411, 0.6069460677909501, 0.6906492901778392]
2026-02-04 14:17:15,983|INFO|nn.computeOptunaObjective|Trial 61 rocauc:|[0.7823281329274481, 0.8054649014778326, 0.8740510697032436, 0.8705395851397317, 0.7181962744207179, 0.8365679264555669, 0.7779862038737686, 0.8131392500171966]
2026-02-04 14:17:15,983|INFO|nn.computeOptunaObjective|Trial 61 timings:|0.9010146250002435
2026-02-04 14:17:15,983|INFO|nn.computeOptunaObjective|Trial 61 objective:|0.6098146978557186
2026-02-04 14:17:16,738|INFO|nn.computeOptunaObjective|Trial 62 params:|{'n_layers': 2, 'architecture': 'outer', 'lr': 0.001, 'n_epochs': 150}
2026-02-04 14:17:16,739|INFO|nn.computeOptunaObjective|Trial 62 balacc:|[0.6546803652968036, 0.6735837438423645, 0.729399585921325, 0.7837657573534316, 0.6275556565197637, 0.7388491658154579, 0.6938188762731674, 0.7642506786037431]
2026-02-04 14:17:16,739|INFO|nn.computeOptunaObjective|Trial 62 rocauc:|[0.8307172754946728, 0.858759236453202, 0.8919254658385092, 0.9126925898752751, 0.7653339391185825, 0.8752695494268528, 0.808317853564869, 0.8526490679450345]
2026-02-04 14:17:16,739|INFO|nn.computeOptunaObjective|Trial 62 timings:|0.7546387920010602
2026-02-04 14:17:16,739|INFO|nn.computeOptunaObjective|Trial 62 objective:|0.7082379787032571
2026-02-04 14:17:17,257|INFO|nn.computeOptunaObjective|Trial 63 params:|{'n_layers': 3, 'architecture': 'bottom', 'lr': 0.0001, 'n_epochs': 100}
2026-02-04 14:17:17,257|INFO|nn.computeOptunaObjective|Trial 63 balacc:|[0.5, 0.5, 0.5, 0.5, 0.5, 0.5, 0.5, 0.5]
2026-02-04 14:17:17,257|INFO|nn.computeOptunaObjective|Trial 63 rocauc:|[0.5398116438356164, 0.5866533251231526, 0.637336093857833, 0.6065497232041619, 0.6130168105406633, 0.571331290432414, 0.6258739981632994, 0.6174526829319915]
2026-02-04 14:17:17,257|INFO|nn.computeOptunaObjective|Trial 63 timings:|0.5175678340019658
2026-02-04 14:17:17,257|INFO|nn.computeOptunaObjective|Trial 63 objective:|0.5
2026-02-04 14:17:18,342|INFO|nn.computeOptunaObjective|Trial 64 params:|{'n_layers': 3, 'architecture': 'inner', 'lr': 0.001, 'n_epochs': 200}
2026-02-04 14:17:18,342|INFO|nn.computeOptunaObjective|Trial 64 balacc:|[0.6706303906646373, 0.6813115763546798, 0.7145962732919254, 0.7624891616087508, 0.6384029986369831, 0.7502553626149131, 0.6888044748705962, 0.7576524808059644]
2026-02-04 14:17:18,342|INFO|nn.computeOptunaObjective|Trial 64 rocauc:|[0.8351566463723998, 0.8557881773399014, 0.8946169772256729, 0.908090442206363, 0.7762380736029078, 0.8868459879695835, 0.8198755009183503, 0.8531199898407861]
2026-02-04 14:17:18,342|INFO|nn.computeOptunaObjective|Trial 64 timings:|1.083752333997836
2026-02-04 14:17:18,342|INFO|nn.computeOptunaObjective|Trial 64 objective:|0.7080178398560563
2026-02-04 14:17:18,917|INFO|nn.computeOptunaObjective|Trial 65 params:|{'n_layers': 2, 'architecture': 'outer', 'lr': 0.0001, 'n_epochs': 100}
2026-02-04 14:17:18,917|INFO|nn.computeOptunaObjective|Trial 65 balacc:|[0.5, 0.5, 0.5, 0.5, 0.5, 0.5, 0.507670312239105, 0.5151409326370039]
2026-02-04 14:17:18,917|INFO|nn.computeOptunaObjective|Trial 65 rocauc:|[0.6339897260273971, 0.6626077586206897, 0.7538992408557627, 0.7508837457480158, 0.655611085870059, 0.6706389740097605, 0.702744093337786, 0.7218544798429554]
2026-02-04 14:17:18,917|INFO|nn.computeOptunaObjective|Trial 65 timings:|0.5742741670001124
2026-02-04 14:17:18,917|INFO|nn.computeOptunaObjective|Trial 65 objective:|0.5028514056095136
2026-02-04 14:17:20,032|INFO|nn.computeOptunaObjective|Trial 66 params:|{'n_layers': 3, 'architecture': 'linear', 'lr': 0.0001, 'n_epochs': 200}
2026-02-04 14:17:20,032|INFO|nn.computeOptunaObjective|Trial 66 balacc:|[0.6219241501775749, 0.646243842364532, 0.6922360248447206, 0.733709064229974, 0.6096660608814175, 0.6649642492339122, 0.6575388211721489, 0.714875311522771]
2026-02-04 14:17:20,032|INFO|nn.computeOptunaObjective|Trial 66 rocauc:|[0.8095351344495181, 0.849091748768473, 0.8981366459627329, 0.9060228106449676, 0.7476147205815538, 0.8692543411644535, 0.8001883661713142, 0.8341190850357953]
2026-02-04 14:17:20,032|INFO|nn.computeOptunaObjective|Trial 66 timings:|1.1140653750007914
2026-02-04 14:17:20,032|INFO|nn.computeOptunaObjective|Trial 66 objective:|0.6676446905533813
2026-02-04 14:17:20,781|INFO|nn.computeOptunaObjective|Trial 67 params:|{'n_layers': 4, 'architecture': 'inner', 'lr': 0.001, 'n_epochs': 100}
2026-02-04 14:17:20,781|INFO|nn.computeOptunaObjective|Trial 67 balacc:|[0.6975520040588534, 0.7027093596059113, 0.7474120082815735, 0.7975388514640165, 0.6545320308950477, 0.7446373850868233, 0.6793652947069628, 0.763581334560905]
2026-02-04 14:17:20,781|INFO|nn.computeOptunaObjective|Trial 67 rocauc:|[0.8420376712328768, 0.8620843596059113, 0.9003105590062113, 0.916160875075035, 0.7812358019082235, 0.8765179888775394, 0.8190041117047921, 0.8528871745215381]
2026-02-04 14:17:20,781|INFO|nn.computeOptunaObjective|Trial 67 timings:|0.7477966670012393
2026-02-04 14:17:20,781|INFO|nn.computeOptunaObjective|Trial 67 objective:|0.7234160335825117
2026-02-04 14:17:21,578|INFO|nn.computeOptunaObjective|Trial 68 params:|{'n_layers': 2, 'architecture': 'bottom', 'lr': 0.001, 'n_epochs': 200}
2026-02-04 14:17:21,578|INFO|nn.computeOptunaObjective|Trial 68 balacc:|[0.6260464231354642, 0.6200738916256158, 0.6402691511387164, 0.7412125658640698, 0.6222739663789186, 0.6933946203609125, 0.6893993154115879, 0.7517236270510236]
2026-02-04 14:17:21,578|INFO|nn.computeOptunaObjective|Trial 68 rocauc:|[0.8198091070522577, 0.8506927339901478, 0.8823326432022083, 0.8985526579070233, 0.7569286687869151, 0.8762909998865054, 0.7952209258640842, 0.8438179595853772]
2026-02-04 14:17:21,578|INFO|nn.computeOptunaObjective|Trial 68 timings:|0.7962578329970711
2026-02-04 14:17:21,578|INFO|nn.computeOptunaObjective|Trial 68 objective:|0.6730491951207886
2026-02-04 14:17:23,282|INFO|nn.computeOptunaObjective|Trial 69 params:|{'n_layers': 3, 'architecture': 'top', 'lr': 0.001, 'n_epochs': 200}
2026-02-04 14:17:23,282|INFO|nn.computeOptunaObjective|Trial 69 balacc:|[0.6521118721461188, 0.6985529556650246, 0.7250517598343685, 0.7656239578469952, 0.6401635620172649, 0.7502553626149131, 0.6865920854900651, 0.7569831367631263]
2026-02-04 14:17:23,282|INFO|nn.computeOptunaObjective|Trial 69 rocauc:|[0.8312087772704211, 0.8566810344827587, 0.9003795721187026, 0.9166277596211565, 0.7674920490686052, 0.8828169333787311, 0.8202277091334113, 0.8486912075178182]
2026-02-04 14:17:23,282|INFO|nn.computeOptunaObjective|Trial 69 timings:|1.7031581660012307
2026-02-04 14:17:23,282|INFO|nn.computeOptunaObjective|Trial 69 objective:|0.7094168365472345
2026-02-04 14:17:23,992|INFO|nn.computeOptunaObjective|Trial 70 params:|{'n_layers': 2, 'architecture': 'inner', 'lr': 0.001, 'n_epochs': 150}
2026-02-04 14:17:23,992|INFO|nn.computeOptunaObjective|Trial 70 balacc:|[0.6639396245560629, 0.6495073891625616, 0.6817805383022775, 0.7656239578469952, 0.6079054975011358, 0.7388491658154579, 0.6960312656536984, 0.7774788217428343]
2026-02-04 14:17:23,992|INFO|nn.computeOptunaObjective|Trial 70 rocauc:|[0.8372177828513444, 0.8594057881773399, 0.892615596963423, 0.9094910958447275, 0.7652203543843707, 0.8821927136533879, 0.8167682417765905, 0.8541015180617066]
2026-02-04 14:17:23,992|INFO|nn.computeOptunaObjective|Trial 70 timings:|0.7086972079996485
2026-02-04 14:17:23,992|INFO|nn.computeOptunaObjective|Trial 70 objective:|0.6976395325726279
2026-02-04 14:17:24,884|INFO|nn.computeOptunaObjective|Trial 71 params:|{'n_layers': 2, 'architecture': 'linear', 'lr': 0.001, 'n_epochs': 200}
2026-02-04 14:17:24,884|INFO|nn.computeOptunaObjective|Trial 71 balacc:|[0.6639396245560629, 0.639993842364532, 0.665527950310559, 0.7549856599746548, 0.6061449341208541, 0.7388491658154579, 0.6970644097512106, 0.7668963072315613]
2026-02-04 14:17:24,884|INFO|nn.computeOptunaObjective|Trial 71 rocauc:|[0.8334918822932522, 0.850292487684729, 0.8941338854382332, 0.9136263589675182, 0.7626079054975011, 0.8741346044716831, 0.8117877567206546, 0.8532707906725717]
2026-02-04 14:17:24,884|INFO|nn.computeOptunaObjective|Trial 71 timings:|0.891205332998652
2026-02-04 14:17:24,884|INFO|nn.computeOptunaObjective|Trial 71 objective:|0.6916752367656116
2026-02-04 14:17:25,604|INFO|nn.computeOptunaObjective|Trial 72 params:|{'n_layers': 2, 'architecture': 'linear', 'lr': 0.001, 'n_epochs': 150}
2026-02-04 14:17:25,604|INFO|nn.computeOptunaObjective|Trial 72 balacc:|[0.6630834601725013, 0.639993842364532, 0.6817805383022775, 0.7549856599746548, 0.620513402998637, 0.754000680966973, 0.7000125229587577, 0.7702430274457513]
2026-02-04 14:17:25,604|INFO|nn.computeOptunaObjective|Trial 72 rocauc:|[0.8299245306950785, 0.85626539408867, 0.8906142167011732, 0.9140932435136397, 0.776578827805543, 0.8769719668596072, 0.8144932376022709, 0.8542073432068193]
2026-02-04 14:17:25,605|INFO|nn.computeOptunaObjective|Trial 72 timings:|0.7194131249998463
2026-02-04 14:17:25,605|INFO|nn.computeOptunaObjective|Trial 72 objective:|0.6980766418980106
2026-02-04 14:17:26,737|INFO|nn.computeOptunaObjective|Trial 73 params:|{'n_layers': 4, 'architecture': 'outer', 'lr': 0.0001, 'n_epochs': 150}
2026-02-04 14:17:26,737|INFO|nn.computeOptunaObjective|Trial 73 balacc:|[0.5, 0.5, 0.6237060041407868, 0.6229573801107183, 0.5252158109950023, 0.585291113381001, 0.5725757639004843, 0.631551237889635]
2026-02-04 14:17:26,737|INFO|nn.computeOptunaObjective|Trial 73 rocauc:|[0.8015442668696093, 0.8176262315270937, 0.8875776397515528, 0.8802107650236777, 0.715243071331213, 0.8512087163772557, 0.7784349432292536, 0.810789931795694]
2026-02-04 14:17:26,737|INFO|nn.computeOptunaObjective|Trial 73 timings:|1.1313594999992347
2026-02-04 14:17:26,737|INFO|nn.computeOptunaObjective|Trial 73 objective:|0.5701621638022034
2026-02-04 14:17:27,283|INFO|nn.computeOptunaObjective|Trial 74 params:|{'n_layers': 2, 'architecture': 'outer', 'lr': 0.001, 'n_epochs': 100}
2026-02-04 14:17:27,283|INFO|nn.computeOptunaObjective|Trial 74 balacc:|[0.6656519533231862, 0.639993842364532, 0.729399585921325, 0.7793970519575802, 0.593537028623353, 0.7388491658154579, 0.6960312656536984, 0.7570466318501938]
2026-02-04 14:17:27,283|INFO|nn.computeOptunaObjective|Trial 74 rocauc:|[0.8342370624048706, 0.8641471674876847, 0.8979986197377501, 0.9122257053291536, 0.7746478873239436, 0.8735671319940983, 0.8146784730338954, 0.8548131921625898]
2026-02-04 14:17:27,283|INFO|nn.computeOptunaObjective|Trial 74 timings:|0.5446547500032466
2026-02-04 14:17:27,283|INFO|nn.computeOptunaObjective|Trial 74 objective:|0.6999883156886658
2026-02-04 14:17:28,334|INFO|nn.computeOptunaObjective|Trial 75 params:|{'n_layers': 4, 'architecture': 'linear', 'lr': 0.0001, 'n_epochs': 150}
2026-02-04 14:17:28,334|INFO|nn.computeOptunaObjective|Trial 75 balacc:|[0.574771689497717, 0.5636083743842365, 0.6608695652173913, 0.6639431734809578, 0.5090867787369378, 0.6288729996595165, 0.5988322340958424, 0.6584863829494526]
2026-02-04 14:17:28,334|INFO|nn.computeOptunaObjective|Trial 75 rocauc:|[0.8088692288178589, 0.8319119458128079, 0.8949620427881297, 0.8957513506302941, 0.7217174011812811, 0.8636931108841222, 0.7868618508933045, 0.821430650136779]
2026-02-04 14:17:28,334|INFO|nn.computeOptunaObjective|Trial 75 timings:|1.0503910840016033
2026-02-04 14:17:28,334|INFO|nn.computeOptunaObjective|Trial 75 objective:|0.6073088997527565
2026-02-04 14:17:29,111|INFO|nn.computeOptunaObjective|Trial 76 params:|{'n_layers': 2, 'architecture': 'inner', 'lr': 0.0001, 'n_epochs': 150}
2026-02-04 14:17:29,111|INFO|nn.computeOptunaObjective|Trial 76 balacc:|[0.5084030948756977, 0.5154556650246306, 0.565631469979296, 0.568198492629894, 0.526976374375284, 0.5114061967994552, 0.5675613624979128, 0.6334322798440137]
2026-02-04 14:17:29,111|INFO|nn.computeOptunaObjective|Trial 76 rocauc:|[0.7580067224759005, 0.7753540640394089, 0.8521739130434782, 0.8482625225105049, 0.7027487505679237, 0.7993417319260017, 0.7620872641509435, 0.7928472784418304]
2026-02-04 14:17:29,111|INFO|nn.computeOptunaObjective|Trial 76 timings:|0.7755291249995935
2026-02-04 14:17:29,111|INFO|nn.computeOptunaObjective|Trial 76 objective:|0.549633117003273
2026-02-04 14:17:29,814|INFO|nn.computeOptunaObjective|Trial 77 params:|{'n_layers': 3, 'architecture': 'bottom', 'lr': 0.0001, 'n_epochs': 150}
2026-02-04 14:17:29,814|INFO|nn.computeOptunaObjective|Trial 77 balacc:|[0.5092592592592593, 0.5077278325123152, 0.5, 0.5, 0.5161290322580645, 0.5, 0.5185861579562532, 0.5282738331454937]
2026-02-04 14:17:29,814|INFO|nn.computeOptunaObjective|Trial 77 rocauc:|[0.7179889649923896, 0.7382850985221675, 0.8215320910973084, 0.802841325952111, 0.6787823716492503, 0.7489501759164681, 0.7283118008014694, 0.7589144456614336]
2026-02-04 14:17:29,814|INFO|nn.computeOptunaObjective|Trial 77 timings:|0.7021402909995231
2026-02-04 14:17:29,814|INFO|nn.computeOptunaObjective|Trial 77 objective:|0.5099970143914232
2026-02-04 14:17:30,902|INFO|nn.computeOptunaObjective|Trial 78 params:|{'n_layers': 4, 'architecture': 'linear', 'lr': 0.001, 'n_epochs': 150}
2026-02-04 14:17:30,902|INFO|nn.computeOptunaObjective|Trial 78 balacc:|[0.6622272957889397, 0.6795258620689655, 0.7503105590062111, 0.7928366571066497, 0.6545320308950477, 0.7408920667347634, 0.665793538153281, 0.7622743940187628]
2026-02-04 14:17:30,902|INFO|nn.computeOptunaObjective|Trial 78 rocauc:|[0.8335235920852359, 0.8576662561576355, 0.9063492063492063, 0.9120923097445475, 0.7730577010449796, 0.8714107365792759, 0.8231392970445818, 0.8479213295871233]
2026-02-04 14:17:30,902|INFO|nn.computeOptunaObjective|Trial 78 timings:|1.0866392499992799
2026-02-04 14:17:30,902|INFO|nn.computeOptunaObjective|Trial 78 objective:|0.7135490504715776
2026-02-04 14:17:31,424|INFO|nn.computeOptunaObjective|Trial 79 params:|{'n_layers': 2, 'architecture': 'bottom', 'lr': 0.001, 'n_epochs': 100}
2026-02-04 14:17:31,424|INFO|nn.computeOptunaObjective|Trial 79 balacc:|[0.6766235413495687, 0.6486145320197044, 0.7160455486542443, 0.7656239578469952, 0.6079054975011358, 0.7122914538644876, 0.6976540323927201, 0.7432126397553322]
2026-02-04 14:17:31,424|INFO|nn.computeOptunaObjective|Trial 79 rocauc:|[0.817208904109589, 0.8573121921182266, 0.8952380952380953, 0.9033548989528447, 0.7782825988187189, 0.8801498127340823, 0.8060271956921021, 0.8491462556418031]
2026-02-04 14:17:31,424|INFO|nn.computeOptunaObjective|Trial 79 timings:|0.5209284170014143
2026-02-04 14:17:31,424|INFO|nn.computeOptunaObjective|Trial 79 objective:|0.6959964004230235
2026-02-04 14:17:32,129|INFO|nn.computeOptunaObjective|Trial 80 params:|{'n_layers': 4, 'architecture': 'bottom', 'lr': 0.001, 'n_epochs': 150}
2026-02-04 14:17:32,129|INFO|nn.computeOptunaObjective|Trial 80 balacc:|[0.6596588026382547, 0.6527709359605911, 0.7787784679089027, 0.7987727606216235, 0.6401635620172649, 0.7427647259107932, 0.7013430873267658, 0.7641236884296078]
2026-02-04 14:17:32,129|INFO|nn.computeOptunaObjective|Trial 80 rocauc:|[0.8228056823947235, 0.8405634236453203, 0.8890614216701173, 0.9008203828453278, 0.7768059972739664, 0.849846782431052, 0.8129409125062614, 0.845302157245583]
2026-02-04 14:17:32,129|INFO|nn.computeOptunaObjective|Trial 80 timings:|0.7044811670020863
2026-02-04 14:17:32,129|INFO|nn.computeOptunaObjective|Trial 80 objective:|0.7172970038517255
2026-02-04 14:17:32,773|INFO|nn.computeOptunaObjective|Trial 81 params:|{'n_layers': 3, 'architecture': 'linear', 'lr': 0.0001, 'n_epochs': 100}
2026-02-04 14:17:32,773|INFO|nn.computeOptunaObjective|Trial 81 balacc:|[0.5, 0.5, 0.5, 0.5, 0.5, 0.5, 0.5, 0.5019762845849802]
2026-02-04 14:17:32,773|INFO|nn.computeOptunaObjective|Trial 81 rocauc:|[0.7271213850837138, 0.7428417487684729, 0.8328502415458936, 0.8164476755819383, 0.6863925488414356, 0.7592781750085121, 0.7280769953247621, 0.7533533342857597]
2026-02-04 14:17:32,773|INFO|nn.computeOptunaObjective|Trial 81 timings:|0.6421591250000347
2026-02-04 14:17:32,773|INFO|nn.computeOptunaObjective|Trial 81 objective:|0.5002470355731226
2026-02-04 14:17:34,415|INFO|nn.computeOptunaObjective|Trial 82 params:|{'n_layers': 3, 'architecture': 'top', 'lr': 0.0001, 'n_epochs': 200}
2026-02-04 14:17:34,416|INFO|nn.computeOptunaObjective|Trial 82 balacc:|[0.6572488584474886, 0.6726908866995074, 0.7160455486542443, 0.7778296538384579, 0.6096660608814175, 0.7199523323118828, 0.6688929704458173, 0.7366779370446213]
2026-02-04 14:17:34,416|INFO|nn.computeOptunaObjective|Trial 82 rocauc:|[0.8220922120750889, 0.860329433497537, 0.9011732229123534, 0.9189621823517641, 0.7857791912766925, 0.8808307797071842, 0.8177987769243614, 0.8549878036520259]
2026-02-04 14:17:34,416|INFO|nn.computeOptunaObjective|Trial 82 timings:|1.6418803749984363
2026-02-04 14:17:34,416|INFO|nn.computeOptunaObjective|Trial 82 objective:|0.6948755310404297
2026-02-04 14:17:35,154|INFO|nn.computeOptunaObjective|Trial 83 params:|{'n_layers': 2, 'architecture': 'top', 'lr': 0.0001, 'n_epochs': 100}
2026-02-04 14:17:35,154|INFO|nn.computeOptunaObjective|Trial 83 balacc:|[0.5, 0.5, 0.5, 0.5, 0.5, 0.5, 0.519765403239272, 0.5184241577641263]
2026-02-04 14:17:35,154|INFO|nn.computeOptunaObjective|Trial 83 rocauc:|[0.7081906392694064, 0.7259082512315271, 0.81608005521049, 0.8047755619289002, 0.684234438891413, 0.7528089887640449, 0.7381527592252463, 0.7615442005174851]
2026-02-04 14:17:35,154|INFO|nn.computeOptunaObjective|Trial 83 timings:|0.7368887919983536
2026-02-04 14:17:35,154|INFO|nn.computeOptunaObjective|Trial 83 objective:|0.5047736951254248
2026-02-04 14:17:35,953|INFO|nn.computeOptunaObjective|Trial 84 params:|{'n_layers': 4, 'architecture': 'outer', 'lr': 0.0001, 'n_epochs': 100}
2026-02-04 14:17:35,953|INFO|nn.computeOptunaObjective|Trial 84 balacc:|[0.5, 0.5, 0.5, 0.5, 0.5, 0.5, 0.5, 0.5032832251271224]
2026-02-04 14:17:35,953|INFO|nn.computeOptunaObjective|Trial 84 rocauc:|[0.7532502536783359, 0.7676570197044335, 0.8505175983436853, 0.8440605615954111, 0.682530667878237, 0.7917376007263649, 0.739926845049257, 0.7692535623389474]
2026-02-04 14:17:35,953|INFO|nn.computeOptunaObjective|Trial 84 timings:|0.7976607089985919
2026-02-04 14:17:35,953|INFO|nn.computeOptunaObjective|Trial 84 objective:|0.5004104031408902
2026-02-04 14:17:36,471|INFO|nn.computeOptunaObjective|Trial 85 params:|{'n_layers': 3, 'architecture': 'bottom', 'lr': 0.001, 'n_epochs': 100}
2026-02-04 14:17:36,472|INFO|nn.computeOptunaObjective|Trial 85 balacc:|[0.6697742262810755, 0.6691194581280788, 0.7369565217391305, 0.7487160674981659, 0.613187187641981, 0.7446373850868233, 0.6952955418266822, 0.7576524808059644]
2026-02-04 14:17:36,472|INFO|nn.computeOptunaObjective|Trial 85 rocauc:|[0.8272609081684423, 0.8550338669950739, 0.8991718426501035, 0.9050223437604215, 0.7698773284870514, 0.8690273521734196, 0.8137496869260311, 0.8493261583884946]
2026-02-04 14:17:36,472|INFO|nn.computeOptunaObjective|Trial 85 timings:|0.5174003749998519
2026-02-04 14:17:36,472|INFO|nn.computeOptunaObjective|Trial 85 objective:|0.7044173586259876
2026-02-04 14:17:36,983|INFO|nn.computeOptunaObjective|Trial 86 params:|{'n_layers': 2, 'architecture': 'bottom', 'lr': 0.0001, 'n_epochs': 100}
2026-02-04 14:17:36,983|INFO|nn.computeOptunaObjective|Trial 86 balacc:|[0.5, 0.5, 0.5, 0.5, 0.5, 0.5, 0.5, 0.5019762845849802]
2026-02-04 14:17:36,983|INFO|nn.computeOptunaObjective|Trial 86 rocauc:|[0.5458999238964992, 0.5821890394088669, 0.64824016563147, 0.6172213699726539, 0.6132439800090868, 0.5636136647372603, 0.6361532601435966, 0.6308448550460075]
2026-02-04 14:17:36,983|INFO|nn.computeOptunaObjective|Trial 86 timings:|0.5098671249979816
2026-02-04 14:17:36,983|INFO|nn.computeOptunaObjective|Trial 86 objective:|0.5002470355731226
2026-02-04 14:17:37,936|INFO|nn.computeOptunaObjective|Trial 87 params:|{'n_layers': 4, 'architecture': 'bottom', 'lr': 0.0001, 'n_epochs': 200}
2026-02-04 14:17:37,936|INFO|nn.computeOptunaObjective|Trial 87 balacc:|[0.5, 0.5, 0.5119047619047619, 0.6198225838724738, 0.5395842798727851, 0.5417092271024855, 0.5947048756052763, 0.599293088030647]
2026-02-04 14:17:37,936|INFO|nn.computeOptunaObjective|Trial 87 rocauc:|[0.776937468290208, 0.7973060344827586, 0.8683229813664596, 0.8609351030480892, 0.6968423443889141, 0.8196572466235389, 0.7600783728502255, 0.7962495568572048]
2026-02-04 14:17:37,936|INFO|nn.computeOptunaObjective|Trial 87 timings:|0.9521769999992102
2026-02-04 14:17:37,936|INFO|nn.computeOptunaObjective|Trial 87 objective:|0.5508773520485537
2026-02-04 14:17:39,135|INFO|nn.computeOptunaObjective|Trial 88 params:|{'n_layers': 4, 'architecture': 'top', 'lr': 0.001, 'n_epochs': 100}
2026-02-04 14:17:39,136|INFO|nn.computeOptunaObjective|Trial 88 balacc:|[0.651255707762557, 0.6854679802955665, 0.7355072463768115, 0.7869005535916761, 0.6240345297592004, 0.712461695607763, 0.6674163048923025, 0.751149525638787]
2026-02-04 14:17:39,136|INFO|nn.computeOptunaObjective|Trial 88 rocauc:|[0.8395484525621513, 0.8619458128078819, 0.9031746031746032, 0.9159607816981259, 0.7793048614266243, 0.8758370219044376, 0.8227088203372851, 0.8533210576165002]
2026-02-04 14:17:39,136|INFO|nn.computeOptunaObjective|Trial 88 timings:|1.1983927090004727
2026-02-04 14:17:39,136|INFO|nn.computeOptunaObjective|Trial 88 objective:|0.701774192990583
2026-02-04 14:17:40,309|INFO|nn.computeOptunaObjective|Trial 89 params:|{'n_layers': 2, 'architecture': 'top', 'lr': 0.001, 'n_epochs': 200}
2026-02-04 14:17:40,309|INFO|nn.computeOptunaObjective|Trial 89 balacc:|[0.6639396245560629, 0.6477216748768473, 0.741304347826087, 0.7975388514640165, 0.6257950931394821, 0.7388491658154579, 0.6982436550342295, 0.7590546639787079]
2026-02-04 14:17:40,309|INFO|nn.computeOptunaObjective|Trial 89 rocauc:|[0.8354895991882294, 0.8589593596059114, 0.8948240165631469, 0.9169612485826718, 0.7645388459791005, 0.8795823402564975, 0.8124373852062114, 0.8542496732648645]
2026-02-04 14:17:40,309|INFO|nn.computeOptunaObjective|Trial 89 timings:|1.171936040998844
2026-02-04 14:17:40,309|INFO|nn.computeOptunaObjective|Trial 89 objective:|0.7090558845863614
2026-02-04 14:17:40,310|INFO|mtg.runMTGExperiment|Best trial number:|7
2026-02-04 14:17:40,310|INFO|mtg.runMTGExperiment|Best trial objective:|0.7238599222191955
2026-02-04 14:17:40,310|INFO|mtg.runMTGExperiment|Best trial params:|{'n_layers': 3, 'architecture': 'linear', 'lr': 0.001, 'n_epochs': 150}
2026-02-04 14:17:40,341|INFO|nn.loadModellingDataset|Trainval descriptors loaded (features, instances):|1024|5812
2026-02-04 14:17:40,341|INFO|nn.loadModellingDataset|Trainval endpoints loaded (tasks, instances):|8|5812
2026-02-04 14:17:40,353|INFO|nn.loadModellingDataset|Test descriptors loaded (features, instances):|1024|657
2026-02-04 14:17:40,353|INFO|nn.loadModellingDataset|Test endpoints loaded (tasks, instances):|8|657
2026-02-04 14:17:40,353|INFO|mtg.runMTGExperiment|Final neural network hyperparams:|{'n_layers': 3, 'architecture': 'linear', 'lr': 0.001, 'n_epochs': 150, 'best_trial_num': 7}
2026-02-04 14:17:41,859|INFO|nn.testFinalModel|Final model test balacc:|[0.705026455026455, 0.7177222326630333, 0.9723756906077348, 0.671602787456446, 0.7293388429752066, 0.7596774193548387, 0.7512257658225001, 0.7832902670111972]
2026-02-04 14:17:41,859|INFO|nn.testFinalModel|Final model test rocauc:|[0.9052028218694884, 0.8707009960533735, 0.9627071823204421, 0.7726480836236933, 0.8099173553719008, 0.8483870967741935, 0.8293036750483558, 0.8625215331610679]
2026-02-04 14:17:41,868|INFO|mtg.runMTGExperiment|Mechanistic task grouping experiment timing:|88.96584758399695
2026-02-04 14:17:41,868|INFO|mtg.runMTGExperiment|DONE
