2026-02-04 14:17:43,529|INFO|__main__.startLogging|>>>> START LOGGING A GMTAMES EXPERIMENT
2026-02-04 14:17:43,530|INFO|__main__.startLogging|mode:|mtg
2026-02-04 14:17:43,530|INFO|__main__.startLogging|tasks:|TA100,TA102,TA104,TA1535,TA1537,TA1538,TA97,TA98
2026-02-04 14:17:43,530|INFO|__main__.startLogging|testsplit:|scaffold
2026-02-04 14:17:43,530|INFO|__main__.startLogging|output:|mtg_experiment_scaffold
2026-02-04 14:17:43,530|INFO|__main__.startLogging|device:|mps
2026-02-04 14:17:43,530|INFO|__main__.startLogging|DONE
2026-02-04 14:17:43,530|INFO|mtg.runMTGExperiment|>>>> RUNNING MECHANISTIC TASK GROUPING EXPERIMENT
2026-02-04 14:17:44,969|INFO|mtg.runMTGExperiment|Device confirmed:|mps
2026-02-04 14:17:45,089|INFO|nn.loadModellingDataset|Train descriptors loaded (features, instances):|1024|5690
2026-02-04 14:17:45,089|INFO|nn.loadModellingDataset|Train endpoints loaded (tasks, instances):|8|5690
2026-02-04 14:17:45,105|INFO|nn.loadModellingDataset|Val descriptors loaded (features, instances):|1024|2318
2026-02-04 14:17:45,105|INFO|nn.loadModellingDataset|Val endpoints loaded (tasks, instances):|8|2318
2026-02-04 14:17:46,817|INFO|nn.computeOptunaObjective|Trial 0 params:|{'n_layers': 2, 'architecture': 'top', 'lr': 0.001, 'n_epochs': 100}
2026-02-04 14:17:46,817|INFO|nn.computeOptunaObjective|Trial 0 balacc:|[0.7044673895050488, 0.6210801393728224, 0.8074468085106383, 0.6477471795949828, 0.6740550481988838, 0.7145962732919254, 0.6096660608814175, 0.6908707630656203]
2026-02-04 14:17:46,817|INFO|nn.computeOptunaObjective|Trial 0 rocauc:|[0.8090009932130442, 0.7972560975609756, 0.8904255319148936, 0.8259874337234019, 0.8313514713343481, 0.8676328502415458, 0.7853248523398456, 0.8354248413758558]
2026-02-04 14:17:46,817|INFO|nn.computeOptunaObjective|Trial 0 timings:|1.7114778340001067
2026-02-04 14:17:46,817|INFO|nn.computeOptunaObjective|Trial 0 objective:|0.6837412078026675
2026-02-04 14:17:47,682|INFO|nn.computeOptunaObjective|Trial 1 params:|{'n_layers': 4, 'architecture': 'linear', 'lr': 0.0001, 'n_epochs': 100}
2026-02-04 14:17:47,682|INFO|nn.computeOptunaObjective|Trial 1 balacc:|[0.5, 0.5, 0.5, 0.5, 0.5, 0.5, 0.5, 0.5]
2026-02-04 14:17:47,683|INFO|nn.computeOptunaObjective|Trial 1 rocauc:|[0.704601887104784, 0.6992595818815331, 0.7191489361702128, 0.7072618130007241, 0.6962043378995434, 0.7871635610766046, 0.7180826896865061, 0.7299971823342796]
2026-02-04 14:17:47,683|INFO|nn.computeOptunaObjective|Trial 1 timings:|0.8647753750010452
2026-02-04 14:17:47,683|INFO|nn.computeOptunaObjective|Trial 1 objective:|0.5
2026-02-04 14:17:48,404|INFO|nn.computeOptunaObjective|Trial 2 params:|{'n_layers': 3, 'architecture': 'linear', 'lr': 0.001, 'n_epochs': 100}
2026-02-04 14:17:48,405|INFO|nn.computeOptunaObjective|Trial 2 balacc:|[0.7256104121834133, 0.7042682926829269, 0.7898936170212766, 0.6587601896620185, 0.7100773718924404, 0.7268115942028985, 0.6815084052703316, 0.7230286775755552]
2026-02-04 14:17:48,405|INFO|nn.computeOptunaObjective|Trial 2 rocauc:|[0.8266429399106108, 0.7797256097560976, 0.875531914893617, 0.8014388153131058, 0.8189212328767125, 0.8471014492753624, 0.7670377101317581, 0.8370710886625479]
2026-02-04 14:17:48,405|INFO|nn.computeOptunaObjective|Trial 2 timings:|0.7216036669997266
2026-02-04 14:17:48,405|INFO|nn.computeOptunaObjective|Trial 2 objective:|0.7149948200613576
2026-02-04 14:17:50,880|INFO|nn.computeOptunaObjective|Trial 3 params:|{'n_layers': 4, 'architecture': 'top', 'lr': 0.001, 'n_epochs': 200}
2026-02-04 14:17:50,880|INFO|nn.computeOptunaObjective|Trial 3 balacc:|[0.736221238205595, 0.6363240418118467, 0.7968085106382978, 0.6360100903931049, 0.6865804160324708, 0.7178053830227743, 0.7122898682417083, 0.6868947236600434]
2026-02-04 14:17:50,880|INFO|nn.computeOptunaObjective|Trial 3 rocauc:|[0.8012622082436683, 0.7676393728222997, 0.8425531914893618, 0.7736902342746362, 0.8068080923389143, 0.8489302967563838, 0.7741935483870968, 0.826510060110202]
2026-02-04 14:17:50,880|INFO|nn.computeOptunaObjective|Trial 3 timings:|2.4752705419996346
2026-02-04 14:17:50,880|INFO|nn.computeOptunaObjective|Trial 3 objective:|0.7011167840007302
2026-02-04 14:17:53,244|INFO|nn.computeOptunaObjective|Trial 4 params:|{'n_layers': 4, 'architecture': 'top', 'lr': 0.0001, 'n_epochs': 200}
2026-02-04 14:17:53,244|INFO|nn.computeOptunaObjective|Trial 4 balacc:|[0.7146581691772885, 0.7221254355400697, 0.8042553191489361, 0.6242146077126107, 0.6855657026889903, 0.7195652173913043, 0.6905951840072694, 0.7121180497578894]
2026-02-04 14:17:53,244|INFO|nn.computeOptunaObjective|Trial 4 rocauc:|[0.8179564641615626, 0.787020905923345, 0.8478723404255318, 0.7888725387148762, 0.8000221968543887, 0.8420289855072465, 0.757383007723762, 0.8214252170646185]
2026-02-04 14:17:53,244|INFO|nn.computeOptunaObjective|Trial 4 timings:|2.363812458999746
2026-02-04 14:17:53,245|INFO|nn.computeOptunaObjective|Trial 4 objective:|0.7091372106780447
2026-02-04 14:17:54,681|INFO|nn.computeOptunaObjective|Trial 5 params:|{'n_layers': 3, 'architecture': 'top', 'lr': 0.001, 'n_epochs': 150}
2026-02-04 14:17:54,682|INFO|nn.computeOptunaObjective|Trial 5 balacc:|[0.7294673895050487, 0.7160278745644599, 0.7611702127659574, 0.6741059958423843, 0.7152143581938103, 0.743064182194617, 0.685029532030895, 0.7153583653364501]
2026-02-04 14:17:54,682|INFO|nn.computeOptunaObjective|Trial 5 rocauc:|[0.8124027478894223, 0.7650261324041812, 0.8547872340425532, 0.8117277462452994, 0.8315575849822425, 0.8506901311249138, 0.744661517492049, 0.8382190265486726]
2026-02-04 14:17:54,682|INFO|nn.computeOptunaObjective|Trial 5 timings:|1.4365710420024698
2026-02-04 14:17:54,682|INFO|nn.computeOptunaObjective|Trial 5 objective:|0.7174297388042028
2026-02-04 14:17:55,593|INFO|nn.computeOptunaObjective|Trial 6 params:|{'n_layers': 2, 'architecture': 'outer', 'lr': 0.001, 'n_epochs': 200}
2026-02-04 14:17:55,593|INFO|nn.computeOptunaObjective|Trial 6 balacc:|[0.6933165038900844, 0.5971254355400697, 0.7930851063829787, 0.6312568612337375, 0.7009766615930999, 0.7012422360248447, 0.6026238073602908, 0.6907246618801135]
2026-02-04 14:17:55,593|INFO|nn.computeOptunaObjective|Trial 6 rocauc:|[0.7985929481873861, 0.7742813588850174, 0.8851063829787235, 0.8099175484081937, 0.8294171740233384, 0.8612836438923395, 0.7726033621081327, 0.8287511479378862]
2026-02-04 14:17:55,593|INFO|nn.computeOptunaObjective|Trial 6 timings:|0.9111894999987271
2026-02-04 14:17:55,593|INFO|nn.computeOptunaObjective|Trial 6 objective:|0.6762939092381524
2026-02-04 14:17:56,570|INFO|nn.computeOptunaObjective|Trial 7 params:|{'n_layers': 3, 'architecture': 'linear', 'lr': 0.001, 'n_epochs': 150}
2026-02-04 14:17:56,570|INFO|nn.computeOptunaObjective|Trial 7 balacc:|[0.7288404237708989, 0.6594076655052264, 0.750531914893617, 0.6741059958423843, 0.703386605783866, 0.7610766045548654, 0.685029532030895, 0.7227364752045417]
2026-02-04 14:17:56,570|INFO|nn.computeOptunaObjective|Trial 7 rocauc:|[0.812760718424102, 0.7447735191637631, 0.8468085106382979, 0.817788989325672, 0.8378836884830037, 0.8526570048309178, 0.7453998182644253, 0.8358814075805643]
2026-02-04 14:17:56,570|INFO|nn.computeOptunaObjective|Trial 7 timings:|0.9765605419997883
2026-02-04 14:17:56,570|INFO|nn.computeOptunaObjective|Trial 7 objective:|0.7106394021982869
2026-02-04 14:17:57,410|INFO|nn.computeOptunaObjective|Trial 8 params:|{'n_layers': 4, 'architecture': 'linear', 'lr': 0.001, 'n_epochs': 100}
2026-02-04 14:17:57,410|INFO|nn.computeOptunaObjective|Trial 8 balacc:|[0.7339120178778349, 0.7312717770034843, 0.7792553191489362, 0.6191577324644384, 0.6905441400304414, 0.7343685300207039, 0.706724216265334, 0.7171324511604609]
2026-02-04 14:17:57,410|INFO|nn.computeOptunaObjective|Trial 8 rocauc:|[0.817025326932627, 0.7972560975609756, 0.8606382978723405, 0.7744843855838179, 0.8011320395738204, 0.840855762594893, 0.758178100863244, 0.8252238478877943]
2026-02-04 14:17:57,410|INFO|nn.computeOptunaObjective|Trial 8 timings:|0.8392458749985963
2026-02-04 14:17:57,410|INFO|nn.computeOptunaObjective|Trial 8 objective:|0.7140457729964542
2026-02-04 14:17:58,668|INFO|nn.computeOptunaObjective|Trial 9 params:|{'n_layers': 2, 'architecture': 'top', 'lr': 0.0001, 'n_epochs': 200}
2026-02-04 14:17:58,668|INFO|nn.computeOptunaObjective|Trial 9 balacc:|[0.6366185234232743, 0.6036585365853658, 0.6787234042553192, 0.5506738607432322, 0.6025494672754947, 0.6684265010351967, 0.5557133121308496, 0.6301031056937719]
2026-02-04 14:17:58,668|INFO|nn.computeOptunaObjective|Trial 9 rocauc:|[0.7668018539976825, 0.802918118466899, 0.873404255319149, 0.7647443533506177, 0.7854674023338407, 0.8572808833678399, 0.7653339391185825, 0.7915318709300385]
2026-02-04 14:17:58,668|INFO|nn.computeOptunaObjective|Trial 9 timings:|1.2578666670015082
2026-02-04 14:17:58,668|INFO|nn.computeOptunaObjective|Trial 9 objective:|0.6158083388928131
2026-02-04 14:18:00,020|INFO|nn.computeOptunaObjective|Trial 10 params:|{'n_layers': 4, 'architecture': 'top', 'lr': 0.0001, 'n_epochs': 100}
2026-02-04 14:18:00,020|INFO|nn.computeOptunaObjective|Trial 10 balacc:|[0.5089285714285714, 0.5, 0.5143617021276595, 0.5, 0.5, 0.5, 0.5, 0.5]
2026-02-04 14:18:00,020|INFO|nn.computeOptunaObjective|Trial 10 rocauc:|[0.7399064724383381, 0.7896341463414634, 0.7861702127659574, 0.7210193165627263, 0.7613996702181633, 0.8330572808833678, 0.771694684234439, 0.7707437593922191]
2026-02-04 14:18:00,020|INFO|nn.computeOptunaObjective|Trial 10 timings:|1.3510924999973213
2026-02-04 14:18:00,020|INFO|nn.computeOptunaObjective|Trial 10 objective:|0.5029112841945289
2026-02-04 14:18:00,595|INFO|nn.computeOptunaObjective|Trial 11 params:|{'n_layers': 2, 'architecture': 'inner', 'lr': 0.001, 'n_epochs': 100}
2026-02-04 14:18:00,595|INFO|nn.computeOptunaObjective|Trial 11 balacc:|[0.7086657838106274, 0.6567944250871081, 0.8074468085106383, 0.6446172891411487, 0.6841704718417048, 0.6907867494824016, 0.5774079963652885, 0.6868895057605611]
2026-02-04 14:18:00,595|INFO|nn.computeOptunaObjective|Trial 11 rocauc:|[0.8032238040059593, 0.7905052264808362, 0.897872340425532, 0.818232779763156, 0.8311612125824456, 0.8660455486542444, 0.778169014084507, 0.8279006303222575]
2026-02-04 14:18:00,595|INFO|nn.computeOptunaObjective|Trial 11 timings:|0.5752892499986046
2026-02-04 14:18:00,595|INFO|nn.computeOptunaObjective|Trial 11 objective:|0.6820973787499348
2026-02-04 14:18:01,595|INFO|nn.computeOptunaObjective|Trial 12 params:|{'n_layers': 3, 'architecture': 'outer', 'lr': 0.0001, 'n_epochs': 150}
2026-02-04 14:18:01,595|INFO|nn.computeOptunaObjective|Trial 12 balacc:|[0.5736902002979639, 0.5413763066202091, 0.6324468085106383, 0.5, 0.552130898021309, 0.6579710144927536, 0.5304975011358474, 0.6175644932376023]
2026-02-04 14:18:01,595|INFO|nn.computeOptunaObjective|Trial 12 rocauc:|[0.7398278430723391, 0.7898519163763067, 0.8287234042553192, 0.7311330670590708, 0.7551845509893456, 0.829537612146308, 0.760222626079055, 0.7745945692102189]
2026-02-04 14:18:01,595|INFO|nn.computeOptunaObjective|Trial 12 timings:|0.9991594169987366
2026-02-04 14:18:01,595|INFO|nn.computeOptunaObjective|Trial 12 objective:|0.5757096527895404
2026-02-04 14:18:02,842|INFO|nn.computeOptunaObjective|Trial 13 params:|{'n_layers': 3, 'architecture': 'outer', 'lr': 0.0001, 'n_epochs': 200}
2026-02-04 14:18:02,842|INFO|nn.computeOptunaObjective|Trial 13 balacc:|[0.645737460685317, 0.600609756097561, 0.7180851063829787, 0.5, 0.6184994926433283, 0.6893374741200828, 0.5630395274875057, 0.6526757388545666]
2026-02-04 14:18:02,842|INFO|nn.computeOptunaObjective|Trial 13 rocauc:|[0.76433123655024, 0.8188153310104529, 0.8680851063829788, 0.7503562002195594, 0.7788083460172501, 0.8486542443064182, 0.7776010904134484, 0.7943547545500083]
2026-02-04 14:18:02,842|INFO|nn.computeOptunaObjective|Trial 13 timings:|1.246501666999393
2026-02-04 14:18:02,842|INFO|nn.computeOptunaObjective|Trial 13 objective:|0.6234980695339175
2026-02-04 14:18:03,551|INFO|nn.computeOptunaObjective|Trial 14 params:|{'n_layers': 3, 'architecture': 'outer', 'lr': 0.001, 'n_epochs': 100}
2026-02-04 14:18:03,552|INFO|nn.computeOptunaObjective|Trial 14 balacc:|[0.7161500579374276, 0.7068815331010453, 0.7898936170212766, 0.6599630953215145, 0.7008181126331812, 0.7744306418219462, 0.6832689686506134, 0.7215520120220404]
2026-02-04 14:18:03,552|INFO|nn.computeOptunaObjective|Trial 14 rocauc:|[0.8201518788280086, 0.7483667247386759, 0.8819148936170214, 0.8107817718917151, 0.8217751141552512, 0.8546583850931678, 0.7578373466606089, 0.8420620095174486]
2026-02-04 14:18:03,552|INFO|nn.computeOptunaObjective|Trial 14 timings:|0.7090678749991639
2026-02-04 14:18:03,552|INFO|nn.computeOptunaObjective|Trial 14 objective:|0.7191197548136306
2026-02-04 14:18:05,116|INFO|nn.computeOptunaObjective|Trial 15 params:|{'n_layers': 4, 'architecture': 'outer', 'lr': 0.001, 'n_epochs': 200}
2026-02-04 14:18:05,117|INFO|nn.computeOptunaObjective|Trial 15 balacc:|[0.7235784638304916, 0.6537456445993032, 0.7436170212765958, 0.6509354635274333, 0.6949835109081685, 0.7192546583850932, 0.6741821899136756, 0.708867298380364]
2026-02-04 14:18:05,117|INFO|nn.computeOptunaObjective|Trial 15 rocauc:|[0.8050322794239364, 0.7770034843205574, 0.7574468085106383, 0.7989862892112208, 0.8305904363267376, 0.8405106970324362, 0.7624375283961835, 0.8331524461512775]
2026-02-04 14:18:05,117|INFO|nn.computeOptunaObjective|Trial 15 timings:|1.5645052079999004
2026-02-04 14:18:05,117|INFO|nn.computeOptunaObjective|Trial 15 objective:|0.6961455313526406
2026-02-04 14:18:05,728|INFO|nn.computeOptunaObjective|Trial 16 params:|{'n_layers': 4, 'architecture': 'bottom', 'lr': 0.001, 'n_epochs': 100}
2026-02-04 14:18:05,728|INFO|nn.computeOptunaObjective|Trial 16 balacc:|[0.711324697897699, 0.6567944250871081, 0.7755319148936171, 0.6018265480111181, 0.691400304414003, 0.7419254658385093, 0.6709450249886415, 0.7215624478210052]
2026-02-04 14:18:05,728|INFO|nn.computeOptunaObjective|Trial 16 rocauc:|[0.8024871709981791, 0.7767857142857143, 0.8436170212765958, 0.7658655081400509, 0.7889237696600709, 0.8278122843340234, 0.7526124488868696, 0.8057454291200535]
2026-02-04 14:18:05,728|INFO|nn.computeOptunaObjective|Trial 16 timings:|0.6111391249978624
2026-02-04 14:18:05,728|INFO|nn.computeOptunaObjective|Trial 16 objective:|0.6964138536189627
2026-02-04 14:18:06,880|INFO|nn.computeOptunaObjective|Trial 17 params:|{'n_layers': 3, 'architecture': 'inner', 'lr': 0.0001, 'n_epochs': 200}
2026-02-04 14:18:06,880|INFO|nn.computeOptunaObjective|Trial 17 balacc:|[0.6605549577884456, 0.615418118466899, 0.6968085106382979, 0.5, 0.6596588026382547, 0.7221532091097309, 0.5809291231258519, 0.6604921522791785]
2026-02-04 14:18:06,880|INFO|nn.computeOptunaObjective|Trial 17 rocauc:|[0.7793080615792088, 0.8072735191637631, 0.851063829787234, 0.7607969541961555, 0.787306570268899, 0.8510697032436163, 0.7718082689686506, 0.8045348764401402]
2026-02-04 14:18:06,880|INFO|nn.computeOptunaObjective|Trial 17 timings:|1.1517738750007993
2026-02-04 14:18:06,880|INFO|nn.computeOptunaObjective|Trial 17 objective:|0.6370018592558323
2026-02-04 14:18:08,703|INFO|nn.computeOptunaObjective|Trial 18 params:|{'n_layers': 4, 'architecture': 'top', 'lr': 0.001, 'n_epochs': 150}
2026-02-04 14:18:08,703|INFO|nn.computeOptunaObjective|Trial 18 balacc:|[0.7253641781162059, 0.6363240418118467, 0.7861702127659574, 0.6458201948006447, 0.7066527143581938, 0.687888198757764, 0.6926397092230805, 0.7090186174653532]
2026-02-04 14:18:08,703|INFO|nn.computeOptunaObjective|Trial 18 rocauc:|[0.8060813607018705, 0.7992160278745645, 0.8452127659574468, 0.7854623595636838, 0.8094717148655505, 0.8598688750862664, 0.7599954566106314, 0.8333298547336784]
2026-02-04 14:18:08,703|INFO|nn.computeOptunaObjective|Trial 18 timings:|1.8220280420027848
2026-02-04 14:18:08,703|INFO|nn.computeOptunaObjective|Trial 18 objective:|0.6987347334123808
2026-02-04 14:18:09,826|INFO|nn.computeOptunaObjective|Trial 19 params:|{'n_layers': 4, 'architecture': 'inner', 'lr': 0.0001, 'n_epochs': 150}
2026-02-04 14:18:09,826|INFO|nn.computeOptunaObjective|Trial 19 balacc:|[0.6081505545439496, 0.5740418118466899, 0.6718085106382978, 0.5, 0.624334094368341, 0.6417184265010352, 0.5, 0.6264140507597262]
2026-02-04 14:18:09,826|INFO|nn.computeOptunaObjective|Trial 19 rocauc:|[0.7676791921867241, 0.8133710801393728, 0.8202127659574467, 0.7395650853712658, 0.7827086504312532, 0.8501035196687371, 0.7849840981372104, 0.7854530180330606]
2026-02-04 14:18:09,826|INFO|nn.computeOptunaObjective|Trial 19 timings:|1.122457209003187
2026-02-04 14:18:09,826|INFO|nn.computeOptunaObjective|Trial 19 objective:|0.593308431082255
2026-02-04 14:18:10,694|INFO|nn.computeOptunaObjective|Trial 20 params:|{'n_layers': 3, 'architecture': 'bottom', 'lr': 0.001, 'n_epochs': 200}
2026-02-04 14:18:10,694|INFO|nn.computeOptunaObjective|Trial 20 balacc:|[0.7206340009932131, 0.6655052264808362, 0.7648936170212766, 0.6831336276364656, 0.7076674277016743, 0.7358178053830228, 0.660097682871422, 0.7093108198363667]
2026-02-04 14:18:10,694|INFO|nn.computeOptunaObjective|Trial 20 rocauc:|[0.8094851845720907, 0.7528310104529617, 0.8691489361702127, 0.8112372410249222, 0.8200627853881277, 0.8417874396135265, 0.7452862335302135, 0.8267344297879445]
2026-02-04 14:18:10,694|INFO|nn.computeOptunaObjective|Trial 20 timings:|0.8673766250030894
2026-02-04 14:18:10,694|INFO|nn.computeOptunaObjective|Trial 20 objective:|0.7058825259905347
2026-02-04 14:18:11,391|INFO|nn.computeOptunaObjective|Trial 21 params:|{'n_layers': 3, 'architecture': 'outer', 'lr': 0.0001, 'n_epochs': 100}
2026-02-04 14:18:11,391|INFO|nn.computeOptunaObjective|Trial 21 balacc:|[0.5, 0.5, 0.5, 0.5, 0.5, 0.5, 0.5, 0.5]
2026-02-04 14:18:11,392|INFO|nn.computeOptunaObjective|Trial 21 rocauc:|[0.7008814765767257, 0.6955574912891985, 0.7340425531914894, 0.7121902225959406, 0.6715341197361746, 0.7609385783298828, 0.7027487505679236, 0.7183143053932209]
2026-02-04 14:18:11,392|INFO|nn.computeOptunaObjective|Trial 21 timings:|0.6970812090003164
2026-02-04 14:18:11,392|INFO|nn.computeOptunaObjective|Trial 21 objective:|0.5
2026-02-04 14:18:12,913|INFO|nn.computeOptunaObjective|Trial 22 params:|{'n_layers': 4, 'architecture': 'outer', 'lr': 0.0001, 'n_epochs': 200}
2026-02-04 14:18:12,913|INFO|nn.computeOptunaObjective|Trial 22 balacc:|[0.6868088892567455, 0.6837979094076655, 0.7468085106382978, 0.5, 0.673896499238965, 0.7221532091097309, 0.5844502498864153, 0.6818803222574721]
2026-02-04 14:18:12,913|INFO|nn.computeOptunaObjective|Trial 22 rocauc:|[0.7833140208574739, 0.7944250871080141, 0.8404255319148937, 0.7536262350220727, 0.7871163115169966, 0.8493443754313319, 0.7690822353475693, 0.7997604984137584]
2026-02-04 14:18:12,913|INFO|nn.computeOptunaObjective|Trial 22 timings:|1.5209394169978623
2026-02-04 14:18:12,913|INFO|nn.computeOptunaObjective|Trial 22 objective:|0.6599744487244115
2026-02-04 14:18:13,904|INFO|nn.computeOptunaObjective|Trial 23 params:|{'n_layers': 2, 'architecture': 'top', 'lr': 0.0001, 'n_epochs': 150}
2026-02-04 14:18:13,904|INFO|nn.computeOptunaObjective|Trial 23 balacc:|[0.6029361860619102, 0.5413763066202091, 0.6537234042553192, 0.5, 0.5344685438863521, 0.6146997929606626, 0.5143684688777829, 0.6090071380864919]
2026-02-04 14:18:13,904|INFO|nn.computeOptunaObjective|Trial 23 rocauc:|[0.7429606025492469, 0.7902874564459931, 0.824468085106383, 0.7466423749795623, 0.7477644596651446, 0.8195307108350586, 0.7470467969104952, 0.7730344172649858]
2026-02-04 14:18:13,904|INFO|nn.computeOptunaObjective|Trial 23 timings:|0.9901008750020992
2026-02-04 14:18:13,904|INFO|nn.computeOptunaObjective|Trial 23 objective:|0.571322480093591
2026-02-04 14:18:15,286|INFO|nn.computeOptunaObjective|Trial 24 params:|{'n_layers': 4, 'architecture': 'inner', 'lr': 0.001, 'n_epochs': 200}
2026-02-04 14:18:15,286|INFO|nn.computeOptunaObjective|Trial 24 balacc:|[0.7292687468962092, 0.600609756097561, 0.8148936170212766, 0.6772358862962184, 0.7023718924403856, 0.6849896480331263, 0.6908791458427987, 0.6938293120721323]
2026-02-04 14:18:15,286|INFO|nn.computeOptunaObjective|Trial 24 rocauc:|[0.8036024664790596, 0.7921385017421603, 0.8500000000000001, 0.7854506808679607, 0.8133403094875697, 0.8610420979986197, 0.756133575647433, 0.8252786358323594]
2026-02-04 14:18:15,286|INFO|nn.computeOptunaObjective|Trial 24 timings:|1.3820926250009506
2026-02-04 14:18:15,286|INFO|nn.computeOptunaObjective|Trial 24 objective:|0.6992597505874636
2026-02-04 14:18:16,448|INFO|nn.computeOptunaObjective|Trial 25 params:|{'n_layers': 4, 'architecture': 'outer', 'lr': 0.001, 'n_epochs': 150}
2026-02-04 14:18:16,448|INFO|nn.computeOptunaObjective|Trial 25 balacc:|[0.7361260552888595, 0.7160278745644599, 0.7755319148936171, 0.6815686824095485, 0.7068112633181126, 0.731159420289855, 0.6779872785097683, 0.713740816496911]
2026-02-04 14:18:16,448|INFO|nn.computeOptunaObjective|Trial 25 rocauc:|[0.8113515974176461, 0.7724303135888502, 0.8521276595744681, 0.8078854553523462, 0.8299879502790461, 0.8571428571428571, 0.7701044979554748, 0.835007409417265]
2026-02-04 14:18:16,448|INFO|nn.computeOptunaObjective|Trial 25 timings:|1.1614649170005578
2026-02-04 14:18:16,448|INFO|nn.computeOptunaObjective|Trial 25 objective:|0.7173691632213915
2026-02-04 14:18:17,226|INFO|nn.computeOptunaObjective|Trial 26 params:|{'n_layers': 2, 'architecture': 'outer', 'lr': 0.0001, 'n_epochs': 150}
2026-02-04 14:18:17,226|INFO|nn.computeOptunaObjective|Trial 26 balacc:|[0.5772140374110246, 0.5117595818815331, 0.6287234042553191, 0.5, 0.4991438356164384, 0.5119047619047619, 0.5161290322580645, 0.5706555768909668]
2026-02-04 14:18:17,226|INFO|nn.computeOptunaObjective|Trial 26 rocauc:|[0.7275285548750205, 0.7336672473867596, 0.7734042553191489, 0.7334220914208301, 0.6936358447488584, 0.7744651483781917, 0.716946842344389, 0.7477484763733512]
2026-02-04 14:18:17,226|INFO|nn.computeOptunaObjective|Trial 26 timings:|0.7766991249991406
2026-02-04 14:18:17,226|INFO|nn.computeOptunaObjective|Trial 26 objective:|0.5394412787772636
2026-02-04 14:18:18,227|INFO|nn.computeOptunaObjective|Trial 27 params:|{'n_layers': 3, 'architecture': 'top', 'lr': 0.001, 'n_epochs': 100}
2026-02-04 14:18:18,227|INFO|nn.computeOptunaObjective|Trial 27 balacc:|[0.7251262208243667, 0.6920731707317074, 0.750531914893617, 0.6733235232289257, 0.7016742770167428, 0.7387163561076604, 0.685029532030895, 0.7085750960093504]
2026-02-04 14:18:18,227|INFO|nn.computeOptunaObjective|Trial 27 rocauc:|[0.8219086243999338, 0.7923562717770034, 0.8659574468085106, 0.8072314483918436, 0.8238996702181633, 0.8597653554175294, 0.7460245343025896, 0.8406166513608283]
2026-02-04 14:18:18,227|INFO|nn.computeOptunaObjective|Trial 27 timings:|1.0010733750023064
2026-02-04 14:18:18,227|INFO|nn.computeOptunaObjective|Trial 27 objective:|0.7093812613554082
2026-02-04 14:18:19,148|INFO|nn.computeOptunaObjective|Trial 28 params:|{'n_layers': 2, 'architecture': 'outer', 'lr': 0.0001, 'n_epochs': 200}
2026-02-04 14:18:19,148|INFO|nn.computeOptunaObjective|Trial 28 balacc:|[0.6054440489985102, 0.570993031358885, 0.6680851063829787, 0.5074626865671642, 0.5857432775240994, 0.6713250517598344, 0.5234552476147206, 0.6163852479545834]
2026-02-04 14:18:19,148|INFO|nn.computeOptunaObjective|Trial 28 rocauc:|[0.7439703691441815, 0.7780923344947736, 0.8436170212765958, 0.7500759115222012, 0.7539478691019786, 0.829399585921325, 0.7505679236710585, 0.7703054558356988]
2026-02-04 14:18:19,148|INFO|nn.computeOptunaObjective|Trial 28 timings:|0.9203157079973607
2026-02-04 14:18:19,148|INFO|nn.computeOptunaObjective|Trial 28 objective:|0.593611712270097
2026-02-04 14:18:19,856|INFO|nn.computeOptunaObjective|Trial 29 params:|{'n_layers': 3, 'architecture': 'bottom', 'lr': 0.001, 'n_epochs': 150}
2026-02-04 14:18:19,856|INFO|nn.computeOptunaObjective|Trial 29 balacc:|[0.7029196325111736, 0.6711672473867596, 0.800531914893617, 0.6658608366617615, 0.6798896499238966, 0.7265010351966874, 0.6152317128577919, 0.7032632743362832]
2026-02-04 14:18:19,856|INFO|nn.computeOptunaObjective|Trial 29 rocauc:|[0.7980715113391823, 0.7439024390243902, 0.8776595744680851, 0.7851353560834327, 0.8187626839167935, 0.8512767425810903, 0.7612448886869605, 0.8246498789447321]
2026-02-04 14:18:19,856|INFO|nn.computeOptunaObjective|Trial 29 timings:|0.7071728750015609
2026-02-04 14:18:19,856|INFO|nn.computeOptunaObjective|Trial 29 objective:|0.6956706629709963
2026-02-04 14:18:20,770|INFO|nn.computeOptunaObjective|Trial 30 params:|{'n_layers': 3, 'architecture': 'inner', 'lr': 0.001, 'n_epochs': 150}
2026-02-04 14:18:20,770|INFO|nn.computeOptunaObjective|Trial 30 balacc:|[0.7216499751696739, 0.6829268292682926, 0.750531914893617, 0.6666433092752202, 0.7268835616438356, 0.7343685300207039, 0.717287596547024, 0.7156557856069461]
2026-02-04 14:18:20,770|INFO|nn.computeOptunaObjective|Trial 30 rocauc:|[0.8129759145836782, 0.7525043554006969, 0.8531914893617021, 0.807651881437881, 0.8221397767630645, 0.8396135265700483, 0.7551113130395275, 0.8341803723493071]
2026-02-04 14:18:20,770|INFO|nn.computeOptunaObjective|Trial 30 timings:|0.913039833001676
2026-02-04 14:18:20,770|INFO|nn.computeOptunaObjective|Trial 30 objective:|0.7144934378031642
2026-02-04 14:18:21,384|INFO|nn.computeOptunaObjective|Trial 31 params:|{'n_layers': 2, 'architecture': 'inner', 'lr': 0.0001, 'n_epochs': 100}
2026-02-04 14:18:21,385|INFO|nn.computeOptunaObjective|Trial 31 balacc:|[0.5017857142857143, 0.5, 0.525, 0.5, 0.5, 0.5, 0.5, 0.5060475455000835]
2026-02-04 14:18:21,385|INFO|nn.computeOptunaObjective|Trial 31 rocauc:|[0.6914335374937925, 0.6426393728222997, 0.7180851063829787, 0.7014224651390932, 0.6164859208523592, 0.7137336093857832, 0.672421626533394, 0.7043825137752546]
2026-02-04 14:18:21,385|INFO|nn.computeOptunaObjective|Trial 31 timings:|0.6143536250019679
2026-02-04 14:18:21,385|INFO|nn.computeOptunaObjective|Trial 31 objective:|0.5041041574732248
2026-02-04 14:18:21,971|INFO|nn.computeOptunaObjective|Trial 32 params:|{'n_layers': 2, 'architecture': 'linear', 'lr': 0.001, 'n_epochs': 100}
2026-02-04 14:18:21,972|INFO|nn.computeOptunaObjective|Trial 32 balacc:|[0.6998323952987916, 0.6628919860627178, 0.7361702127659575, 0.6328218064606544, 0.6647957889396245, 0.7250517598343685, 0.593537028623353, 0.6963286859241944]
2026-02-04 14:18:21,972|INFO|nn.computeOptunaObjective|Trial 32 rocauc:|[0.7958533355404735, 0.798780487804878, 0.8638297872340426, 0.8125802910330973, 0.8273877473363774, 0.8680469289164943, 0.7770331667423898, 0.8307756929370513]
2026-02-04 14:18:21,972|INFO|nn.computeOptunaObjective|Trial 32 timings:|0.5863624579978932
2026-02-04 14:18:21,972|INFO|nn.computeOptunaObjective|Trial 32 objective:|0.6764287079887077
2026-02-04 14:18:22,907|INFO|nn.computeOptunaObjective|Trial 33 params:|{'n_layers': 4, 'architecture': 'bottom', 'lr': 0.001, 'n_epochs': 200}
2026-02-04 14:18:22,907|INFO|nn.computeOptunaObjective|Trial 33 balacc:|[0.717546763780831, 0.6977351916376306, 0.6968085106382979, 0.6961320159764557, 0.6731988838153222, 0.7404761904761905, 0.6867900954111767, 0.7119719485723828]
2026-02-04 14:18:22,907|INFO|nn.computeOptunaObjective|Trial 33 rocauc:|[0.8073249462009602, 0.7734102787456446, 0.8382978723404255, 0.8024198257538598, 0.8217116945712837, 0.839302967563837, 0.7723761926397092, 0.8208251586241443]
2026-02-04 14:18:22,907|INFO|nn.computeOptunaObjective|Trial 33 timings:|0.9346986659984395
2026-02-04 14:18:22,907|INFO|nn.computeOptunaObjective|Trial 33 objective:|0.7025824500385359
2026-02-04 14:18:23,849|INFO|nn.computeOptunaObjective|Trial 34 params:|{'n_layers': 2, 'architecture': 'inner', 'lr': 0.0001, 'n_epochs': 200}
2026-02-04 14:18:23,849|INFO|nn.computeOptunaObjective|Trial 34 balacc:|[0.6073249462009601, 0.570993031358885, 0.6430851063829788, 0.5, 0.5790525114155252, 0.6713250517598344, 0.5216946842344389, 0.622432793454667]
2026-02-04 14:18:23,849|INFO|nn.computeOptunaObjective|Trial 34 rocauc:|[0.7469334547260388, 0.7981271777003485, 0.8414893617021277, 0.7472029523742789, 0.7604166666666666, 0.8337474120082815, 0.758178100863244, 0.7757581607947904]
2026-02-04 14:18:23,849|INFO|nn.computeOptunaObjective|Trial 34 timings:|0.9417795830013347
2026-02-04 14:18:23,849|INFO|nn.computeOptunaObjective|Trial 34 objective:|0.5894885156009111
2026-02-04 14:18:24,663|INFO|nn.computeOptunaObjective|Trial 35 params:|{'n_layers': 4, 'architecture': 'inner', 'lr': 0.0001, 'n_epochs': 100}
2026-02-04 14:18:24,663|INFO|nn.computeOptunaObjective|Trial 35 balacc:|[0.5, 0.5, 0.5, 0.5, 0.5, 0.5, 0.5, 0.5]
2026-02-04 14:18:24,663|INFO|nn.computeOptunaObjective|Trial 35 rocauc:|[0.7110991557689125, 0.7214721254355401, 0.7308510638297873, 0.7078691051783338, 0.7188134195839675, 0.805728088336784, 0.7236483416628805, 0.7451812698280179]
2026-02-04 14:18:24,663|INFO|nn.computeOptunaObjective|Trial 35 timings:|0.8132330830012506
2026-02-04 14:18:24,663|INFO|nn.computeOptunaObjective|Trial 35 objective:|0.5
2026-02-04 14:18:25,711|INFO|nn.computeOptunaObjective|Trial 36 params:|{'n_layers': 2, 'architecture': 'top', 'lr': 0.001, 'n_epochs': 150}
2026-02-04 14:18:25,711|INFO|nn.computeOptunaObjective|Trial 36 balacc:|[0.6992530210230095, 0.6302264808362369, 0.7718085106382979, 0.6461822343680658, 0.7102359208523592, 0.7145962732919254, 0.6222739663789186, 0.6907246618801135]
2026-02-04 14:18:25,711|INFO|nn.computeOptunaObjective|Trial 36 rocauc:|[0.8062013739447111, 0.790287456445993, 0.8638297872340426, 0.8154766075724663, 0.8350298072044647, 0.8628019323671497, 0.7745343025897319, 0.833556833361162]
2026-02-04 14:18:25,711|INFO|nn.computeOptunaObjective|Trial 36 timings:|1.0475192080011766
2026-02-04 14:18:25,711|INFO|nn.computeOptunaObjective|Trial 36 objective:|0.6856626336586158
2026-02-04 14:18:26,636|INFO|nn.computeOptunaObjective|Trial 37 params:|{'n_layers': 3, 'architecture': 'linear', 'lr': 0.0001, 'n_epochs': 150}
2026-02-04 14:18:26,636|INFO|nn.computeOptunaObjective|Trial 37 balacc:|[0.5856584174805496, 0.5474738675958188, 0.6574468085106383, 0.5, 0.5, 0.5923395445134576, 0.5287369377555656, 0.6045823593254299]
2026-02-04 14:18:26,636|INFO|nn.computeOptunaObjective|Trial 37 rocauc:|[0.747463168349611, 0.7891986062717771, 0.8148936170212766, 0.7287272557400789, 0.7607654743784881, 0.8296756383712905, 0.7680599727396638, 0.7756172775087661]
2026-02-04 14:18:26,636|INFO|nn.computeOptunaObjective|Trial 37 timings:|0.9240096670000639
2026-02-04 14:18:26,636|INFO|nn.computeOptunaObjective|Trial 37 objective:|0.5645297418976825
2026-02-04 14:18:27,336|INFO|nn.computeOptunaObjective|Trial 38 params:|{'n_layers': 2, 'architecture': 'bottom', 'lr': 0.001, 'n_epochs': 150}
2026-02-04 14:18:27,336|INFO|nn.computeOptunaObjective|Trial 38 balacc:|[0.6731894553881808, 0.612369337979094, 0.7824468085106383, 0.6469647069815243, 0.6900050735667174, 0.6922360248447206, 0.5577578373466606, 0.688220070128569]
2026-02-04 14:18:27,336|INFO|nn.computeOptunaObjective|Trial 38 rocauc:|[0.7817579870882304, 0.7896341463414634, 0.9063829787234042, 0.8023964683624133, 0.8188895230847286, 0.8706694271911662, 0.7804407087687414, 0.8218400400734679]
2026-02-04 14:18:27,336|INFO|nn.computeOptunaObjective|Trial 38 timings:|0.6996371670029475
2026-02-04 14:18:27,336|INFO|nn.computeOptunaObjective|Trial 38 objective:|0.6678986643432632
2026-02-04 14:18:28,822|INFO|nn.computeOptunaObjective|Trial 39 params:|{'n_layers': 4, 'architecture': 'linear', 'lr': 0.001, 'n_epochs': 200}
2026-02-04 14:18:28,822|INFO|nn.computeOptunaObjective|Trial 39 balacc:|[0.7234274126800199, 0.6894599303135889, 0.7111702127659575, 0.661948473594469, 0.7092212075088787, 0.7221532091097309, 0.7210926851431168, 0.7007586825847387]
2026-02-04 14:18:28,822|INFO|nn.computeOptunaObjective|Trial 39 rocauc:|[0.8021085085250785, 0.8090156794425087, 0.8420212765957447, 0.773012869922687, 0.8198091070522577, 0.8644927536231884, 0.7698773284870515, 0.8299173484721991]
2026-02-04 14:18:28,822|INFO|nn.computeOptunaObjective|Trial 39 timings:|1.4851269999999204
2026-02-04 14:18:28,822|INFO|nn.computeOptunaObjective|Trial 39 objective:|0.7049039767125626
2026-02-04 14:18:29,479|INFO|nn.computeOptunaObjective|Trial 40 params:|{'n_layers': 2, 'architecture': 'bottom', 'lr': 0.0001, 'n_epochs': 150}
2026-02-04 14:18:29,479|INFO|nn.computeOptunaObjective|Trial 40 balacc:|[0.5376427743751034, 0.5, 0.575, 0.5, 0.5, 0.5, 0.5161290322580645, 0.5339267824344631]
2026-02-04 14:18:29,479|INFO|nn.computeOptunaObjective|Trial 40 rocauc:|[0.7068738619433869, 0.6613675958188154, 0.7446808510638298, 0.7017261112278981, 0.5999334094368342, 0.7322291235334714, 0.6861653793730123, 0.7182360369009851]
2026-02-04 14:18:29,479|INFO|nn.computeOptunaObjective|Trial 40 timings:|0.6559103330000653
2026-02-04 14:18:29,479|INFO|nn.computeOptunaObjective|Trial 40 objective:|0.5203373236334539
2026-02-04 14:18:31,326|INFO|nn.computeOptunaObjective|Trial 41 params:|{'n_layers': 4, 'architecture': 'top', 'lr': 0.0001, 'n_epochs': 150}
2026-02-04 14:18:31,326|INFO|nn.computeOptunaObjective|Trial 41 balacc:|[0.6878248634332065, 0.6598432055749129, 0.7718085106382979, 0.5628897764697638, 0.6780187721968544, 0.7192546583850932, 0.5882553384825079, 0.6603460510936717]
2026-02-04 14:18:31,326|INFO|nn.computeOptunaObjective|Trial 41 rocauc:|[0.7983984439662307, 0.7846254355400698, 0.851063829787234, 0.7679443159787914, 0.7880358954845257, 0.8521048999309869, 0.769195820081781, 0.8110155075972616]
2026-02-04 14:18:31,326|INFO|nn.computeOptunaObjective|Trial 41 timings:|1.8464328339978238
2026-02-04 14:18:31,326|INFO|nn.computeOptunaObjective|Trial 41 objective:|0.6660301470342885
2026-02-04 14:18:32,209|INFO|nn.computeOptunaObjective|Trial 42 params:|{'n_layers': 3, 'architecture': 'bottom', 'lr': 0.0001, 'n_epochs': 200}
2026-02-04 14:18:32,210|INFO|nn.computeOptunaObjective|Trial 42 balacc:|[0.5917853004469459, 0.5618466898954704, 0.6468085106382979, 0.5, 0.552130898021309, 0.5, 0.5234552476147206, 0.578477208215061]
2026-02-04 14:18:32,210|INFO|nn.computeOptunaObjective|Trial 42 rocauc:|[0.7131311041218342, 0.7539198606271778, 0.824468085106383, 0.7234718426646113, 0.7223332064941653, 0.7988267770876466, 0.7440935938209904, 0.7476075930873268]
2026-02-04 14:18:32,210|INFO|nn.computeOptunaObjective|Trial 42 timings:|0.8826314999969327
2026-02-04 14:18:32,210|INFO|nn.computeOptunaObjective|Trial 42 objective:|0.5568129818539755
2026-02-04 14:18:32,892|INFO|nn.computeOptunaObjective|Trial 43 params:|{'n_layers': 3, 'architecture': 'inner', 'lr': 0.001, 'n_epochs': 100}
2026-02-04 14:18:32,892|INFO|nn.computeOptunaObjective|Trial 43 balacc:|[0.7322214865088561, 0.6803135888501742, 0.750531914893617, 0.6800037371826315, 0.6907026889903602, 0.7581780538302277, 0.6993980009086779, 0.7177220738019703]
2026-02-04 14:18:32,892|INFO|nn.computeOptunaObjective|Trial 43 rocauc:|[0.8180516470782984, 0.7789634146341464, 0.8585106382978723, 0.814168593651461, 0.8119133688483003, 0.8542443064182195, 0.7464788732394366, 0.8340681875104359]
2026-02-04 14:18:32,892|INFO|nn.computeOptunaObjective|Trial 43 timings:|0.6814021249992948
2026-02-04 14:18:32,892|INFO|nn.computeOptunaObjective|Trial 43 objective:|0.7136339431208143
2026-02-04 14:18:33,641|INFO|nn.computeOptunaObjective|Trial 44 params:|{'n_layers': 4, 'architecture': 'bottom', 'lr': 0.0001, 'n_epochs': 150}
2026-02-04 14:18:33,641|INFO|nn.computeOptunaObjective|Trial 44 balacc:|[0.5, 0.5, 0.5393617021276595, 0.5066802139537057, 0.5185185185185185, 0.5, 0.5161290322580645, 0.5169633912172316]
2026-02-04 14:18:33,641|INFO|nn.computeOptunaObjective|Trial 44 rocauc:|[0.6998220493295811, 0.6803135888501742, 0.7053191489361702, 0.7071450260434915, 0.6346239218670725, 0.7474810213940648, 0.699341208541572, 0.7175785815662046]
2026-02-04 14:18:33,641|INFO|nn.computeOptunaObjective|Trial 44 timings:|0.7484512500013807
2026-02-04 14:18:33,641|INFO|nn.computeOptunaObjective|Trial 44 objective:|0.5122066072593975
2026-02-04 14:18:34,381|INFO|nn.computeOptunaObjective|Trial 45 params:|{'n_layers': 3, 'architecture': 'inner', 'lr': 0.0001, 'n_epochs': 100}
2026-02-04 14:18:34,381|INFO|nn.computeOptunaObjective|Trial 45 balacc:|[0.5, 0.5, 0.525, 0.5, 0.5, 0.5, 0.5, 0.5]
2026-02-04 14:18:34,381|INFO|nn.computeOptunaObjective|Trial 45 rocauc:|[0.708864426419467, 0.7010017421602788, 0.7351063829787233, 0.708289538224371, 0.6971239218670725, 0.7850241545893719, 0.704679691049523, 0.7352046460176991]
2026-02-04 14:18:34,381|INFO|nn.computeOptunaObjective|Trial 45 timings:|0.7392977079980483
2026-02-04 14:18:34,381|INFO|nn.computeOptunaObjective|Trial 45 objective:|0.503125
2026-02-04 14:18:34,963|INFO|nn.computeOptunaObjective|Trial 46 params:|{'n_layers': 4, 'architecture': 'bottom', 'lr': 0.0001, 'n_epochs': 100}
2026-02-04 14:18:34,963|INFO|nn.computeOptunaObjective|Trial 46 balacc:|[0.5, 0.5, 0.5, 0.5, 0.5, 0.5, 0.5, 0.5058962264150944]
2026-02-04 14:18:34,963|INFO|nn.computeOptunaObjective|Trial 46 rocauc:|[0.598456381393809, 0.5361498257839722, 0.6329787234042553, 0.6580711466143461, 0.5083872399797058, 0.5583160800552105, 0.6117673784643345, 0.565568124895642]
2026-02-04 14:18:34,963|INFO|nn.computeOptunaObjective|Trial 46 timings:|0.5806409159995383
2026-02-04 14:18:34,963|INFO|nn.computeOptunaObjective|Trial 46 objective:|0.5007370283018868
2026-02-04 14:18:36,149|INFO|nn.computeOptunaObjective|Trial 47 params:|{'n_layers': 3, 'architecture': 'linear', 'lr': 0.001, 'n_epochs': 200}
2026-02-04 14:18:36,149|INFO|nn.computeOptunaObjective|Trial 47 balacc:|[0.7247848038404238, 0.6681184668989547, 0.7686170212765957, 0.6694111601616332, 0.705955098934551, 0.7668737060041408, 0.6636188096319855, 0.7141791200534313]
2026-02-04 14:18:36,149|INFO|nn.computeOptunaObjective|Trial 47 rocauc:|[0.8129779837775203, 0.7336672473867596, 0.8388297872340426, 0.8073482353490762, 0.8373763318112634, 0.8446859903381643, 0.755736029077692, 0.833812510435799]
2026-02-04 14:18:36,149|INFO|nn.computeOptunaObjective|Trial 47 timings:|1.1852632500012987
2026-02-04 14:18:36,149|INFO|nn.computeOptunaObjective|Trial 47 objective:|0.7101947733502145
2026-02-04 14:18:37,557|INFO|nn.computeOptunaObjective|Trial 48 params:|{'n_layers': 3, 'architecture': 'top', 'lr': 0.0001, 'n_epochs': 150}
2026-02-04 14:18:37,557|INFO|nn.computeOptunaObjective|Trial 48 balacc:|[0.6433723721238206, 0.5888501742160278, 0.6968085106382979, 0.5, 0.6335933536276002, 0.6611801242236025, 0.5504316219900045, 0.6472178159959927]
2026-02-04 14:18:37,557|INFO|nn.computeOptunaObjective|Trial 48 rocauc:|[0.7696159576229101, 0.8105400696864111, 0.8351063829787234, 0.7500058393478617, 0.7887018011161847, 0.8533471359558316, 0.7778282598818719, 0.7997918058106529]
2026-02-04 14:18:37,557|INFO|nn.computeOptunaObjective|Trial 48 timings:|1.4078537499990489
2026-02-04 14:18:37,557|INFO|nn.computeOptunaObjective|Trial 48 objective:|0.6151817466019183
2026-02-04 14:18:38,542|INFO|nn.computeOptunaObjective|Trial 49 params:|{'n_layers': 2, 'architecture': 'inner', 'lr': 0.001, 'n_epochs': 200}
2026-02-04 14:18:38,542|INFO|nn.computeOptunaObjective|Trial 49 balacc:|[0.6963561496440986, 0.6358885017421603, 0.7824468085106383, 0.6544273935486884, 0.6850266362252664, 0.6893374741200828, 0.6187528396183553, 0.6901350392386041]
2026-02-04 14:18:38,542|INFO|nn.computeOptunaObjective|Trial 49 rocauc:|[0.8007449097831485, 0.7824477351916376, 0.8936170212765957, 0.8173451988881881, 0.8349346778285135, 0.8626639061421669, 0.7764652430713312, 0.8303478251794958]
2026-02-04 14:18:38,542|INFO|nn.computeOptunaObjective|Trial 49 timings:|0.9837784999981523
2026-02-04 14:18:38,542|INFO|nn.computeOptunaObjective|Trial 49 objective:|0.6815463553309868
2026-02-04 14:18:39,505|INFO|nn.computeOptunaObjective|Trial 50 params:|{'n_layers': 3, 'architecture': 'outer', 'lr': 0.001, 'n_epochs': 150}
2026-02-04 14:18:39,505|INFO|nn.computeOptunaObjective|Trial 50 balacc:|[0.718800695249131, 0.7068815331010453, 0.7718085106382979, 0.6493705183005162, 0.6798896499238966, 0.7073498964803313, 0.6832689686506134, 0.7168350308899649]
2026-02-04 14:18:39,505|INFO|nn.computeOptunaObjective|Trial 50 rocauc:|[0.8155541301109086, 0.7470601045296167, 0.8707446808510639, 0.8225071823978698, 0.8327784119736175, 0.84296066252588, 0.750454338936847, 0.8332750667891134]
2026-02-04 14:18:39,505|INFO|nn.computeOptunaObjective|Trial 50 timings:|0.9620015410000633
2026-02-04 14:18:39,505|INFO|nn.computeOptunaObjective|Trial 50 objective:|0.7042756004042245
2026-02-04 14:18:40,353|INFO|nn.computeOptunaObjective|Trial 51 params:|{'n_layers': 4, 'architecture': 'outer', 'lr': 0.001, 'n_epochs': 100}
2026-02-04 14:18:40,353|INFO|nn.computeOptunaObjective|Trial 51 balacc:|[0.7210230094355239, 0.7251742160278746, 0.7898936170212766, 0.6356480508256838, 0.6795725520040589, 0.7314699792960663, 0.7122898682417083, 0.7112362247453665]
2026-02-04 14:18:40,353|INFO|nn.computeOptunaObjective|Trial 51 rocauc:|[0.8130028141036252, 0.7929006968641115, 0.8648936170212765, 0.7807441664914863, 0.8022101725012684, 0.8338854382332643, 0.7472739663789186, 0.8146628193354484]
2026-02-04 14:18:40,353|INFO|nn.computeOptunaObjective|Trial 51 timings:|0.8474080419982783
2026-02-04 14:18:40,353|INFO|nn.computeOptunaObjective|Trial 51 objective:|0.7132884396996948
2026-02-04 14:18:40,952|INFO|nn.computeOptunaObjective|Trial 52 params:|{'n_layers': 2, 'architecture': 'linear', 'lr': 0.0001, 'n_epochs': 100}
2026-02-04 14:18:40,952|INFO|nn.computeOptunaObjective|Trial 52 balacc:|[0.5035714285714286, 0.5, 0.525, 0.5, 0.5, 0.5, 0.5, 0.507670312239105]
2026-02-04 14:18:40,952|INFO|nn.computeOptunaObjective|Trial 52 rocauc:|[0.6918597914252608, 0.6424216027874564, 0.7351063829787234, 0.6994370868661387, 0.6243816590563166, 0.7284334023464458, 0.6779872785097683, 0.7059374478210052]
2026-02-04 14:18:40,952|INFO|nn.computeOptunaObjective|Trial 52 timings:|0.5982135409976763
2026-02-04 14:18:40,952|INFO|nn.computeOptunaObjective|Trial 52 objective:|0.5045302176013167
2026-02-04 14:18:41,986|INFO|nn.computeOptunaObjective|Trial 53 params:|{'n_layers': 3, 'architecture': 'top', 'lr': 0.0001, 'n_epochs': 100}
2026-02-04 14:18:41,986|INFO|nn.computeOptunaObjective|Trial 53 balacc:|[0.5107618771726535, 0.5, 0.525, 0.5, 0.5, 0.5, 0.5, 0.5010331440975121]
2026-02-04 14:18:41,986|INFO|nn.computeOptunaObjective|Trial 53 rocauc:|[0.7294611819235226, 0.7480400696864111, 0.7776595744680851, 0.718730292200967, 0.7287068746829021, 0.813319530710835, 0.7432985006815084, 0.7570363374519953]
2026-02-04 14:18:41,986|INFO|nn.computeOptunaObjective|Trial 53 timings:|1.0335460839996813
2026-02-04 14:18:41,986|INFO|nn.computeOptunaObjective|Trial 53 objective:|0.5045993776587707
2026-02-04 14:18:43,224|INFO|nn.computeOptunaObjective|Trial 54 params:|{'n_layers': 3, 'architecture': 'outer', 'lr': 0.001, 'n_epochs': 200}
2026-02-04 14:18:43,224|INFO|nn.computeOptunaObjective|Trial 54 balacc:|[0.7217927495447773, 0.6951219512195121, 0.7648936170212766, 0.6568332048676804, 0.7160705225773719, 0.7401656314699794, 0.660097682871422, 0.7097543412923693]
2026-02-04 14:18:43,224|INFO|nn.computeOptunaObjective|Trial 54 rocauc:|[0.8085747392815759, 0.7574041811846691, 0.8680851063829788, 0.815780253661271, 0.8279902333840691, 0.8493788819875776, 0.7417651067696502, 0.8330298255134414]
2026-02-04 14:18:43,224|INFO|nn.computeOptunaObjective|Trial 54 timings:|1.236969333000161
2026-02-04 14:18:43,224|INFO|nn.computeOptunaObjective|Trial 54 objective:|0.7080912126080486
2026-02-04 14:18:44,370|INFO|nn.computeOptunaObjective|Trial 55 params:|{'n_layers': 4, 'architecture': 'inner', 'lr': 0.001, 'n_epochs': 150}
2026-02-04 14:18:44,370|INFO|nn.computeOptunaObjective|Trial 55 balacc:|[0.740951415328588, 0.7068815331010453, 0.725531914893617, 0.6902342746362087, 0.6907026889903602, 0.7163561076604554, 0.6779872785097683, 0.7032684922357655]
2026-02-04 14:18:44,370|INFO|nn.computeOptunaObjective|Trial 55 rocauc:|[0.8097396954146664, 0.789198606271777, 0.8457446808510638, 0.794034522224558, 0.8210457889396247, 0.8629744651483782, 0.7665833711949114, 0.832048860410753]
2026-02-04 14:18:44,370|INFO|nn.computeOptunaObjective|Trial 55 timings:|1.1453793749969918
2026-02-04 14:18:44,370|INFO|nn.computeOptunaObjective|Trial 55 objective:|0.706489213169476
2026-02-04 14:18:45,764|INFO|nn.computeOptunaObjective|Trial 56 params:|{'n_layers': 4, 'architecture': 'inner', 'lr': 0.0001, 'n_epochs': 200}
2026-02-04 14:18:45,764|INFO|nn.computeOptunaObjective|Trial 56 balacc:|[0.7028327263698063, 0.6807491289198606, 0.7648936170212766, 0.5951463340574125, 0.6687595129375952, 0.7372670807453416, 0.6152317128577919, 0.708282893638337]
2026-02-04 14:18:45,764|INFO|nn.computeOptunaObjective|Trial 56 rocauc:|[0.7923150140705182, 0.7854965156794426, 0.8425531914893617, 0.7654917898769065, 0.7927923642820904, 0.8443754313319531, 0.7647660154475239, 0.8107024336283186]
2026-02-04 14:18:45,764|INFO|nn.computeOptunaObjective|Trial 56 timings:|1.3929867079968972
2026-02-04 14:18:45,764|INFO|nn.computeOptunaObjective|Trial 56 objective:|0.6841453758184277
2026-02-04 14:18:46,583|INFO|nn.computeOptunaObjective|Trial 57 params:|{'n_layers': 2, 'architecture': 'bottom', 'lr': 0.0001, 'n_epochs': 200}
2026-02-04 14:18:46,583|INFO|nn.computeOptunaObjective|Trial 57 balacc:|[0.5754759145836782, 0.5056620209059234, 0.6537234042553192, 0.5, 0.5084030948756977, 0.555175983436853, 0.5143684688777829, 0.5904209801302387]
2026-02-04 14:18:46,583|INFO|nn.computeOptunaObjective|Trial 57 rocauc:|[0.719926336699222, 0.7277874564459931, 0.7872340425531915, 0.72368205918763, 0.6936041349568747, 0.7884057971014493, 0.713198546115402, 0.748520725496744]
2026-02-04 14:18:46,583|INFO|nn.computeOptunaObjective|Trial 57 timings:|0.8176465420001477
2026-02-04 14:18:46,583|INFO|nn.computeOptunaObjective|Trial 57 objective:|0.5504037333831866
2026-02-04 14:18:48,042|INFO|nn.computeOptunaObjective|Trial 58 params:|{'n_layers': 4, 'architecture': 'linear', 'lr': 0.0001, 'n_epochs': 200}
2026-02-04 14:18:48,042|INFO|nn.computeOptunaObjective|Trial 58 balacc:|[0.7016263863598742, 0.6868466898954704, 0.7542553191489361, 0.5746852591502581, 0.6661910197869102, 0.7253623188405798, 0.620513402998637, 0.6938293120721323]
2026-02-04 14:18:48,042|INFO|nn.computeOptunaObjective|Trial 58 rocauc:|[0.7934530706836616, 0.7894163763066202, 0.8414893617021277, 0.7626188307289843, 0.7906360984271944, 0.843616287094548, 0.7644252612448887, 0.8112816204708633]
2026-02-04 14:18:48,042|INFO|nn.computeOptunaObjective|Trial 58 timings:|1.4581192910009122
2026-02-04 14:18:48,042|INFO|nn.computeOptunaObjective|Trial 58 objective:|0.6779137135315998
2026-02-04 14:18:48,809|INFO|nn.computeOptunaObjective|Trial 59 params:|{'n_layers': 2, 'architecture': 'linear', 'lr': 0.0001, 'n_epochs': 150}
2026-02-04 14:18:48,809|INFO|nn.computeOptunaObjective|Trial 59 balacc:|[0.5435792915080285, 0.5265679442508711, 0.6287234042553191, 0.5, 0.5084030948756977, 0.5238095238095238, 0.5161290322580645, 0.5404178493905494]
2026-02-04 14:18:48,809|INFO|nn.computeOptunaObjective|Trial 59 rocauc:|[0.7193262704850192, 0.7541376306620209, 0.7904255319148936, 0.7305257748814612, 0.7071442161339421, 0.7928916494133886, 0.719786460699682, 0.7476597720821506]
2026-02-04 14:18:48,809|INFO|nn.computeOptunaObjective|Trial 59 timings:|0.7665452500004903
2026-02-04 14:18:48,809|INFO|nn.computeOptunaObjective|Trial 59 objective:|0.5359537675435068
2026-02-04 14:18:49,790|INFO|nn.computeOptunaObjective|Trial 60 params:|{'n_layers': 3, 'architecture': 'inner', 'lr': 0.0001, 'n_epochs': 150}
2026-02-04 14:18:49,790|INFO|nn.computeOptunaObjective|Trial 60 balacc:|[0.5976266346631353, 0.5474738675958188, 0.6574468085106383, 0.5, 0.5613901572805682, 0.5908902691511387, 0.5, 0.6011907246618801]
2026-02-04 14:18:49,790|INFO|nn.computeOptunaObjective|Trial 60 rocauc:|[0.7518250289687137, 0.8020470383275261, 0.8085106382978724, 0.7315301427136618, 0.7706906392694064, 0.8345065562456866, 0.7723761926397092, 0.7775792077141426]
2026-02-04 14:18:49,790|INFO|nn.computeOptunaObjective|Trial 60 timings:|0.9798952499986626
2026-02-04 14:18:49,790|INFO|nn.computeOptunaObjective|Trial 60 objective:|0.5695023077328975
2026-02-04 14:18:50,738|INFO|nn.computeOptunaObjective|Trial 61 params:|{'n_layers': 2, 'architecture': 'linear', 'lr': 0.0001, 'n_epochs': 200}
2026-02-04 14:18:50,738|INFO|nn.computeOptunaObjective|Trial 61 balacc:|[0.6151423605363351, 0.5740418118466899, 0.6680851063829787, 0.5, 0.5773401826484018, 0.6698757763975155, 0.5234552476147206, 0.6171209717815995]
2026-02-04 14:18:50,738|INFO|nn.computeOptunaObjective|Trial 61 rocauc:|[0.7458078132759477, 0.7854965156794425, 0.8255319148936171, 0.7539298811108776, 0.770880898021309, 0.8347826086956521, 0.7580645161290323, 0.777422670729671]
2026-02-04 14:18:50,738|INFO|nn.computeOptunaObjective|Trial 61 timings:|0.9468463329976657
2026-02-04 14:18:50,738|INFO|nn.computeOptunaObjective|Trial 61 objective:|0.5931326821510301
2026-02-04 14:18:51,480|INFO|nn.computeOptunaObjective|Trial 62 params:|{'n_layers': 2, 'architecture': 'outer', 'lr': 0.001, 'n_epochs': 150}
2026-02-04 14:18:51,480|INFO|nn.computeOptunaObjective|Trial 62 balacc:|[0.6957767753683165, 0.6628919860627178, 0.7968085106382978, 0.6402844930278186, 0.683314307458143, 0.7250517598343685, 0.613187187641981, 0.6907246618801135]
2026-02-04 14:18:51,480|INFO|nn.computeOptunaObjective|Trial 62 rocauc:|[0.7963189041549412, 0.8098867595818816, 0.8957446808510638, 0.8060168640366244, 0.8267218417047183, 0.8602484472049688, 0.7815765561108587, 0.829833862080481]
2026-02-04 14:18:51,480|INFO|nn.computeOptunaObjective|Trial 62 timings:|0.7416040839998459
2026-02-04 14:18:51,480|INFO|nn.computeOptunaObjective|Trial 62 objective:|0.6885049602389696
2026-02-04 14:18:52,045|INFO|nn.computeOptunaObjective|Trial 63 params:|{'n_layers': 3, 'architecture': 'bottom', 'lr': 0.0001, 'n_epochs': 100}
2026-02-04 14:18:52,045|INFO|nn.computeOptunaObjective|Trial 63 balacc:|[0.5, 0.5, 0.5, 0.5, 0.5, 0.5, 0.5, 0.5]
2026-02-04 14:18:52,045|INFO|nn.computeOptunaObjective|Trial 63 rocauc:|[0.6103956298626055, 0.5389808362369337, 0.624468085106383, 0.6591923014037793, 0.5174562404870624, 0.5984126984126985, 0.6130168105406633, 0.6135910627817664]
2026-02-04 14:18:52,045|INFO|nn.computeOptunaObjective|Trial 63 timings:|0.5636622919992078
2026-02-04 14:18:52,045|INFO|nn.computeOptunaObjective|Trial 63 objective:|0.5
2026-02-04 14:18:53,182|INFO|nn.computeOptunaObjective|Trial 64 params:|{'n_layers': 3, 'architecture': 'inner', 'lr': 0.001, 'n_epochs': 200}
2026-02-04 14:18:53,182|INFO|nn.computeOptunaObjective|Trial 64 balacc:|[0.7258483694752524, 0.6859756097560976, 0.750531914893617, 0.6120570854646953, 0.7042427701674276, 0.7300207039337474, 0.6993980009086779, 0.735269869761229]
2026-02-04 14:18:53,182|INFO|nn.computeOptunaObjective|Trial 64 rocauc:|[0.813756000662142, 0.7456445993031359, 0.8164893617021277, 0.8135496227781281, 0.8164954337899543, 0.8391649413388544, 0.7550545206724215, 0.833731632993822]
2026-02-04 14:18:53,182|INFO|nn.computeOptunaObjective|Trial 64 timings:|1.1363383330026409
2026-02-04 14:18:53,182|INFO|nn.computeOptunaObjective|Trial 64 objective:|0.705418040545093
2026-02-04 14:18:53,790|INFO|nn.computeOptunaObjective|Trial 65 params:|{'n_layers': 2, 'architecture': 'outer', 'lr': 0.0001, 'n_epochs': 100}
2026-02-04 14:18:53,790|INFO|nn.computeOptunaObjective|Trial 65 balacc:|[0.5017857142857143, 0.5, 0.5, 0.5, 0.5, 0.5, 0.5, 0.504424778761062]
2026-02-04 14:18:53,790|INFO|nn.computeOptunaObjective|Trial 65 rocauc:|[0.6796846548584672, 0.6367595818815331, 0.723404255319149, 0.7018195407936842, 0.6005041856925419, 0.6964803312629401, 0.6610631531122216, 0.6884627024544999]
2026-02-04 14:18:53,790|INFO|nn.computeOptunaObjective|Trial 65 timings:|0.6071020000017597
2026-02-04 14:18:53,790|INFO|nn.computeOptunaObjective|Trial 65 objective:|0.500776311630847
2026-02-04 14:18:54,965|INFO|nn.computeOptunaObjective|Trial 66 params:|{'n_layers': 3, 'architecture': 'linear', 'lr': 0.0001, 'n_epochs': 200}
2026-02-04 14:18:54,965|INFO|nn.computeOptunaObjective|Trial 66 balacc:|[0.6564993378579705, 0.6062717770034843, 0.7680851063829788, 0.5074626865671642, 0.6503995433789954, 0.6968944099378882, 0.5738868696047251, 0.6768659208549006]
2026-02-04 14:18:54,965|INFO|nn.computeOptunaObjective|Trial 66 rocauc:|[0.774370965072008, 0.8162020905923345, 0.8563829787234042, 0.7510569219629553, 0.785403982749873, 0.8492063492063492, 0.7678328032712403, 0.7986960469193521]
2026-02-04 14:18:54,965|INFO|nn.computeOptunaObjective|Trial 66 timings:|1.173470041998371
2026-02-04 14:18:54,965|INFO|nn.computeOptunaObjective|Trial 66 objective:|0.6420457064485134
2026-02-04 14:18:55,794|INFO|nn.computeOptunaObjective|Trial 67 params:|{'n_layers': 4, 'architecture': 'inner', 'lr': 0.001, 'n_epochs': 100}
2026-02-04 14:18:55,794|INFO|nn.computeOptunaObjective|Trial 67 balacc:|[0.7309675550405562, 0.7221254355400697, 0.7686170212765957, 0.6435311704388854, 0.6804287163876205, 0.7210144927536232, 0.6853134938664244, 0.7081367924528301]
2026-02-04 14:18:55,794|INFO|nn.computeOptunaObjective|Trial 67 rocauc:|[0.8146581691772885, 0.7992160278745644, 0.8680851063829788, 0.7707472029523743, 0.8004027143581938, 0.8402346445824708, 0.7669241253975466, 0.8203085865753882]
2026-02-04 14:18:55,794|INFO|nn.computeOptunaObjective|Trial 67 timings:|0.8286226670024917
2026-02-04 14:18:55,794|INFO|nn.computeOptunaObjective|Trial 67 objective:|0.7075168347195757
2026-02-04 14:18:56,627|INFO|nn.computeOptunaObjective|Trial 68 params:|{'n_layers': 2, 'architecture': 'bottom', 'lr': 0.001, 'n_epochs': 200}
2026-02-04 14:18:56,627|INFO|nn.computeOptunaObjective|Trial 68 balacc:|[0.6857370468465486, 0.6807491289198606, 0.8218085106382979, 0.6587601896620185, 0.6781773211567732, 0.6803312629399586, 0.6043843707405725, 0.6733229671063616]
2026-02-04 14:18:56,627|INFO|nn.computeOptunaObjective|Trial 68 rocauc:|[0.789095348452243, 0.797473867595819, 0.9085106382978723, 0.8079088127437928, 0.8118816590563166, 0.8605244996549344, 0.7796456156292594, 0.8219730965102688]
2026-02-04 14:18:56,627|INFO|nn.computeOptunaObjective|Trial 68 timings:|0.8315480830024171
2026-02-04 14:18:56,627|INFO|nn.computeOptunaObjective|Trial 68 objective:|0.6854088497512989
2026-02-04 14:18:58,421|INFO|nn.computeOptunaObjective|Trial 69 params:|{'n_layers': 3, 'architecture': 'top', 'lr': 0.001, 'n_epochs': 200}
2026-02-04 14:18:58,421|INFO|nn.computeOptunaObjective|Trial 69 balacc:|[0.7317372951498096, 0.6894599303135889, 0.8361702127659575, 0.6646579310022657, 0.7160705225773719, 0.6939958592132505, 0.6671399363925488, 0.7174246535314743]
2026-02-04 14:18:58,421|INFO|nn.computeOptunaObjective|Trial 69 rocauc:|[0.8089140870716769, 0.7764590592334495, 0.8537234042553191, 0.8195174362927148, 0.828259766615931, 0.8539337474120083, 0.7501703771013176, 0.8354039697779263]
2026-02-04 14:18:58,421|INFO|nn.computeOptunaObjective|Trial 69 timings:|1.7933805829998164
2026-02-04 14:18:58,421|INFO|nn.computeOptunaObjective|Trial 69 objective:|0.7145820426182834
2026-02-04 14:18:59,174|INFO|nn.computeOptunaObjective|Trial 70 params:|{'n_layers': 2, 'architecture': 'inner', 'lr': 0.001, 'n_epochs': 150}
2026-02-04 14:18:59,174|INFO|nn.computeOptunaObjective|Trial 70 balacc:|[0.7058165038900844, 0.6180313588850175, 0.8074468085106383, 0.6587601896620185, 0.7009766615930999, 0.7250517598343685, 0.6096660608814175, 0.6886583736850893]
2026-02-04 14:18:59,174|INFO|nn.computeOptunaObjective|Trial 70 rocauc:|[0.8081133090547923, 0.7861498257839721, 0.8851063829787233, 0.8174386284539742, 0.8326515728056824, 0.8594893029675638, 0.7737392094502499, 0.8310548505593588]
2026-02-04 14:18:59,174|INFO|nn.computeOptunaObjective|Trial 70 timings:|0.7515049590001581
2026-02-04 14:18:59,174|INFO|nn.computeOptunaObjective|Trial 70 objective:|0.6893009646177168
2026-02-04 14:19:00,148|INFO|nn.computeOptunaObjective|Trial 71 params:|{'n_layers': 2, 'architecture': 'linear', 'lr': 0.001, 'n_epochs': 200}
2026-02-04 14:19:00,148|INFO|nn.computeOptunaObjective|Trial 71 balacc:|[0.7063958781658666, 0.5971254355400697, 0.7824468085106383, 0.6505150304813958, 0.6925735667174023, 0.7250517598343685, 0.6061449341208541, 0.6939701953581566]
2026-02-04 14:19:00,148|INFO|nn.computeOptunaObjective|Trial 71 rocauc:|[0.8054771560999834, 0.7587108013937283, 0.9021276595744682, 0.8123000023357392, 0.8286244292237444, 0.8608005521048998, 0.7793048614266243, 0.8313392260811487]
2026-02-04 14:19:00,148|INFO|nn.computeOptunaObjective|Trial 71 timings:|0.9729742919989803
2026-02-04 14:19:00,148|INFO|nn.computeOptunaObjective|Trial 71 objective:|0.681777951091094
2026-02-04 14:19:00,975|INFO|nn.computeOptunaObjective|Trial 72 params:|{'n_layers': 2, 'architecture': 'linear', 'lr': 0.001, 'n_epochs': 150}
2026-02-04 14:19:00,975|INFO|nn.computeOptunaObjective|Trial 72 balacc:|[0.7058165038900844, 0.6537456445993032, 0.7968085106382978, 0.6363721299605261, 0.6992643328259767, 0.7145962732919254, 0.6436846887778283, 0.6933805727166472]
2026-02-04 14:19:00,975|INFO|nn.computeOptunaObjective|Trial 72 rocauc:|[0.8063379407382885, 0.7756968641114982, 0.8851063829787233, 0.8179291336743513, 0.8343639015728057, 0.8630779848171153, 0.7752158109950023, 0.8313366171314076]
2026-02-04 14:19:00,975|INFO|nn.computeOptunaObjective|Trial 72 timings:|0.8260269999991579
2026-02-04 14:19:00,975|INFO|nn.computeOptunaObjective|Trial 72 objective:|0.6929585820875737
2026-02-04 14:19:02,157|INFO|nn.computeOptunaObjective|Trial 73 params:|{'n_layers': 4, 'architecture': 'outer', 'lr': 0.0001, 'n_epochs': 150}
2026-02-04 14:19:02,157|INFO|nn.computeOptunaObjective|Trial 73 balacc:|[0.5412142029465321, 0.5, 0.6430851063829788, 0.5, 0.5168061897513953, 0.6222567287784679, 0.5, 0.5569377191517783]
2026-02-04 14:19:02,157|INFO|nn.computeOptunaObjective|Trial 73 rocauc:|[0.7427205760635657, 0.7911585365853658, 0.7978723404255319, 0.7222806157008386, 0.7695490867579909, 0.8315389924085577, 0.7768059972739665, 0.769590603606612]
2026-02-04 14:19:02,157|INFO|nn.computeOptunaObjective|Trial 73 timings:|1.180701749999571
2026-02-04 14:19:02,157|INFO|nn.computeOptunaObjective|Trial 73 objective:|0.547537493376394
2026-02-04 14:19:02,760|INFO|nn.computeOptunaObjective|Trial 74 params:|{'n_layers': 2, 'architecture': 'outer', 'lr': 0.001, 'n_epochs': 100}
2026-02-04 14:19:02,760|INFO|nn.computeOptunaObjective|Trial 74 balacc:|[0.6949594438006952, 0.6628919860627178, 0.8074468085106383, 0.6218087963936187, 0.6682204464738711, 0.7250517598343685, 0.5809291231258519, 0.6834978710970112]
2026-02-04 14:19:02,760|INFO|nn.computeOptunaObjective|Trial 74 rocauc:|[0.7958698890912101, 0.793336236933798, 0.8946808510638298, 0.8159904701842898, 0.8214263064434297, 0.8701863354037266, 0.7869150386188096, 0.8269509726164636]
2026-02-04 14:19:02,760|INFO|nn.computeOptunaObjective|Trial 74 timings:|0.6022081670016632
2026-02-04 14:19:02,760|INFO|nn.computeOptunaObjective|Trial 74 objective:|0.6806007794123466
2026-02-04 14:19:03,961|INFO|nn.computeOptunaObjective|Trial 75 params:|{'n_layers': 4, 'architecture': 'linear', 'lr': 0.0001, 'n_epochs': 150}
2026-02-04 14:19:03,961|INFO|nn.computeOptunaObjective|Trial 75 balacc:|[0.560904651547757, 0.5740418118466899, 0.6324468085106383, 0.5, 0.5, 0.6193581780538302, 0.5234552476147206, 0.5864397228251795]
2026-02-04 14:19:03,961|INFO|nn.computeOptunaObjective|Trial 75 rocauc:|[0.7600024830326103, 0.804006968641115, 0.8085106382978724, 0.7338425244668676, 0.7795376712328768, 0.8452035886818495, 0.7776010904134485, 0.778507993822007]
2026-02-04 14:19:03,961|INFO|nn.computeOptunaObjective|Trial 75 timings:|1.200198915998044
2026-02-04 14:19:03,961|INFO|nn.computeOptunaObjective|Trial 75 objective:|0.5620808025498519
2026-02-04 14:19:04,729|INFO|nn.computeOptunaObjective|Trial 76 params:|{'n_layers': 2, 'architecture': 'inner', 'lr': 0.0001, 'n_epochs': 150}
2026-02-04 14:19:04,729|INFO|nn.computeOptunaObjective|Trial 76 balacc:|[0.5754759145836782, 0.5087108013937283, 0.6287234042553191, 0.5, 0.507546930492136, 0.5342650103519669, 0.5126079054975011, 0.5799486558690934]
2026-02-04 14:19:04,729|INFO|nn.computeOptunaObjective|Trial 76 rocauc:|[0.727536831650389, 0.7541376306620208, 0.798936170212766, 0.7304323453156751, 0.7175767376966007, 0.7986542443064182, 0.7359154929577465, 0.7615446026047754]
2026-02-04 14:19:04,729|INFO|nn.computeOptunaObjective|Trial 76 timings:|0.7668635409972921
2026-02-04 14:19:04,729|INFO|nn.computeOptunaObjective|Trial 76 objective:|0.5434098278054279
2026-02-04 14:19:05,441|INFO|nn.computeOptunaObjective|Trial 77 params:|{'n_layers': 3, 'architecture': 'bottom', 'lr': 0.0001, 'n_epochs': 150}
2026-02-04 14:19:05,441|INFO|nn.computeOptunaObjective|Trial 77 balacc:|[0.5113412514484357, 0.5357142857142857, 0.5, 0.5, 0.5185185185185185, 0.5, 0.5161290322580645, 0.5066371681415929]
2026-02-04 14:19:05,441|INFO|nn.computeOptunaObjective|Trial 77 rocauc:|[0.6998551564310546, 0.6842334494773519, 0.7244680851063829, 0.7132646626024806, 0.6655092592592593, 0.7591442374051071, 0.696955929123126, 0.7213198154950743]
2026-02-04 14:19:05,441|INFO|nn.computeOptunaObjective|Trial 77 timings:|0.7106511250021867
2026-02-04 14:19:05,441|INFO|nn.computeOptunaObjective|Trial 77 objective:|0.5110425320101122
2026-02-04 14:19:06,590|INFO|nn.computeOptunaObjective|Trial 78 params:|{'n_layers': 4, 'architecture': 'linear', 'lr': 0.001, 'n_epochs': 150}
2026-02-04 14:19:06,591|INFO|nn.computeOptunaObjective|Trial 78 balacc:|[0.7208326436020527, 0.6925087108013938, 0.8111702127659575, 0.6489500852544787, 0.681443429731101, 0.7207039337474119, 0.6727055883689232, 0.6932344715311404]
2026-02-04 14:19:06,591|INFO|nn.computeOptunaObjective|Trial 78 rocauc:|[0.8181385532196656, 0.8010670731707317, 0.8553191489361702, 0.7795762969191601, 0.8033834348046677, 0.8553830227743271, 0.771240345297592, 0.8309270120220404]
2026-02-04 14:19:06,591|INFO|nn.computeOptunaObjective|Trial 78 timings:|1.1484102079994045
2026-02-04 14:19:06,591|INFO|nn.computeOptunaObjective|Trial 78 objective:|0.7051936344753074
2026-02-04 14:19:07,162|INFO|nn.computeOptunaObjective|Trial 79 params:|{'n_layers': 2, 'architecture': 'bottom', 'lr': 0.001, 'n_epochs': 100}
2026-02-04 14:19:07,163|INFO|nn.computeOptunaObjective|Trial 79 balacc:|[0.6918246151299454, 0.6389372822299652, 0.7111702127659575, 0.6359516969144885, 0.656392694063927, 0.6817805383022775, 0.5665606542480691, 0.668454666889297]
2026-02-04 14:19:07,163|INFO|nn.computeOptunaObjective|Trial 79 rocauc:|[0.7854452905148155, 0.7942073170731708, 0.8648936170212767, 0.7982622100763787, 0.8122304667681379, 0.8592822636300896, 0.7746478873239436, 0.8162438428786107]
2026-02-04 14:19:07,163|INFO|nn.computeOptunaObjective|Trial 79 timings:|0.5709185830019123
2026-02-04 14:19:07,163|INFO|nn.computeOptunaObjective|Trial 79 objective:|0.656384045067991
2026-02-04 14:19:07,897|INFO|nn.computeOptunaObjective|Trial 80 params:|{'n_layers': 4, 'architecture': 'bottom', 'lr': 0.001, 'n_epochs': 150}
2026-02-04 14:19:07,898|INFO|nn.computeOptunaObjective|Trial 80 balacc:|[0.7198642608839596, 0.7125435540069687, 0.7148936170212765, 0.6603835283675519, 0.67646499238965, 0.713768115942029, 0.6779872785097683, 0.7355725079312072]
2026-02-04 14:19:07,898|INFO|nn.computeOptunaObjective|Trial 80 rocauc:|[0.8106522098990233, 0.7605618466898956, 0.823404255319149, 0.816270758881648, 0.8157819634703196, 0.8318150448585231, 0.7610177192185371, 0.8225627191517783]
2026-02-04 14:19:07,898|INFO|nn.computeOptunaObjective|Trial 80 timings:|0.7338932909988216
2026-02-04 14:19:07,898|INFO|nn.computeOptunaObjective|Trial 80 objective:|0.7014347318815515
2026-02-04 14:19:08,601|INFO|nn.computeOptunaObjective|Trial 81 params:|{'n_layers': 3, 'architecture': 'linear', 'lr': 0.0001, 'n_epochs': 100}
2026-02-04 14:19:08,601|INFO|nn.computeOptunaObjective|Trial 81 balacc:|[0.5, 0.5, 0.525, 0.5, 0.5, 0.5, 0.5, 0.5]
2026-02-04 14:19:08,601|INFO|nn.computeOptunaObjective|Trial 81 rocauc:|[0.7033355404734316, 0.6979529616724739, 0.7361702127659574, 0.707168383434938, 0.6739440639269407, 0.7696342305037958, 0.703430258973194, 0.727017761729838]
2026-02-04 14:19:08,601|INFO|nn.computeOptunaObjective|Trial 81 timings:|0.7025458329990215
2026-02-04 14:19:08,601|INFO|nn.computeOptunaObjective|Trial 81 objective:|0.503125
2026-02-04 14:19:10,434|INFO|nn.computeOptunaObjective|Trial 82 params:|{'n_layers': 3, 'architecture': 'top', 'lr': 0.0001, 'n_epochs': 200}
2026-02-04 14:19:10,434|INFO|nn.computeOptunaObjective|Trial 82 balacc:|[0.7121978976990564, 0.6777003484320557, 0.8218085106382979, 0.6073038563053278, 0.6629249112125825, 0.7459627329192546, 0.613187187641981, 0.6960364835531808]
2026-02-04 14:19:10,434|INFO|nn.computeOptunaObjective|Trial 82 rocauc:|[0.8047425922860452, 0.7992160278745646, 0.8648936170212765, 0.7913484222082079, 0.8082033231861999, 0.8599033816425121, 0.7669241253975465, 0.8279945525129404]
2026-02-04 14:19:10,434|INFO|nn.computeOptunaObjective|Trial 82 timings:|1.8315078749983513
2026-02-04 14:19:10,434|INFO|nn.computeOptunaObjective|Trial 82 objective:|0.6921402410502171
2026-02-04 14:19:11,188|INFO|nn.computeOptunaObjective|Trial 83 params:|{'n_layers': 2, 'architecture': 'top', 'lr': 0.0001, 'n_epochs': 100}
2026-02-04 14:19:11,188|INFO|nn.computeOptunaObjective|Trial 83 balacc:|[0.5095555371627214, 0.5, 0.525, 0.5, 0.5, 0.5, 0.5, 0.5070806895975956]
2026-02-04 14:19:11,188|INFO|nn.computeOptunaObjective|Trial 83 rocauc:|[0.7064186392981295, 0.6975174216027874, 0.7531914893617021, 0.7147361782636116, 0.6661434550989345, 0.7635610766045549, 0.6983189459336665, 0.7296528009684421]
2026-02-04 14:19:11,188|INFO|nn.computeOptunaObjective|Trial 83 timings:|0.7527140830025019
2026-02-04 14:19:11,188|INFO|nn.computeOptunaObjective|Trial 83 objective:|0.5052045283450397
2026-02-04 14:19:12,049|INFO|nn.computeOptunaObjective|Trial 84 params:|{'n_layers': 4, 'architecture': 'outer', 'lr': 0.0001, 'n_epochs': 100}
2026-02-04 14:19:12,049|INFO|nn.computeOptunaObjective|Trial 84 balacc:|[0.5, 0.5, 0.5, 0.5, 0.5, 0.5, 0.5, 0.5]
2026-02-04 14:19:12,049|INFO|nn.computeOptunaObjective|Trial 84 rocauc:|[0.7013656679357722, 0.7140679442508711, 0.7382978723404255, 0.7117697895499031, 0.6855815575849822, 0.778743961352657, 0.7145615629259428, 0.7239548547336784]
2026-02-04 14:19:12,049|INFO|nn.computeOptunaObjective|Trial 84 timings:|0.8595572919984988
2026-02-04 14:19:12,049|INFO|nn.computeOptunaObjective|Trial 84 objective:|0.5
2026-02-04 14:19:12,675|INFO|nn.computeOptunaObjective|Trial 85 params:|{'n_layers': 3, 'architecture': 'bottom', 'lr': 0.001, 'n_epochs': 100}
2026-02-04 14:19:12,675|INFO|nn.computeOptunaObjective|Trial 85 balacc:|[0.7055785465982454, 0.6624564459930313, 0.7361702127659575, 0.6466026674141032, 0.6680618975139523, 0.75351966873706, 0.6026238073602908, 0.7013483052262481]
2026-02-04 14:19:12,675|INFO|nn.computeOptunaObjective|Trial 85 rocauc:|[0.8023919880814434, 0.7412891986062717, 0.8680851063829788, 0.7796930838763927, 0.8148623795027905, 0.8548654244306418, 0.7707860063607451, 0.8249420813157454]
2026-02-04 14:19:12,675|INFO|nn.computeOptunaObjective|Trial 85 timings:|0.6246385420017759
2026-02-04 14:19:12,675|INFO|nn.computeOptunaObjective|Trial 85 objective:|0.6845451939511111
2026-02-04 14:19:13,208|INFO|nn.computeOptunaObjective|Trial 86 params:|{'n_layers': 2, 'architecture': 'bottom', 'lr': 0.0001, 'n_epochs': 100}
2026-02-04 14:19:13,208|INFO|nn.computeOptunaObjective|Trial 86 balacc:|[0.5, 0.5, 0.5, 0.5, 0.5, 0.5, 0.5, 0.5]
2026-02-04 14:19:13,208|INFO|nn.computeOptunaObjective|Trial 86 rocauc:|[0.6326022181757988, 0.556184668989547, 0.6819148936170213, 0.6623689066405064, 0.5282058599695586, 0.5897860593512767, 0.6189232167196729, 0.6202021414259475]
2026-02-04 14:19:13,208|INFO|nn.computeOptunaObjective|Trial 86 timings:|0.5322459589988284
2026-02-04 14:19:13,208|INFO|nn.computeOptunaObjective|Trial 86 objective:|0.5
2026-02-04 14:19:14,192|INFO|nn.computeOptunaObjective|Trial 87 params:|{'n_layers': 4, 'architecture': 'bottom', 'lr': 0.0001, 'n_epochs': 200}
2026-02-04 14:19:14,193|INFO|nn.computeOptunaObjective|Trial 87 balacc:|[0.5017857142857143, 0.5, 0.5143617021276595, 0.544414079835564, 0.5848871131405378, 0.6146997929606626, 0.5378237164925034, 0.5]
2026-02-04 14:19:14,193|INFO|nn.computeOptunaObjective|Trial 87 rocauc:|[0.7282941565965899, 0.7737369337979094, 0.7691489361702128, 0.7156704739214724, 0.7326705986808726, 0.7976535541752933, 0.7511358473421172, 0.7511505468358657]
2026-02-04 14:19:14,193|INFO|nn.computeOptunaObjective|Trial 87 timings:|0.9833648749990971
2026-02-04 14:19:14,193|INFO|nn.computeOptunaObjective|Trial 87 objective:|0.5372465148553303
2026-02-04 14:19:15,496|INFO|nn.computeOptunaObjective|Trial 88 params:|{'n_layers': 4, 'architecture': 'top', 'lr': 0.001, 'n_epochs': 100}
2026-02-04 14:19:15,496|INFO|nn.computeOptunaObjective|Trial 88 balacc:|[0.7333326436020526, 0.6955574912891986, 0.7542553191489361, 0.6297503094854366, 0.6896879756468797, 0.7134575569358178, 0.6853134938664244, 0.7187552178994824]
2026-02-04 14:19:15,496|INFO|nn.computeOptunaObjective|Trial 88 rocauc:|[0.8179606025492467, 0.7992160278745645, 0.8648936170212765, 0.7644640646532594, 0.8068080923389144, 0.8501380262249827, 0.7682871422080872, 0.8278484513274337]
2026-02-04 14:19:15,496|INFO|nn.computeOptunaObjective|Trial 88 timings:|1.3021132499998203
2026-02-04 14:19:15,496|INFO|nn.computeOptunaObjective|Trial 88 objective:|0.7025137509842785
2026-02-04 14:19:16,758|INFO|nn.computeOptunaObjective|Trial 89 params:|{'n_layers': 2, 'architecture': 'top', 'lr': 0.001, 'n_epochs': 200}
2026-02-04 14:19:16,758|INFO|nn.computeOptunaObjective|Trial 89 balacc:|[0.7105466810130773, 0.64198606271777, 0.8324468085106382, 0.6453997617546072, 0.7035451547437849, 0.7369565217391305, 0.613187187641981, 0.6929370512606445]
2026-02-04 14:19:16,758|INFO|nn.computeOptunaObjective|Trial 89 rocauc:|[0.8068842079125973, 0.800740418118467, 0.8861702127659574, 0.8228575432695677, 0.8372494926433284, 0.8586611456176674, 0.7689686506133576, 0.8310261521122058]
2026-02-04 14:19:16,758|INFO|nn.computeOptunaObjective|Trial 89 timings:|1.2605487500004529
2026-02-04 14:19:16,758|INFO|nn.computeOptunaObjective|Trial 89 objective:|0.6971256536727042
2026-02-04 14:19:16,759|INFO|mtg.runMTGExperiment|Best trial number:|14
2026-02-04 14:19:16,759|INFO|mtg.runMTGExperiment|Best trial objective:|0.7191197548136306
2026-02-04 14:19:16,759|INFO|mtg.runMTGExperiment|Best trial params:|{'n_layers': 3, 'architecture': 'outer', 'lr': 0.001, 'n_epochs': 100}
2026-02-04 14:19:16,788|INFO|nn.loadModellingDataset|Trainval descriptors loaded (features, instances):|1024|6315
2026-02-04 14:19:16,788|INFO|nn.loadModellingDataset|Trainval endpoints loaded (tasks, instances):|8|6315
2026-02-04 14:19:16,837|INFO|nn.loadModellingDataset|Test descriptors loaded (features, instances):|1024|680
2026-02-04 14:19:16,837|INFO|nn.loadModellingDataset|Test endpoints loaded (tasks, instances):|8|680
2026-02-04 14:19:16,837|INFO|mtg.runMTGExperiment|Final neural network hyperparams:|{'n_layers': 3, 'architecture': 'outer', 'lr': 0.001, 'n_epochs': 100, 'best_trial_num': 14}
2026-02-04 14:19:18,198|INFO|nn.testFinalModel|Final model test balacc:|[0.7383641278187136, 0.7584033613445378, 0.7543859649122806, 0.7167886449323575, 0.7019400352733686, 0.7113259668508287, 0.7399276859504132, 0.7193783455535063]
2026-02-04 14:19:18,198|INFO|nn.testFinalModel|Final model test rocauc:|[0.8426056207649869, 0.8289315726290517, 0.8011695906432749, 0.8435351519183854, 0.8994708994708995, 0.9226519337016575, 0.8130165289256198, 0.8315302955332643]
2026-02-04 14:19:18,209|INFO|mtg.runMTGExperiment|Mechanistic task grouping experiment timing:|94.67917695900178
2026-02-04 14:19:18,209|INFO|mtg.runMTGExperiment|DONE
