2026-02-04 14:19:19,898|INFO|__main__.startLogging|>>>> START LOGGING A GMTAMES EXPERIMENT
2026-02-04 14:19:19,899|INFO|__main__.startLogging|mode:|mtg
2026-02-04 14:19:19,899|INFO|__main__.startLogging|tasks:|TA100_S9,TA102_S9,TA104_S9,TA1535_S9,TA1537_S9,TA1538_S9,TA97_S9,TA98_S9
2026-02-04 14:19:19,899|INFO|__main__.startLogging|testsplit:|scaffold
2026-02-04 14:19:19,899|INFO|__main__.startLogging|output:|mtg_experiment_scaffold
2026-02-04 14:19:19,899|INFO|__main__.startLogging|device:|mps
2026-02-04 14:19:19,899|INFO|__main__.startLogging|DONE
2026-02-04 14:19:19,899|INFO|mtg.runMTGExperiment|>>>> RUNNING MECHANISTIC TASK GROUPING EXPERIMENT
2026-02-04 14:19:21,298|INFO|mtg.runMTGExperiment|Device confirmed:|mps
2026-02-04 14:19:21,423|INFO|nn.loadModellingDataset|Train descriptors loaded (features, instances):|1024|5201
2026-02-04 14:19:21,423|INFO|nn.loadModellingDataset|Train endpoints loaded (tasks, instances):|8|5201
2026-02-04 14:19:21,438|INFO|nn.loadModellingDataset|Val descriptors loaded (features, instances):|1024|2152
2026-02-04 14:19:21,438|INFO|nn.loadModellingDataset|Val endpoints loaded (tasks, instances):|8|2152
2026-02-04 14:19:22,966|INFO|nn.computeOptunaObjective|Trial 0 params:|{'n_layers': 2, 'architecture': 'top', 'lr': 0.001, 'n_epochs': 100}
2026-02-04 14:19:22,967|INFO|nn.computeOptunaObjective|Trial 0 balacc:|[0.7087373819455731, 0.692020879940343, 0.6858974358974359, 0.6330277546278759, 0.6780480295566502, 0.7321416661108517, 0.7218249914879129, 0.7537951542666053]
2026-02-04 14:19:22,967|INFO|nn.computeOptunaObjective|Trial 0 rocauc:|[0.7985919244451668, 0.7680835197613721, 0.7291666666666666, 0.7630881127358132, 0.8403171182266009, 0.8906156206229574, 0.8497332879355353, 0.8652475514707049]
2026-02-04 14:19:22,967|INFO|nn.computeOptunaObjective|Trial 0 timings:|1.527980334001768
2026-02-04 14:19:22,967|INFO|nn.computeOptunaObjective|Trial 0 objective:|0.7006866617291561
2026-02-04 14:19:23,781|INFO|nn.computeOptunaObjective|Trial 1 params:|{'n_layers': 4, 'architecture': 'linear', 'lr': 0.0001, 'n_epochs': 100}
2026-02-04 14:19:23,781|INFO|nn.computeOptunaObjective|Trial 1 balacc:|[0.5, 0.5, 0.5, 0.5, 0.5, 0.5, 0.5, 0.5]
2026-02-04 14:19:23,781|INFO|nn.computeOptunaObjective|Trial 1 rocauc:|[0.6893656211062356, 0.7069351230425056, 0.657051282051282, 0.6433568199611083, 0.7580511083743843, 0.828653371573401, 0.7496311428895698, 0.7626553645411686]
2026-02-04 14:19:23,781|INFO|nn.computeOptunaObjective|Trial 1 timings:|0.8138824589987053
2026-02-04 14:19:23,781|INFO|nn.computeOptunaObjective|Trial 1 objective:|0.5
2026-02-04 14:19:24,466|INFO|nn.computeOptunaObjective|Trial 2 params:|{'n_layers': 3, 'architecture': 'linear', 'lr': 0.001, 'n_epochs': 100}
2026-02-04 14:19:24,466|INFO|nn.computeOptunaObjective|Trial 2 balacc:|[0.7249286707477833, 0.7231543624161074, 0.6474358974358974, 0.6337222516857338, 0.7398706896551724, 0.7869005535916761, 0.7218249914879129, 0.7419374467567239]
2026-02-04 14:19:24,466|INFO|nn.computeOptunaObjective|Trial 2 rocauc:|[0.8129277497878179, 0.7781506338553318, 0.7067307692307692, 0.7474556153243932, 0.8366533251231527, 0.888481291269259, 0.8651685393258426, 0.8642263388203671]
2026-02-04 14:19:24,466|INFO|nn.computeOptunaObjective|Trial 2 timings:|0.6849773339999956
2026-02-04 14:19:24,467|INFO|nn.computeOptunaObjective|Trial 2 objective:|0.7149718579721259
2026-02-04 14:19:26,691|INFO|nn.computeOptunaObjective|Trial 3 params:|{'n_layers': 4, 'architecture': 'top', 'lr': 0.001, 'n_epochs': 200}
2026-02-04 14:19:26,692|INFO|nn.computeOptunaObjective|Trial 3 balacc:|[0.7354858515268072, 0.5842654735272185, 0.7099358974358974, 0.6501881455665833, 0.6952894088669951, 0.7443473621023144, 0.7105890364317331, 0.7387494642602028]
2026-02-04 14:19:26,692|INFO|nn.computeOptunaObjective|Trial 3 rocauc:|[0.811582425916897, 0.7624906785980611, 0.7283653846153847, 0.757077556380534, 0.8533866995073892, 0.8761755485893417, 0.8602315287708545, 0.8656232307358552]
2026-02-04 14:19:26,692|INFO|nn.computeOptunaObjective|Trial 3 timings:|2.224718583001959
2026-02-04 14:19:26,692|INFO|nn.computeOptunaObjective|Trial 3 objective:|0.696106329964719
2026-02-04 14:19:28,870|INFO|nn.computeOptunaObjective|Trial 4 params:|{'n_layers': 4, 'architecture': 'top', 'lr': 0.0001, 'n_epochs': 200}
2026-02-04 14:19:28,870|INFO|nn.computeOptunaObjective|Trial 4 balacc:|[0.7162901565631941, 0.7054436987322894, 0.6786858974358974, 0.575018309467889, 0.6931958128078818, 0.7637230707663576, 0.7162070139598229, 0.759022916435174]
2026-02-04 14:19:28,870|INFO|nn.computeOptunaObjective|Trial 4 rocauc:|[0.8131512180146993, 0.7781506338553319, 0.719551282051282, 0.7519761598100866, 0.8305264778325123, 0.8756086173547655, 0.8555215072069006, 0.8585805673286031]
2026-02-04 14:19:28,870|INFO|nn.computeOptunaObjective|Trial 4 timings:|2.1780853749987727
2026-02-04 14:19:28,870|INFO|nn.computeOptunaObjective|Trial 4 objective:|0.7009483595210633
2026-02-04 14:19:30,169|INFO|nn.computeOptunaObjective|Trial 5 params:|{'n_layers': 3, 'architecture': 'top', 'lr': 0.001, 'n_epochs': 150}
2026-02-04 14:19:30,170|INFO|nn.computeOptunaObjective|Trial 5 balacc:|[0.7249286707477833, 0.6886651752423565, 0.6474358974358974, 0.6461095537540723, 0.7048029556650246, 0.7853331554725538, 0.7332311882873681, 0.7544327507659094]
2026-02-04 14:19:30,170|INFO|nn.computeOptunaObjective|Trial 5 rocauc:|[0.8088962926846885, 0.7457121551081283, 0.6698717948717949, 0.7340833901558198, 0.8389778325123153, 0.8750083372240378, 0.8443422993984792, 0.8604695461688653]
2026-02-04 14:19:30,170|INFO|nn.computeOptunaObjective|Trial 5 timings:|1.2989357500009646
2026-02-04 14:19:30,170|INFO|nn.computeOptunaObjective|Trial 5 objective:|0.7106174184213707
2026-02-04 14:19:31,078|INFO|nn.computeOptunaObjective|Trial 6 params:|{'n_layers': 2, 'architecture': 'outer', 'lr': 0.001, 'n_epochs': 200}
2026-02-04 14:19:31,078|INFO|nn.computeOptunaObjective|Trial 6 balacc:|[0.694252577785001, 0.5909768829231916, 0.6418269230769231, 0.6437230093188878, 0.6813115763546798, 0.7412125658640698, 0.6952672795369425, 0.7497790900095772]
2026-02-04 14:19:31,078|INFO|nn.computeOptunaObjective|Trial 6 rocauc:|[0.7857120284594687, 0.7598806860551827, 0.7003205128205129, 0.7545268580953103, 0.8197506157635468, 0.87874341359301, 0.846895925547611, 0.8542337994930975]
2026-02-04 14:19:31,078|INFO|nn.computeOptunaObjective|Trial 6 timings:|0.9080402910003613
2026-02-04 14:19:31,078|INFO|nn.computeOptunaObjective|Trial 6 objective:|0.6797937381086591
2026-02-04 14:19:31,958|INFO|nn.computeOptunaObjective|Trial 7 params:|{'n_layers': 3, 'architecture': 'linear', 'lr': 0.001, 'n_epochs': 150}
2026-02-04 14:19:31,958|INFO|nn.computeOptunaObjective|Trial 7 balacc:|[0.7302603066254943, 0.7265100671140939, 0.6786858974358974, 0.6617294239462586, 0.7143165024630542, 0.7731274594810912, 0.7465100442628532, 0.7465911075130562]
2026-02-04 14:19:31,958|INFO|nn.computeOptunaObjective|Trial 7 rocauc:|[0.8132211929140256, 0.7785234899328859, 0.7115384615384616, 0.7318231179129733, 0.8459821428571428, 0.8821450010004669, 0.8541595732606969, 0.8615621907921542]
2026-02-04 14:19:31,958|INFO|nn.computeOptunaObjective|Trial 7 timings:|0.8791560419995221
2026-02-04 14:19:31,958|INFO|nn.computeOptunaObjective|Trial 7 objective:|0.7222163511052249
2026-02-04 14:19:32,732|INFO|nn.computeOptunaObjective|Trial 8 params:|{'n_layers': 4, 'architecture': 'linear', 'lr': 0.001, 'n_epochs': 100}
2026-02-04 14:19:32,732|INFO|nn.computeOptunaObjective|Trial 8 balacc:|[0.7315830579482456, 0.692020879940343, 0.7043269230769231, 0.5140793494456651, 0.7467056650246305, 0.7621556726472354, 0.7294858699353082, 0.7721240694001301]
2026-02-04 14:19:32,732|INFO|nn.computeOptunaObjective|Trial 8 rocauc:|[0.8091626487530925, 0.7893363161819538, 0.7147435897435898, 0.741495567846049, 0.8379464285714285, 0.8738077769625825, 0.8508682328907048, 0.8529665433803726]
2026-02-04 14:19:32,732|INFO|nn.computeOptunaObjective|Trial 8 timings:|0.773807500001567
2026-02-04 14:19:32,732|INFO|nn.computeOptunaObjective|Trial 8 objective:|0.7065601859273101
2026-02-04 14:19:33,984|INFO|nn.computeOptunaObjective|Trial 9 params:|{'n_layers': 2, 'architecture': 'top', 'lr': 0.0001, 'n_epochs': 200}
2026-02-04 14:19:33,984|INFO|nn.computeOptunaObjective|Trial 9 balacc:|[0.6452791772757643, 0.5387770320656227, 0.6362179487179487, 0.5313912670151779, 0.6298953201970443, 0.6836523711065163, 0.6137214845080013, 0.7037504431427952]
2026-02-04 14:19:33,984|INFO|nn.computeOptunaObjective|Trial 9 rocauc:|[0.7698999584665114, 0.7505592841163311, 0.7387820512820513, 0.7168977447786449, 0.816856527093596, 0.8694724204628828, 0.825785949381455, 0.8355900545528623]
2026-02-04 14:19:33,984|INFO|nn.computeOptunaObjective|Trial 9 timings:|1.2521024590023444
2026-02-04 14:19:33,984|INFO|nn.computeOptunaObjective|Trial 9 objective:|0.6228356305036089
2026-02-04 14:19:35,198|INFO|nn.computeOptunaObjective|Trial 10 params:|{'n_layers': 4, 'architecture': 'top', 'lr': 0.0001, 'n_epochs': 100}
2026-02-04 14:19:35,198|INFO|nn.computeOptunaObjective|Trial 10 balacc:|[0.5034129692832765, 0.5, 0.5, 0.5, 0.5, 0.5, 0.5, 0.5]
2026-02-04 14:19:35,198|INFO|nn.computeOptunaObjective|Trial 10 rocauc:|[0.7396753164671255, 0.756152125279642, 0.6971153846153846, 0.6897744778644846, 0.8146397783251231, 0.8717401454011872, 0.801725116331858, 0.8124831341174976]
2026-02-04 14:19:35,198|INFO|nn.computeOptunaObjective|Trial 10 timings:|1.2129064999971888
2026-02-04 14:19:35,198|INFO|nn.computeOptunaObjective|Trial 10 objective:|0.5004266211604096
2026-02-04 14:19:35,745|INFO|nn.computeOptunaObjective|Trial 11 params:|{'n_layers': 2, 'architecture': 'inner', 'lr': 0.001, 'n_epochs': 100}
2026-02-04 14:19:35,745|INFO|nn.computeOptunaObjective|Trial 11 balacc:|[0.6900066814742583, 0.5842654735272185, 0.6362179487179487, 0.6264110917493749, 0.6935036945812808, 0.7183685720002668, 0.7255703098399728, 0.7497473424660434]
2026-02-04 14:19:35,745|INFO|nn.computeOptunaObjective|Trial 11 rocauc:|[0.7899804973183813, 0.7598806860551828, 0.6939102564102564, 0.7587190948809254, 0.838131157635468, 0.8824117921696791, 0.8481443649982975, 0.861707700366684]
2026-02-04 14:19:35,745|INFO|nn.computeOptunaObjective|Trial 11 timings:|0.5464232080012152
2026-02-04 14:19:35,745|INFO|nn.computeOptunaObjective|Trial 11 objective:|0.6780113892945456
2026-02-04 14:19:36,662|INFO|nn.computeOptunaObjective|Trial 12 params:|{'n_layers': 3, 'architecture': 'outer', 'lr': 0.0001, 'n_epochs': 150}
2026-02-04 14:19:36,662|INFO|nn.computeOptunaObjective|Trial 12 balacc:|[0.5960281344240389, 0.49328859060402686, 0.6490384615384616, 0.5, 0.5136699507389163, 0.6639431734809578, 0.5284303711270003, 0.6715557883708748]
2026-02-04 14:19:36,662|INFO|nn.computeOptunaObjective|Trial 12 rocauc:|[0.741463062282175, 0.7475764354958986, 0.7387820512820513, 0.6930323004268, 0.8057112068965518, 0.864336690455546, 0.80501645670185, 0.8220656010074554]
2026-02-04 14:19:36,662|INFO|nn.computeOptunaObjective|Trial 12 timings:|0.9168085410019557
2026-02-04 14:19:36,662|INFO|nn.computeOptunaObjective|Trial 12 objective:|0.5769943087855345
2026-02-04 14:19:37,827|INFO|nn.computeOptunaObjective|Trial 13 params:|{'n_layers': 3, 'architecture': 'outer', 'lr': 0.0001, 'n_epochs': 200}
2026-02-04 14:19:37,828|INFO|nn.computeOptunaObjective|Trial 13 balacc:|[0.6545790671217292, 0.5976882923191649, 0.6674679487179487, 0.5, 0.6358374384236453, 0.7168011738811446, 0.6649642492339122, 0.7254260784905101]
2026-02-04 14:19:37,828|INFO|nn.computeOptunaObjective|Trial 13 rocauc:|[0.7666449970204237, 0.767710663683818, 0.7275641025641025, 0.7090183599767659, 0.8218442118226601, 0.8753418261855532, 0.8221541255249121, 0.843526940436317]
2026-02-04 14:19:37,828|INFO|nn.computeOptunaObjective|Trial 13 timings:|1.165163333000237
2026-02-04 14:19:37,828|INFO|nn.computeOptunaObjective|Trial 13 objective:|0.6453455310235068
2026-02-04 14:19:38,504|INFO|nn.computeOptunaObjective|Trial 14 params:|{'n_layers': 3, 'architecture': 'outer', 'lr': 0.001, 'n_epochs': 100}
2026-02-04 14:19:38,504|INFO|nn.computeOptunaObjective|Trial 14 balacc:|[0.7229445437636564, 0.6853094705443699, 0.6786858974358974, 0.6593428795110741, 0.7199507389162562, 0.7731274594810912, 0.7502553626149131, 0.7406622537581155]
2026-02-04 14:19:38,504|INFO|nn.computeOptunaObjective|Trial 14 rocauc:|[0.8108646188850968, 0.7621178225205071, 0.7371794871794871, 0.7400308104149305, 0.8258466748768474, 0.8825451877542853, 0.8547270457382817, 0.8655650269060431]
2026-02-04 14:19:38,505|INFO|nn.computeOptunaObjective|Trial 14 timings:|0.6764006670018716
2026-02-04 14:19:38,505|INFO|nn.computeOptunaObjective|Trial 14 objective:|0.7162848257531717
2026-02-04 14:19:39,923|INFO|nn.computeOptunaObjective|Trial 15 params:|{'n_layers': 4, 'architecture': 'outer', 'lr': 0.001, 'n_epochs': 200}
2026-02-04 14:19:39,923|INFO|nn.computeOptunaObjective|Trial 15 balacc:|[0.7256306769958647, 0.7231543624161074, 0.6418269230769231, 0.6461095537540723, 0.7152093596059113, 0.7246381644767559, 0.7900919305413687, 0.7281034546618622]
2026-02-04 14:19:39,923|INFO|nn.computeOptunaObjective|Trial 15 rocauc:|[0.8001562020333353, 0.7725577926920209, 0.7147435897435896, 0.7048261231911509, 0.8552339901477831, 0.8824117921696791, 0.8628419021677449, 0.8616203946219662]
2026-02-04 14:19:39,923|INFO|nn.computeOptunaObjective|Trial 15 timings:|1.4182749169995077
2026-02-04 14:19:39,923|INFO|nn.computeOptunaObjective|Trial 15 objective:|0.7118455531911082
2026-02-04 14:19:40,540|INFO|nn.computeOptunaObjective|Trial 16 params:|{'n_layers': 4, 'architecture': 'bottom', 'lr': 0.001, 'n_epochs': 100}
2026-02-04 14:19:40,540|INFO|nn.computeOptunaObjective|Trial 16 balacc:|[0.7017398920129295, 0.7164429530201342, 0.6418269230769231, 0.5154683435613809, 0.6970443349753694, 0.7496164876942574, 0.7049710589036432, 0.7567926515019234]
2026-02-04 14:19:40,540|INFO|nn.computeOptunaObjective|Trial 16 rocauc:|[0.785556277877097, 0.789709172259508, 0.717948717948718, 0.7302573427279844, 0.8133774630541871, 0.8636030147402121, 0.8310066961752356, 0.8421406310353403]
2026-02-04 14:19:40,541|INFO|nn.computeOptunaObjective|Trial 16 timings:|0.6167403330000525
2026-02-04 14:19:40,541|INFO|nn.computeOptunaObjective|Trial 16 objective:|0.6854878305933201
2026-02-04 14:19:41,675|INFO|nn.computeOptunaObjective|Trial 17 params:|{'n_layers': 3, 'architecture': 'inner', 'lr': 0.0001, 'n_epochs': 200}
2026-02-04 14:19:41,675|INFO|nn.computeOptunaObjective|Trial 17 balacc:|[0.6705988045578489, 0.5421327367636093, 0.6490384615384616, 0.5, 0.6349445812807881, 0.7396451677449476, 0.649812734082397, 0.718222031736961]
2026-02-04 14:19:41,675|INFO|nn.computeOptunaObjective|Trial 17 rocauc:|[0.7802788161149935, 0.7695749440715884, 0.7323717948717949, 0.7361542541101599, 0.8294796798029556, 0.8785433202161008, 0.829417773237998, 0.8499664005164267]
2026-02-04 14:19:41,675|INFO|nn.computeOptunaObjective|Trial 17 timings:|1.1343135419992905
2026-02-04 14:19:41,675|INFO|nn.computeOptunaObjective|Trial 17 objective:|0.6380493147131268
2026-02-04 14:19:43,370|INFO|nn.computeOptunaObjective|Trial 18 params:|{'n_layers': 4, 'architecture': 'top', 'lr': 0.001, 'n_epochs': 150}
2026-02-04 14:19:43,370|INFO|nn.computeOptunaObjective|Trial 18 balacc:|[0.7281046282752768, 0.5909768829231916, 0.7227564102564102, 0.6493421218779201, 0.7039100985221675, 0.7365103715067032, 0.7162070139598229, 0.7393235656724395]
2026-02-04 14:19:43,370|INFO|nn.computeOptunaObjective|Trial 18 rocauc:|[0.7996641204832331, 0.767710663683818, 0.7347756410256411, 0.7505240295982019, 0.8566348522167488, 0.8799439738544655, 0.8584723640903416, 0.8611124339254249]
2026-02-04 14:19:43,370|INFO|nn.computeOptunaObjective|Trial 18 timings:|1.6938420420010516
2026-02-04 14:19:43,370|INFO|nn.computeOptunaObjective|Trial 18 objective:|0.6983913866242415
2026-02-04 14:19:44,430|INFO|nn.computeOptunaObjective|Trial 19 params:|{'n_layers': 4, 'architecture': 'inner', 'lr': 0.0001, 'n_epochs': 150}
2026-02-04 14:19:44,430|INFO|nn.computeOptunaObjective|Trial 19 balacc:|[0.6159100348520143, 0.5766219239373602, 0.6490384615384616, 0.5, 0.5850061576354679, 0.6514039885279798, 0.5, 0.6617061129895074]
2026-02-04 14:19:44,430|INFO|nn.computeOptunaObjective|Trial 19 rocauc:|[0.7674169781678313, 0.7561521252796419, 0.6955128205128206, 0.73465161502134, 0.8238146551724138, 0.8746748482625225, 0.8212461695607763, 0.8324417564857587]
2026-02-04 14:19:44,430|INFO|nn.computeOptunaObjective|Trial 19 timings:|1.0597566249998636
2026-02-04 14:19:44,430|INFO|nn.computeOptunaObjective|Trial 19 objective:|0.5924608349350989
2026-02-04 14:19:45,313|INFO|nn.computeOptunaObjective|Trial 20 params:|{'n_layers': 3, 'architecture': 'bottom', 'lr': 0.001, 'n_epochs': 200}
2026-02-04 14:19:45,313|INFO|nn.computeOptunaObjective|Trial 20 balacc:|[0.7098885819022338, 0.6364653243847874, 0.6915064102564102, 0.6734222289567391, 0.688146551724138, 0.7731274594810912, 0.7257405515832482, 0.7629754856051346]
2026-02-04 14:19:45,313|INFO|nn.computeOptunaObjective|Trial 20 rocauc:|[0.7948087653719053, 0.7535421327367636, 0.6858974358974359, 0.7327322776978054, 0.8310498768472906, 0.8719068898819449, 0.8392917943479741, 0.8532893100729665]
2026-02-04 14:19:45,313|INFO|nn.computeOptunaObjective|Trial 20 timings:|0.882287250002264
2026-02-04 14:19:45,313|INFO|nn.computeOptunaObjective|Trial 20 objective:|0.7076590742367228
2026-02-04 14:19:45,963|INFO|nn.computeOptunaObjective|Trial 21 params:|{'n_layers': 3, 'architecture': 'outer', 'lr': 0.0001, 'n_epochs': 100}
2026-02-04 14:19:45,963|INFO|nn.computeOptunaObjective|Trial 21 balacc:|[0.5, 0.5, 0.5, 0.5, 0.5, 0.5, 0.5, 0.5]
2026-02-04 14:19:45,963|INFO|nn.computeOptunaObjective|Trial 21 rocauc:|[0.6837540856312186, 0.6931394481730052, 0.6698717948717948, 0.6369421925903478, 0.7373306650246305, 0.8087774294670846, 0.7304505731472024, 0.7504801815959489]
2026-02-04 14:19:45,963|INFO|nn.computeOptunaObjective|Trial 21 timings:|0.6497571660001995
2026-02-04 14:19:45,963|INFO|nn.computeOptunaObjective|Trial 21 objective:|0.5
2026-02-04 14:19:47,336|INFO|nn.computeOptunaObjective|Trial 22 params:|{'n_layers': 4, 'architecture': 'outer', 'lr': 0.0001, 'n_epochs': 200}
2026-02-04 14:19:47,336|INFO|nn.computeOptunaObjective|Trial 22 balacc:|[0.6865530816042762, 0.622110365398956, 0.6730769230769231, 0.5, 0.6004618226600985, 0.744013873140799, 0.5, 0.7312914371583832]
2026-02-04 14:19:47,336|INFO|nn.computeOptunaObjective|Trial 22 rocauc:|[0.7824954403452696, 0.7736763609246832, 0.7099358974358974, 0.733843472990378, 0.8286791871921182, 0.8702060961782165, 0.8299852457155827, 0.8414051462768067]
2026-02-04 14:19:47,336|INFO|nn.computeOptunaObjective|Trial 22 timings:|1.372362250000151
2026-02-04 14:19:47,336|INFO|nn.computeOptunaObjective|Trial 22 objective:|0.6321884378799295
2026-02-04 14:19:48,290|INFO|nn.computeOptunaObjective|Trial 23 params:|{'n_layers': 2, 'architecture': 'top', 'lr': 0.0001, 'n_epochs': 150}
2026-02-04 14:19:48,290|INFO|nn.computeOptunaObjective|Trial 23 balacc:|[0.6133051627932173, 0.4899328859060403, 0.6618589743589743, 0.5, 0.5145628078817734, 0.6320282798639365, 0.5284303711270003, 0.6649258430295623]
2026-02-04 14:19:48,290|INFO|nn.computeOptunaObjective|Trial 23 rocauc:|[0.7416165556097296, 0.738627889634601, 0.7451923076923077, 0.6843195191554916, 0.7988454433497538, 0.859067564863603, 0.8036545227556463, 0.8192823996909906]
2026-02-04 14:19:48,290|INFO|nn.computeOptunaObjective|Trial 23 timings:|0.9536476250032138
2026-02-04 14:19:48,290|INFO|nn.computeOptunaObjective|Trial 23 objective:|0.575630540620063
2026-02-04 14:19:49,582|INFO|nn.computeOptunaObjective|Trial 24 params:|{'n_layers': 4, 'architecture': 'inner', 'lr': 0.001, 'n_epochs': 200}
2026-02-04 14:19:49,582|INFO|nn.computeOptunaObjective|Trial 24 balacc:|[0.5527294725246944, 0.5387770320656227, 0.6306089743589743, 0.5123873020683385, 0.6807266009852216, 0.6608083772427132, 0.5948246510044263, 0.6717462736320777]
2026-02-04 14:19:49,582|INFO|nn.computeOptunaObjective|Trial 24 rocauc:|[0.7864591798038897, 0.7429157345264727, 0.7475961538461539, 0.742417354850115, 0.8487992610837438, 0.8744747548856133, 0.8270911360799003, 0.8564772925694875]
2026-02-04 14:19:49,582|INFO|nn.computeOptunaObjective|Trial 24 timings:|1.2910952499987616
2026-02-04 14:19:49,582|INFO|nn.computeOptunaObjective|Trial 24 objective:|0.6053260854852586
2026-02-04 14:19:50,658|INFO|nn.computeOptunaObjective|Trial 25 params:|{'n_layers': 4, 'architecture': 'outer', 'lr': 0.001, 'n_epochs': 150}
2026-02-04 14:19:50,658|INFO|nn.computeOptunaObjective|Trial 25 balacc:|[0.7153917691460354, 0.6953765846383295, 0.6915064102564102, 0.661880950577064, 0.7279864532019704, 0.7746948576002135, 0.7768130745658836, 0.7412998502574197]
2026-02-04 14:19:50,658|INFO|nn.computeOptunaObjective|Trial 25 rocauc:|[0.8005557361359409, 0.7822520507084265, 0.7435897435897435, 0.7349041594060156, 0.833743842364532, 0.8726072167011273, 0.8584156168425832, 0.8548184834198453]
2026-02-04 14:19:50,658|INFO|nn.computeOptunaObjective|Trial 25 timings:|1.0751050409999152
2026-02-04 14:19:50,658|INFO|nn.computeOptunaObjective|Trial 25 objective:|0.7231187437804159
2026-02-04 14:19:51,343|INFO|nn.computeOptunaObjective|Trial 26 params:|{'n_layers': 2, 'architecture': 'outer', 'lr': 0.0001, 'n_epochs': 150}
2026-02-04 14:19:51,343|INFO|nn.computeOptunaObjective|Trial 26 balacc:|[0.6074182422305289, 0.5, 0.6618589743589743, 0.5, 0.5086206896551724, 0.5516240912425798, 0.5, 0.6386917895561164]
2026-02-04 14:19:51,343|INFO|nn.computeOptunaObjective|Trial 26 rocauc:|[0.7209491305054445, 0.6998508575689784, 0.7435897435897436, 0.6620198499886355, 0.7518011083743843, 0.8241179216967919, 0.7497446373850869, 0.7959532464508892]
2026-02-04 14:19:51,343|INFO|nn.computeOptunaObjective|Trial 26 timings:|0.6848716249987774
2026-02-04 14:19:51,343|INFO|nn.computeOptunaObjective|Trial 26 objective:|0.5585267233804215
2026-02-04 14:19:52,309|INFO|nn.computeOptunaObjective|Trial 27 params:|{'n_layers': 3, 'architecture': 'top', 'lr': 0.001, 'n_epochs': 100}
2026-02-04 14:19:52,310|INFO|nn.computeOptunaObjective|Trial 27 balacc:|[0.7220055257597919, 0.6987322893363161, 0.6474358974358974, 0.6452635300654089, 0.7270935960591133, 0.7699926632428467, 0.7483827034388832, 0.7465911075130562]
2026-02-04 14:19:52,310|INFO|nn.computeOptunaObjective|Trial 27 rocauc:|[0.8132031348754898, 0.7800149142431022, 0.7051282051282052, 0.7467484910473016, 0.8472136699507389, 0.893016741145868, 0.8572806718874135, 0.8662449534633925]
2026-02-04 14:19:52,310|INFO|nn.computeOptunaObjective|Trial 27 timings:|0.9657132910033397
2026-02-04 14:19:52,310|INFO|nn.computeOptunaObjective|Trial 27 objective:|0.7131871641064141
2026-02-04 14:19:53,177|INFO|nn.computeOptunaObjective|Trial 28 params:|{'n_layers': 2, 'architecture': 'outer', 'lr': 0.0001, 'n_epochs': 200}
2026-02-04 14:19:53,177|INFO|nn.computeOptunaObjective|Trial 28 balacc:|[0.6002085703450891, 0.5387770320656227, 0.6490384615384616, 0.5057706391898376, 0.5799568965517241, 0.6714466751150537, 0.5265577119509703, 0.662280214401744]
2026-02-04 14:19:53,177|INFO|nn.computeOptunaObjective|Trial 28 rocauc:|[0.7375218953717247, 0.7334079045488442, 0.75, 0.6877793772255474, 0.8000769704433498, 0.8483959180951111, 0.8001361933946204, 0.8170230328428337]
2026-02-04 14:19:53,177|INFO|nn.computeOptunaObjective|Trial 28 timings:|0.8665600829990581
2026-02-04 14:19:53,177|INFO|nn.computeOptunaObjective|Trial 28 objective:|0.5917545251448129
2026-02-04 14:19:53,841|INFO|nn.computeOptunaObjective|Trial 29 params:|{'n_layers': 3, 'architecture': 'bottom', 'lr': 0.001, 'n_epochs': 150}
2026-02-04 14:19:53,841|INFO|nn.computeOptunaObjective|Trial 29 balacc:|[0.7042138432923416, 0.6297539149888143, 0.5905448717948718, 0.6335707250549284, 0.6908251231527094, 0.764056559727873, 0.6935648621041879, 0.7405352635839801]
2026-02-04 14:19:53,841|INFO|nn.computeOptunaObjective|Trial 29 rocauc:|[0.7923912454629178, 0.738255033557047, 0.6241987179487178, 0.7391469050685658, 0.8198429802955666, 0.8712065630627626, 0.8254454658949041, 0.8497203570540397]
2026-02-04 14:19:53,841|INFO|nn.computeOptunaObjective|Trial 29 timings:|0.6632560409998405
2026-02-04 14:19:53,841|INFO|nn.computeOptunaObjective|Trial 29 objective:|0.6808831454624633
2026-02-04 14:19:54,689|INFO|nn.computeOptunaObjective|Trial 30 params:|{'n_layers': 3, 'architecture': 'inner', 'lr': 0.001, 'n_epochs': 150}
2026-02-04 14:19:54,690|INFO|nn.computeOptunaObjective|Trial 30 balacc:|[0.7223892590786789, 0.7265100671140939, 0.6346153846153846, 0.6683460868247595, 0.7202586206896552, 0.8156806509704528, 0.731358529111338, 0.7458900159266844]
2026-02-04 14:19:54,690|INFO|nn.computeOptunaObjective|Trial 30 rocauc:|[0.8085667334814093, 0.7718120805369129, 0.7051282051282053, 0.7319367628860771, 0.8395935960591133, 0.879410391516041, 0.8555215072069005, 0.8588292564196179]
2026-02-04 14:19:54,690|INFO|nn.computeOptunaObjective|Trial 30 timings:|0.8483142080003745
2026-02-04 14:19:54,690|INFO|nn.computeOptunaObjective|Trial 30 objective:|0.7206310767913809
2026-02-04 14:19:55,285|INFO|nn.computeOptunaObjective|Trial 31 params:|{'n_layers': 2, 'architecture': 'inner', 'lr': 0.0001, 'n_epochs': 100}
2026-02-04 14:19:55,285|INFO|nn.computeOptunaObjective|Trial 31 balacc:|[0.508916156527078, 0.5, 0.5, 0.5, 0.5, 0.5, 0.5, 0.5164478731791461]
2026-02-04 14:19:55,285|INFO|nn.computeOptunaObjective|Trial 31 rocauc:|[0.6746731495025011, 0.6461595824011931, 0.6778846153846154, 0.6318660504583681, 0.6875769704433498, 0.7692256386313613, 0.6962887299965952, 0.7456333899497859]
2026-02-04 14:19:55,285|INFO|nn.computeOptunaObjective|Trial 31 timings:|0.5950454169978912
2026-02-04 14:19:55,285|INFO|nn.computeOptunaObjective|Trial 31 objective:|0.5031705037132781
2026-02-04 14:19:55,843|INFO|nn.computeOptunaObjective|Trial 32 params:|{'n_layers': 2, 'architecture': 'linear', 'lr': 0.001, 'n_epochs': 100}
2026-02-04 14:19:55,843|INFO|nn.computeOptunaObjective|Trial 32 balacc:|[0.6895168571789732, 0.6086875466070096, 0.6546474358974359, 0.636411849382529, 0.6771551724137931, 0.7215033682385112, 0.6933946203609125, 0.7523612235503279]
2026-02-04 14:19:55,843|INFO|nn.computeOptunaObjective|Trial 32 rocauc:|[0.787651010347256, 0.7598806860551828, 0.7131410256410257, 0.7588958759501984, 0.8381619458128078, 0.8818782098312545, 0.8537055952786291, 0.8564799381981153]
2026-02-04 14:19:55,843|INFO|nn.computeOptunaObjective|Trial 32 timings:|0.5569457919991692
2026-02-04 14:19:55,843|INFO|nn.computeOptunaObjective|Trial 32 objective:|0.6792097592036865
2026-02-04 14:19:56,714|INFO|nn.computeOptunaObjective|Trial 33 params:|{'n_layers': 4, 'architecture': 'bottom', 'lr': 0.001, 'n_epochs': 200}
2026-02-04 14:19:56,714|INFO|nn.computeOptunaObjective|Trial 33 balacc:|[0.6993720317099157, 0.7231543624161074, 0.6474358974358974, 0.6418794353107559, 0.7166871921182266, 0.7821983592343094, 0.7068437180796732, 0.7391648279547703]
2026-02-04 14:19:56,714|INFO|nn.computeOptunaObjective|Trial 33 rocauc:|[0.7858858370803763, 0.7833706189410887, 0.7067307692307693, 0.7110260878349369, 0.8286483990147784, 0.8748082438471286, 0.8498467824310522, 0.8539269065722708]
2026-02-04 14:19:56,714|INFO|nn.computeOptunaObjective|Trial 33 timings:|0.8706890000030398
2026-02-04 14:19:56,714|INFO|nn.computeOptunaObjective|Trial 33 objective:|0.7070919780324569
2026-02-04 14:19:57,632|INFO|nn.computeOptunaObjective|Trial 34 params:|{'n_layers': 2, 'architecture': 'inner', 'lr': 0.0001, 'n_epochs': 200}
2026-02-04 14:19:57,632|INFO|nn.computeOptunaObjective|Trial 34 balacc:|[0.6173795077378694, 0.5421327367636093, 0.6490384615384616, 0.5057706391898376, 0.5781711822660098, 0.6608083772427132, 0.5549880830779708, 0.6688784121995227]
2026-02-04 14:19:57,632|INFO|nn.computeOptunaObjective|Trial 34 rocauc:|[0.7472145475558445, 0.7520507084265474, 0.7419871794871795, 0.6952546910119454, 0.8055264778325123, 0.8578670046021477, 0.8073998411077064, 0.8235101142382439]
2026-02-04 14:19:57,632|INFO|nn.computeOptunaObjective|Trial 34 timings:|0.9171782499979599
2026-02-04 14:19:57,632|INFO|nn.computeOptunaObjective|Trial 34 objective:|0.5971459250019993
2026-02-04 14:19:58,380|INFO|nn.computeOptunaObjective|Trial 35 params:|{'n_layers': 4, 'architecture': 'inner', 'lr': 0.0001, 'n_epochs': 100}
2026-02-04 14:19:58,380|INFO|nn.computeOptunaObjective|Trial 35 balacc:|[0.5, 0.5, 0.5, 0.5, 0.5, 0.5, 0.5, 0.5]
2026-02-04 14:19:58,380|INFO|nn.computeOptunaObjective|Trial 35 rocauc:|[0.6994149195514383, 0.7143922445935869, 0.6602564102564104, 0.6498219562088037, 0.7752616995073891, 0.84012539184953, 0.7698331630915901, 0.7754549158425534]
2026-02-04 14:19:58,381|INFO|nn.computeOptunaObjective|Trial 35 timings:|0.7479372499983583
2026-02-04 14:19:58,381|INFO|nn.computeOptunaObjective|Trial 35 objective:|0.5
2026-02-04 14:19:59,303|INFO|nn.computeOptunaObjective|Trial 36 params:|{'n_layers': 2, 'architecture': 'top', 'lr': 0.001, 'n_epochs': 150}
2026-02-04 14:19:59,303|INFO|nn.computeOptunaObjective|Trial 36 balacc:|[0.6992659407335176, 0.6886651752423565, 0.6105769230769231, 0.6296436598732227, 0.682204433497537, 0.764056559727873, 0.718079673135853, 0.7491732410538068]
2026-02-04 14:19:59,303|INFO|nn.computeOptunaObjective|Trial 36 rocauc:|[0.790894685519259, 0.7692020879940343, 0.6810897435897436, 0.7543248225875697, 0.830310960591133, 0.8827452811311945, 0.8480308705027807, 0.8590647173674937]
2026-02-04 14:19:59,303|INFO|nn.computeOptunaObjective|Trial 36 timings:|0.9221978329987905
2026-02-04 14:19:59,303|INFO|nn.computeOptunaObjective|Trial 36 objective:|0.6927082007926362
2026-02-04 14:20:00,213|INFO|nn.computeOptunaObjective|Trial 37 params:|{'n_layers': 3, 'architecture': 'linear', 'lr': 0.0001, 'n_epochs': 150}
2026-02-04 14:20:00,213|INFO|nn.computeOptunaObjective|Trial 37 balacc:|[0.6200250103833722, 0.49328859060402686, 0.7243589743589743, 0.5, 0.5, 0.5894750883745749, 0.5284303711270003, 0.64850971739395]
2026-02-04 14:20:00,213|INFO|nn.computeOptunaObjective|Trial 37 rocauc:|[0.7487494808313921, 0.7509321401938851, 0.7147435897435898, 0.7003055787054575, 0.8091902709359606, 0.8615353831788167, 0.8077403245942572, 0.8219597758623426]
2026-02-04 14:20:00,213|INFO|nn.computeOptunaObjective|Trial 37 timings:|0.9088217500029714
2026-02-04 14:20:00,213|INFO|nn.computeOptunaObjective|Trial 37 objective:|0.5755109690302374
2026-02-04 14:20:00,898|INFO|nn.computeOptunaObjective|Trial 38 params:|{'n_layers': 2, 'architecture': 'bottom', 'lr': 0.001, 'n_epochs': 150}
2026-02-04 14:20:00,899|INFO|nn.computeOptunaObjective|Trial 38 balacc:|[0.6749259620420031, 0.535421327367636, 0.6802884615384616, 0.6097936712377201, 0.6518780788177341, 0.7155672647235376, 0.6593462717058223, 0.7273071204448889]
2026-02-04 14:20:00,899|INFO|nn.computeOptunaObjective|Trial 38 rocauc:|[0.7721210972064215, 0.709545115585384, 0.7067307692307693, 0.7586433315655227, 0.8263084975369458, 0.8728073100780365, 0.8389513108614232, 0.8473419369176312]
2026-02-04 14:20:00,899|INFO|nn.computeOptunaObjective|Trial 38 timings:|0.6849462919999496
2026-02-04 14:20:00,899|INFO|nn.computeOptunaObjective|Trial 38 objective:|0.6568160197347255
2026-02-04 14:20:02,249|INFO|nn.computeOptunaObjective|Trial 39 params:|{'n_layers': 4, 'architecture': 'linear', 'lr': 0.001, 'n_epochs': 200}
2026-02-04 14:20:02,249|INFO|nn.computeOptunaObjective|Trial 39 balacc:|[0.7215315022482258, 0.535421327367636, 0.6971153846153846, 0.6474985478697881, 0.7152093596059113, 0.7656239578469952, 0.7711950970377937, 0.7413315978009535]
2026-02-04 14:20:02,249|INFO|nn.computeOptunaObjective|Trial 39 rocauc:|[0.787673582895426, 0.7815063385533184, 0.7147435897435898, 0.7235775437533146, 0.8522167487684729, 0.8818115120389515, 0.8558619906934515, 0.8590118047949373]
2026-02-04 14:20:02,249|INFO|nn.computeOptunaObjective|Trial 39 timings:|1.349745832998451
2026-02-04 14:20:02,249|INFO|nn.computeOptunaObjective|Trial 39 objective:|0.6993658467990861
2026-02-04 14:20:02,877|INFO|nn.computeOptunaObjective|Trial 40 params:|{'n_layers': 2, 'architecture': 'bottom', 'lr': 0.0001, 'n_epochs': 150}
2026-02-04 14:20:02,877|INFO|nn.computeOptunaObjective|Trial 40 balacc:|[0.5642256713075826, 0.5, 0.5625, 0.5, 0.5, 0.5106382978723404, 0.5, 0.5775857051393982]
2026-02-04 14:20:02,877|INFO|nn.computeOptunaObjective|Trial 40 rocauc:|[0.690178232840349, 0.6666666666666666, 0.7243589743589742, 0.626234310680102, 0.6619304187192119, 0.7846328286533716, 0.7053682896379525, 0.7634278881004917]
2026-02-04 14:20:02,877|INFO|nn.computeOptunaObjective|Trial 40 timings:|0.6268786250002449
2026-02-04 14:20:02,877|INFO|nn.computeOptunaObjective|Trial 40 objective:|0.5268687092899151
2026-02-04 14:20:04,613|INFO|nn.computeOptunaObjective|Trial 41 params:|{'n_layers': 4, 'architecture': 'top', 'lr': 0.0001, 'n_epochs': 150}
2026-02-04 14:20:04,614|INFO|nn.computeOptunaObjective|Trial 41 balacc:|[0.6982862921429475, 0.6465324384787472, 0.6418269230769231, 0.5, 0.6691194581280788, 0.7227372773961181, 0.7048008171603677, 0.7471017138382251]
2026-02-04 14:20:04,614|INFO|nn.computeOptunaObjective|Trial 41 rocauc:|[0.8016189031547394, 0.7721849366144669, 0.7147435897435899, 0.7480112129706796, 0.838439039408867, 0.873340892416461, 0.843150607195551, 0.849844701599547]
2026-02-04 14:20:04,614|INFO|nn.computeOptunaObjective|Trial 41 timings:|1.7361925830009568
2026-02-04 14:20:04,614|INFO|nn.computeOptunaObjective|Trial 41 objective:|0.666300615027676
2026-02-04 14:20:05,440|INFO|nn.computeOptunaObjective|Trial 42 params:|{'n_layers': 3, 'architecture': 'bottom', 'lr': 0.0001, 'n_epochs': 200}
2026-02-04 14:20:05,440|INFO|nn.computeOptunaObjective|Trial 42 balacc:|[0.5764238763385521, 0.5699105145413871, 0.7115384615384616, 0.5, 0.5231834975369458, 0.5106382978723404, 0.5398365679264555, 0.6399987300982586]
2026-02-04 14:20:05,440|INFO|nn.computeOptunaObjective|Trial 42 rocauc:|[0.7186286725535873, 0.72110365398956, 0.733974358974359, 0.6617420511654922, 0.7842518472906403, 0.8225171746815181, 0.7787992282374305, 0.7981438269547227]
2026-02-04 14:20:05,440|INFO|nn.computeOptunaObjective|Trial 42 timings:|0.8255251669979771
2026-02-04 14:20:05,440|INFO|nn.computeOptunaObjective|Trial 42 objective:|0.5714412432315501
2026-02-04 14:20:06,067|INFO|nn.computeOptunaObjective|Trial 43 params:|{'n_layers': 3, 'architecture': 'inner', 'lr': 0.001, 'n_epochs': 100}
2026-02-04 14:20:06,067|INFO|nn.computeOptunaObjective|Trial 43 balacc:|[0.7290030156924354, 0.7231543624161074, 0.6915064102564102, 0.6535722403212365, 0.7226293103448276, 0.7427799639831921, 0.731358529111338, 0.7420326893873254]
2026-02-04 14:20:06,067|INFO|nn.computeOptunaObjective|Trial 43 rocauc:|[0.8153384979323546, 0.7803877703206562, 0.7187499999999999, 0.7513447988483976, 0.8460437192118226, 0.8866137530847729, 0.8535921007831121, 0.8671841516262679]
2026-02-04 14:20:06,067|INFO|nn.computeOptunaObjective|Trial 43 timings:|0.6264585839999199
2026-02-04 14:20:06,067|INFO|nn.computeOptunaObjective|Trial 43 objective:|0.717004565189109
2026-02-04 14:20:06,829|INFO|nn.computeOptunaObjective|Trial 44 params:|{'n_layers': 4, 'architecture': 'bottom', 'lr': 0.0001, 'n_epochs': 150}
2026-02-04 14:20:06,829|INFO|nn.computeOptunaObjective|Trial 44 balacc:|[0.5092998898459649, 0.5, 0.5625, 0.49915397631133673, 0.49910714285714286, 0.5, 0.5, 0.5249906080183713]
2026-02-04 14:20:06,829|INFO|nn.computeOptunaObjective|Trial 44 rocauc:|[0.6874018094154613, 0.6882923191648024, 0.6410256410256412, 0.6311841806197439, 0.720951354679803, 0.8039084906289601, 0.7327204630575417, 0.7569990105348933]
2026-02-04 14:20:06,829|INFO|nn.computeOptunaObjective|Trial 44 timings:|0.7610072919997037
2026-02-04 14:20:06,829|INFO|nn.computeOptunaObjective|Trial 44 objective:|0.511881452129102
2026-02-04 14:20:07,507|INFO|nn.computeOptunaObjective|Trial 45 params:|{'n_layers': 3, 'architecture': 'inner', 'lr': 0.0001, 'n_epochs': 100}
2026-02-04 14:20:07,507|INFO|nn.computeOptunaObjective|Trial 45 balacc:|[0.5, 0.5, 0.5, 0.5, 0.5, 0.5, 0.5, 0.5]
2026-02-04 14:20:07,507|INFO|nn.computeOptunaObjective|Trial 45 rocauc:|[0.6946385683587049, 0.7046979865771812, 0.6682692307692308, 0.6444427608152132, 0.7582358374384236, 0.8273861135196425, 0.7478152309612984, 0.7673010884116174]
2026-02-04 14:20:07,507|INFO|nn.computeOptunaObjective|Trial 45 timings:|0.6774816249999276
2026-02-04 14:20:07,507|INFO|nn.computeOptunaObjective|Trial 45 objective:|0.5
2026-02-04 14:20:08,043|INFO|nn.computeOptunaObjective|Trial 46 params:|{'n_layers': 4, 'architecture': 'bottom', 'lr': 0.0001, 'n_epochs': 100}
2026-02-04 14:20:08,043|INFO|nn.computeOptunaObjective|Trial 46 balacc:|[0.5, 0.5, 0.5, 0.5, 0.5, 0.5, 0.5, 0.5]
2026-02-04 14:20:08,043|INFO|nn.computeOptunaObjective|Trial 46 rocauc:|[0.5685257417339329, 0.564504101416853, 0.5753205128205128, 0.6067378841831451, 0.5617764778325123, 0.5466551057160007, 0.5527181931676314, 0.49434893725098017]
2026-02-04 14:20:08,043|INFO|nn.computeOptunaObjective|Trial 46 timings:|0.5350296670003445
2026-02-04 14:20:08,043|INFO|nn.computeOptunaObjective|Trial 46 objective:|0.5
2026-02-04 14:20:09,134|INFO|nn.computeOptunaObjective|Trial 47 params:|{'n_layers': 3, 'architecture': 'linear', 'lr': 0.001, 'n_epochs': 200}
2026-02-04 14:20:09,134|INFO|nn.computeOptunaObjective|Trial 47 balacc:|[0.7193600231142894, 0.7231543624161074, 0.7283653846153846, 0.6668055660782383, 0.6866687192118226, 0.7656239578469952, 0.731358529111338, 0.7583853199358699]
2026-02-04 14:20:09,134|INFO|nn.computeOptunaObjective|Trial 47 rocauc:|[0.8044427289307835, 0.7699478001491424, 0.6971153846153846, 0.7294870823547238, 0.8418873152709359, 0.8756086173547655, 0.853819089774146, 0.8601970464201999]
2026-02-04 14:20:09,134|INFO|nn.computeOptunaObjective|Trial 47 timings:|1.090029125000001
2026-02-04 14:20:09,134|INFO|nn.computeOptunaObjective|Trial 47 objective:|0.7224652327912557
2026-02-04 14:20:10,463|INFO|nn.computeOptunaObjective|Trial 48 params:|{'n_layers': 3, 'architecture': 'top', 'lr': 0.0001, 'n_epochs': 150}
2026-02-04 14:20:10,463|INFO|nn.computeOptunaObjective|Trial 48 balacc:|[0.6599761633891327, 0.5699105145413871, 0.6674679487179487, 0.5, 0.6263238916256157, 0.7092976722470485, 0.6365338781069119, 0.7181902841934271]
2026-02-04 14:20:10,464|INFO|nn.computeOptunaObjective|Trial 48 rocauc:|[0.776762013110136, 0.7658463832960478, 0.721153846153846, 0.7296259817662953, 0.830957512315271, 0.8821450010004669, 0.8356599704914311, 0.8500140218317275]
2026-02-04 14:20:10,464|INFO|nn.computeOptunaObjective|Trial 48 timings:|1.328424208000797
2026-02-04 14:20:10,464|INFO|nn.computeOptunaObjective|Trial 48 objective:|0.6359625441026839
2026-02-04 14:20:11,330|INFO|nn.computeOptunaObjective|Trial 49 params:|{'n_layers': 2, 'architecture': 'inner', 'lr': 0.001, 'n_epochs': 200}
2026-02-04 14:20:11,330|INFO|nn.computeOptunaObjective|Trial 49 balacc:|[0.6938688444661141, 0.5842654735272185, 0.6418269230769231, 0.6528777432633786, 0.6890394088669951, 0.7534182618555325, 0.6763704460333674, 0.7485356445545026]
2026-02-04 14:20:11,330|INFO|nn.computeOptunaObjective|Trial 49 rocauc:|[0.79372076855012, 0.7550335570469798, 0.6955128205128205, 0.7536682071874132, 0.8319119458128079, 0.8861468685386513, 0.8552945182158666, 0.8596864400950309]
2026-02-04 14:20:11,330|INFO|nn.computeOptunaObjective|Trial 49 timings:|0.8659483750016079
2026-02-04 14:20:11,330|INFO|nn.computeOptunaObjective|Trial 49 objective:|0.680025343205504
2026-02-04 14:20:12,228|INFO|nn.computeOptunaObjective|Trial 50 params:|{'n_layers': 3, 'architecture': 'outer', 'lr': 0.001, 'n_epochs': 150}
2026-02-04 14:20:12,228|INFO|nn.computeOptunaObjective|Trial 50 balacc:|[0.7116605269335645, 0.6675988068605518, 0.6915064102564102, 0.6601889031997373, 0.694396551724138, 0.7518508637364103, 0.718079673135853, 0.7702430274457513]
2026-02-04 14:20:12,228|INFO|nn.computeOptunaObjective|Trial 50 rocauc:|[0.8117788070859744, 0.7628635346756152, 0.7227564102564102, 0.7559916155264288, 0.8454895320197044, 0.8854131928233174, 0.8559754851889685, 0.862641607272304]
2026-02-04 14:20:12,228|INFO|nn.computeOptunaObjective|Trial 50 timings:|0.8973140829984914
2026-02-04 14:20:12,228|INFO|nn.computeOptunaObjective|Trial 50 objective:|0.708190595411552
2026-02-04 14:20:13,054|INFO|nn.computeOptunaObjective|Trial 51 params:|{'n_layers': 4, 'architecture': 'outer', 'lr': 0.001, 'n_epochs': 100}
2026-02-04 14:20:13,054|INFO|nn.computeOptunaObjective|Trial 51 balacc:|[0.726079870704444, 0.6953765846383295, 0.7043269230769231, 0.5884031618556962, 0.7000307881773399, 0.7605882745281132, 0.7199523323118828, 0.7674704086437978]
2026-02-04 14:20:13,054|INFO|nn.computeOptunaObjective|Trial 51 rocauc:|[0.8109819961355796, 0.7831841909023116, 0.7243589743589743, 0.7400308104149304, 0.8347444581280788, 0.8802107650236778, 0.853819089774146, 0.855130667597928]
2026-02-04 14:20:13,054|INFO|nn.computeOptunaObjective|Trial 51 timings:|0.8249589999977616
2026-02-04 14:20:13,054|INFO|nn.computeOptunaObjective|Trial 51 objective:|0.7077785429920659
2026-02-04 14:20:13,612|INFO|nn.computeOptunaObjective|Trial 52 params:|{'n_layers': 2, 'architecture': 'linear', 'lr': 0.0001, 'n_epochs': 100}
2026-02-04 14:20:13,612|INFO|nn.computeOptunaObjective|Trial 52 balacc:|[0.5103449988262275, 0.5, 0.5, 0.5, 0.5, 0.5, 0.5, 0.523683667476229]
2026-02-04 14:20:13,612|INFO|nn.computeOptunaObjective|Trial 52 rocauc:|[0.6769326615742997, 0.6472781506338554, 0.6955128205128205, 0.6295426421193524, 0.6935190886699507, 0.7773627692923364, 0.696742707978663, 0.7510780936658359]
2026-02-04 14:20:13,612|INFO|nn.computeOptunaObjective|Trial 52 timings:|0.5572447920021659
2026-02-04 14:20:13,612|INFO|nn.computeOptunaObjective|Trial 52 objective:|0.504253583287807
2026-02-04 14:20:14,528|INFO|nn.computeOptunaObjective|Trial 53 params:|{'n_layers': 3, 'architecture': 'top', 'lr': 0.0001, 'n_epochs': 100}
2026-02-04 14:20:14,529|INFO|nn.computeOptunaObjective|Trial 53 balacc:|[0.5298837965220218, 0.5, 0.5, 0.5, 0.5, 0.5, 0.5, 0.5368483155282527]
2026-02-04 14:20:14,529|INFO|nn.computeOptunaObjective|Trial 53 rocauc:|[0.7205067085613162, 0.7352721849366145, 0.7131410256410258, 0.6646968204661969, 0.7875153940886699, 0.8569332355099046, 0.7857223924639655, 0.7996835828161128]
2026-02-04 14:20:14,529|INFO|nn.computeOptunaObjective|Trial 53 timings:|0.9154587909979455
2026-02-04 14:20:14,529|INFO|nn.computeOptunaObjective|Trial 53 objective:|0.5083415140062844
2026-02-04 14:20:15,657|INFO|nn.computeOptunaObjective|Trial 54 params:|{'n_layers': 3, 'architecture': 'outer', 'lr': 0.001, 'n_epochs': 200}
2026-02-04 14:20:15,657|INFO|nn.computeOptunaObjective|Trial 54 balacc:|[0.7152856781696373, 0.7442207307979121, 0.6786858974358974, 0.6525746900017678, 0.6935036945812808, 0.7549856599746548, 0.7597889002383384, 0.7590546639787079]
2026-02-04 14:20:15,657|INFO|nn.computeOptunaObjective|Trial 54 rocauc:|[0.8003458114379616, 0.7747949291573453, 0.7083333333333333, 0.7148521352627725, 0.8360837438423646, 0.875141732808644, 0.8476336397684713, 0.8593372171161591]
2026-02-04 14:20:15,657|INFO|nn.computeOptunaObjective|Trial 54 timings:|1.1275892919984472
2026-02-04 14:20:15,657|INFO|nn.computeOptunaObjective|Trial 54 objective:|0.7197624893972745
2026-02-04 14:20:16,724|INFO|nn.computeOptunaObjective|Trial 55 params:|{'n_layers': 4, 'architecture': 'inner', 'lr': 0.001, 'n_epochs': 150}
2026-02-04 14:20:16,724|INFO|nn.computeOptunaObjective|Trial 55 balacc:|[0.7336078155190784, 0.6153989560029829, 0.7099358974358974, 0.6865040280829355, 0.701231527093596, 0.7562195691322617, 0.714334354783793, 0.7498743326401787]
2026-02-04 14:20:16,724|INFO|nn.computeOptunaObjective|Trial 55 rocauc:|[0.8043704967766401, 0.790454884414616, 0.7299679487179488, 0.748794100563174, 0.8445658866995074, 0.867204695524578, 0.8531381228010442, 0.8625807578138641]
2026-02-04 14:20:16,724|INFO|nn.computeOptunaObjective|Trial 55 timings:|1.0664740829997754
2026-02-04 14:20:16,724|INFO|nn.computeOptunaObjective|Trial 55 objective:|0.7083883100863404
2026-02-04 14:20:18,014|INFO|nn.computeOptunaObjective|Trial 56 params:|{'n_layers': 4, 'architecture': 'inner', 'lr': 0.0001, 'n_epochs': 200}
2026-02-04 14:20:18,014|INFO|nn.computeOptunaObjective|Trial 56 balacc:|[0.7016338010365314, 0.674310216256525, 0.6730769230769231, 0.5263151248831982, 0.6863608374384237, 0.7727939705195758, 0.6991828396322778, 0.7575572381753628]
2026-02-04 14:20:18,014|INFO|nn.computeOptunaObjective|Trial 56 rocauc:|[0.794228650883941, 0.7669649515287099, 0.7163461538461537, 0.7426320175770892, 0.8331742610837438, 0.8750750350163409, 0.8408807172852116, 0.8502944584662762]
2026-02-04 14:20:18,014|INFO|nn.computeOptunaObjective|Trial 56 timings:|1.2885720000012952
2026-02-04 14:20:18,014|INFO|nn.computeOptunaObjective|Trial 56 objective:|0.6864038688773522
2026-02-04 14:20:18,799|INFO|nn.computeOptunaObjective|Trial 57 params:|{'n_layers': 2, 'architecture': 'bottom', 'lr': 0.0001, 'n_epochs': 200}
2026-02-04 14:20:18,799|INFO|nn.computeOptunaObjective|Trial 57 balacc:|[0.5937663650974231, 0.5, 0.6931089743589743, 0.5, 0.5068349753694581, 0.6001133862469152, 0.5303030303030303, 0.649179061436788]
2026-02-04 14:20:18,799|INFO|nn.computeOptunaObjective|Trial 57 rocauc:|[0.7126875778752912, 0.7073079791200596, 0.7532051282051282, 0.6529787610172488, 0.7542025862068966, 0.8297205362502501, 0.7608670979457497, 0.7967733913255128]
2026-02-04 14:20:18,799|INFO|nn.computeOptunaObjective|Trial 57 timings:|0.7842823749997478
2026-02-04 14:20:18,799|INFO|nn.computeOptunaObjective|Trial 57 objective:|0.5716632241015737
2026-02-04 14:20:20,157|INFO|nn.computeOptunaObjective|Trial 58 params:|{'n_layers': 4, 'architecture': 'linear', 'lr': 0.0001, 'n_epochs': 200}
2026-02-04 14:20:20,157|INFO|nn.computeOptunaObjective|Trial 58 balacc:|[0.6988822074146306, 0.6498881431767338, 0.7043269230769231, 0.5, 0.6949815270935961, 0.7605882745281132, 0.7066734763363977, 0.7424480530818928]
2026-02-04 14:20:20,157|INFO|nn.computeOptunaObjective|Trial 58 rocauc:|[0.7878541632807844, 0.7788963460104399, 0.7307692307692308, 0.7415208222845165, 0.8270782019704433, 0.871540052024278, 0.8443990466462377, 0.8492203332433819]
2026-02-04 14:20:20,157|INFO|nn.computeOptunaObjective|Trial 58 timings:|1.3570517910011404
2026-02-04 14:20:20,157|INFO|nn.computeOptunaObjective|Trial 58 objective:|0.6822235755885359
2026-02-04 14:20:20,933|INFO|nn.computeOptunaObjective|Trial 59 params:|{'n_layers': 2, 'architecture': 'linear', 'lr': 0.0001, 'n_epochs': 150}
2026-02-04 14:20:20,934|INFO|nn.computeOptunaObjective|Trial 59 balacc:|[0.565654513606732, 0.4966442953020134, 0.6434294871794872, 0.5, 0.5, 0.5409857933702394, 0.5303030303030303, 0.613732929081279]
2026-02-04 14:20:20,934|INFO|nn.computeOptunaObjective|Trial 59 rocauc:|[0.7127236939523629, 0.7181208053691275, 0.7580128205128205, 0.6632068085966109, 0.7673491379310344, 0.8332555192423131, 0.7669958007036658, 0.7943288304734089]
2026-02-04 14:20:20,934|INFO|nn.computeOptunaObjective|Trial 59 timings:|0.7755290829991281
2026-02-04 14:20:20,934|INFO|nn.computeOptunaObjective|Trial 59 objective:|0.5488437561053476
2026-02-04 14:20:21,788|INFO|nn.computeOptunaObjective|Trial 60 params:|{'n_layers': 3, 'architecture': 'inner', 'lr': 0.0001, 'n_epochs': 150}
2026-02-04 14:20:21,788|INFO|nn.computeOptunaObjective|Trial 60 balacc:|[0.6210701193636348, 0.4966442953020134, 0.6434294871794872, 0.5, 0.5231834975369458, 0.5804041886213566, 0.49812734082397003, 0.6511235984782344]
2026-02-04 14:20:21,788|INFO|nn.computeOptunaObjective|Trial 60 rocauc:|[0.7520495873738196, 0.7606263982102908, 0.7147435897435899, 0.7062403717453343, 0.8131927339901478, 0.8632028279863937, 0.804902962206333, 0.8238963760179057]
2026-02-04 14:20:21,789|INFO|nn.computeOptunaObjective|Trial 60 timings:|0.8539424590017006
2026-02-04 14:20:21,789|INFO|nn.computeOptunaObjective|Trial 60 objective:|0.5642478159132052
2026-02-04 14:20:22,688|INFO|nn.computeOptunaObjective|Trial 61 params:|{'n_layers': 2, 'architecture': 'linear', 'lr': 0.0001, 'n_epochs': 200}
2026-02-04 14:20:22,688|INFO|nn.computeOptunaObjective|Trial 61 balacc:|[0.6228826949816711, 0.48322147651006714, 0.6490384615384616, 0.5066166628785009, 0.5867918719211822, 0.6623757753618356, 0.5417092271024855, 0.671524040827341]
2026-02-04 14:20:22,688|INFO|nn.computeOptunaObjective|Trial 61 rocauc:|[0.7481941961464146, 0.7479492915734527, 0.7387820512820512, 0.6956335075889587, 0.8094057881773399, 0.8579337023944508, 0.8071728521166723, 0.8225418141604628]
2026-02-04 14:20:22,688|INFO|nn.computeOptunaObjective|Trial 61 timings:|0.8985191659994598
2026-02-04 14:20:22,688|INFO|nn.computeOptunaObjective|Trial 61 objective:|0.5905200263901931
2026-02-04 14:20:23,451|INFO|nn.computeOptunaObjective|Trial 62 params:|{'n_layers': 2, 'architecture': 'outer', 'lr': 0.001, 'n_epochs': 150}
2026-02-04 14:20:23,451|INFO|nn.computeOptunaObjective|Trial 62 balacc:|[0.6912233418206114, 0.5842654735272185, 0.6233974358974359, 0.6264110917493749, 0.6848830049261083, 0.7427799639831921, 0.7162070139598229, 0.7465276124259885]
2026-02-04 14:20:23,451|INFO|nn.computeOptunaObjective|Trial 62 rocauc:|[0.7866375029344312, 0.7513049962714392, 0.6858974358974359, 0.7439199939389347, 0.8297567733990149, 0.87961048489295, 0.8493928044489842, 0.8547417601896387]
2026-02-04 14:20:23,451|INFO|nn.computeOptunaObjective|Trial 62 timings:|0.7619184169998334
2026-02-04 14:20:23,451|INFO|nn.computeOptunaObjective|Trial 62 objective:|0.6769618672862191
2026-02-04 14:20:23,958|INFO|nn.computeOptunaObjective|Trial 63 params:|{'n_layers': 3, 'architecture': 'bottom', 'lr': 0.0001, 'n_epochs': 100}
2026-02-04 14:20:23,958|INFO|nn.computeOptunaObjective|Trial 63 balacc:|[0.5, 0.5, 0.5, 0.5, 0.5, 0.5, 0.5, 0.5]
2026-02-04 14:20:23,958|INFO|nn.computeOptunaObjective|Trial 63 rocauc:|[0.5885114758834895, 0.569351230425056, 0.5753205128205129, 0.6079500972295881, 0.585637315270936, 0.6132195024344694, 0.5824537509930768, 0.6240191331862365]
2026-02-04 14:20:23,958|INFO|nn.computeOptunaObjective|Trial 63 timings:|0.5061267080018297
2026-02-04 14:20:23,958|INFO|nn.computeOptunaObjective|Trial 63 objective:|0.5
2026-02-04 14:20:25,019|INFO|nn.computeOptunaObjective|Trial 64 params:|{'n_layers': 3, 'architecture': 'inner', 'lr': 0.001, 'n_epochs': 200}
2026-02-04 14:20:25,020|INFO|nn.computeOptunaObjective|Trial 64 balacc:|[0.7124279935713382, 0.7231543624161074, 0.7227564102564102, 0.6501881455665833, 0.7098522167487684, 0.7427799639831921, 0.712461695607763, 0.7518506172251589]
2026-02-04 14:20:25,020|INFO|nn.computeOptunaObjective|Trial 64 rocauc:|[0.8085599617169583, 0.7544742729306488, 0.6923076923076923, 0.7384776624491756, 0.8476908866995074, 0.877309411058494, 0.8526841448189763, 0.8633215338296533]
2026-02-04 14:20:25,020|INFO|nn.computeOptunaObjective|Trial 64 timings:|1.060868249998748
2026-02-04 14:20:25,020|INFO|nn.computeOptunaObjective|Trial 64 objective:|0.7156839256719152
2026-02-04 14:20:25,590|INFO|nn.computeOptunaObjective|Trial 65 params:|{'n_layers': 2, 'architecture': 'outer', 'lr': 0.0001, 'n_epochs': 100}
2026-02-04 14:20:25,590|INFO|nn.computeOptunaObjective|Trial 65 balacc:|[0.5044580782635391, 0.5, 0.5, 0.5, 0.5, 0.5, 0.5, 0.5124953040091856]
2026-02-04 14:20:25,590|INFO|nn.computeOptunaObjective|Trial 65 rocauc:|[0.6676147136897991, 0.6372110365398955, 0.6586538461538463, 0.6274717781650125, 0.6697814039408867, 0.7275395184419395, 0.6815344455793895, 0.7219021011582563]
2026-02-04 14:20:25,590|INFO|nn.computeOptunaObjective|Trial 65 timings:|0.5691561670028022
2026-02-04 14:20:25,590|INFO|nn.computeOptunaObjective|Trial 65 objective:|0.5021191727840906
2026-02-04 14:20:26,684|INFO|nn.computeOptunaObjective|Trial 66 params:|{'n_layers': 3, 'architecture': 'linear', 'lr': 0.0001, 'n_epochs': 200}
2026-02-04 14:20:26,684|INFO|nn.computeOptunaObjective|Trial 66 balacc:|[0.6707048955342471, 0.5976882923191649, 0.6858974358974359, 0.5, 0.6322660098522167, 0.727439471753485, 0.6933946203609125, 0.7326301252440592]
2026-02-04 14:20:26,684|INFO|nn.computeOptunaObjective|Trial 66 rocauc:|[0.7770825432941474, 0.767710663683818, 0.735576923076923, 0.72947445513549, 0.8232604679802956, 0.8722070299473087, 0.8331630915900579, 0.8444582017133092]
2026-02-04 14:20:26,684|INFO|nn.computeOptunaObjective|Trial 66 timings:|1.0932659169993713
2026-02-04 14:20:26,684|INFO|nn.computeOptunaObjective|Trial 66 objective:|0.6550026063701901
2026-02-04 14:20:27,440|INFO|nn.computeOptunaObjective|Trial 67 params:|{'n_layers': 4, 'architecture': 'inner', 'lr': 0.001, 'n_epochs': 100}
2026-02-04 14:20:27,440|INFO|nn.computeOptunaObjective|Trial 67 balacc:|[0.736874063239251, 0.6642431021625652, 0.6915064102564102, 0.5975578958001869, 0.7475985221674877, 0.7455812712599212, 0.718079673135853, 0.7623061415622967]
2026-02-04 14:20:27,440|INFO|nn.computeOptunaObjective|Trial 67 rocauc:|[0.8099391444101341, 0.7719985085756897, 0.7275641025641025, 0.741318786776776, 0.8363762315270935, 0.8764756886547056, 0.8534786062875951, 0.8544692604409733]
2026-02-04 14:20:27,440|INFO|nn.computeOptunaObjective|Trial 67 timings:|0.7555010420001054
2026-02-04 14:20:27,440|INFO|nn.computeOptunaObjective|Trial 67 objective:|0.7079683849479965
2026-02-04 14:20:28,208|INFO|nn.computeOptunaObjective|Trial 68 params:|{'n_layers': 2, 'architecture': 'bottom', 'lr': 0.001, 'n_epochs': 200}
2026-02-04 14:20:28,208|INFO|nn.computeOptunaObjective|Trial 68 balacc:|[0.6788287556205646, 0.5842654735272185, 0.6233974358974359, 0.6262595651185696, 0.6649630541871921, 0.7215033682385112, 0.7199523323118828, 0.7431808922117984]
2026-02-04 14:20:28,208|INFO|nn.computeOptunaObjective|Trial 68 rocauc:|[0.7723851960200083, 0.7345264727815064, 0.7083333333333334, 0.7517488698638786, 0.8162715517241379, 0.8700727005936103, 0.8353194870048803, 0.8484557465699425]
2026-02-04 14:20:28,208|INFO|nn.computeOptunaObjective|Trial 68 timings:|0.766466583001602
2026-02-04 14:20:28,208|INFO|nn.computeOptunaObjective|Trial 68 objective:|0.6702938596391466
2026-02-04 14:20:29,888|INFO|nn.computeOptunaObjective|Trial 69 params:|{'n_layers': 3, 'architecture': 'top', 'lr': 0.001, 'n_epochs': 200}
2026-02-04 14:20:29,888|INFO|nn.computeOptunaObjective|Trial 69 balacc:|[0.7222831681022808, 0.7265100671140939, 0.6346153846153846, 0.6535722403212365, 0.713423645320197, 0.7412125658640698, 0.7276132107592781, 0.7630072331486685]
2026-02-04 14:20:29,888|INFO|nn.computeOptunaObjective|Trial 69 rocauc:|[0.8114537623923289, 0.7619313944817301, 0.7003205128205129, 0.7389953784377604, 0.8481681034482759, 0.876809177616221, 0.8578481443649983, 0.8650835224957801]
2026-02-04 14:20:29,888|INFO|nn.computeOptunaObjective|Trial 69 timings:|1.6787294579989975
2026-02-04 14:20:29,888|INFO|nn.computeOptunaObjective|Trial 69 objective:|0.7102796894056511
2026-02-04 14:20:30,601|INFO|nn.computeOptunaObjective|Trial 70 params:|{'n_layers': 2, 'architecture': 'inner', 'lr': 0.001, 'n_epochs': 150}
2026-02-04 14:20:30,602|INFO|nn.computeOptunaObjective|Trial 70 balacc:|[0.7027850009931922, 0.6642431021625652, 0.6546474358974359, 0.6520317195747153, 0.7062807881773399, 0.7731274594810912, 0.7029281579843377, 0.7418739516696562]
2026-02-04 14:20:30,602|INFO|nn.computeOptunaObjective|Trial 70 rocauc:|[0.797431695469238, 0.7703206562266964, 0.7211538461538461, 0.7542490592721671, 0.8343134236453201, 0.8829453745081038, 0.8518896833503574, 0.8601996920488277]
2026-02-04 14:20:30,602|INFO|nn.computeOptunaObjective|Trial 70 timings:|0.7127734579989919
2026-02-04 14:20:30,602|INFO|nn.computeOptunaObjective|Trial 70 objective:|0.6997397019925418
2026-02-04 14:20:31,503|INFO|nn.computeOptunaObjective|Trial 71 params:|{'n_layers': 2, 'architecture': 'linear', 'lr': 0.001, 'n_epochs': 200}
2026-02-04 14:20:31,503|INFO|nn.computeOptunaObjective|Trial 71 balacc:|[0.6955753291077523, 0.6120432513049963, 0.6674679487179487, 0.6478016011313988, 0.6813115763546798, 0.7534182618555325, 0.7085461355124276, 0.7550703472652136]
2026-02-04 14:20:31,503|INFO|nn.computeOptunaObjective|Trial 71 rocauc:|[0.7920097693988479, 0.7464578672632364, 0.6955128205128205, 0.7489203727555118, 0.8300030788177339, 0.8778763422930701, 0.8440585631596867, 0.8563053267086792]
2026-02-04 14:20:31,503|INFO|nn.computeOptunaObjective|Trial 71 timings:|0.9004110000023502
2026-02-04 14:20:31,503|INFO|nn.computeOptunaObjective|Trial 71 objective:|0.6901543064062436
2026-02-04 14:20:32,226|INFO|nn.computeOptunaObjective|Trial 72 params:|{'n_layers': 2, 'architecture': 'linear', 'lr': 0.001, 'n_epochs': 150}
2026-02-04 14:20:32,226|INFO|nn.computeOptunaObjective|Trial 72 balacc:|[0.7060918793000704, 0.6120432513049963, 0.6233974358974359, 0.6635729979543905, 0.7003386699507389, 0.7427799639831921, 0.7162070139598229, 0.7511177780952532]
2026-02-04 14:20:32,226|INFO|nn.computeOptunaObjective|Trial 72 rocauc:|[0.7992239557939217, 0.7595078299776287, 0.6939102564102565, 0.756673485365053, 0.8320350985221675, 0.8733408924164611, 0.8441720576552038, 0.8549454735939805]
2026-02-04 14:20:32,226|INFO|nn.computeOptunaObjective|Trial 72 timings:|0.7219807080000464
2026-02-04 14:20:32,226|INFO|nn.computeOptunaObjective|Trial 72 objective:|0.6894436238057375
2026-02-04 14:20:33,364|INFO|nn.computeOptunaObjective|Trial 73 params:|{'n_layers': 4, 'architecture': 'outer', 'lr': 0.0001, 'n_epochs': 150}
2026-02-04 14:20:33,364|INFO|nn.computeOptunaObjective|Trial 73 balacc:|[0.5393552377340773, 0.5, 0.59375, 0.5, 0.5, 0.5879076902554525, 0.5, 0.5684053738008688]
2026-02-04 14:20:33,364|INFO|nn.computeOptunaObjective|Trial 73 rocauc:|[0.7435848818101378, 0.7542878448918718, 0.6955128205128205, 0.7070485137762963, 0.8118380541871921, 0.8587340759020876, 0.80501645670185, 0.813409104137234]
2026-02-04 14:20:33,364|INFO|nn.computeOptunaObjective|Trial 73 timings:|1.1373254159989301
2026-02-04 14:20:33,364|INFO|nn.computeOptunaObjective|Trial 73 objective:|0.5361772877237998
2026-02-04 14:20:33,912|INFO|nn.computeOptunaObjective|Trial 74 params:|{'n_layers': 2, 'architecture': 'outer', 'lr': 0.001, 'n_epochs': 100}
2026-02-04 14:20:33,912|INFO|nn.computeOptunaObjective|Trial 74 balacc:|[0.6766324466836413, 0.587621178225205, 0.6858974358974359, 0.6107912215571887, 0.6572352216748769, 0.7518508637364103, 0.6801157643854273, 0.7418739516696562]
2026-02-04 14:20:33,912|INFO|nn.computeOptunaObjective|Trial 74 rocauc:|[0.781086913339473, 0.7703206562266965, 0.7275641025641026, 0.7534156628027376, 0.8300646551724139, 0.8866137530847729, 0.8520031778458744, 0.8583265869803324]
2026-02-04 14:20:33,912|INFO|nn.computeOptunaObjective|Trial 74 timings:|0.5466952919996402
2026-02-04 14:20:33,912|INFO|nn.computeOptunaObjective|Trial 74 objective:|0.6740022604787302
2026-02-04 14:20:34,978|INFO|nn.computeOptunaObjective|Trial 75 params:|{'n_layers': 4, 'architecture': 'linear', 'lr': 0.0001, 'n_epochs': 150}
2026-02-04 14:20:34,978|INFO|nn.computeOptunaObjective|Trial 75 balacc:|[0.5613679867092837, 0.5699105145413871, 0.5993589743589743, 0.5, 0.5, 0.6332621890215433, 0.566394279877426, 0.6347709679296898]
2026-02-04 14:20:34,978|INFO|nn.computeOptunaObjective|Trial 75 rocauc:|[0.7605820105820105, 0.7624906785980611, 0.6971153846153846, 0.7253327272268101, 0.8241533251231526, 0.8730741012472487, 0.8100102145045965, 0.8259917138911377]
2026-02-04 14:20:34,978|INFO|nn.computeOptunaObjective|Trial 75 timings:|1.0653378749993863
2026-02-04 14:20:34,978|INFO|nn.computeOptunaObjective|Trial 75 objective:|0.570633114054788
2026-02-04 14:20:35,735|INFO|nn.computeOptunaObjective|Trial 76 params:|{'n_layers': 2, 'architecture': 'inner', 'lr': 0.0001, 'n_epochs': 150}
2026-02-04 14:20:35,735|INFO|nn.computeOptunaObjective|Trial 76 balacc:|[0.5948114740776856, 0.4966442953020134, 0.6618589743589743, 0.5, 0.5154556650246306, 0.5910424864936971, 0.5303030303030303, 0.6432819552253811]
2026-02-04 14:20:35,735|INFO|nn.computeOptunaObjective|Trial 76 rocauc:|[0.718908572150893, 0.7248322147651006, 0.7516025641025642, 0.6621966310579085, 0.7856373152709359, 0.843060094710865, 0.7791397117239813, 0.8047155684662232]
2026-02-04 14:20:35,735|INFO|nn.computeOptunaObjective|Trial 76 timings:|0.7553441669988388
2026-02-04 14:20:35,735|INFO|nn.computeOptunaObjective|Trial 76 objective:|0.5666747350981766
2026-02-04 14:20:36,408|INFO|nn.computeOptunaObjective|Trial 77 params:|{'n_layers': 3, 'architecture': 'bottom', 'lr': 0.0001, 'n_epochs': 150}
2026-02-04 14:20:36,408|INFO|nn.computeOptunaObjective|Trial 77 balacc:|[0.506932029542951, 0.5, 0.5, 0.5, 0.5086206896551724, 0.5, 0.5, 0.524353011519067]
2026-02-04 14:20:36,408|INFO|nn.computeOptunaObjective|Trial 77 rocauc:|[0.686688516893295, 0.6998508575689784, 0.6730769230769231, 0.6407808672374169, 0.7352370689655172, 0.8035083038751417, 0.7307910566337533, 0.7610097835346659]
2026-02-04 14:20:36,408|INFO|nn.computeOptunaObjective|Trial 77 timings:|0.6718282500005444
2026-02-04 14:20:36,408|INFO|nn.computeOptunaObjective|Trial 77 objective:|0.5049882163396489
2026-02-04 14:20:37,455|INFO|nn.computeOptunaObjective|Trial 78 params:|{'n_layers': 4, 'architecture': 'linear', 'lr': 0.001, 'n_epochs': 150}
2026-02-04 14:20:37,455|INFO|nn.computeOptunaObjective|Trial 78 balacc:|[0.7321789732199289, 0.7298657718120805, 0.6915064102564102, 0.6601889031997373, 0.7039100985221675, 0.7656239578469952, 0.7693224378617637, 0.7367731796752226]
2026-02-04 14:20:37,455|INFO|nn.computeOptunaObjective|Trial 78 rocauc:|[0.8045375336330968, 0.7684563758389262, 0.7155448717948718, 0.7356239109023411, 0.8502309113300492, 0.8798105782698593, 0.857337419135172, 0.8633056600578863]
2026-02-04 14:20:37,455|INFO|nn.computeOptunaObjective|Trial 78 timings:|1.0466606250010955
2026-02-04 14:20:37,455|INFO|nn.computeOptunaObjective|Trial 78 objective:|0.7236712165492882
2026-02-04 14:20:37,963|INFO|nn.computeOptunaObjective|Trial 79 params:|{'n_layers': 2, 'architecture': 'bottom', 'lr': 0.001, 'n_epochs': 100}
2026-02-04 14:20:37,963|INFO|nn.computeOptunaObjective|Trial 79 balacc:|[0.660057424562544, 0.6086875466070096, 0.6987179487179487, 0.6123317423037099, 0.6795258620689655, 0.68958847462149, 0.6176370446033368, 0.7411728600832843]
2026-02-04 14:20:37,963|INFO|nn.computeOptunaObjective|Trial 79 rocauc:|[0.7699947631688245, 0.7587621178225205, 0.7275641025641026, 0.7480617218476147, 0.8318195812807881, 0.8699393050090042, 0.8455339916014073, 0.8478022762988713]
2026-02-04 14:20:37,963|INFO|nn.computeOptunaObjective|Trial 79 timings:|0.506984083000134
2026-02-04 14:20:37,963|INFO|nn.computeOptunaObjective|Trial 79 objective:|0.663464862946036
2026-02-04 14:20:38,662|INFO|nn.computeOptunaObjective|Trial 80 params:|{'n_layers': 4, 'architecture': 'bottom', 'lr': 0.001, 'n_epochs': 150}
2026-02-04 14:20:38,663|INFO|nn.computeOptunaObjective|Trial 80 balacc:|[0.7276802643696841, 0.6953765846383295, 0.6730769230769231, 0.657107861706695, 0.706865763546798, 0.768091776162209, 0.7010554988083078, 0.7549751046346123]
2026-02-04 14:20:38,663|INFO|nn.computeOptunaObjective|Trial 80 rocauc:|[0.8013074019899958, 0.7755406413124535, 0.7331730769230769, 0.7336919463595728, 0.811899630541872, 0.8764756886547055, 0.8383838383838383, 0.854926954193586]
2026-02-04 14:20:38,663|INFO|nn.computeOptunaObjective|Trial 80 timings:|0.6980775829979393
2026-02-04 14:20:38,663|INFO|nn.computeOptunaObjective|Trial 80 objective:|0.7105287221179448
2026-02-04 14:20:39,300|INFO|nn.computeOptunaObjective|Trial 81 params:|{'n_layers': 3, 'architecture': 'linear', 'lr': 0.0001, 'n_epochs': 100}
2026-02-04 14:20:39,300|INFO|nn.computeOptunaObjective|Trial 81 balacc:|[0.5, 0.5, 0.5, 0.5, 0.5, 0.5, 0.5, 0.5072357942970829]
2026-02-04 14:20:39,300|INFO|nn.computeOptunaObjective|Trial 81 rocauc:|[0.6894784838470845, 0.6972408650260999, 0.6794871794871795, 0.6367149026441398, 0.7457666256157636, 0.8173814446741813, 0.731926001588923, 0.7615442005174851]
2026-02-04 14:20:39,300|INFO|nn.computeOptunaObjective|Trial 81 timings:|0.6361137079984474
2026-02-04 14:20:39,300|INFO|nn.computeOptunaObjective|Trial 81 objective:|0.5009044742871354
2026-02-04 14:20:40,946|INFO|nn.computeOptunaObjective|Trial 82 params:|{'n_layers': 3, 'architecture': 'top', 'lr': 0.0001, 'n_epochs': 200}
2026-02-04 14:20:40,946|INFO|nn.computeOptunaObjective|Trial 82 balacc:|[0.6985639344854362, 0.6532438478747203, 0.7612179487179487, 0.6065611031138722, 0.6667487684729064, 0.7624891616087508, 0.6763704460333674, 0.7386542216296015]
2026-02-04 14:20:40,946|INFO|nn.computeOptunaObjective|Trial 82 rocauc:|[0.804508189320476, 0.772930648769575, 0.7371794871794872, 0.7608404677122005, 0.836868842364532, 0.8885479890615621, 0.857110430144138, 0.8620463408310448]
2026-02-04 14:20:40,946|INFO|nn.computeOptunaObjective|Trial 82 timings:|1.645385083000292
2026-02-04 14:20:40,946|INFO|nn.computeOptunaObjective|Trial 82 objective:|0.6954811789920754
2026-02-04 14:20:41,681|INFO|nn.computeOptunaObjective|Trial 83 params:|{'n_layers': 2, 'architecture': 'top', 'lr': 0.0001, 'n_epochs': 100}
2026-02-04 14:20:41,681|INFO|nn.computeOptunaObjective|Trial 83 balacc:|[0.5209676399949438, 0.5, 0.5, 0.5, 0.5, 0.5106382978723404, 0.5, 0.5276362366461895]
2026-02-04 14:20:41,681|INFO|nn.computeOptunaObjective|Trial 83 rocauc:|[0.6925754374559836, 0.6733780760626398, 0.7227564102564102, 0.6407051039220142, 0.732158251231527, 0.8175148402587874, 0.7259107933265236, 0.7724230254350736]
2026-02-04 14:20:41,681|INFO|nn.computeOptunaObjective|Trial 83 timings:|0.7339206670003477
2026-02-04 14:20:41,681|INFO|nn.computeOptunaObjective|Trial 83 objective:|0.5074052718141842
2026-02-04 14:20:42,469|INFO|nn.computeOptunaObjective|Trial 84 params:|{'n_layers': 4, 'architecture': 'outer', 'lr': 0.0001, 'n_epochs': 100}
2026-02-04 14:20:42,469|INFO|nn.computeOptunaObjective|Trial 84 balacc:|[0.5, 0.5, 0.5, 0.5, 0.5, 0.5, 0.5, 0.5]
2026-02-04 14:20:42,469|INFO|nn.computeOptunaObjective|Trial 84 rocauc:|[0.6836141358325659, 0.709545115585384, 0.6522435897435898, 0.6454781927923833, 0.7482604679802956, 0.8147135329820584, 0.7377142208602884, 0.7526919271288051]
2026-02-04 14:20:42,469|INFO|nn.computeOptunaObjective|Trial 84 timings:|0.7864217919996008
2026-02-04 14:20:42,469|INFO|nn.computeOptunaObjective|Trial 84 objective:|0.5
2026-02-04 14:20:42,993|INFO|nn.computeOptunaObjective|Trial 85 params:|{'n_layers': 3, 'architecture': 'bottom', 'lr': 0.001, 'n_epochs': 100}
2026-02-04 14:20:42,993|INFO|nn.computeOptunaObjective|Trial 85 balacc:|[0.7083942792133918, 0.6364653243847874, 0.7043269230769231, 0.6593428795110741, 0.725, 0.7380777696258254, 0.7236976506639428, 0.741236355170352]
2026-02-04 14:20:42,993|INFO|nn.computeOptunaObjective|Trial 85 rocauc:|[0.7840935767556928, 0.7643549589858314, 0.7371794871794872, 0.7351567037906911, 0.8200892857142857, 0.8803441606082838, 0.8554080127113834, 0.8557920747548825]
2026-02-04 14:20:42,993|INFO|nn.computeOptunaObjective|Trial 85 timings:|0.5233025000015914
2026-02-04 14:20:42,993|INFO|nn.computeOptunaObjective|Trial 85 objective:|0.7045676477057872
2026-02-04 14:20:43,491|INFO|nn.computeOptunaObjective|Trial 86 params:|{'n_layers': 2, 'architecture': 'bottom', 'lr': 0.0001, 'n_epochs': 100}
2026-02-04 14:20:43,491|INFO|nn.computeOptunaObjective|Trial 86 balacc:|[0.5010451089802626, 0.5, 0.5, 0.5, 0.5, 0.5, 0.5, 0.5]
2026-02-04 14:20:43,491|INFO|nn.computeOptunaObjective|Trial 86 rocauc:|[0.6219955938385973, 0.5648769574944071, 0.6025641025641025, 0.6100209611839281, 0.5864378078817734, 0.5938104448742747, 0.581886278515492, 0.6365911604256288]
2026-02-04 14:20:43,491|INFO|nn.computeOptunaObjective|Trial 86 timings:|0.49675316600041697
2026-02-04 14:20:43,491|INFO|nn.computeOptunaObjective|Trial 86 objective:|0.5001306386225328
2026-02-04 14:20:44,414|INFO|nn.computeOptunaObjective|Trial 87 params:|{'n_layers': 4, 'architecture': 'bottom', 'lr': 0.0001, 'n_epochs': 200}
2026-02-04 14:20:44,414|INFO|nn.computeOptunaObjective|Trial 87 balacc:|[0.5, 0.5, 0.5, 0.5, 0.59689039408867, 0.5106382978723404, 0.5682669390534559, 0.5]
2026-02-04 14:20:44,414|INFO|nn.computeOptunaObjective|Trial 87 rocauc:|[0.7334949527782293, 0.7416107382550335, 0.6987179487179487, 0.6952799454504128, 0.8024168719211822, 0.8395918095111051, 0.7817500851208716, 0.8000857183675413]
2026-02-04 14:20:44,414|INFO|nn.computeOptunaObjective|Trial 87 timings:|0.9217093750012282
2026-02-04 14:20:44,414|INFO|nn.computeOptunaObjective|Trial 87 objective:|0.5219744538768083
2026-02-04 14:20:45,616|INFO|nn.computeOptunaObjective|Trial 88 params:|{'n_layers': 4, 'architecture': 'top', 'lr': 0.001, 'n_epochs': 100}
2026-02-04 14:20:45,616|INFO|nn.computeOptunaObjective|Trial 88 balacc:|[0.7367025118731604, 0.6364653243847874, 0.7043269230769231, 0.5907897062908807, 0.6985529556650246, 0.7487160674981659, 0.718079673135853, 0.7551338423522813]
2026-02-04 14:20:45,616|INFO|nn.computeOptunaObjective|Trial 88 rocauc:|[0.8153249544034528, 0.7738627889634602, 0.7203525641025641, 0.747985958532212, 0.8521243842364532, 0.880410858400587, 0.8615367154692997, 0.8639988147583748]
2026-02-04 14:20:45,616|INFO|nn.computeOptunaObjective|Trial 88 timings:|1.2004398749995744
2026-02-04 14:20:45,616|INFO|nn.computeOptunaObjective|Trial 88 objective:|0.6985958755346345
2026-02-04 14:20:46,791|INFO|nn.computeOptunaObjective|Trial 89 params:|{'n_layers': 2, 'architecture': 'top', 'lr': 0.001, 'n_epochs': 200}
2026-02-04 14:20:46,791|INFO|nn.computeOptunaObjective|Trial 89 balacc:|[0.7020175343554182, 0.6953765846383295, 0.6674679487179487, 0.6379523701290502, 0.6917179802955665, 0.7731274594810912, 0.7276132107592781, 0.74190569921319]
2026-02-04 14:20:46,791|INFO|nn.computeOptunaObjective|Trial 89 rocauc:|[0.7967590335337775, 0.7520507084265473, 0.6987179487179487, 0.7517993787408136, 0.8279402709359607, 0.8830120723004068, 0.8523436613324253, 0.8581784317771746]
2026-02-04 14:20:46,791|INFO|nn.computeOptunaObjective|Trial 89 timings:|1.1742777079998632
2026-02-04 14:20:46,791|INFO|nn.computeOptunaObjective|Trial 89 objective:|0.7046473484487341
2026-02-04 14:20:46,792|INFO|mtg.runMTGExperiment|Best trial number:|78
2026-02-04 14:20:46,792|INFO|mtg.runMTGExperiment|Best trial objective:|0.7236712165492882
2026-02-04 14:20:46,792|INFO|mtg.runMTGExperiment|Best trial params:|{'n_layers': 4, 'architecture': 'linear', 'lr': 0.001, 'n_epochs': 150}
2026-02-04 14:20:46,821|INFO|nn.loadModellingDataset|Trainval descriptors loaded (features, instances):|1024|5760
2026-02-04 14:20:46,821|INFO|nn.loadModellingDataset|Trainval endpoints loaded (tasks, instances):|8|5760
2026-02-04 14:20:46,832|INFO|nn.loadModellingDataset|Test descriptors loaded (features, instances):|1024|656
2026-02-04 14:20:46,832|INFO|nn.loadModellingDataset|Test endpoints loaded (tasks, instances):|8|656
2026-02-04 14:20:46,832|INFO|mtg.runMTGExperiment|Final neural network hyperparams:|{'n_layers': 4, 'architecture': 'linear', 'lr': 0.001, 'n_epochs': 150, 'best_trial_num': 78}
2026-02-04 14:20:48,974|INFO|nn.testFinalModel|Final model test balacc:|[0.7286608951924849, 0.6443181818181818, 0.775, 0.650316742081448, 0.6604961473407255, 0.6541811846689896, 0.7217741935483871, 0.750925925925926]
2026-02-04 14:20:48,975|INFO|nn.testFinalModel|Final model test rocauc:|[0.7941517774912507, 0.8772727272727272, 0.9000000000000001, 0.7028054298642534, 0.8635594813005074, 0.8114111498257839, 0.8443548387096774, 0.8459948320413436]
2026-02-04 14:20:48,986|INFO|mtg.runMTGExperiment|Mechanistic task grouping experiment timing:|89.08754583399786
2026-02-04 14:20:48,986|INFO|mtg.runMTGExperiment|DONE
